[0.014s] Invoking command in '/home/harry/cmu/capstone/calibration_ws/lbr-stack/build/fri_client_sdk': CMAKE_PREFIX_PATH=${CMAKE_PREFIX_PATH}:/home/harry/cmu/capstone/calibration_ws/handeye_calibration_ws/src/install/handeye_realsense:/opt/ros/humble CONDA_PROMPT_MODIFIER=(base) /usr/bin/cmake /home/harry/cmu/capstone/calibration_ws/lbr-stack/src/fri -DCMAKE_INSTALL_PREFIX=/home/harry/cmu/capstone/calibration_ws/lbr-stack/install/fri_client_sdk
[0.213s] -- The C compiler identification is GNU 11.4.0
[0.213s] -- The CXX compiler identification is GNU 11.4.0
[0.213s] -- Detecting C compiler ABI info
[0.213s] -- Detecting C compiler ABI info - done
[0.213s] -- Check for working C compiler: /usr/bin/cc - skipped
[0.213s] -- Detecting C compile features
[0.214s] -- Detecting C compile features - done
[0.214s] -- Detecting CXX compiler ABI info
[0.242s] -- Detecting CXX compiler ABI info - done
[0.248s] -- Check for working CXX compiler: /usr/bin/c++ - skipped
[0.248s] -- Detecting CXX compile features
[0.248s] -- Detecting CXX compile features - done
[0.261s] [0mFound nanopb of version: 0.2.8[0m
[0.261s] [0mFound FRIClient of version: 1.15[0m
[0.261s] -- Configuring FRIClient version 1.15
[0.262s] -- Configuring done
[0.266s] -- Generating done
[0.267s] -- Build files have been written to: /home/harry/cmu/capstone/calibration_ws/lbr-stack/build/fri_client_sdk
[0.271s] Invoked command in '/home/harry/cmu/capstone/calibration_ws/lbr-stack/build/fri_client_sdk' returned '0': CMAKE_PREFIX_PATH=${CMAKE_PREFIX_PATH}:/home/harry/cmu/capstone/calibration_ws/handeye_calibration_ws/src/install/handeye_realsense:/opt/ros/humble CONDA_PROMPT_MODIFIER=(base) /usr/bin/cmake /home/harry/cmu/capstone/calibration_ws/lbr-stack/src/fri -DCMAKE_INSTALL_PREFIX=/home/harry/cmu/capstone/calibration_ws/lbr-stack/install/fri_client_sdk
[0.272s] Invoking command in '/home/harry/cmu/capstone/calibration_ws/lbr-stack/build/fri_client_sdk': CMAKE_PREFIX_PATH=${CMAKE_PREFIX_PATH}:/home/harry/cmu/capstone/calibration_ws/handeye_calibration_ws/src/install/handeye_realsense:/opt/ros/humble CONDA_PROMPT_MODIFIER=(base) /usr/bin/cmake --build /home/harry/cmu/capstone/calibration_ws/lbr-stack/build/fri_client_sdk -- -j16 -l16
[0.319s] [ 46%] [32mBuilding CXX object CMakeFiles/FRIClient.dir/FRI-Client-SDK_Cpp/src/client_trafo/friTransformationClient.cpp.o[0m
[0.319s] [ 46%] [32mBuilding CXX object CMakeFiles/FRIClient.dir/FRI-Client-SDK_Cpp/src/base/friClientApplication.cpp.o[0m
[0.320s] [ 46%] [32mBuilding CXX object CMakeFiles/FRIClient.dir/FRI-Client-SDK_Cpp/src/client_lbr/friLBRCommand.cpp.o[0m
[0.320s] [ 46%] [32mBuilding CXX object CMakeFiles/FRIClient.dir/FRI-Client-SDK_Cpp/src/connection/friUdpConnection.cpp.o[0m
[0.320s] [ 53%] [32mBuilding CXX object CMakeFiles/FRIClient.dir/FRI-Client-SDK_Cpp/src/client_lbr/friLBRState.cpp.o[0m
[0.320s] [ 46%] [32mBuilding CXX object CMakeFiles/FRIClient.dir/FRI-Client-SDK_Cpp/src/client_lbr/friLBRClient.cpp.o[0m
[0.320s] [ 53%] [32mBuilding CXX object CMakeFiles/FRIClient.dir/FRI-Client-SDK_Cpp/src/protobuf/friCommandMessageEncoder.cpp.o[0m
[0.320s] [ 61%] [32mBuilding CXX object CMakeFiles/FRIClient.dir/FRI-Client-SDK_Cpp/src/protobuf/friMonitoringMessageDecoder.cpp.o[0m
[0.321s] [ 69%] [32mBuilding C object CMakeFiles/FRIClient.dir/FRI-Client-SDK_Cpp/src/protobuf/pb_frimessages_callbacks.c.o[0m
[0.321s] [ 76%] [32mBuilding C object CMakeFiles/FRIClient.dir/FRI-Client-SDK_Cpp/src/protobuf_gen/FRIMessages.pb.c.o[0m
[0.321s] [ 84%] [32mBuilding C object CMakeFiles/FRIClient.dir/FRI-Client-SDK_Cpp/src/nanopb-0.2.8/pb_decode.c.o[0m
[0.321s] [ 92%] [32mBuilding C object CMakeFiles/FRIClient.dir/FRI-Client-SDK_Cpp/src/nanopb-0.2.8/pb_encode.c.o[0m
[0.569s] [100%] [32m[1mLinking CXX shared library libFRIClient.so[0m
[0.637s] [100%] Built target FRIClient
[0.649s] Invoked command in '/home/harry/cmu/capstone/calibration_ws/lbr-stack/build/fri_client_sdk' returned '0': CMAKE_PREFIX_PATH=${CMAKE_PREFIX_PATH}:/home/harry/cmu/capstone/calibration_ws/handeye_calibration_ws/src/install/handeye_realsense:/opt/ros/humble CONDA_PROMPT_MODIFIER=(base) /usr/bin/cmake --build /home/harry/cmu/capstone/calibration_ws/lbr-stack/build/fri_client_sdk -- -j16 -l16
[0.659s] Invoking command in '/home/harry/cmu/capstone/calibration_ws/lbr-stack/build/fri_client_sdk': CMAKE_PREFIX_PATH=${CMAKE_PREFIX_PATH}:/home/harry/cmu/capstone/calibration_ws/handeye_calibration_ws/src/install/handeye_realsense:/opt/ros/humble CONDA_PROMPT_MODIFIER=(base) /usr/bin/cmake --install /home/harry/cmu/capstone/calibration_ws/lbr-stack/build/fri_client_sdk
[0.665s] -- Install configuration: "Release"
[0.665s] -- Installing: /home/harry/cmu/capstone/calibration_ws/lbr-stack/install/fri_client_sdk/lib/libFRIClient.so
[0.666s] -- Installing: /home/harry/cmu/capstone/calibration_ws/lbr-stack/install/fri_client_sdk/include
[0.666s] -- Installing: /home/harry/cmu/capstone/calibration_ws/lbr-stack/install/fri_client_sdk/include/friClientIf.h
[0.666s] -- Installing: /home/harry/cmu/capstone/calibration_ws/lbr-stack/install/fri_client_sdk/include/friLBRState.h
[0.666s] -- Installing: /home/harry/cmu/capstone/calibration_ws/lbr-stack/install/fri_client_sdk/include/friLBRClient.h
[0.666s] -- Installing: /home/harry/cmu/capstone/calibration_ws/lbr-stack/install/fri_client_sdk/include/friException.h
[0.666s] -- Installing: /home/harry/cmu/capstone/calibration_ws/lbr-stack/install/fri_client_sdk/include/friClientVersion.h
[0.666s] -- Installing: /home/harry/cmu/capstone/calibration_ws/lbr-stack/install/fri_client_sdk/include/friLBRCommand.h
[0.666s] -- Installing: /home/harry/cmu/capstone/calibration_ws/lbr-stack/install/fri_client_sdk/include/friUdpConnection.h
[0.667s] -- Installing: /home/harry/cmu/capstone/calibration_ws/lbr-stack/install/fri_client_sdk/include/friConnectionIf.h
[0.667s] -- Installing: /home/harry/cmu/capstone/calibration_ws/lbr-stack/install/fri_client_sdk/include/friTransformationClient.h
[0.667s] -- Installing: /home/harry/cmu/capstone/calibration_ws/lbr-stack/install/fri_client_sdk/include/friClientApplication.h
[0.667s] -- Installing: /home/harry/cmu/capstone/calibration_ws/lbr-stack/install/fri_client_sdk/lib/cmake/FRIClient/FRIClientConfig.cmake
[0.667s] -- Installing: /home/harry/cmu/capstone/calibration_ws/lbr-stack/install/fri_client_sdk/lib/cmake/FRIClient/FRIClientConfig-release.cmake
[0.667s] -- Installing: /home/harry/cmu/capstone/calibration_ws/lbr-stack/install/fri_client_sdk/lib/cmake/FRIClient/FRIClientConfigVersion.cmake
[0.669s] Invoked command in '/home/harry/cmu/capstone/calibration_ws/lbr-stack/build/fri_client_sdk' returned '0': CMAKE_PREFIX_PATH=${CMAKE_PREFIX_PATH}:/home/harry/cmu/capstone/calibration_ws/handeye_calibration_ws/src/install/handeye_realsense:/opt/ros/humble CONDA_PROMPT_MODIFIER=(base) /usr/bin/cmake --install /home/harry/cmu/capstone/calibration_ws/lbr-stack/build/fri_client_sdk
