[0.018s] Invoking command in '/home/harry/cmu/capstone/calibration_ws/build/lbr_bringup': AMENT_PREFIX_PATH=/home/harry/cmu/capstone/calibration_ws/install/lbr_ros2_control:/home/harry/cmu/capstone/calibration_ws/install/lbr_fri_ros2:/home/harry/cmu/capstone/calibration_ws/install/lbr_fri_idl:/home/harry/cmu/capstone/calibration_ws/install/lbr_description:${AMENT_PREFIX_PATH} CMAKE_PREFIX_PATH=/home/harry/cmu/capstone/calibration_ws/install/lbr_ros2_control:/home/harry/cmu/capstone/calibration_ws/install/lbr_fri_ros2:/home/harry/cmu/capstone/calibration_ws/install/lbr_fri_idl:/home/harry/cmu/capstone/calibration_ws/install/lbr_description:/home/harry/cmu/capstone/calibration_ws/install/fri_client_sdk:/home/harry/cmu/capstone/calibration_ws/lbr-stack/install/fri_client_sdk:/home/harry/cmu/capstone/calibration_ws/handeye_calibration_ws/src/install/handeye_realsense:/opt/ros/humble LD_LIBRARY_PATH=/home/harry/cmu/capstone/calibration_ws/install/lbr_ros2_control/lib:/home/harry/cmu/capstone/calibration_ws/install/lbr_fri_ros2/lib:/home/harry/cmu/capstone/calibration_ws/install/lbr_fri_idl/lib:/home/harry/cmu/capstone/calibration_ws/install/fri_client_sdk/lib:${LD_LIBRARY_PATH} PKG_CONFIG_PATH=/home/harry/cmu/capstone/calibration_ws/install/fri_client_sdk/lib/x86_64-linux-gnu/pkgconfig:/home/harry/cmu/capstone/calibration_ws/install/fri_client_sdk/lib/pkgconfig:${PKG_CONFIG_PATH} PYTHONPATH=/home/harry/cmu/capstone/calibration_ws/install/lbr_fri_idl/local/lib/python3.10/dist-packages:${PYTHONPATH} /usr/bin/cmake /home/harry/cmu/capstone/calibration_ws/lbr-stack/src/lbr_fri_ros2_stack/lbr_bringup -DAMENT_CMAKE_SYMLINK_INSTALL=1 -DCMAKE_INSTALL_PREFIX=/home/harry/cmu/capstone/calibration_ws/install/lbr_bringup
[0.082s] -- The C compiler identification is GNU 11.4.0
[0.140s] -- The CXX compiler identification is GNU 11.4.0
[0.147s] -- Detecting C compiler ABI info
[0.229s] -- Detecting C compiler ABI info - done
[0.235s] -- Check for working C compiler: /usr/bin/cc - skipped
[0.235s] -- Detecting C compile features
[0.235s] -- Detecting C compile features - done
[0.238s] -- Detecting CXX compiler ABI info
[0.328s] -- Detecting CXX compiler ABI info - done
[0.335s] -- Check for working CXX compiler: /usr/bin/c++ - skipped
[0.335s] -- Detecting CXX compile features
[0.335s] -- Detecting CXX compile features - done
[0.338s] -- Found ament_cmake: 1.3.11 (/opt/ros/humble/share/ament_cmake/cmake)
[0.491s] -- Found Python3: /usr/bin/python3 (found version "3.10.12") found components: Interpreter 
[0.553s] -- Override CMake install command with custom implementation using symlinks instead of copying resources
[0.720s] -- Configuring done
[0.723s] -- Generating done
[0.725s] -- Build files have been written to: /home/harry/cmu/capstone/calibration_ws/build/lbr_bringup
[0.729s] Invoked command in '/home/harry/cmu/capstone/calibration_ws/build/lbr_bringup' returned '0': AMENT_PREFIX_PATH=/home/harry/cmu/capstone/calibration_ws/install/lbr_ros2_control:/home/harry/cmu/capstone/calibration_ws/install/lbr_fri_ros2:/home/harry/cmu/capstone/calibration_ws/install/lbr_fri_idl:/home/harry/cmu/capstone/calibration_ws/install/lbr_description:${AMENT_PREFIX_PATH} CMAKE_PREFIX_PATH=/home/harry/cmu/capstone/calibration_ws/install/lbr_ros2_control:/home/harry/cmu/capstone/calibration_ws/install/lbr_fri_ros2:/home/harry/cmu/capstone/calibration_ws/install/lbr_fri_idl:/home/harry/cmu/capstone/calibration_ws/install/lbr_description:/home/harry/cmu/capstone/calibration_ws/install/fri_client_sdk:/home/harry/cmu/capstone/calibration_ws/lbr-stack/install/fri_client_sdk:/home/harry/cmu/capstone/calibration_ws/handeye_calibration_ws/src/install/handeye_realsense:/opt/ros/humble LD_LIBRARY_PATH=/home/harry/cmu/capstone/calibration_ws/install/lbr_ros2_control/lib:/home/harry/cmu/capstone/calibration_ws/install/lbr_fri_ros2/lib:/home/harry/cmu/capstone/calibration_ws/install/lbr_fri_idl/lib:/home/harry/cmu/capstone/calibration_ws/install/fri_client_sdk/lib:${LD_LIBRARY_PATH} PKG_CONFIG_PATH=/home/harry/cmu/capstone/calibration_ws/install/fri_client_sdk/lib/x86_64-linux-gnu/pkgconfig:/home/harry/cmu/capstone/calibration_ws/install/fri_client_sdk/lib/pkgconfig:${PKG_CONFIG_PATH} PYTHONPATH=/home/harry/cmu/capstone/calibration_ws/install/lbr_fri_idl/local/lib/python3.10/dist-packages:${PYTHONPATH} /usr/bin/cmake /home/harry/cmu/capstone/calibration_ws/lbr-stack/src/lbr_fri_ros2_stack/lbr_bringup -DAMENT_CMAKE_SYMLINK_INSTALL=1 -DCMAKE_INSTALL_PREFIX=/home/harry/cmu/capstone/calibration_ws/install/lbr_bringup
[0.730s] Invoking command in '/home/harry/cmu/capstone/calibration_ws/build/lbr_bringup': AMENT_PREFIX_PATH=/home/harry/cmu/capstone/calibration_ws/install/lbr_ros2_control:/home/harry/cmu/capstone/calibration_ws/install/lbr_fri_ros2:/home/harry/cmu/capstone/calibration_ws/install/lbr_fri_idl:/home/harry/cmu/capstone/calibration_ws/install/lbr_description:${AMENT_PREFIX_PATH} CMAKE_PREFIX_PATH=/home/harry/cmu/capstone/calibration_ws/install/lbr_ros2_control:/home/harry/cmu/capstone/calibration_ws/install/lbr_fri_ros2:/home/harry/cmu/capstone/calibration_ws/install/lbr_fri_idl:/home/harry/cmu/capstone/calibration_ws/install/lbr_description:/home/harry/cmu/capstone/calibration_ws/install/fri_client_sdk:/home/harry/cmu/capstone/calibration_ws/lbr-stack/install/fri_client_sdk:/home/harry/cmu/capstone/calibration_ws/handeye_calibration_ws/src/install/handeye_realsense:/opt/ros/humble LD_LIBRARY_PATH=/home/harry/cmu/capstone/calibration_ws/install/lbr_ros2_control/lib:/home/harry/cmu/capstone/calibration_ws/install/lbr_fri_ros2/lib:/home/harry/cmu/capstone/calibration_ws/install/lbr_fri_idl/lib:/home/harry/cmu/capstone/calibration_ws/install/fri_client_sdk/lib:${LD_LIBRARY_PATH} PKG_CONFIG_PATH=/home/harry/cmu/capstone/calibration_ws/install/fri_client_sdk/lib/x86_64-linux-gnu/pkgconfig:/home/harry/cmu/capstone/calibration_ws/install/fri_client_sdk/lib/pkgconfig:${PKG_CONFIG_PATH} PYTHONPATH=/home/harry/cmu/capstone/calibration_ws/install/lbr_fri_idl/local/lib/python3.10/dist-packages:${PYTHONPATH} /usr/bin/cmake --build /home/harry/cmu/capstone/calibration_ws/build/lbr_bringup -- -j16 -l16
[0.786s] Built target ament_cmake_python_symlink_lbr_bringup
[0.987s] running egg_info
[0.988s] creating lbr_bringup.egg-info
[0.988s] writing lbr_bringup.egg-info/PKG-INFO
[0.988s] writing dependency_links to lbr_bringup.egg-info/dependency_links.txt
[0.988s] writing top-level names to lbr_bringup.egg-info/top_level.txt
[0.988s] writing manifest file 'lbr_bringup.egg-info/SOURCES.txt'
[0.990s] reading manifest file 'lbr_bringup.egg-info/SOURCES.txt'
[0.990s] writing manifest file 'lbr_bringup.egg-info/SOURCES.txt'
[1.023s] Built target ament_cmake_python_build_lbr_bringup_egg
[1.034s] Invoked command in '/home/harry/cmu/capstone/calibration_ws/build/lbr_bringup' returned '0': AMENT_PREFIX_PATH=/home/harry/cmu/capstone/calibration_ws/install/lbr_ros2_control:/home/harry/cmu/capstone/calibration_ws/install/lbr_fri_ros2:/home/harry/cmu/capstone/calibration_ws/install/lbr_fri_idl:/home/harry/cmu/capstone/calibration_ws/install/lbr_description:${AMENT_PREFIX_PATH} CMAKE_PREFIX_PATH=/home/harry/cmu/capstone/calibration_ws/install/lbr_ros2_control:/home/harry/cmu/capstone/calibration_ws/install/lbr_fri_ros2:/home/harry/cmu/capstone/calibration_ws/install/lbr_fri_idl:/home/harry/cmu/capstone/calibration_ws/install/lbr_description:/home/harry/cmu/capstone/calibration_ws/install/fri_client_sdk:/home/harry/cmu/capstone/calibration_ws/lbr-stack/install/fri_client_sdk:/home/harry/cmu/capstone/calibration_ws/handeye_calibration_ws/src/install/handeye_realsense:/opt/ros/humble LD_LIBRARY_PATH=/home/harry/cmu/capstone/calibration_ws/install/lbr_ros2_control/lib:/home/harry/cmu/capstone/calibration_ws/install/lbr_fri_ros2/lib:/home/harry/cmu/capstone/calibration_ws/install/lbr_fri_idl/lib:/home/harry/cmu/capstone/calibration_ws/install/fri_client_sdk/lib:${LD_LIBRARY_PATH} PKG_CONFIG_PATH=/home/harry/cmu/capstone/calibration_ws/install/fri_client_sdk/lib/x86_64-linux-gnu/pkgconfig:/home/harry/cmu/capstone/calibration_ws/install/fri_client_sdk/lib/pkgconfig:${PKG_CONFIG_PATH} PYTHONPATH=/home/harry/cmu/capstone/calibration_ws/install/lbr_fri_idl/local/lib/python3.10/dist-packages:${PYTHONPATH} /usr/bin/cmake --build /home/harry/cmu/capstone/calibration_ws/build/lbr_bringup -- -j16 -l16
[1.036s] Invoking command in '/home/harry/cmu/capstone/calibration_ws/build/lbr_bringup': AMENT_PREFIX_PATH=/home/harry/cmu/capstone/calibration_ws/install/lbr_ros2_control:/home/harry/cmu/capstone/calibration_ws/install/lbr_fri_ros2:/home/harry/cmu/capstone/calibration_ws/install/lbr_fri_idl:/home/harry/cmu/capstone/calibration_ws/install/lbr_description:${AMENT_PREFIX_PATH} CMAKE_PREFIX_PATH=/home/harry/cmu/capstone/calibration_ws/install/lbr_ros2_control:/home/harry/cmu/capstone/calibration_ws/install/lbr_fri_ros2:/home/harry/cmu/capstone/calibration_ws/install/lbr_fri_idl:/home/harry/cmu/capstone/calibration_ws/install/lbr_description:/home/harry/cmu/capstone/calibration_ws/install/fri_client_sdk:/home/harry/cmu/capstone/calibration_ws/lbr-stack/install/fri_client_sdk:/home/harry/cmu/capstone/calibration_ws/handeye_calibration_ws/src/install/handeye_realsense:/opt/ros/humble LD_LIBRARY_PATH=/home/harry/cmu/capstone/calibration_ws/install/lbr_ros2_control/lib:/home/harry/cmu/capstone/calibration_ws/install/lbr_fri_ros2/lib:/home/harry/cmu/capstone/calibration_ws/install/lbr_fri_idl/lib:/home/harry/cmu/capstone/calibration_ws/install/fri_client_sdk/lib:${LD_LIBRARY_PATH} PKG_CONFIG_PATH=/home/harry/cmu/capstone/calibration_ws/install/fri_client_sdk/lib/x86_64-linux-gnu/pkgconfig:/home/harry/cmu/capstone/calibration_ws/install/fri_client_sdk/lib/pkgconfig:${PKG_CONFIG_PATH} PYTHONPATH=/home/harry/cmu/capstone/calibration_ws/install/lbr_fri_idl/local/lib/python3.10/dist-packages:${PYTHONPATH} /usr/bin/cmake --install /home/harry/cmu/capstone/calibration_ws/build/lbr_bringup
[1.042s] -- Install configuration: ""
[1.043s] -- Execute custom install script
[1.043s] -- Symlinking: /home/harry/cmu/capstone/calibration_ws/install/lbr_bringup/share/lbr_bringup/config/gazebo.rviz
[1.052s] -- Symlinking: /home/harry/cmu/capstone/calibration_ws/install/lbr_bringup/share/lbr_bringup/config/hardware.rviz
[1.061s] -- Symlinking: /home/harry/cmu/capstone/calibration_ws/install/lbr_bringup/share/lbr_bringup/config/mock.rviz
[1.069s] -- Symlinking: /home/harry/cmu/capstone/calibration_ws/install/lbr_bringup/share/lbr_bringup/config/moveit_servo.yaml
[1.078s] -- Symlinking: /home/harry/cmu/capstone/calibration_ws/install/lbr_bringup/share/lbr_bringup/launch/gazebo.launch.py
[1.089s] -- Symlinking: /home/harry/cmu/capstone/calibration_ws/install/lbr_bringup/share/lbr_bringup/launch/hardware.launch.py
[1.100s] -- Symlinking: /home/harry/cmu/capstone/calibration_ws/install/lbr_bringup/share/lbr_bringup/launch/mock.launch.py
[1.108s] -- Symlinking: /home/harry/cmu/capstone/calibration_ws/install/lbr_bringup/share/lbr_bringup/launch/move_group.launch.py
[1.118s] -- Symlinking: /home/harry/cmu/capstone/calibration_ws/install/lbr_bringup/share/lbr_bringup/launch/moveit_servo.launch.py
[1.128s] -- Symlinking: /home/harry/cmu/capstone/calibration_ws/install/lbr_bringup/share/lbr_bringup/launch/rviz.launch.py
[1.137s] -- Symlinking: /home/harry/cmu/capstone/calibration_ws/install/lbr_bringup/share/lbr_bringup/environment/pythonpath.sh
[1.145s] -- Symlinking: /home/harry/cmu/capstone/calibration_ws/install/lbr_bringup/share/lbr_bringup/environment/pythonpath.dsv
[1.154s] -- Symlinking: /home/harry/cmu/capstone/calibration_ws/install/lbr_bringup/local/lib/python3.10/dist-packages/lbr_bringup-2.2.0-py3.10.egg-info/PKG-INFO
[1.163s] -- Symlinking: /home/harry/cmu/capstone/calibration_ws/install/lbr_bringup/local/lib/python3.10/dist-packages/lbr_bringup-2.2.0-py3.10.egg-info/SOURCES.txt
[1.172s] -- Symlinking: /home/harry/cmu/capstone/calibration_ws/install/lbr_bringup/local/lib/python3.10/dist-packages/lbr_bringup-2.2.0-py3.10.egg-info/dependency_links.txt
[1.181s] -- Symlinking: /home/harry/cmu/capstone/calibration_ws/install/lbr_bringup/local/lib/python3.10/dist-packages/lbr_bringup-2.2.0-py3.10.egg-info/top_level.txt
[1.190s] -- Symlinking: /home/harry/cmu/capstone/calibration_ws/install/lbr_bringup/local/lib/python3.10/dist-packages/lbr_bringup/__init__.py
[1.199s] -- Symlinking: /home/harry/cmu/capstone/calibration_ws/install/lbr_bringup/local/lib/python3.10/dist-packages/lbr_bringup/description.py
[1.207s] -- Symlinking: /home/harry/cmu/capstone/calibration_ws/install/lbr_bringup/local/lib/python3.10/dist-packages/lbr_bringup/gazebo.py
[1.216s] -- Symlinking: /home/harry/cmu/capstone/calibration_ws/install/lbr_bringup/local/lib/python3.10/dist-packages/lbr_bringup/moveit.py
[1.227s] -- Symlinking: /home/harry/cmu/capstone/calibration_ws/install/lbr_bringup/local/lib/python3.10/dist-packages/lbr_bringup/ros2_control.py
[1.237s] -- Symlinking: /home/harry/cmu/capstone/calibration_ws/install/lbr_bringup/local/lib/python3.10/dist-packages/lbr_bringup/rviz.py
[1.248s] -- Symlinking: /home/harry/cmu/capstone/calibration_ws/install/lbr_bringup/share/ament_index/resource_index/package_run_dependencies/lbr_bringup
[1.257s] -- Symlinking: /home/harry/cmu/capstone/calibration_ws/install/lbr_bringup/share/ament_index/resource_index/parent_prefix_path/lbr_bringup
[1.267s] -- Symlinking: /home/harry/cmu/capstone/calibration_ws/install/lbr_bringup/share/lbr_bringup/environment/ament_prefix_path.sh
[1.277s] -- Symlinking: /home/harry/cmu/capstone/calibration_ws/install/lbr_bringup/share/lbr_bringup/environment/ament_prefix_path.dsv
[1.287s] -- Symlinking: /home/harry/cmu/capstone/calibration_ws/install/lbr_bringup/share/lbr_bringup/environment/path.sh
[1.297s] -- Symlinking: /home/harry/cmu/capstone/calibration_ws/install/lbr_bringup/share/lbr_bringup/environment/path.dsv
[1.305s] -- Symlinking: /home/harry/cmu/capstone/calibration_ws/install/lbr_bringup/share/lbr_bringup/local_setup.bash
[1.314s] -- Symlinking: /home/harry/cmu/capstone/calibration_ws/install/lbr_bringup/share/lbr_bringup/local_setup.sh
[1.323s] -- Symlinking: /home/harry/cmu/capstone/calibration_ws/install/lbr_bringup/share/lbr_bringup/local_setup.zsh
[1.332s] -- Symlinking: /home/harry/cmu/capstone/calibration_ws/install/lbr_bringup/share/lbr_bringup/local_setup.dsv
[1.341s] -- Symlinking: /home/harry/cmu/capstone/calibration_ws/install/lbr_bringup/share/lbr_bringup/package.dsv
[1.350s] -- Symlinking: /home/harry/cmu/capstone/calibration_ws/install/lbr_bringup/share/ament_index/resource_index/packages/lbr_bringup
[1.359s] -- Symlinking: /home/harry/cmu/capstone/calibration_ws/install/lbr_bringup/share/lbr_bringup/cmake/lbr_bringupConfig.cmake
[1.370s] -- Symlinking: /home/harry/cmu/capstone/calibration_ws/install/lbr_bringup/share/lbr_bringup/cmake/lbr_bringupConfig-version.cmake
[1.380s] -- Symlinking: /home/harry/cmu/capstone/calibration_ws/install/lbr_bringup/share/lbr_bringup/package.xml
[1.426s] Listing '/home/harry/cmu/capstone/calibration_ws/install/lbr_bringup/local/lib/python3.10/dist-packages/lbr_bringup'...
[1.426s] Compiling '/home/harry/cmu/capstone/calibration_ws/install/lbr_bringup/local/lib/python3.10/dist-packages/lbr_bringup/__init__.py'...
[1.426s] Compiling '/home/harry/cmu/capstone/calibration_ws/install/lbr_bringup/local/lib/python3.10/dist-packages/lbr_bringup/description.py'...
[1.426s] Compiling '/home/harry/cmu/capstone/calibration_ws/install/lbr_bringup/local/lib/python3.10/dist-packages/lbr_bringup/gazebo.py'...
[1.426s] Compiling '/home/harry/cmu/capstone/calibration_ws/install/lbr_bringup/local/lib/python3.10/dist-packages/lbr_bringup/moveit.py'...
[1.427s] Compiling '/home/harry/cmu/capstone/calibration_ws/install/lbr_bringup/local/lib/python3.10/dist-packages/lbr_bringup/ros2_control.py'...
[1.427s] Compiling '/home/harry/cmu/capstone/calibration_ws/install/lbr_bringup/local/lib/python3.10/dist-packages/lbr_bringup/rviz.py'...
[1.434s] Invoked command in '/home/harry/cmu/capstone/calibration_ws/build/lbr_bringup' returned '0': AMENT_PREFIX_PATH=/home/harry/cmu/capstone/calibration_ws/install/lbr_ros2_control:/home/harry/cmu/capstone/calibration_ws/install/lbr_fri_ros2:/home/harry/cmu/capstone/calibration_ws/install/lbr_fri_idl:/home/harry/cmu/capstone/calibration_ws/install/lbr_description:${AMENT_PREFIX_PATH} CMAKE_PREFIX_PATH=/home/harry/cmu/capstone/calibration_ws/install/lbr_ros2_control:/home/harry/cmu/capstone/calibration_ws/install/lbr_fri_ros2:/home/harry/cmu/capstone/calibration_ws/install/lbr_fri_idl:/home/harry/cmu/capstone/calibration_ws/install/lbr_description:/home/harry/cmu/capstone/calibration_ws/install/fri_client_sdk:/home/harry/cmu/capstone/calibration_ws/lbr-stack/install/fri_client_sdk:/home/harry/cmu/capstone/calibration_ws/handeye_calibration_ws/src/install/handeye_realsense:/opt/ros/humble LD_LIBRARY_PATH=/home/harry/cmu/capstone/calibration_ws/install/lbr_ros2_control/lib:/home/harry/cmu/capstone/calibration_ws/install/lbr_fri_ros2/lib:/home/harry/cmu/capstone/calibration_ws/install/lbr_fri_idl/lib:/home/harry/cmu/capstone/calibration_ws/install/fri_client_sdk/lib:${LD_LIBRARY_PATH} PKG_CONFIG_PATH=/home/harry/cmu/capstone/calibration_ws/install/fri_client_sdk/lib/x86_64-linux-gnu/pkgconfig:/home/harry/cmu/capstone/calibration_ws/install/fri_client_sdk/lib/pkgconfig:${PKG_CONFIG_PATH} PYTHONPATH=/home/harry/cmu/capstone/calibration_ws/install/lbr_fri_idl/local/lib/python3.10/dist-packages:${PYTHONPATH} /usr/bin/cmake --install /home/harry/cmu/capstone/calibration_ws/build/lbr_bringup
