[1.258s] Invoking command in '/home/harry/cmu/capstone/calibration_ws/build/lbr_moveit': PYTHONPATH=/home/harry/cmu/capstone/calibration_ws/build/lbr_moveit/prefix_override:/usr/lib/python3/dist-packages/colcon_core/task/python/colcon_distutils_commands:/home/harry/cmu/capstone/calibration_ws/install/lbr_moveit/lib/python3.10/site-packages:${PYTHONPATH} /usr/bin/python3 -W ignore:setup.py install is deprecated -W ignore:easy_install command is deprecated setup.py develop --editable --build-directory /home/harry/cmu/capstone/calibration_ws/build/lbr_moveit/build --no-deps symlink_data
[1.487s] running develop
[1.627s] running egg_info
[1.628s] creating lbr_moveit.egg-info
[1.628s] writing lbr_moveit.egg-info/PKG-INFO
[1.628s] writing dependency_links to lbr_moveit.egg-info/dependency_links.txt
[1.628s] writing entry points to lbr_moveit.egg-info/entry_points.txt
[1.628s] writing requirements to lbr_moveit.egg-info/requires.txt
[1.628s] writing top-level names to lbr_moveit.egg-info/top_level.txt
[1.629s] writing manifest file 'lbr_moveit.egg-info/SOURCES.txt'
[1.630s] reading manifest file 'lbr_moveit.egg-info/SOURCES.txt'
[1.631s] writing manifest file 'lbr_moveit.egg-info/SOURCES.txt'
[1.632s] running build_ext
[1.633s] Creating /home/harry/cmu/capstone/calibration_ws/install/lbr_moveit/lib/python3.10/site-packages/lbr-moveit.egg-link (link to .)
[1.634s] Installing forward_keyboard script to /home/harry/cmu/capstone/calibration_ws/install/lbr_moveit/lib/lbr_moveit
[1.634s] 
[1.634s] Installed /home/harry/cmu/capstone/calibration_ws/build/lbr_moveit
[1.634s] running symlink_data
[1.634s] creating /home/harry/cmu/capstone/calibration_ws/install/lbr_moveit/share/ament_index
[1.634s] creating /home/harry/cmu/capstone/calibration_ws/install/lbr_moveit/share/ament_index/resource_index
[1.634s] creating /home/harry/cmu/capstone/calibration_ws/install/lbr_moveit/share/ament_index/resource_index/packages
[1.634s] symbolically linking /home/harry/cmu/capstone/calibration_ws/build/lbr_moveit/resource/lbr_moveit -> /home/harry/cmu/capstone/calibration_ws/install/lbr_moveit/share/ament_index/resource_index/packages
[1.634s] symbolically linking /home/harry/cmu/capstone/calibration_ws/build/lbr_moveit/package.xml -> /home/harry/cmu/capstone/calibration_ws/install/lbr_moveit/share/lbr_moveit
[1.635s] creating /home/harry/cmu/capstone/calibration_ws/install/lbr_moveit/share/lbr_moveit/config
[1.635s] symbolically linking /home/harry/cmu/capstone/calibration_ws/build/lbr_moveit/config/forward_keyboard.yaml -> /home/harry/cmu/capstone/calibration_ws/install/lbr_moveit/share/lbr_moveit/config
[1.635s] creating /home/harry/cmu/capstone/calibration_ws/install/lbr_moveit/share/lbr_moveit/launch
[1.635s] symbolically linking /home/harry/cmu/capstone/calibration_ws/build/lbr_moveit/launch/keyboard_driver.launch.py -> /home/harry/cmu/capstone/calibration_ws/install/lbr_moveit/share/lbr_moveit/launch
[1.678s] Invoked command in '/home/harry/cmu/capstone/calibration_ws/build/lbr_moveit' returned '0': PYTHONPATH=/home/harry/cmu/capstone/calibration_ws/build/lbr_moveit/prefix_override:/usr/lib/python3/dist-packages/colcon_core/task/python/colcon_distutils_commands:/home/harry/cmu/capstone/calibration_ws/install/lbr_moveit/lib/python3.10/site-packages:${PYTHONPATH} /usr/bin/python3 -W ignore:setup.py install is deprecated -W ignore:easy_install command is deprecated setup.py develop --editable --build-directory /home/harry/cmu/capstone/calibration_ws/build/lbr_moveit/build --no-deps symlink_data
