running develop
Removing /home/harry/cmu/capstone/calibration_ws/install/camera_calibration/lib/python3.10/site-packages/camera-calibration.egg-link (link to .)
running egg_info
writing ../../../../build/camera_calibration/camera_calibration.egg-info/PKG-INFO
writing dependency_links to ../../../../build/camera_calibration/camera_calibration.egg-info/dependency_links.txt
writing entry points to ../../../../build/camera_calibration/camera_calibration.egg-info/entry_points.txt
writing requirements to ../../../../build/camera_calibration/camera_calibration.egg-info/requires.txt
writing top-level names to ../../../../build/camera_calibration/camera_calibration.egg-info/top_level.txt
reading manifest file '../../../../build/camera_calibration/camera_calibration.egg-info/SOURCES.txt'
adding license file 'LICENSE'
writing manifest file '../../../../build/camera_calibration/camera_calibration.egg-info/SOURCES.txt'
running build
running build_py
creating /home/harry/cmu/capstone/calibration_ws/build/camera_calibration/build
creating /home/harry/cmu/capstone/calibration_ws/build/camera_calibration/build/lib
creating /home/harry/cmu/capstone/calibration_ws/build/camera_calibration/build/lib/camera_calibration
copying camera_calibration/__init__.py -> /home/harry/cmu/capstone/calibration_ws/build/camera_calibration/build/lib/camera_calibration
copying camera_calibration/test.py -> /home/harry/cmu/capstone/calibration_ws/build/camera_calibration/build/lib/camera_calibration
copying camera_calibration/camera_calibration.py -> /home/harry/cmu/capstone/calibration_ws/build/camera_calibration/build/lib/camera_calibration
copying camera_calibration/camera_color_viewer_realsense.py -> /home/harry/cmu/capstone/calibration_ws/build/camera_calibration/build/lib/camera_calibration
copying camera_calibration/camera_viewer_azure_kinect.py -> /home/harry/cmu/capstone/calibration_ws/build/camera_calibration/build/lib/camera_calibration
running install
running install_lib
creating /home/harry/cmu/capstone/calibration_ws/install/camera_calibration/lib/python3.10/site-packages/camera_calibration
copying /home/harry/cmu/capstone/calibration_ws/build/camera_calibration/build/lib/camera_calibration/__init__.py -> /home/harry/cmu/capstone/calibration_ws/install/camera_calibration/lib/python3.10/site-packages/camera_calibration
copying /home/harry/cmu/capstone/calibration_ws/build/camera_calibration/build/lib/camera_calibration/test.py -> /home/harry/cmu/capstone/calibration_ws/install/camera_calibration/lib/python3.10/site-packages/camera_calibration
copying /home/harry/cmu/capstone/calibration_ws/build/camera_calibration/build/lib/camera_calibration/camera_calibration.py -> /home/harry/cmu/capstone/calibration_ws/install/camera_calibration/lib/python3.10/site-packages/camera_calibration
copying /home/harry/cmu/capstone/calibration_ws/build/camera_calibration/build/lib/camera_calibration/camera_color_viewer_realsense.py -> /home/harry/cmu/capstone/calibration_ws/install/camera_calibration/lib/python3.10/site-packages/camera_calibration
copying /home/harry/cmu/capstone/calibration_ws/build/camera_calibration/build/lib/camera_calibration/camera_viewer_azure_kinect.py -> /home/harry/cmu/capstone/calibration_ws/install/camera_calibration/lib/python3.10/site-packages/camera_calibration
byte-compiling /home/harry/cmu/capstone/calibration_ws/install/camera_calibration/lib/python3.10/site-packages/camera_calibration/__init__.py to __init__.cpython-310.pyc
byte-compiling /home/harry/cmu/capstone/calibration_ws/install/camera_calibration/lib/python3.10/site-packages/camera_calibration/test.py to test.cpython-310.pyc
byte-compiling /home/harry/cmu/capstone/calibration_ws/install/camera_calibration/lib/python3.10/site-packages/camera_calibration/camera_calibration.py to camera_calibration.cpython-310.pyc
byte-compiling /home/harry/cmu/capstone/calibration_ws/install/camera_calibration/lib/python3.10/site-packages/camera_calibration/camera_color_viewer_realsense.py to camera_color_viewer_realsense.cpython-310.pyc
byte-compiling /home/harry/cmu/capstone/calibration_ws/install/camera_calibration/lib/python3.10/site-packages/camera_calibration/camera_viewer_azure_kinect.py to camera_viewer_azure_kinect.cpython-310.pyc
running install_data
copying resource/camera_calibration -> /home/harry/cmu/capstone/calibration_ws/install/camera_calibration/share/ament_index/resource_index/packages
copying package.xml -> /home/harry/cmu/capstone/calibration_ws/install/camera_calibration/share/camera_calibration
running install_egg_info
Copying ../../../../build/camera_calibration/camera_calibration.egg-info to /home/harry/cmu/capstone/calibration_ws/install/camera_calibration/lib/python3.10/site-packages/camera_calibration-0.0.0-py3.10.egg-info
running install_scripts
writing list of installed files to '/home/harry/cmu/capstone/calibration_ws/build/camera_calibration/install.log'
