[1.018s] Invoking command in '/home/harry/cmu/capstone/calibration_ws/build/lbr_moveit_cpp': CMAKE_PREFIX_PATH=${CMAKE_PREFIX_PATH}:/home/harry/cmu/capstone/calibration_ws/install/lbr_demos_py:/home/harry/cmu/capstone/calibration_ws/install/lbr_moveit:/home/harry/cmu/capstone/calibration_ws/install/lbr_demos_advanced_py:/home/harry/cmu/capstone/calibration_ws/install/handeye_realsense:/home/harry/cmu/capstone/calibration_ws/install/handeye_ak:/home/harry/cmu/capstone/calibration_ws/install/camera_calibration:/home/harry/cmu/capstone/calibration_ws/handeye_calibration_ws/src/install/handeye_realsense:/home/harry/cmu/capstone/calibration_ws/handeye_calibration_ws/src/install/handeye_ak:/home/harry/cmu/capstone/calibration_ws/handeye_calibration_ws/src/install/camera_calibration:/opt/ros/humble /usr/bin/cmake --build /home/harry/cmu/capstone/calibration_ws/build/lbr_moveit_cpp -- -j16 -l16
[1.088s] [100%] Built target hello_moveit
[1.114s] Invoked command in '/home/harry/cmu/capstone/calibration_ws/build/lbr_moveit_cpp' returned '0': CMAKE_PREFIX_PATH=${CMAKE_PREFIX_PATH}:/home/harry/cmu/capstone/calibration_ws/install/lbr_demos_py:/home/harry/cmu/capstone/calibration_ws/install/lbr_moveit:/home/harry/cmu/capstone/calibration_ws/install/lbr_demos_advanced_py:/home/harry/cmu/capstone/calibration_ws/install/handeye_realsense:/home/harry/cmu/capstone/calibration_ws/install/handeye_ak:/home/harry/cmu/capstone/calibration_ws/install/camera_calibration:/home/harry/cmu/capstone/calibration_ws/handeye_calibration_ws/src/install/handeye_realsense:/home/harry/cmu/capstone/calibration_ws/handeye_calibration_ws/src/install/handeye_ak:/home/harry/cmu/capstone/calibration_ws/handeye_calibration_ws/src/install/camera_calibration:/opt/ros/humble /usr/bin/cmake --build /home/harry/cmu/capstone/calibration_ws/build/lbr_moveit_cpp -- -j16 -l16
[1.115s] Invoking command in '/home/harry/cmu/capstone/calibration_ws/build/lbr_moveit_cpp': CMAKE_PREFIX_PATH=${CMAKE_PREFIX_PATH}:/home/harry/cmu/capstone/calibration_ws/install/lbr_demos_py:/home/harry/cmu/capstone/calibration_ws/install/lbr_moveit:/home/harry/cmu/capstone/calibration_ws/install/lbr_demos_advanced_py:/home/harry/cmu/capstone/calibration_ws/install/handeye_realsense:/home/harry/cmu/capstone/calibration_ws/install/handeye_ak:/home/harry/cmu/capstone/calibration_ws/install/camera_calibration:/home/harry/cmu/capstone/calibration_ws/handeye_calibration_ws/src/install/handeye_realsense:/home/harry/cmu/capstone/calibration_ws/handeye_calibration_ws/src/install/handeye_ak:/home/harry/cmu/capstone/calibration_ws/handeye_calibration_ws/src/install/camera_calibration:/opt/ros/humble /usr/bin/cmake --install /home/harry/cmu/capstone/calibration_ws/build/lbr_moveit_cpp
[1.128s] -- Install configuration: "Release"
[1.128s] -- Execute custom install script
[1.128s] -- Up-to-date symlink: /home/harry/cmu/capstone/calibration_ws/install/lbr_moveit_cpp/share/lbr_moveit_cpp/launch/hello_moveit.launch.py
[1.128s] -- Up-to-date symlink: /home/harry/cmu/capstone/calibration_ws/install/lbr_moveit_cpp/lib/lbr_moveit_cpp/hello_moveit
[1.128s] -- Up-to-date symlink: /home/harry/cmu/capstone/calibration_ws/install/lbr_moveit_cpp/share/ament_index/resource_index/package_run_dependencies/lbr_moveit_cpp
[1.128s] -- Up-to-date symlink: /home/harry/cmu/capstone/calibration_ws/install/lbr_moveit_cpp/share/ament_index/resource_index/parent_prefix_path/lbr_moveit_cpp
[1.128s] -- Up-to-date symlink: /home/harry/cmu/capstone/calibration_ws/install/lbr_moveit_cpp/share/lbr_moveit_cpp/environment/ament_prefix_path.sh
[1.128s] -- Up-to-date symlink: /home/harry/cmu/capstone/calibration_ws/install/lbr_moveit_cpp/share/lbr_moveit_cpp/environment/ament_prefix_path.dsv
[1.129s] -- Up-to-date symlink: /home/harry/cmu/capstone/calibration_ws/install/lbr_moveit_cpp/share/lbr_moveit_cpp/environment/path.sh
[1.129s] -- Up-to-date symlink: /home/harry/cmu/capstone/calibration_ws/install/lbr_moveit_cpp/share/lbr_moveit_cpp/environment/path.dsv
[1.129s] -- Up-to-date symlink: /home/harry/cmu/capstone/calibration_ws/install/lbr_moveit_cpp/share/lbr_moveit_cpp/local_setup.bash
[1.129s] -- Up-to-date symlink: /home/harry/cmu/capstone/calibration_ws/install/lbr_moveit_cpp/share/lbr_moveit_cpp/local_setup.sh
[1.129s] -- Up-to-date symlink: /home/harry/cmu/capstone/calibration_ws/install/lbr_moveit_cpp/share/lbr_moveit_cpp/local_setup.zsh
[1.129s] -- Up-to-date symlink: /home/harry/cmu/capstone/calibration_ws/install/lbr_moveit_cpp/share/lbr_moveit_cpp/local_setup.dsv
[1.129s] -- Symlinking: /home/harry/cmu/capstone/calibration_ws/install/lbr_moveit_cpp/share/lbr_moveit_cpp/package.dsv
[1.139s] -- Up-to-date symlink: /home/harry/cmu/capstone/calibration_ws/install/lbr_moveit_cpp/share/ament_index/resource_index/packages/lbr_moveit_cpp
[1.139s] -- Up-to-date symlink: /home/harry/cmu/capstone/calibration_ws/install/lbr_moveit_cpp/share/lbr_moveit_cpp/cmake/lbr_moveit_cppConfig.cmake
[1.139s] -- Up-to-date symlink: /home/harry/cmu/capstone/calibration_ws/install/lbr_moveit_cpp/share/lbr_moveit_cpp/cmake/lbr_moveit_cppConfig-version.cmake
[1.139s] -- Up-to-date symlink: /home/harry/cmu/capstone/calibration_ws/install/lbr_moveit_cpp/share/lbr_moveit_cpp/package.xml
[1.143s] Invoked command in '/home/harry/cmu/capstone/calibration_ws/build/lbr_moveit_cpp' returned '0': CMAKE_PREFIX_PATH=${CMAKE_PREFIX_PATH}:/home/harry/cmu/capstone/calibration_ws/install/lbr_demos_py:/home/harry/cmu/capstone/calibration_ws/install/lbr_moveit:/home/harry/cmu/capstone/calibration_ws/install/lbr_demos_advanced_py:/home/harry/cmu/capstone/calibration_ws/install/handeye_realsense:/home/harry/cmu/capstone/calibration_ws/install/handeye_ak:/home/harry/cmu/capstone/calibration_ws/install/camera_calibration:/home/harry/cmu/capstone/calibration_ws/handeye_calibration_ws/src/install/handeye_realsense:/home/harry/cmu/capstone/calibration_ws/handeye_calibration_ws/src/install/handeye_ak:/home/harry/cmu/capstone/calibration_ws/handeye_calibration_ws/src/install/camera_calibration:/opt/ros/humble /usr/bin/cmake --install /home/harry/cmu/capstone/calibration_ws/build/lbr_moveit_cpp
