[0.016s] Invoking command in '/home/harry/cmu/capstone/calibration_ws/build/lbr_bringup': CMAKE_PREFIX_PATH=/home/harry/cmu/capstone/calibration_ws/install/lbr_ros2_control:/home/harry/cmu/capstone/calibration_ws/install/lbr_fri_ros2:/home/harry/cmu/capstone/calibration_ws/install/lbr_fri_idl:/home/harry/cmu/capstone/calibration_ws/install/lbr_description:/home/harry/cmu/capstone/calibration_ws/install/fri_client_sdk:/home/harry/cmu/capstone/calibration_ws/install/med7_moveit_config:/home/harry/cmu/capstone/calibration_ws/install/med14_moveit_config:/home/harry/cmu/capstone/calibration_ws/install/lbr_fri_ros2_stack:/home/harry/cmu/capstone/calibration_ws/install/lbr_demos_cpp:/home/harry/cmu/capstone/calibration_ws/install/lbr_bringup:/home/harry/cmu/capstone/calibration_ws/install/lbr_moveit_cpp:/home/harry/cmu/capstone/calibration_ws/install/lbr_demos_advanced_cpp:/home/harry/cmu/capstone/calibration_ws/install/iiwa7_moveit_config:/home/harry/cmu/capstone/calibration_ws/install/iiwa14_moveit_config:/home/harry/cmu/capstone/calibration_ws/lbr-stack/install/fri_client_sdk:/home/harry/cmu/capstone/calibration_ws/install/lbr_demos_py:/home/harry/cmu/capstone/calibration_ws/install/lbr_moveit:/home/harry/cmu/capstone/calibration_ws/install/lbr_demos_advanced_py:/home/harry/cmu/capstone/calibration_ws/install/handeye_realsense:/home/harry/cmu/capstone/calibration_ws/install/handeye_ak:/home/harry/cmu/capstone/calibration_ws/install/camera_calibration:/home/harry/cmu/capstone/calibration_ws/handeye_calibration_ws/src/install/handeye_realsense:/opt/ros/humble LD_LIBRARY_PATH=/home/harry/cmu/capstone/calibration_ws/install/lbr_fri_ros2/lib:/home/harry/cmu/capstone/calibration_ws/install/lbr_fri_idl/lib:/home/harry/cmu/capstone/calibration_ws/install/fri_client_sdk/lib:/home/harry/cmu/capstone/calibration_ws/install/lbr_ros2_control/lib:/home/harry/cmu/capstone/calibration_ws/install/lbr_demos_advanced_cpp/lib:/home/harry/cmu/capstone/calibration_ws/lbr-stack/install/fri_client_sdk/lib:/opt/ros/humble/opt/rviz_ogre_vendor/lib:/opt/ros/humble/lib/x86_64-linux-gnu:/opt/ros/humble/lib /usr/bin/cmake --build /home/harry/cmu/capstone/calibration_ws/build/lbr_bringup -- -j16 -l16
[0.038s] -- Found ament_cmake: 1.3.11 (/opt/ros/humble/share/ament_cmake/cmake)
[0.139s] -- Override CMake install command with custom implementation using symlinks instead of copying resources
[0.248s] -- Configuring done
[0.251s] -- Generating done
[0.253s] -- Build files have been written to: /home/harry/cmu/capstone/calibration_ws/build/lbr_bringup
[0.288s] Built target ament_cmake_python_symlink_lbr_bringup
[0.481s] running egg_info
[0.481s] writing lbr_bringup.egg-info/PKG-INFO
[0.481s] writing dependency_links to lbr_bringup.egg-info/dependency_links.txt
[0.482s] writing top-level names to lbr_bringup.egg-info/top_level.txt
[0.483s] reading manifest file 'lbr_bringup.egg-info/SOURCES.txt'
[0.483s] writing manifest file 'lbr_bringup.egg-info/SOURCES.txt'
[0.508s] Built target ament_cmake_python_build_lbr_bringup_egg
[0.518s] Invoked command in '/home/harry/cmu/capstone/calibration_ws/build/lbr_bringup' returned '0': CMAKE_PREFIX_PATH=/home/harry/cmu/capstone/calibration_ws/install/lbr_ros2_control:/home/harry/cmu/capstone/calibration_ws/install/lbr_fri_ros2:/home/harry/cmu/capstone/calibration_ws/install/lbr_fri_idl:/home/harry/cmu/capstone/calibration_ws/install/lbr_description:/home/harry/cmu/capstone/calibration_ws/install/fri_client_sdk:/home/harry/cmu/capstone/calibration_ws/install/med7_moveit_config:/home/harry/cmu/capstone/calibration_ws/install/med14_moveit_config:/home/harry/cmu/capstone/calibration_ws/install/lbr_fri_ros2_stack:/home/harry/cmu/capstone/calibration_ws/install/lbr_demos_cpp:/home/harry/cmu/capstone/calibration_ws/install/lbr_bringup:/home/harry/cmu/capstone/calibration_ws/install/lbr_moveit_cpp:/home/harry/cmu/capstone/calibration_ws/install/lbr_demos_advanced_cpp:/home/harry/cmu/capstone/calibration_ws/install/iiwa7_moveit_config:/home/harry/cmu/capstone/calibration_ws/install/iiwa14_moveit_config:/home/harry/cmu/capstone/calibration_ws/lbr-stack/install/fri_client_sdk:/home/harry/cmu/capstone/calibration_ws/install/lbr_demos_py:/home/harry/cmu/capstone/calibration_ws/install/lbr_moveit:/home/harry/cmu/capstone/calibration_ws/install/lbr_demos_advanced_py:/home/harry/cmu/capstone/calibration_ws/install/handeye_realsense:/home/harry/cmu/capstone/calibration_ws/install/handeye_ak:/home/harry/cmu/capstone/calibration_ws/install/camera_calibration:/home/harry/cmu/capstone/calibration_ws/handeye_calibration_ws/src/install/handeye_realsense:/opt/ros/humble LD_LIBRARY_PATH=/home/harry/cmu/capstone/calibration_ws/install/lbr_fri_ros2/lib:/home/harry/cmu/capstone/calibration_ws/install/lbr_fri_idl/lib:/home/harry/cmu/capstone/calibration_ws/install/fri_client_sdk/lib:/home/harry/cmu/capstone/calibration_ws/install/lbr_ros2_control/lib:/home/harry/cmu/capstone/calibration_ws/install/lbr_demos_advanced_cpp/lib:/home/harry/cmu/capstone/calibration_ws/lbr-stack/install/fri_client_sdk/lib:/opt/ros/humble/opt/rviz_ogre_vendor/lib:/opt/ros/humble/lib/x86_64-linux-gnu:/opt/ros/humble/lib /usr/bin/cmake --build /home/harry/cmu/capstone/calibration_ws/build/lbr_bringup -- -j16 -l16
[0.519s] Invoking command in '/home/harry/cmu/capstone/calibration_ws/build/lbr_bringup': CMAKE_PREFIX_PATH=/home/harry/cmu/capstone/calibration_ws/install/lbr_ros2_control:/home/harry/cmu/capstone/calibration_ws/install/lbr_fri_ros2:/home/harry/cmu/capstone/calibration_ws/install/lbr_fri_idl:/home/harry/cmu/capstone/calibration_ws/install/lbr_description:/home/harry/cmu/capstone/calibration_ws/install/fri_client_sdk:/home/harry/cmu/capstone/calibration_ws/install/med7_moveit_config:/home/harry/cmu/capstone/calibration_ws/install/med14_moveit_config:/home/harry/cmu/capstone/calibration_ws/install/lbr_fri_ros2_stack:/home/harry/cmu/capstone/calibration_ws/install/lbr_demos_cpp:/home/harry/cmu/capstone/calibration_ws/install/lbr_bringup:/home/harry/cmu/capstone/calibration_ws/install/lbr_moveit_cpp:/home/harry/cmu/capstone/calibration_ws/install/lbr_demos_advanced_cpp:/home/harry/cmu/capstone/calibration_ws/install/iiwa7_moveit_config:/home/harry/cmu/capstone/calibration_ws/install/iiwa14_moveit_config:/home/harry/cmu/capstone/calibration_ws/lbr-stack/install/fri_client_sdk:/home/harry/cmu/capstone/calibration_ws/install/lbr_demos_py:/home/harry/cmu/capstone/calibration_ws/install/lbr_moveit:/home/harry/cmu/capstone/calibration_ws/install/lbr_demos_advanced_py:/home/harry/cmu/capstone/calibration_ws/install/handeye_realsense:/home/harry/cmu/capstone/calibration_ws/install/handeye_ak:/home/harry/cmu/capstone/calibration_ws/install/camera_calibration:/home/harry/cmu/capstone/calibration_ws/handeye_calibration_ws/src/install/handeye_realsense:/opt/ros/humble LD_LIBRARY_PATH=/home/harry/cmu/capstone/calibration_ws/install/lbr_fri_ros2/lib:/home/harry/cmu/capstone/calibration_ws/install/lbr_fri_idl/lib:/home/harry/cmu/capstone/calibration_ws/install/fri_client_sdk/lib:/home/harry/cmu/capstone/calibration_ws/install/lbr_ros2_control/lib:/home/harry/cmu/capstone/calibration_ws/install/lbr_demos_advanced_cpp/lib:/home/harry/cmu/capstone/calibration_ws/lbr-stack/install/fri_client_sdk/lib:/opt/ros/humble/opt/rviz_ogre_vendor/lib:/opt/ros/humble/lib/x86_64-linux-gnu:/opt/ros/humble/lib /usr/bin/cmake --install /home/harry/cmu/capstone/calibration_ws/build/lbr_bringup
[0.526s] -- Install configuration: ""
[0.526s] -- Execute custom install script
[0.526s] -- Up-to-date symlink: /home/harry/cmu/capstone/calibration_ws/install/lbr_bringup/share/lbr_bringup/config/gazebo.rviz
[0.526s] -- Up-to-date symlink: /home/harry/cmu/capstone/calibration_ws/install/lbr_bringup/share/lbr_bringup/config/hardware.rviz
[0.527s] -- Up-to-date symlink: /home/harry/cmu/capstone/calibration_ws/install/lbr_bringup/share/lbr_bringup/config/mock.rviz
[0.527s] -- Up-to-date symlink: /home/harry/cmu/capstone/calibration_ws/install/lbr_bringup/share/lbr_bringup/config/moveit_servo.yaml
[0.527s] -- Up-to-date symlink: /home/harry/cmu/capstone/calibration_ws/install/lbr_bringup/share/lbr_bringup/launch/gazebo.launch.py
[0.527s] -- Up-to-date symlink: /home/harry/cmu/capstone/calibration_ws/install/lbr_bringup/share/lbr_bringup/launch/hardware.launch.py
[0.527s] -- Up-to-date symlink: /home/harry/cmu/capstone/calibration_ws/install/lbr_bringup/share/lbr_bringup/launch/mock.launch.py
[0.527s] -- Up-to-date symlink: /home/harry/cmu/capstone/calibration_ws/install/lbr_bringup/share/lbr_bringup/launch/move_group.launch.py
[0.527s] -- Up-to-date symlink: /home/harry/cmu/capstone/calibration_ws/install/lbr_bringup/share/lbr_bringup/launch/moveit_servo.launch.py
[0.527s] -- Up-to-date symlink: /home/harry/cmu/capstone/calibration_ws/install/lbr_bringup/share/lbr_bringup/launch/rviz.launch.py
[0.527s] -- Up-to-date symlink: /home/harry/cmu/capstone/calibration_ws/install/lbr_bringup/share/lbr_bringup/environment/pythonpath.sh
[0.527s] -- Up-to-date symlink: /home/harry/cmu/capstone/calibration_ws/install/lbr_bringup/share/lbr_bringup/environment/pythonpath.dsv
[0.528s] -- Up-to-date symlink: /home/harry/cmu/capstone/calibration_ws/install/lbr_bringup/local/lib/python3.10/dist-packages/lbr_bringup-2.2.0-py3.10.egg-info/PKG-INFO
[0.528s] -- Up-to-date symlink: /home/harry/cmu/capstone/calibration_ws/install/lbr_bringup/local/lib/python3.10/dist-packages/lbr_bringup-2.2.0-py3.10.egg-info/SOURCES.txt
[0.528s] -- Up-to-date symlink: /home/harry/cmu/capstone/calibration_ws/install/lbr_bringup/local/lib/python3.10/dist-packages/lbr_bringup-2.2.0-py3.10.egg-info/dependency_links.txt
[0.528s] -- Up-to-date symlink: /home/harry/cmu/capstone/calibration_ws/install/lbr_bringup/local/lib/python3.10/dist-packages/lbr_bringup-2.2.0-py3.10.egg-info/top_level.txt
[0.528s] -- Up-to-date symlink: /home/harry/cmu/capstone/calibration_ws/install/lbr_bringup/local/lib/python3.10/dist-packages/lbr_bringup/__init__.py
[0.528s] -- Up-to-date symlink: /home/harry/cmu/capstone/calibration_ws/install/lbr_bringup/local/lib/python3.10/dist-packages/lbr_bringup/description.py
[0.529s] -- Up-to-date symlink: /home/harry/cmu/capstone/calibration_ws/install/lbr_bringup/local/lib/python3.10/dist-packages/lbr_bringup/gazebo.py
[0.529s] -- Up-to-date symlink: /home/harry/cmu/capstone/calibration_ws/install/lbr_bringup/local/lib/python3.10/dist-packages/lbr_bringup/moveit.py
[0.529s] -- Up-to-date symlink: /home/harry/cmu/capstone/calibration_ws/install/lbr_bringup/local/lib/python3.10/dist-packages/lbr_bringup/ros2_control.py
[0.529s] -- Up-to-date symlink: /home/harry/cmu/capstone/calibration_ws/install/lbr_bringup/local/lib/python3.10/dist-packages/lbr_bringup/rviz.py
[0.529s] -- Up-to-date symlink: /home/harry/cmu/capstone/calibration_ws/install/lbr_bringup/share/ament_index/resource_index/package_run_dependencies/lbr_bringup
[0.529s] -- Up-to-date symlink: /home/harry/cmu/capstone/calibration_ws/install/lbr_bringup/share/ament_index/resource_index/parent_prefix_path/lbr_bringup
[0.529s] -- Up-to-date symlink: /home/harry/cmu/capstone/calibration_ws/install/lbr_bringup/share/lbr_bringup/environment/ament_prefix_path.sh
[0.529s] -- Up-to-date symlink: /home/harry/cmu/capstone/calibration_ws/install/lbr_bringup/share/lbr_bringup/environment/ament_prefix_path.dsv
[0.529s] -- Up-to-date symlink: /home/harry/cmu/capstone/calibration_ws/install/lbr_bringup/share/lbr_bringup/environment/path.sh
[0.529s] -- Up-to-date symlink: /home/harry/cmu/capstone/calibration_ws/install/lbr_bringup/share/lbr_bringup/environment/path.dsv
[0.530s] -- Up-to-date symlink: /home/harry/cmu/capstone/calibration_ws/install/lbr_bringup/share/lbr_bringup/local_setup.bash
[0.530s] -- Up-to-date symlink: /home/harry/cmu/capstone/calibration_ws/install/lbr_bringup/share/lbr_bringup/local_setup.sh
[0.530s] -- Up-to-date symlink: /home/harry/cmu/capstone/calibration_ws/install/lbr_bringup/share/lbr_bringup/local_setup.zsh
[0.530s] -- Up-to-date symlink: /home/harry/cmu/capstone/calibration_ws/install/lbr_bringup/share/lbr_bringup/local_setup.dsv
[0.530s] -- Symlinking: /home/harry/cmu/capstone/calibration_ws/install/lbr_bringup/share/lbr_bringup/package.dsv
[0.538s] -- Up-to-date symlink: /home/harry/cmu/capstone/calibration_ws/install/lbr_bringup/share/ament_index/resource_index/packages/lbr_bringup
[0.538s] -- Up-to-date symlink: /home/harry/cmu/capstone/calibration_ws/install/lbr_bringup/share/lbr_bringup/cmake/lbr_bringupConfig.cmake
[0.538s] -- Up-to-date symlink: /home/harry/cmu/capstone/calibration_ws/install/lbr_bringup/share/lbr_bringup/cmake/lbr_bringupConfig-version.cmake
[0.538s] -- Up-to-date symlink: /home/harry/cmu/capstone/calibration_ws/install/lbr_bringup/share/lbr_bringup/package.xml
[0.569s] Listing '/home/harry/cmu/capstone/calibration_ws/install/lbr_bringup/local/lib/python3.10/dist-packages/lbr_bringup'...
[0.569s] Compiling '/home/harry/cmu/capstone/calibration_ws/install/lbr_bringup/local/lib/python3.10/dist-packages/lbr_bringup/moveit.py'...
[0.569s] Compiling '/home/harry/cmu/capstone/calibration_ws/install/lbr_bringup/local/lib/python3.10/dist-packages/lbr_bringup/ros2_control.py'...
[0.574s] Invoked command in '/home/harry/cmu/capstone/calibration_ws/build/lbr_bringup' returned '0': CMAKE_PREFIX_PATH=/home/harry/cmu/capstone/calibration_ws/install/lbr_ros2_control:/home/harry/cmu/capstone/calibration_ws/install/lbr_fri_ros2:/home/harry/cmu/capstone/calibration_ws/install/lbr_fri_idl:/home/harry/cmu/capstone/calibration_ws/install/lbr_description:/home/harry/cmu/capstone/calibration_ws/install/fri_client_sdk:/home/harry/cmu/capstone/calibration_ws/install/med7_moveit_config:/home/harry/cmu/capstone/calibration_ws/install/med14_moveit_config:/home/harry/cmu/capstone/calibration_ws/install/lbr_fri_ros2_stack:/home/harry/cmu/capstone/calibration_ws/install/lbr_demos_cpp:/home/harry/cmu/capstone/calibration_ws/install/lbr_bringup:/home/harry/cmu/capstone/calibration_ws/install/lbr_moveit_cpp:/home/harry/cmu/capstone/calibration_ws/install/lbr_demos_advanced_cpp:/home/harry/cmu/capstone/calibration_ws/install/iiwa7_moveit_config:/home/harry/cmu/capstone/calibration_ws/install/iiwa14_moveit_config:/home/harry/cmu/capstone/calibration_ws/lbr-stack/install/fri_client_sdk:/home/harry/cmu/capstone/calibration_ws/install/lbr_demos_py:/home/harry/cmu/capstone/calibration_ws/install/lbr_moveit:/home/harry/cmu/capstone/calibration_ws/install/lbr_demos_advanced_py:/home/harry/cmu/capstone/calibration_ws/install/handeye_realsense:/home/harry/cmu/capstone/calibration_ws/install/handeye_ak:/home/harry/cmu/capstone/calibration_ws/install/camera_calibration:/home/harry/cmu/capstone/calibration_ws/handeye_calibration_ws/src/install/handeye_realsense:/opt/ros/humble LD_LIBRARY_PATH=/home/harry/cmu/capstone/calibration_ws/install/lbr_fri_ros2/lib:/home/harry/cmu/capstone/calibration_ws/install/lbr_fri_idl/lib:/home/harry/cmu/capstone/calibration_ws/install/fri_client_sdk/lib:/home/harry/cmu/capstone/calibration_ws/install/lbr_ros2_control/lib:/home/harry/cmu/capstone/calibration_ws/install/lbr_demos_advanced_cpp/lib:/home/harry/cmu/capstone/calibration_ws/lbr-stack/install/fri_client_sdk/lib:/opt/ros/humble/opt/rviz_ogre_vendor/lib:/opt/ros/humble/lib/x86_64-linux-gnu:/opt/ros/humble/lib /usr/bin/cmake --install /home/harry/cmu/capstone/calibration_ws/build/lbr_bringup
