[0.208s] Invoking command in '/home/harry/cmu/capstone/calibration_ws/lbr-stack/build/lbr_moveit_cpp': CMAKE_PREFIX_PATH=/opt/ros/humble /usr/bin/cmake /home/harry/cmu/capstone/calibration_ws/lbr-stack/src/lbr_fri_ros2_stack/lbr_demos/lbr_moveit_cpp -DAMENT_CMAKE_SYMLINK_INSTALL=1 -DCMAKE_INSTALL_PREFIX=/home/harry/cmu/capstone/calibration_ws/lbr-stack/install/lbr_moveit_cpp
[0.218s] -- Found ament_cmake: 1.3.11 (/opt/ros/humble/share/ament_cmake/cmake)
[0.326s] -- Override CMake install command with custom implementation using symlinks instead of copying resources
[0.331s] -- Found geometry_msgs: 4.2.4 (/opt/ros/humble/share/geometry_msgs/cmake)
[0.351s] -- Found rosidl_generator_c: 3.1.6 (/opt/ros/humble/share/rosidl_generator_c/cmake)
[0.353s] -- Found rosidl_adapter: 3.1.6 (/opt/ros/humble/share/rosidl_adapter/cmake)
[0.357s] -- Found rosidl_generator_cpp: 3.1.6 (/opt/ros/humble/share/rosidl_generator_cpp/cmake)
[0.364s] -- Using all available rosidl_typesupport_c: rosidl_typesupport_fastrtps_c;rosidl_typesupport_introspection_c
[0.373s] -- Using all available rosidl_typesupport_cpp: rosidl_typesupport_fastrtps_cpp;rosidl_typesupport_introspection_cpp
[0.398s] -- Found moveit_ros_planning_interface: 2.5.8 (/opt/ros/humble/share/moveit_ros_planning_interface/cmake)
[0.407s] -- Found Boost: /usr/lib/x86_64-linux-gnu/cmake/Boost-1.74.0/BoostConfig.cmake (found version "1.74.0") found components: date_time filesystem program_options system thread 
[0.517s] -- Found Boost: /usr/lib/x86_64-linux-gnu/cmake/Boost-1.74.0/BoostConfig.cmake (found version "1.74.0") found components: chrono date_time filesystem iostreams program_options regex serialization system thread 
[0.537s] -- Found parameter_traits: 0.4.0 (/opt/ros/humble/share/parameter_traits/cmake)
[0.556s] -- Found rmw_implementation_cmake: 6.1.2 (/opt/ros/humble/share/rmw_implementation_cmake/cmake)
[0.557s] -- Found rmw_fastrtps_cpp: 6.2.7 (/opt/ros/humble/share/rmw_fastrtps_cpp/cmake)
[0.642s] -- Using RMW implementation 'rmw_fastrtps_cpp' as default
[0.673s] -- Found rclcpp_lifecycle: 16.0.11 (/opt/ros/humble/share/rclcpp_lifecycle/cmake)
[0.687s] -- Found Boost: /usr/lib/x86_64-linux-gnu/cmake/Boost-1.74.0/BoostConfig.cmake (found version "1.74.0") found components: filesystem 
[0.714s] -- library: /usr/lib/x86_64-linux-gnu/libcurl.so
[0.733s] -- Ensuring Eigen3 include directory is part of orocos-kdl CMake target
[0.810s] -- Found Boost: /usr/lib/x86_64-linux-gnu/cmake/Boost-1.74.0/BoostConfig.cmake (found version "1.74.0") found components: system filesystem date_time program_options thread chrono 
[0.831s] -- Found Boost: /usr/lib/x86_64-linux-gnu/cmake/Boost-1.74.0/BoostConfig.cmake (found version "1.74.0") found components: thread system filesystem regex date_time program_options 
[0.844s] -- Found Boost: /usr/lib/x86_64-linux-gnu/cmake/Boost-1.74.0/BoostConfig.cmake (found version "1.74.0") found components: system filesystem date_time program_options thread 
[0.880s] Traceback (most recent call last):
[0.880s]   File "/opt/ros/humble/share/ament_cmake_core/cmake/core/package_xml_2_cmake.py", line 22, in <module>
[0.880s]     from catkin_pkg.package import parse_package_string
[0.880s] ModuleNotFoundError: No module named 'catkin_pkg'
[0.882s] [31mCMake Error at /opt/ros/humble/share/ament_cmake_core/cmake/core/ament_package_xml.cmake:95 (message):
[0.883s]   execute_process(/home/harry/miniconda3/bin/python3
[0.883s]   /opt/ros/humble/share/ament_cmake_core/cmake/core/package_xml_2_cmake.py
[0.883s]   /home/harry/cmu/capstone/calibration_ws/lbr-stack/src/lbr_fri_ros2_stack/lbr_demos/lbr_moveit_cpp/package.xml
[0.883s]   /home/harry/cmu/capstone/calibration_ws/lbr-stack/build/lbr_moveit_cpp/ament_cmake_core/package.cmake)
[0.883s]   returned error code 1
[0.883s] Call Stack (most recent call first):
[0.883s]   /opt/ros/humble/share/ament_cmake_core/cmake/core/ament_package_xml.cmake:49 (_ament_package_xml)
[0.883s]   /opt/ros/humble/share/ament_cmake_core/cmake/core/ament_package.cmake:63 (ament_package_xml)
[0.883s]   CMakeLists.txt:34 (ament_package)
[0.883s] 
[0.883s] [0m
[0.883s] -- Configuring incomplete, errors occurred!
[0.883s] See also "/home/harry/cmu/capstone/calibration_ws/lbr-stack/build/lbr_moveit_cpp/CMakeFiles/CMakeOutput.log".
