running egg_info
writing ../../../../../build/lbr_demos_advanced_py/lbr_demos_advanced_py.egg-info/PKG-INFO
writing dependency_links to ../../../../../build/lbr_demos_advanced_py/lbr_demos_advanced_py.egg-info/dependency_links.txt
writing entry points to ../../../../../build/lbr_demos_advanced_py/lbr_demos_advanced_py.egg-info/entry_points.txt
writing requirements to ../../../../../build/lbr_demos_advanced_py/lbr_demos_advanced_py.egg-info/requires.txt
writing top-level names to ../../../../../build/lbr_demos_advanced_py/lbr_demos_advanced_py.egg-info/top_level.txt
reading manifest file '../../../../../build/lbr_demos_advanced_py/lbr_demos_advanced_py.egg-info/SOURCES.txt'
writing manifest file '../../../../../build/lbr_demos_advanced_py/lbr_demos_advanced_py.egg-info/SOURCES.txt'
running build
running build_py
running install
running install_lib
running install_data
running install_egg_info
removing '/home/harry/cmu/capstone/calibration_ws/install/lbr_demos_advanced_py/lib/python3.10/site-packages/lbr_demos_advanced_py-2.2.0-py3.10.egg-info' (and everything under it)
Copying ../../../../../build/lbr_demos_advanced_py/lbr_demos_advanced_py.egg-info to /home/harry/cmu/capstone/calibration_ws/install/lbr_demos_advanced_py/lib/python3.10/site-packages/lbr_demos_advanced_py-2.2.0-py3.10.egg-info
running install_scripts
Installing admittance_control script to /home/harry/cmu/capstone/calibration_ws/install/lbr_demos_advanced_py/lib/lbr_demos_advanced_py
Installing admittance_rcm_control script to /home/harry/cmu/capstone/calibration_ws/install/lbr_demos_advanced_py/lib/lbr_demos_advanced_py
writing list of installed files to '/home/harry/cmu/capstone/calibration_ws/build/lbr_demos_advanced_py/install.log'
