[0.028s] Invoking command in '/home/harry/cmu/capstone/calibration_ws/build/fri_client_sdk': CMAKE_PREFIX_PATH=${CMAKE_PREFIX_PATH}:/home/harry/cmu/capstone/calibration_ws/handeye_calibration_ws/src/install/handeye_realsense:/opt/ros/humble /usr/bin/cmake /home/harry/cmu/capstone/calibration_ws/lbr-stack/src/fri -DCMAKE_INSTALL_PREFIX=/home/harry/cmu/capstone/calibration_ws/install/fri_client_sdk
[0.818s] -- The C compiler identification is GNU 11.4.0
[0.818s] -- The CXX compiler identification is GNU 11.4.0
[0.818s] -- Detecting C compiler ABI info
[0.818s] -- Detecting C compiler ABI info - done
[0.819s] -- Check for working C compiler: /usr/bin/cc - skipped
[0.819s] -- Detecting C compile features
[0.819s] -- Detecting C compile features - done
[0.819s] -- Detecting CXX compiler ABI info
[0.819s] -- Detecting CXX compiler ABI info - done
[0.819s] -- Check for working CXX compiler: /usr/bin/c++ - skipped
[0.819s] -- Detecting CXX compile features
[0.819s] -- Detecting CXX compile features - done
[0.819s] -- Configuring FRIClient version 1.15
[0.819s] -- Configuring done
[0.819s] -- Generating done
[0.819s] -- Build files have been written to: /home/harry/cmu/capstone/calibration_ws/build/fri_client_sdk
[0.819s] [0mFound nanopb of version: 0.2.8[0m
[0.819s] [0mFound FRIClient of version: 1.15[0m
[0.823s] Invoked command in '/home/harry/cmu/capstone/calibration_ws/build/fri_client_sdk' returned '0': CMAKE_PREFIX_PATH=${CMAKE_PREFIX_PATH}:/home/harry/cmu/capstone/calibration_ws/handeye_calibration_ws/src/install/handeye_realsense:/opt/ros/humble /usr/bin/cmake /home/harry/cmu/capstone/calibration_ws/lbr-stack/src/fri -DCMAKE_INSTALL_PREFIX=/home/harry/cmu/capstone/calibration_ws/install/fri_client_sdk
[0.823s] Invoking command in '/home/harry/cmu/capstone/calibration_ws/build/fri_client_sdk': CMAKE_PREFIX_PATH=${CMAKE_PREFIX_PATH}:/home/harry/cmu/capstone/calibration_ws/handeye_calibration_ws/src/install/handeye_realsense:/opt/ros/humble /usr/bin/cmake --build /home/harry/cmu/capstone/calibration_ws/build/fri_client_sdk -- -j16 -l16
[0.873s] [ 38%] [32mBuilding CXX object CMakeFiles/FRIClient.dir/FRI-Client-SDK_Cpp/src/client_lbr/friLBRClient.cpp.o[0m
[0.874s] [ 38%] [32mBuilding CXX object CMakeFiles/FRIClient.dir/FRI-Client-SDK_Cpp/src/base/friClientApplication.cpp.o[0m
[0.874s] [ 38%] [32mBuilding CXX object CMakeFiles/FRIClient.dir/FRI-Client-SDK_Cpp/src/client_trafo/friTransformationClient.cpp.o[0m
[0.874s] [ 38%] [32mBuilding CXX object CMakeFiles/FRIClient.dir/FRI-Client-SDK_Cpp/src/client_lbr/friLBRCommand.cpp.o[0m
[0.874s] [ 46%] [32mBuilding C object CMakeFiles/FRIClient.dir/FRI-Client-SDK_Cpp/src/protobuf/pb_frimessages_callbacks.c.o[0m
[0.877s] [ 38%] [32mBuilding CXX object CMakeFiles/FRIClient.dir/FRI-Client-SDK_Cpp/src/connection/friUdpConnection.cpp.o[0m
[0.879s] [ 53%] [32mBuilding CXX object CMakeFiles/FRIClient.dir/FRI-Client-SDK_Cpp/src/protobuf/friCommandMessageEncoder.cpp.o[0m
[0.879s] [ 61%] [32mBuilding CXX object CMakeFiles/FRIClient.dir/FRI-Client-SDK_Cpp/src/client_lbr/friLBRState.cpp.o[0m
[0.879s] [ 69%] [32mBuilding CXX object CMakeFiles/FRIClient.dir/FRI-Client-SDK_Cpp/src/protobuf/friMonitoringMessageDecoder.cpp.o[0m
[0.880s] [ 76%] [32mBuilding C object CMakeFiles/FRIClient.dir/FRI-Client-SDK_Cpp/src/protobuf_gen/FRIMessages.pb.c.o[0m
[0.889s] [ 92%] [32mBuilding C object CMakeFiles/FRIClient.dir/FRI-Client-SDK_Cpp/src/nanopb-0.2.8/pb_encode.c.o[0m
[0.892s] [ 92%] [32mBuilding C object CMakeFiles/FRIClient.dir/FRI-Client-SDK_Cpp/src/nanopb-0.2.8/pb_decode.c.o[0m
[1.146s] [100%] [32m[1mLinking CXX shared library libFRIClient.so[0m
[1.244s] [100%] Built target FRIClient
[1.257s] Invoked command in '/home/harry/cmu/capstone/calibration_ws/build/fri_client_sdk' returned '0': CMAKE_PREFIX_PATH=${CMAKE_PREFIX_PATH}:/home/harry/cmu/capstone/calibration_ws/handeye_calibration_ws/src/install/handeye_realsense:/opt/ros/humble /usr/bin/cmake --build /home/harry/cmu/capstone/calibration_ws/build/fri_client_sdk -- -j16 -l16
[1.258s] Invoking command in '/home/harry/cmu/capstone/calibration_ws/build/fri_client_sdk': CMAKE_PREFIX_PATH=${CMAKE_PREFIX_PATH}:/home/harry/cmu/capstone/calibration_ws/handeye_calibration_ws/src/install/handeye_realsense:/opt/ros/humble /usr/bin/cmake --install /home/harry/cmu/capstone/calibration_ws/build/fri_client_sdk
[1.267s] -- Install configuration: "Release"
[1.267s] -- Installing: /home/harry/cmu/capstone/calibration_ws/install/fri_client_sdk/lib/libFRIClient.so
[1.268s] -- Installing: /home/harry/cmu/capstone/calibration_ws/install/fri_client_sdk/include
[1.268s] -- Installing: /home/harry/cmu/capstone/calibration_ws/install/fri_client_sdk/include/friClientIf.h
[1.268s] -- Installing: /home/harry/cmu/capstone/calibration_ws/install/fri_client_sdk/include/friLBRState.h
[1.268s] -- Installing: /home/harry/cmu/capstone/calibration_ws/install/fri_client_sdk/include/friLBRClient.h
[1.268s] -- Installing: /home/harry/cmu/capstone/calibration_ws/install/fri_client_sdk/include/friException.h
[1.269s] -- Installing: /home/harry/cmu/capstone/calibration_ws/install/fri_client_sdk/include/friClientVersion.h
[1.269s] -- Installing: /home/harry/cmu/capstone/calibration_ws/install/fri_client_sdk/include/friLBRCommand.h
[1.269s] -- Installing: /home/harry/cmu/capstone/calibration_ws/install/fri_client_sdk/include/friUdpConnection.h
[1.269s] -- Installing: /home/harry/cmu/capstone/calibration_ws/install/fri_client_sdk/include/friConnectionIf.h
[1.269s] -- Installing: /home/harry/cmu/capstone/calibration_ws/install/fri_client_sdk/include/friTransformationClient.h
[1.269s] -- Installing: /home/harry/cmu/capstone/calibration_ws/install/fri_client_sdk/include/friClientApplication.h
[1.270s] -- Installing: /home/harry/cmu/capstone/calibration_ws/install/fri_client_sdk/lib/cmake/FRIClient/FRIClientConfig.cmake
[1.270s] -- Installing: /home/harry/cmu/capstone/calibration_ws/install/fri_client_sdk/lib/cmake/FRIClient/FRIClientConfig-release.cmake
[1.270s] -- Installing: /home/harry/cmu/capstone/calibration_ws/install/fri_client_sdk/lib/cmake/FRIClient/FRIClientConfigVersion.cmake
[1.274s] Invoked command in '/home/harry/cmu/capstone/calibration_ws/build/fri_client_sdk' returned '0': CMAKE_PREFIX_PATH=${CMAKE_PREFIX_PATH}:/home/harry/cmu/capstone/calibration_ws/handeye_calibration_ws/src/install/handeye_realsense:/opt/ros/humble /usr/bin/cmake --install /home/harry/cmu/capstone/calibration_ws/build/fri_client_sdk
