[0.014s] Invoking command in '/home/harry/cmu/capstone/calibration_ws/lbr-stack/src/build/iiwa7_moveit_config': AMENT_PREFIX_PATH=/home/harry/cmu/capstone/calibration_ws/lbr-stack/src/install/lbr_description:${AMENT_PREFIX_PATH} CMAKE_PREFIX_PATH=/home/harry/cmu/capstone/calibration_ws/lbr-stack/src/install/lbr_description:/opt/ros/humble /usr/bin/cmake /home/harry/cmu/capstone/calibration_ws/lbr-stack/src/lbr_fri_ros2_stack/lbr_moveit_config/iiwa7_moveit_config -DAMENT_CMAKE_SYMLINK_INSTALL=1 -DCMAKE_INSTALL_PREFIX=/home/harry/cmu/capstone/calibration_ws/lbr-stack/src/install/iiwa7_moveit_config
[0.066s] -- The C compiler identification is GNU 11.4.0
[0.118s] -- The CXX compiler identification is GNU 11.4.0
[0.126s] -- Detecting C compiler ABI info
[0.190s] -- Detecting C compiler ABI info - done
[0.196s] -- Check for working C compiler: /usr/bin/cc - skipped
[0.196s] -- Detecting C compile features
[0.196s] -- Detecting C compile features - done
[0.199s] -- Detecting CXX compiler ABI info
[0.274s] -- Detecting CXX compiler ABI info - done
[0.281s] -- Check for working CXX compiler: /usr/bin/c++ - skipped
[0.281s] -- Detecting CXX compile features
[0.281s] -- Detecting CXX compile features - done
[0.283s] -- Found ament_cmake: 1.3.11 (/opt/ros/humble/share/ament_cmake/cmake)
[0.415s] -- Found Python3: /usr/bin/python3 (found version "3.10.12") found components: Interpreter 
[0.473s] -- Override CMake install command with custom implementation using symlinks instead of copying resources
[0.576s] -- Configuring done
[0.581s] -- Generating done
[0.583s] -- Build files have been written to: /home/harry/cmu/capstone/calibration_ws/lbr-stack/src/build/iiwa7_moveit_config
[0.590s] Invoked command in '/home/harry/cmu/capstone/calibration_ws/lbr-stack/src/build/iiwa7_moveit_config' returned '0': AMENT_PREFIX_PATH=/home/harry/cmu/capstone/calibration_ws/lbr-stack/src/install/lbr_description:${AMENT_PREFIX_PATH} CMAKE_PREFIX_PATH=/home/harry/cmu/capstone/calibration_ws/lbr-stack/src/install/lbr_description:/opt/ros/humble /usr/bin/cmake /home/harry/cmu/capstone/calibration_ws/lbr-stack/src/lbr_fri_ros2_stack/lbr_moveit_config/iiwa7_moveit_config -DAMENT_CMAKE_SYMLINK_INSTALL=1 -DCMAKE_INSTALL_PREFIX=/home/harry/cmu/capstone/calibration_ws/lbr-stack/src/install/iiwa7_moveit_config
[0.592s] Invoking command in '/home/harry/cmu/capstone/calibration_ws/lbr-stack/src/build/iiwa7_moveit_config': AMENT_PREFIX_PATH=/home/harry/cmu/capstone/calibration_ws/lbr-stack/src/install/lbr_description:${AMENT_PREFIX_PATH} CMAKE_PREFIX_PATH=/home/harry/cmu/capstone/calibration_ws/lbr-stack/src/install/lbr_description:/opt/ros/humble /usr/bin/cmake --build /home/harry/cmu/capstone/calibration_ws/lbr-stack/src/build/iiwa7_moveit_config -- -j16 -l16
[0.642s] Invoked command in '/home/harry/cmu/capstone/calibration_ws/lbr-stack/src/build/iiwa7_moveit_config' returned '0': AMENT_PREFIX_PATH=/home/harry/cmu/capstone/calibration_ws/lbr-stack/src/install/lbr_description:${AMENT_PREFIX_PATH} CMAKE_PREFIX_PATH=/home/harry/cmu/capstone/calibration_ws/lbr-stack/src/install/lbr_description:/opt/ros/humble /usr/bin/cmake --build /home/harry/cmu/capstone/calibration_ws/lbr-stack/src/build/iiwa7_moveit_config -- -j16 -l16
[0.644s] Invoking command in '/home/harry/cmu/capstone/calibration_ws/lbr-stack/src/build/iiwa7_moveit_config': AMENT_PREFIX_PATH=/home/harry/cmu/capstone/calibration_ws/lbr-stack/src/install/lbr_description:${AMENT_PREFIX_PATH} CMAKE_PREFIX_PATH=/home/harry/cmu/capstone/calibration_ws/lbr-stack/src/install/lbr_description:/opt/ros/humble /usr/bin/cmake --install /home/harry/cmu/capstone/calibration_ws/lbr-stack/src/build/iiwa7_moveit_config
[0.656s] -- Install configuration: ""
[0.657s] -- Execute custom install script
[0.657s] -- Symlinking: /home/harry/cmu/capstone/calibration_ws/lbr-stack/src/install/iiwa7_moveit_config/share/ament_index/resource_index/package_run_dependencies/iiwa7_moveit_config
[0.669s] -- Symlinking: /home/harry/cmu/capstone/calibration_ws/lbr-stack/src/install/iiwa7_moveit_config/share/ament_index/resource_index/parent_prefix_path/iiwa7_moveit_config
[0.680s] -- Symlinking: /home/harry/cmu/capstone/calibration_ws/lbr-stack/src/install/iiwa7_moveit_config/share/iiwa7_moveit_config/environment/ament_prefix_path.sh
[0.692s] -- Symlinking: /home/harry/cmu/capstone/calibration_ws/lbr-stack/src/install/iiwa7_moveit_config/share/iiwa7_moveit_config/environment/ament_prefix_path.dsv
[0.704s] -- Symlinking: /home/harry/cmu/capstone/calibration_ws/lbr-stack/src/install/iiwa7_moveit_config/share/iiwa7_moveit_config/environment/path.sh
[0.716s] -- Symlinking: /home/harry/cmu/capstone/calibration_ws/lbr-stack/src/install/iiwa7_moveit_config/share/iiwa7_moveit_config/environment/path.dsv
[0.728s] -- Symlinking: /home/harry/cmu/capstone/calibration_ws/lbr-stack/src/install/iiwa7_moveit_config/share/iiwa7_moveit_config/local_setup.bash
[0.740s] -- Symlinking: /home/harry/cmu/capstone/calibration_ws/lbr-stack/src/install/iiwa7_moveit_config/share/iiwa7_moveit_config/local_setup.sh
[0.752s] -- Symlinking: /home/harry/cmu/capstone/calibration_ws/lbr-stack/src/install/iiwa7_moveit_config/share/iiwa7_moveit_config/local_setup.zsh
[0.764s] -- Symlinking: /home/harry/cmu/capstone/calibration_ws/lbr-stack/src/install/iiwa7_moveit_config/share/iiwa7_moveit_config/local_setup.dsv
[0.776s] -- Symlinking: /home/harry/cmu/capstone/calibration_ws/lbr-stack/src/install/iiwa7_moveit_config/share/iiwa7_moveit_config/package.dsv
[0.788s] -- Symlinking: /home/harry/cmu/capstone/calibration_ws/lbr-stack/src/install/iiwa7_moveit_config/share/ament_index/resource_index/packages/iiwa7_moveit_config
[0.800s] -- Symlinking: /home/harry/cmu/capstone/calibration_ws/lbr-stack/src/install/iiwa7_moveit_config/share/iiwa7_moveit_config/cmake/iiwa7_moveit_configConfig.cmake
[0.812s] -- Symlinking: /home/harry/cmu/capstone/calibration_ws/lbr-stack/src/install/iiwa7_moveit_config/share/iiwa7_moveit_config/cmake/iiwa7_moveit_configConfig-version.cmake
[0.825s] -- Symlinking: /home/harry/cmu/capstone/calibration_ws/lbr-stack/src/install/iiwa7_moveit_config/share/iiwa7_moveit_config/package.xml
[0.836s] -- Symlinking: /home/harry/cmu/capstone/calibration_ws/lbr-stack/src/install/iiwa7_moveit_config/share/iiwa7_moveit_config/launch/move_group.launch.py
[0.847s] -- Symlinking: /home/harry/cmu/capstone/calibration_ws/lbr-stack/src/install/iiwa7_moveit_config/share/iiwa7_moveit_config/launch/moveit_rviz.launch.py
[0.859s] -- Symlinking: /home/harry/cmu/capstone/calibration_ws/lbr-stack/src/install/iiwa7_moveit_config/share/iiwa7_moveit_config/launch/setup_assistant.launch.py
[0.870s] -- Symlinking: /home/harry/cmu/capstone/calibration_ws/lbr-stack/src/install/iiwa7_moveit_config/share/iiwa7_moveit_config/config/iiwa7.srdf
[0.880s] -- Symlinking: /home/harry/cmu/capstone/calibration_ws/lbr-stack/src/install/iiwa7_moveit_config/share/iiwa7_moveit_config/config/joint_limits.yaml
[0.889s] -- Symlinking: /home/harry/cmu/capstone/calibration_ws/lbr-stack/src/install/iiwa7_moveit_config/share/iiwa7_moveit_config/config/kinematics.yaml
[0.899s] -- Symlinking: /home/harry/cmu/capstone/calibration_ws/lbr-stack/src/install/iiwa7_moveit_config/share/iiwa7_moveit_config/config/moveit.rviz
[0.909s] -- Symlinking: /home/harry/cmu/capstone/calibration_ws/lbr-stack/src/install/iiwa7_moveit_config/share/iiwa7_moveit_config/config/moveit_controllers.yaml
[0.918s] -- Symlinking: /home/harry/cmu/capstone/calibration_ws/lbr-stack/src/install/iiwa7_moveit_config/share/iiwa7_moveit_config/config/pilz_cartesian_limits.yaml
[0.928s] -- Symlinking: /home/harry/cmu/capstone/calibration_ws/lbr-stack/src/install/iiwa7_moveit_config/share/iiwa7_moveit_config/.setup_assistant
[0.947s] Invoked command in '/home/harry/cmu/capstone/calibration_ws/lbr-stack/src/build/iiwa7_moveit_config' returned '0': AMENT_PREFIX_PATH=/home/harry/cmu/capstone/calibration_ws/lbr-stack/src/install/lbr_description:${AMENT_PREFIX_PATH} CMAKE_PREFIX_PATH=/home/harry/cmu/capstone/calibration_ws/lbr-stack/src/install/lbr_description:/opt/ros/humble /usr/bin/cmake --install /home/harry/cmu/capstone/calibration_ws/lbr-stack/src/build/iiwa7_moveit_config
