/home/harry/cmu/capstone/calibration_ws/install/handeye_ak/lib/python3.10/site-packages/handeye_ak/basic_image_subscriber.py
/home/harry/cmu/capstone/calibration_ws/install/handeye_ak/lib/python3.10/site-packages/handeye_ak/capture.py
/home/harry/cmu/capstone/calibration_ws/install/handeye_ak/lib/python3.10/site-packages/handeye_ak/aruco.py
/home/harry/cmu/capstone/calibration_ws/install/handeye_ak/lib/python3.10/site-packages/handeye_ak/capture2.py
/home/harry/cmu/capstone/calibration_ws/install/handeye_ak/lib/python3.10/site-packages/handeye_ak/basic_image_publisher.py
/home/harry/cmu/capstone/calibration_ws/install/handeye_ak/lib/python3.10/site-packages/handeye_ak/robot_state.py
/home/harry/cmu/capstone/calibration_ws/install/handeye_ak/lib/python3.10/site-packages/handeye_ak/__init__.py
/home/harry/cmu/capstone/calibration_ws/install/handeye_ak/lib/python3.10/site-packages/handeye_ak/calibrate_handeye.py
/home/harry/cmu/capstone/calibration_ws/install/handeye_ak/lib/python3.10/site-packages/handeye_ak/publish_eye2hand.py
/home/harry/cmu/capstone/calibration_ws/install/handeye_ak/lib/python3.10/site-packages/handeye_ak/camera_calibration.py
/home/harry/cmu/capstone/calibration_ws/install/handeye_ak/lib/python3.10/site-packages/handeye_ak/camera_viewer_azure_kinect.py
/home/harry/cmu/capstone/calibration_ws/install/handeye_ak/lib/python3.10/site-packages/handeye_ak/__pycache__/basic_image_subscriber.cpython-310.pyc
/home/harry/cmu/capstone/calibration_ws/install/handeye_ak/lib/python3.10/site-packages/handeye_ak/__pycache__/capture.cpython-310.pyc
/home/harry/cmu/capstone/calibration_ws/install/handeye_ak/lib/python3.10/site-packages/handeye_ak/__pycache__/aruco.cpython-310.pyc
/home/harry/cmu/capstone/calibration_ws/install/handeye_ak/lib/python3.10/site-packages/handeye_ak/__pycache__/capture2.cpython-310.pyc
/home/harry/cmu/capstone/calibration_ws/install/handeye_ak/lib/python3.10/site-packages/handeye_ak/__pycache__/basic_image_publisher.cpython-310.pyc
/home/harry/cmu/capstone/calibration_ws/install/handeye_ak/lib/python3.10/site-packages/handeye_ak/__pycache__/robot_state.cpython-310.pyc
/home/harry/cmu/capstone/calibration_ws/install/handeye_ak/lib/python3.10/site-packages/handeye_ak/__pycache__/__init__.cpython-310.pyc
/home/harry/cmu/capstone/calibration_ws/install/handeye_ak/lib/python3.10/site-packages/handeye_ak/__pycache__/calibrate_handeye.cpython-310.pyc
/home/harry/cmu/capstone/calibration_ws/install/handeye_ak/lib/python3.10/site-packages/handeye_ak/__pycache__/publish_eye2hand.cpython-310.pyc
/home/harry/cmu/capstone/calibration_ws/install/handeye_ak/lib/python3.10/site-packages/handeye_ak/__pycache__/camera_calibration.cpython-310.pyc
/home/harry/cmu/capstone/calibration_ws/install/handeye_ak/lib/python3.10/site-packages/handeye_ak/__pycache__/camera_viewer_azure_kinect.cpython-310.pyc
/home/harry/cmu/capstone/calibration_ws/install/handeye_ak/share/ament_index/resource_index/packages/handeye_ak
/home/harry/cmu/capstone/calibration_ws/install/handeye_ak/share/handeye_ak/package.xml
/home/harry/cmu/capstone/calibration_ws/install/handeye_ak/lib/python3.10/site-packages/handeye_ak-0.0.0-py3.10.egg-info/PKG-INFO
/home/harry/cmu/capstone/calibration_ws/install/handeye_ak/lib/python3.10/site-packages/handeye_ak-0.0.0-py3.10.egg-info/SOURCES.txt
/home/harry/cmu/capstone/calibration_ws/install/handeye_ak/lib/python3.10/site-packages/handeye_ak-0.0.0-py3.10.egg-info/requires.txt
/home/harry/cmu/capstone/calibration_ws/install/handeye_ak/lib/python3.10/site-packages/handeye_ak-0.0.0-py3.10.egg-info/entry_points.txt
/home/harry/cmu/capstone/calibration_ws/install/handeye_ak/lib/python3.10/site-packages/handeye_ak-0.0.0-py3.10.egg-info/top_level.txt
/home/harry/cmu/capstone/calibration_ws/install/handeye_ak/lib/python3.10/site-packages/handeye_ak-0.0.0-py3.10.egg-info/dependency_links.txt
/home/harry/cmu/capstone/calibration_ws/install/handeye_ak/lib/python3.10/site-packages/handeye_ak-0.0.0-py3.10.egg-info/zip-safe
/home/harry/cmu/capstone/calibration_ws/install/handeye_ak/lib/handeye_ak/aruco
/home/harry/cmu/capstone/calibration_ws/install/handeye_ak/lib/handeye_ak/eye2hand
/home/harry/cmu/capstone/calibration_ws/install/handeye_ak/lib/handeye_ak/handeye
/home/harry/cmu/capstone/calibration_ws/install/handeye_ak/lib/handeye_ak/robot
