[0.537s] Invoking command in '/home/harry/cmu/capstone/calibration_ws/build/lbr_demos_py': CMAKE_PREFIX_PATH=/home/harry/cmu/capstone/calibration_ws/install/lbr_bringup:/home/harry/cmu/capstone/calibration_ws/install/lbr_ros2_control:/home/harry/cmu/capstone/calibration_ws/install/lbr_fri_ros2:/home/harry/cmu/capstone/calibration_ws/install/lbr_fri_idl:/home/harry/cmu/capstone/calibration_ws/install/lbr_description:/home/harry/cmu/capstone/calibration_ws/install/fri_client_sdk:/home/harry/cmu/capstone/calibration_ws/install/med7_moveit_config:/home/harry/cmu/capstone/calibration_ws/install/med14_moveit_config:/home/harry/cmu/capstone/calibration_ws/install/lbr_fri_ros2_stack:/home/harry/cmu/capstone/calibration_ws/install/lbr_demos_cpp:/home/harry/cmu/capstone/calibration_ws/install/lbr_moveit_cpp:/home/harry/cmu/capstone/calibration_ws/install/lbr_demos_advanced_cpp:/home/harry/cmu/capstone/calibration_ws/install/iiwa7_moveit_config:/home/harry/cmu/capstone/calibration_ws/install/iiwa14_moveit_config:/home/harry/cmu/capstone/calibration_ws/lbr-stack/install/fri_client_sdk LD_LIBRARY_PATH=/home/harry/cmu/capstone/calibration_ws/install/lbr_fri_ros2/lib:/home/harry/cmu/capstone/calibration_ws/install/lbr_fri_idl/lib:/home/harry/cmu/capstone/calibration_ws/install/fri_client_sdk/lib:/home/harry/cmu/capstone/calibration_ws/install/lbr_ros2_control/lib:/home/harry/cmu/capstone/calibration_ws/install/lbr_demos_advanced_cpp/lib:/home/harry/cmu/capstone/calibration_ws/lbr-stack/install/fri_client_sdk/lib:/opt/ros/humble/opt/rviz_ogre_vendor/lib:/opt/ros/humble/lib/x86_64-linux-gnu:/opt/ros/humble/lib PYTHONPATH=/home/harry/cmu/capstone/calibration_ws/build/lbr_demos_py/prefix_override:/usr/lib/python3/dist-packages/colcon_core/task/python/colcon_distutils_commands:/home/harry/cmu/capstone/calibration_ws/install/lbr_demos_py/lib/python3.10/site-packages:${PYTHONPATH} /usr/bin/python3 -W ignore:setup.py install is deprecated -W ignore:easy_install command is deprecated setup.py develop --editable --build-directory /home/harry/cmu/capstone/calibration_ws/build/lbr_demos_py/build --no-deps symlink_data
[0.754s] running develop
[0.880s] running egg_info
[0.880s] writing lbr_demos_py.egg-info/PKG-INFO
[0.880s] writing dependency_links to lbr_demos_py.egg-info/dependency_links.txt
[0.880s] writing entry points to lbr_demos_py.egg-info/entry_points.txt
[0.880s] writing requirements to lbr_demos_py.egg-info/requires.txt
[0.881s] writing top-level names to lbr_demos_py.egg-info/top_level.txt
[0.882s] reading manifest file 'lbr_demos_py.egg-info/SOURCES.txt'
[0.882s] writing manifest file 'lbr_demos_py.egg-info/SOURCES.txt'
[0.884s] running build_ext
[0.884s] Creating /home/harry/cmu/capstone/calibration_ws/install/lbr_demos_py/lib/python3.10/site-packages/lbr-demos-py.egg-link (link to .)
[0.884s] Installing joint_sine_overlay script to /home/harry/cmu/capstone/calibration_ws/install/lbr_demos_py/lib/lbr_demos_py
[0.884s] Installing joint_trajectory_client script to /home/harry/cmu/capstone/calibration_ws/install/lbr_demos_py/lib/lbr_demos_py
[0.885s] Installing torque_sine_overlay script to /home/harry/cmu/capstone/calibration_ws/install/lbr_demos_py/lib/lbr_demos_py
[0.885s] Installing wrench_sine_overlay script to /home/harry/cmu/capstone/calibration_ws/install/lbr_demos_py/lib/lbr_demos_py
[0.885s] 
[0.885s] Installed /home/harry/cmu/capstone/calibration_ws/build/lbr_demos_py
[0.885s] running symlink_data
[0.909s] Invoked command in '/home/harry/cmu/capstone/calibration_ws/build/lbr_demos_py' returned '0': CMAKE_PREFIX_PATH=/home/harry/cmu/capstone/calibration_ws/install/lbr_bringup:/home/harry/cmu/capstone/calibration_ws/install/lbr_ros2_control:/home/harry/cmu/capstone/calibration_ws/install/lbr_fri_ros2:/home/harry/cmu/capstone/calibration_ws/install/lbr_fri_idl:/home/harry/cmu/capstone/calibration_ws/install/lbr_description:/home/harry/cmu/capstone/calibration_ws/install/fri_client_sdk:/home/harry/cmu/capstone/calibration_ws/install/med7_moveit_config:/home/harry/cmu/capstone/calibration_ws/install/med14_moveit_config:/home/harry/cmu/capstone/calibration_ws/install/lbr_fri_ros2_stack:/home/harry/cmu/capstone/calibration_ws/install/lbr_demos_cpp:/home/harry/cmu/capstone/calibration_ws/install/lbr_moveit_cpp:/home/harry/cmu/capstone/calibration_ws/install/lbr_demos_advanced_cpp:/home/harry/cmu/capstone/calibration_ws/install/iiwa7_moveit_config:/home/harry/cmu/capstone/calibration_ws/install/iiwa14_moveit_config:/home/harry/cmu/capstone/calibration_ws/lbr-stack/install/fri_client_sdk LD_LIBRARY_PATH=/home/harry/cmu/capstone/calibration_ws/install/lbr_fri_ros2/lib:/home/harry/cmu/capstone/calibration_ws/install/lbr_fri_idl/lib:/home/harry/cmu/capstone/calibration_ws/install/fri_client_sdk/lib:/home/harry/cmu/capstone/calibration_ws/install/lbr_ros2_control/lib:/home/harry/cmu/capstone/calibration_ws/install/lbr_demos_advanced_cpp/lib:/home/harry/cmu/capstone/calibration_ws/lbr-stack/install/fri_client_sdk/lib:/opt/ros/humble/opt/rviz_ogre_vendor/lib:/opt/ros/humble/lib/x86_64-linux-gnu:/opt/ros/humble/lib PYTHONPATH=/home/harry/cmu/capstone/calibration_ws/build/lbr_demos_py/prefix_override:/usr/lib/python3/dist-packages/colcon_core/task/python/colcon_distutils_commands:/home/harry/cmu/capstone/calibration_ws/install/lbr_demos_py/lib/python3.10/site-packages:${PYTHONPATH} /usr/bin/python3 -W ignore:setup.py install is deprecated -W ignore:easy_install command is deprecated setup.py develop --editable --build-directory /home/harry/cmu/capstone/calibration_ws/build/lbr_demos_py/build --no-deps symlink_data
