[0.040s] Invoking command in '/home/harry/cmu/capstone/calibration_ws/build/fri_client_sdk': CMAKE_PREFIX_PATH=${CMAKE_PREFIX_PATH}:/home/harry/cmu/capstone/calibration_ws/install/lbr_demos_py:/home/harry/cmu/capstone/calibration_ws/install/lbr_moveit:/home/harry/cmu/capstone/calibration_ws/install/lbr_demos_advanced_py:/home/harry/cmu/capstone/calibration_ws/install/handeye_realsense:/home/harry/cmu/capstone/calibration_ws/install/handeye_ak:/home/harry/cmu/capstone/calibration_ws/install/camera_calibration:/home/harry/cmu/capstone/calibration_ws/handeye_calibration_ws/src/install/handeye_realsense:/home/harry/cmu/capstone/calibration_ws/handeye_calibration_ws/src/install/handeye_ak:/home/harry/cmu/capstone/calibration_ws/handeye_calibration_ws/src/install/camera_calibration:/opt/ros/humble /usr/bin/cmake --build /home/harry/cmu/capstone/calibration_ws/build/fri_client_sdk -- -j16 -l16
[1.033s] [100%] Built target FRIClient
[1.037s] Invoked command in '/home/harry/cmu/capstone/calibration_ws/build/fri_client_sdk' returned '0': CMAKE_PREFIX_PATH=${CMAKE_PREFIX_PATH}:/home/harry/cmu/capstone/calibration_ws/install/lbr_demos_py:/home/harry/cmu/capstone/calibration_ws/install/lbr_moveit:/home/harry/cmu/capstone/calibration_ws/install/lbr_demos_advanced_py:/home/harry/cmu/capstone/calibration_ws/install/handeye_realsense:/home/harry/cmu/capstone/calibration_ws/install/handeye_ak:/home/harry/cmu/capstone/calibration_ws/install/camera_calibration:/home/harry/cmu/capstone/calibration_ws/handeye_calibration_ws/src/install/handeye_realsense:/home/harry/cmu/capstone/calibration_ws/handeye_calibration_ws/src/install/handeye_ak:/home/harry/cmu/capstone/calibration_ws/handeye_calibration_ws/src/install/camera_calibration:/opt/ros/humble /usr/bin/cmake --build /home/harry/cmu/capstone/calibration_ws/build/fri_client_sdk -- -j16 -l16
[1.045s] Invoking command in '/home/harry/cmu/capstone/calibration_ws/build/fri_client_sdk': CMAKE_PREFIX_PATH=${CMAKE_PREFIX_PATH}:/home/harry/cmu/capstone/calibration_ws/install/lbr_demos_py:/home/harry/cmu/capstone/calibration_ws/install/lbr_moveit:/home/harry/cmu/capstone/calibration_ws/install/lbr_demos_advanced_py:/home/harry/cmu/capstone/calibration_ws/install/handeye_realsense:/home/harry/cmu/capstone/calibration_ws/install/handeye_ak:/home/harry/cmu/capstone/calibration_ws/install/camera_calibration:/home/harry/cmu/capstone/calibration_ws/handeye_calibration_ws/src/install/handeye_realsense:/home/harry/cmu/capstone/calibration_ws/handeye_calibration_ws/src/install/handeye_ak:/home/harry/cmu/capstone/calibration_ws/handeye_calibration_ws/src/install/camera_calibration:/opt/ros/humble /usr/bin/cmake --install /home/harry/cmu/capstone/calibration_ws/build/fri_client_sdk
[1.053s] -- Install configuration: "Release"
[1.053s] -- Up-to-date: /home/harry/cmu/capstone/calibration_ws/install/fri_client_sdk/lib/libFRIClient.so
[1.053s] -- Up-to-date: /home/harry/cmu/capstone/calibration_ws/install/fri_client_sdk/include
[1.053s] -- Up-to-date: /home/harry/cmu/capstone/calibration_ws/install/fri_client_sdk/include/friClientIf.h
[1.053s] -- Up-to-date: /home/harry/cmu/capstone/calibration_ws/install/fri_client_sdk/include/friLBRState.h
[1.053s] -- Up-to-date: /home/harry/cmu/capstone/calibration_ws/install/fri_client_sdk/include/friLBRClient.h
[1.054s] -- Up-to-date: /home/harry/cmu/capstone/calibration_ws/install/fri_client_sdk/include/friException.h
[1.054s] -- Up-to-date: /home/harry/cmu/capstone/calibration_ws/install/fri_client_sdk/include/friClientVersion.h
[1.054s] -- Up-to-date: /home/harry/cmu/capstone/calibration_ws/install/fri_client_sdk/include/friLBRCommand.h
[1.054s] -- Up-to-date: /home/harry/cmu/capstone/calibration_ws/install/fri_client_sdk/include/friUdpConnection.h
[1.054s] -- Up-to-date: /home/harry/cmu/capstone/calibration_ws/install/fri_client_sdk/include/friConnectionIf.h
[1.054s] -- Up-to-date: /home/harry/cmu/capstone/calibration_ws/install/fri_client_sdk/include/friTransformationClient.h
[1.054s] -- Up-to-date: /home/harry/cmu/capstone/calibration_ws/install/fri_client_sdk/include/friClientApplication.h
[1.055s] -- Up-to-date: /home/harry/cmu/capstone/calibration_ws/install/fri_client_sdk/lib/cmake/FRIClient/FRIClientConfig.cmake
[1.055s] -- Up-to-date: /home/harry/cmu/capstone/calibration_ws/install/fri_client_sdk/lib/cmake/FRIClient/FRIClientConfig-release.cmake
[1.055s] -- Up-to-date: /home/harry/cmu/capstone/calibration_ws/install/fri_client_sdk/lib/cmake/FRIClient/FRIClientConfigVersion.cmake
[1.064s] Invoked command in '/home/harry/cmu/capstone/calibration_ws/build/fri_client_sdk' returned '0': CMAKE_PREFIX_PATH=${CMAKE_PREFIX_PATH}:/home/harry/cmu/capstone/calibration_ws/install/lbr_demos_py:/home/harry/cmu/capstone/calibration_ws/install/lbr_moveit:/home/harry/cmu/capstone/calibration_ws/install/lbr_demos_advanced_py:/home/harry/cmu/capstone/calibration_ws/install/handeye_realsense:/home/harry/cmu/capstone/calibration_ws/install/handeye_ak:/home/harry/cmu/capstone/calibration_ws/install/camera_calibration:/home/harry/cmu/capstone/calibration_ws/handeye_calibration_ws/src/install/handeye_realsense:/home/harry/cmu/capstone/calibration_ws/handeye_calibration_ws/src/install/handeye_ak:/home/harry/cmu/capstone/calibration_ws/handeye_calibration_ws/src/install/camera_calibration:/opt/ros/humble /usr/bin/cmake --install /home/harry/cmu/capstone/calibration_ws/build/fri_client_sdk
