running egg_info
creating ../../build/handeye_realsense/handeye_realsense.egg-info
writing ../../build/handeye_realsense/handeye_realsense.egg-info/PKG-INFO
writing dependency_links to ../../build/handeye_realsense/handeye_realsense.egg-info/dependency_links.txt
writing entry points to ../../build/handeye_realsense/handeye_realsense.egg-info/entry_points.txt
writing requirements to ../../build/handeye_realsense/handeye_realsense.egg-info/requires.txt
writing top-level names to ../../build/handeye_realsense/handeye_realsense.egg-info/top_level.txt
writing manifest file '../../build/handeye_realsense/handeye_realsense.egg-info/SOURCES.txt'
reading manifest file '../../build/handeye_realsense/handeye_realsense.egg-info/SOURCES.txt'
adding license file 'LICENSE'
writing manifest file '../../build/handeye_realsense/handeye_realsense.egg-info/SOURCES.txt'
running build
running build_py
creating /home/harry/cmu/capstone/calibration_ws/handeye_calibration_ws/src/build/handeye_realsense/build
creating /home/harry/cmu/capstone/calibration_ws/handeye_calibration_ws/src/build/handeye_realsense/build/lib
creating /home/harry/cmu/capstone/calibration_ws/handeye_calibration_ws/src/build/handeye_realsense/build/lib/handeye_realsense
copying handeye_realsense/joint_positions.py -> /home/harry/cmu/capstone/calibration_ws/handeye_calibration_ws/src/build/handeye_realsense/build/lib/handeye_realsense
copying handeye_realsense/handeye_estimation.py -> /home/harry/cmu/capstone/calibration_ws/handeye_calibration_ws/src/build/handeye_realsense/build/lib/handeye_realsense
copying handeye_realsense/aruco_estimation.py -> /home/harry/cmu/capstone/calibration_ws/handeye_calibration_ws/src/build/handeye_realsense/build/lib/handeye_realsense
copying handeye_realsense/__init__.py -> /home/harry/cmu/capstone/calibration_ws/handeye_calibration_ws/src/build/handeye_realsense/build/lib/handeye_realsense
copying handeye_realsense/robot_state_estimation.py -> /home/harry/cmu/capstone/calibration_ws/handeye_calibration_ws/src/build/handeye_realsense/build/lib/handeye_realsense
copying handeye_realsense/publish_eye2hand.py -> /home/harry/cmu/capstone/calibration_ws/handeye_calibration_ws/src/build/handeye_realsense/build/lib/handeye_realsense
running install
running install_lib
creating /home/harry/cmu/capstone/calibration_ws/handeye_calibration_ws/src/install/handeye_realsense/lib/python3.10/site-packages/handeye_realsense
copying /home/harry/cmu/capstone/calibration_ws/handeye_calibration_ws/src/build/handeye_realsense/build/lib/handeye_realsense/joint_positions.py -> /home/harry/cmu/capstone/calibration_ws/handeye_calibration_ws/src/install/handeye_realsense/lib/python3.10/site-packages/handeye_realsense
copying /home/harry/cmu/capstone/calibration_ws/handeye_calibration_ws/src/build/handeye_realsense/build/lib/handeye_realsense/handeye_estimation.py -> /home/harry/cmu/capstone/calibration_ws/handeye_calibration_ws/src/install/handeye_realsense/lib/python3.10/site-packages/handeye_realsense
copying /home/harry/cmu/capstone/calibration_ws/handeye_calibration_ws/src/build/handeye_realsense/build/lib/handeye_realsense/aruco_estimation.py -> /home/harry/cmu/capstone/calibration_ws/handeye_calibration_ws/src/install/handeye_realsense/lib/python3.10/site-packages/handeye_realsense
copying /home/harry/cmu/capstone/calibration_ws/handeye_calibration_ws/src/build/handeye_realsense/build/lib/handeye_realsense/__init__.py -> /home/harry/cmu/capstone/calibration_ws/handeye_calibration_ws/src/install/handeye_realsense/lib/python3.10/site-packages/handeye_realsense
copying /home/harry/cmu/capstone/calibration_ws/handeye_calibration_ws/src/build/handeye_realsense/build/lib/handeye_realsense/robot_state_estimation.py -> /home/harry/cmu/capstone/calibration_ws/handeye_calibration_ws/src/install/handeye_realsense/lib/python3.10/site-packages/handeye_realsense
copying /home/harry/cmu/capstone/calibration_ws/handeye_calibration_ws/src/build/handeye_realsense/build/lib/handeye_realsense/publish_eye2hand.py -> /home/harry/cmu/capstone/calibration_ws/handeye_calibration_ws/src/install/handeye_realsense/lib/python3.10/site-packages/handeye_realsense
byte-compiling /home/harry/cmu/capstone/calibration_ws/handeye_calibration_ws/src/install/handeye_realsense/lib/python3.10/site-packages/handeye_realsense/joint_positions.py to joint_positions.cpython-310.pyc
byte-compiling /home/harry/cmu/capstone/calibration_ws/handeye_calibration_ws/src/install/handeye_realsense/lib/python3.10/site-packages/handeye_realsense/handeye_estimation.py to handeye_estimation.cpython-310.pyc
byte-compiling /home/harry/cmu/capstone/calibration_ws/handeye_calibration_ws/src/install/handeye_realsense/lib/python3.10/site-packages/handeye_realsense/aruco_estimation.py to aruco_estimation.cpython-310.pyc
byte-compiling /home/harry/cmu/capstone/calibration_ws/handeye_calibration_ws/src/install/handeye_realsense/lib/python3.10/site-packages/handeye_realsense/__init__.py to __init__.cpython-310.pyc
byte-compiling /home/harry/cmu/capstone/calibration_ws/handeye_calibration_ws/src/install/handeye_realsense/lib/python3.10/site-packages/handeye_realsense/robot_state_estimation.py to robot_state_estimation.cpython-310.pyc
byte-compiling /home/harry/cmu/capstone/calibration_ws/handeye_calibration_ws/src/install/handeye_realsense/lib/python3.10/site-packages/handeye_realsense/publish_eye2hand.py to publish_eye2hand.cpython-310.pyc
running install_data
creating /home/harry/cmu/capstone/calibration_ws/handeye_calibration_ws/src/install/handeye_realsense/share/ament_index
creating /home/harry/cmu/capstone/calibration_ws/handeye_calibration_ws/src/install/handeye_realsense/share/ament_index/resource_index
creating /home/harry/cmu/capstone/calibration_ws/handeye_calibration_ws/src/install/handeye_realsense/share/ament_index/resource_index/packages
copying resource/handeye_realsense -> /home/harry/cmu/capstone/calibration_ws/handeye_calibration_ws/src/install/handeye_realsense/share/ament_index/resource_index/packages
copying package.xml -> /home/harry/cmu/capstone/calibration_ws/handeye_calibration_ws/src/install/handeye_realsense/share/handeye_realsense
creating /home/harry/cmu/capstone/calibration_ws/handeye_calibration_ws/src/install/handeye_realsense/share/handeye_realsense/launch
copying launch/taking_sample_launch.py -> /home/harry/cmu/capstone/calibration_ws/handeye_calibration_ws/src/install/handeye_realsense/share/handeye_realsense/launch
running install_egg_info
Copying ../../build/handeye_realsense/handeye_realsense.egg-info to /home/harry/cmu/capstone/calibration_ws/handeye_calibration_ws/src/install/handeye_realsense/lib/python3.10/site-packages/handeye_realsense-0.0.0-py3.10.egg-info
running install_scripts
Installing aruco script to /home/harry/cmu/capstone/calibration_ws/handeye_calibration_ws/src/install/handeye_realsense/lib/handeye_realsense
Installing eye2hand script to /home/harry/cmu/capstone/calibration_ws/handeye_calibration_ws/src/install/handeye_realsense/lib/handeye_realsense
Installing handeye script to /home/harry/cmu/capstone/calibration_ws/handeye_calibration_ws/src/install/handeye_realsense/lib/handeye_realsense
Installing joint_positions script to /home/harry/cmu/capstone/calibration_ws/handeye_calibration_ws/src/install/handeye_realsense/lib/handeye_realsense
Installing robot script to /home/harry/cmu/capstone/calibration_ws/handeye_calibration_ws/src/install/handeye_realsense/lib/handeye_realsense
writing list of installed files to '/home/harry/cmu/capstone/calibration_ws/handeye_calibration_ws/src/build/handeye_realsense/install.log'
