[0.014s] Invoking command in '/home/harry/cmu/capstone/calibration_ws/lbr-stack/src/build/lbr_bringup': AMENT_PREFIX_PATH=/home/harry/cmu/capstone/calibration_ws/lbr-stack/src/install/lbr_ros2_control:/home/harry/cmu/capstone/calibration_ws/lbr-stack/src/install/lbr_fri_ros2:/home/harry/cmu/capstone/calibration_ws/lbr-stack/src/install/lbr_fri_idl:/home/harry/cmu/capstone/calibration_ws/lbr-stack/src/install/lbr_description:${AMENT_PREFIX_PATH} CMAKE_PREFIX_PATH=/home/harry/cmu/capstone/calibration_ws/lbr-stack/src/install/lbr_ros2_control:/home/harry/cmu/capstone/calibration_ws/lbr-stack/src/install/lbr_fri_ros2:/home/harry/cmu/capstone/calibration_ws/lbr-stack/src/install/lbr_fri_idl:/home/harry/cmu/capstone/calibration_ws/lbr-stack/src/install/lbr_description:/home/harry/cmu/capstone/calibration_ws/lbr-stack/src/install/fri_client_sdk:/opt/ros/humble LD_LIBRARY_PATH=/home/harry/cmu/capstone/calibration_ws/lbr-stack/src/install/lbr_ros2_control/lib:/home/harry/cmu/capstone/calibration_ws/lbr-stack/src/install/lbr_fri_ros2/lib:/home/harry/cmu/capstone/calibration_ws/lbr-stack/src/install/lbr_fri_idl/lib:/home/harry/cmu/capstone/calibration_ws/lbr-stack/src/install/fri_client_sdk/lib:${LD_LIBRARY_PATH} PKG_CONFIG_PATH=/home/harry/cmu/capstone/calibration_ws/lbr-stack/src/install/fri_client_sdk/lib/x86_64-linux-gnu/pkgconfig:/home/harry/cmu/capstone/calibration_ws/lbr-stack/src/install/fri_client_sdk/lib/pkgconfig PYTHONPATH=/home/harry/cmu/capstone/calibration_ws/lbr-stack/src/install/lbr_fri_idl/local/lib/python3.10/dist-packages:${PYTHONPATH} /usr/bin/cmake /home/harry/cmu/capstone/calibration_ws/lbr-stack/src/lbr_fri_ros2_stack/lbr_bringup -DAMENT_CMAKE_SYMLINK_INSTALL=1 -DCMAKE_INSTALL_PREFIX=/home/harry/cmu/capstone/calibration_ws/lbr-stack/src/install/lbr_bringup
[0.066s] -- The C compiler identification is GNU 11.4.0
[0.114s] -- The CXX compiler identification is GNU 11.4.0
[0.120s] -- Detecting C compiler ABI info
[0.184s] -- Detecting C compiler ABI info - done
[0.189s] -- Check for working C compiler: /usr/bin/cc - skipped
[0.189s] -- Detecting C compile features
[0.190s] -- Detecting C compile features - done
[0.192s] -- Detecting CXX compiler ABI info
[0.263s] -- Detecting CXX compiler ABI info - done
[0.269s] -- Check for working CXX compiler: /usr/bin/c++ - skipped
[0.269s] -- Detecting CXX compile features
[0.269s] -- Detecting CXX compile features - done
[0.272s] -- Found ament_cmake: 1.3.11 (/opt/ros/humble/share/ament_cmake/cmake)
[0.391s] -- Found Python3: /usr/bin/python3 (found version "3.10.12") found components: Interpreter 
[0.441s] -- Override CMake install command with custom implementation using symlinks instead of copying resources
[0.588s] -- Configuring done
[0.591s] -- Generating done
[0.593s] -- Build files have been written to: /home/harry/cmu/capstone/calibration_ws/lbr-stack/src/build/lbr_bringup
[0.597s] Invoked command in '/home/harry/cmu/capstone/calibration_ws/lbr-stack/src/build/lbr_bringup' returned '0': AMENT_PREFIX_PATH=/home/harry/cmu/capstone/calibration_ws/lbr-stack/src/install/lbr_ros2_control:/home/harry/cmu/capstone/calibration_ws/lbr-stack/src/install/lbr_fri_ros2:/home/harry/cmu/capstone/calibration_ws/lbr-stack/src/install/lbr_fri_idl:/home/harry/cmu/capstone/calibration_ws/lbr-stack/src/install/lbr_description:${AMENT_PREFIX_PATH} CMAKE_PREFIX_PATH=/home/harry/cmu/capstone/calibration_ws/lbr-stack/src/install/lbr_ros2_control:/home/harry/cmu/capstone/calibration_ws/lbr-stack/src/install/lbr_fri_ros2:/home/harry/cmu/capstone/calibration_ws/lbr-stack/src/install/lbr_fri_idl:/home/harry/cmu/capstone/calibration_ws/lbr-stack/src/install/lbr_description:/home/harry/cmu/capstone/calibration_ws/lbr-stack/src/install/fri_client_sdk:/opt/ros/humble LD_LIBRARY_PATH=/home/harry/cmu/capstone/calibration_ws/lbr-stack/src/install/lbr_ros2_control/lib:/home/harry/cmu/capstone/calibration_ws/lbr-stack/src/install/lbr_fri_ros2/lib:/home/harry/cmu/capstone/calibration_ws/lbr-stack/src/install/lbr_fri_idl/lib:/home/harry/cmu/capstone/calibration_ws/lbr-stack/src/install/fri_client_sdk/lib:${LD_LIBRARY_PATH} PKG_CONFIG_PATH=/home/harry/cmu/capstone/calibration_ws/lbr-stack/src/install/fri_client_sdk/lib/x86_64-linux-gnu/pkgconfig:/home/harry/cmu/capstone/calibration_ws/lbr-stack/src/install/fri_client_sdk/lib/pkgconfig PYTHONPATH=/home/harry/cmu/capstone/calibration_ws/lbr-stack/src/install/lbr_fri_idl/local/lib/python3.10/dist-packages:${PYTHONPATH} /usr/bin/cmake /home/harry/cmu/capstone/calibration_ws/lbr-stack/src/lbr_fri_ros2_stack/lbr_bringup -DAMENT_CMAKE_SYMLINK_INSTALL=1 -DCMAKE_INSTALL_PREFIX=/home/harry/cmu/capstone/calibration_ws/lbr-stack/src/install/lbr_bringup
[0.599s] Invoking command in '/home/harry/cmu/capstone/calibration_ws/lbr-stack/src/build/lbr_bringup': AMENT_PREFIX_PATH=/home/harry/cmu/capstone/calibration_ws/lbr-stack/src/install/lbr_ros2_control:/home/harry/cmu/capstone/calibration_ws/lbr-stack/src/install/lbr_fri_ros2:/home/harry/cmu/capstone/calibration_ws/lbr-stack/src/install/lbr_fri_idl:/home/harry/cmu/capstone/calibration_ws/lbr-stack/src/install/lbr_description:${AMENT_PREFIX_PATH} CMAKE_PREFIX_PATH=/home/harry/cmu/capstone/calibration_ws/lbr-stack/src/install/lbr_ros2_control:/home/harry/cmu/capstone/calibration_ws/lbr-stack/src/install/lbr_fri_ros2:/home/harry/cmu/capstone/calibration_ws/lbr-stack/src/install/lbr_fri_idl:/home/harry/cmu/capstone/calibration_ws/lbr-stack/src/install/lbr_description:/home/harry/cmu/capstone/calibration_ws/lbr-stack/src/install/fri_client_sdk:/opt/ros/humble LD_LIBRARY_PATH=/home/harry/cmu/capstone/calibration_ws/lbr-stack/src/install/lbr_ros2_control/lib:/home/harry/cmu/capstone/calibration_ws/lbr-stack/src/install/lbr_fri_ros2/lib:/home/harry/cmu/capstone/calibration_ws/lbr-stack/src/install/lbr_fri_idl/lib:/home/harry/cmu/capstone/calibration_ws/lbr-stack/src/install/fri_client_sdk/lib:${LD_LIBRARY_PATH} PKG_CONFIG_PATH=/home/harry/cmu/capstone/calibration_ws/lbr-stack/src/install/fri_client_sdk/lib/x86_64-linux-gnu/pkgconfig:/home/harry/cmu/capstone/calibration_ws/lbr-stack/src/install/fri_client_sdk/lib/pkgconfig PYTHONPATH=/home/harry/cmu/capstone/calibration_ws/lbr-stack/src/install/lbr_fri_idl/local/lib/python3.10/dist-packages:${PYTHONPATH} /usr/bin/cmake --build /home/harry/cmu/capstone/calibration_ws/lbr-stack/src/build/lbr_bringup -- -j16 -l16
[0.651s] Built target ament_cmake_python_symlink_lbr_bringup
[0.842s] running egg_info
[0.842s] creating lbr_bringup.egg-info
[0.842s] writing lbr_bringup.egg-info/PKG-INFO
[0.842s] writing dependency_links to lbr_bringup.egg-info/dependency_links.txt
[0.843s] writing top-level names to lbr_bringup.egg-info/top_level.txt
[0.843s] writing manifest file 'lbr_bringup.egg-info/SOURCES.txt'
[0.844s] reading manifest file 'lbr_bringup.egg-info/SOURCES.txt'
[0.844s] writing manifest file 'lbr_bringup.egg-info/SOURCES.txt'
[0.869s] Built target ament_cmake_python_build_lbr_bringup_egg
[0.880s] Invoked command in '/home/harry/cmu/capstone/calibration_ws/lbr-stack/src/build/lbr_bringup' returned '0': AMENT_PREFIX_PATH=/home/harry/cmu/capstone/calibration_ws/lbr-stack/src/install/lbr_ros2_control:/home/harry/cmu/capstone/calibration_ws/lbr-stack/src/install/lbr_fri_ros2:/home/harry/cmu/capstone/calibration_ws/lbr-stack/src/install/lbr_fri_idl:/home/harry/cmu/capstone/calibration_ws/lbr-stack/src/install/lbr_description:${AMENT_PREFIX_PATH} CMAKE_PREFIX_PATH=/home/harry/cmu/capstone/calibration_ws/lbr-stack/src/install/lbr_ros2_control:/home/harry/cmu/capstone/calibration_ws/lbr-stack/src/install/lbr_fri_ros2:/home/harry/cmu/capstone/calibration_ws/lbr-stack/src/install/lbr_fri_idl:/home/harry/cmu/capstone/calibration_ws/lbr-stack/src/install/lbr_description:/home/harry/cmu/capstone/calibration_ws/lbr-stack/src/install/fri_client_sdk:/opt/ros/humble LD_LIBRARY_PATH=/home/harry/cmu/capstone/calibration_ws/lbr-stack/src/install/lbr_ros2_control/lib:/home/harry/cmu/capstone/calibration_ws/lbr-stack/src/install/lbr_fri_ros2/lib:/home/harry/cmu/capstone/calibration_ws/lbr-stack/src/install/lbr_fri_idl/lib:/home/harry/cmu/capstone/calibration_ws/lbr-stack/src/install/fri_client_sdk/lib:${LD_LIBRARY_PATH} PKG_CONFIG_PATH=/home/harry/cmu/capstone/calibration_ws/lbr-stack/src/install/fri_client_sdk/lib/x86_64-linux-gnu/pkgconfig:/home/harry/cmu/capstone/calibration_ws/lbr-stack/src/install/fri_client_sdk/lib/pkgconfig PYTHONPATH=/home/harry/cmu/capstone/calibration_ws/lbr-stack/src/install/lbr_fri_idl/local/lib/python3.10/dist-packages:${PYTHONPATH} /usr/bin/cmake --build /home/harry/cmu/capstone/calibration_ws/lbr-stack/src/build/lbr_bringup -- -j16 -l16
[0.882s] Invoking command in '/home/harry/cmu/capstone/calibration_ws/lbr-stack/src/build/lbr_bringup': AMENT_PREFIX_PATH=/home/harry/cmu/capstone/calibration_ws/lbr-stack/src/install/lbr_ros2_control:/home/harry/cmu/capstone/calibration_ws/lbr-stack/src/install/lbr_fri_ros2:/home/harry/cmu/capstone/calibration_ws/lbr-stack/src/install/lbr_fri_idl:/home/harry/cmu/capstone/calibration_ws/lbr-stack/src/install/lbr_description:${AMENT_PREFIX_PATH} CMAKE_PREFIX_PATH=/home/harry/cmu/capstone/calibration_ws/lbr-stack/src/install/lbr_ros2_control:/home/harry/cmu/capstone/calibration_ws/lbr-stack/src/install/lbr_fri_ros2:/home/harry/cmu/capstone/calibration_ws/lbr-stack/src/install/lbr_fri_idl:/home/harry/cmu/capstone/calibration_ws/lbr-stack/src/install/lbr_description:/home/harry/cmu/capstone/calibration_ws/lbr-stack/src/install/fri_client_sdk:/opt/ros/humble LD_LIBRARY_PATH=/home/harry/cmu/capstone/calibration_ws/lbr-stack/src/install/lbr_ros2_control/lib:/home/harry/cmu/capstone/calibration_ws/lbr-stack/src/install/lbr_fri_ros2/lib:/home/harry/cmu/capstone/calibration_ws/lbr-stack/src/install/lbr_fri_idl/lib:/home/harry/cmu/capstone/calibration_ws/lbr-stack/src/install/fri_client_sdk/lib:${LD_LIBRARY_PATH} PKG_CONFIG_PATH=/home/harry/cmu/capstone/calibration_ws/lbr-stack/src/install/fri_client_sdk/lib/x86_64-linux-gnu/pkgconfig:/home/harry/cmu/capstone/calibration_ws/lbr-stack/src/install/fri_client_sdk/lib/pkgconfig PYTHONPATH=/home/harry/cmu/capstone/calibration_ws/lbr-stack/src/install/lbr_fri_idl/local/lib/python3.10/dist-packages:${PYTHONPATH} /usr/bin/cmake --install /home/harry/cmu/capstone/calibration_ws/lbr-stack/src/build/lbr_bringup
[0.888s] -- Install configuration: ""
[0.889s] -- Execute custom install script
[0.889s] -- Symlinking: /home/harry/cmu/capstone/calibration_ws/lbr-stack/src/install/lbr_bringup/share/lbr_bringup/config/gazebo.rviz
[0.898s] -- Symlinking: /home/harry/cmu/capstone/calibration_ws/lbr-stack/src/install/lbr_bringup/share/lbr_bringup/config/hardware.rviz
[0.906s] -- Symlinking: /home/harry/cmu/capstone/calibration_ws/lbr-stack/src/install/lbr_bringup/share/lbr_bringup/config/mock.rviz
[0.915s] -- Symlinking: /home/harry/cmu/capstone/calibration_ws/lbr-stack/src/install/lbr_bringup/share/lbr_bringup/config/moveit_servo.yaml
[0.924s] -- Symlinking: /home/harry/cmu/capstone/calibration_ws/lbr-stack/src/install/lbr_bringup/share/lbr_bringup/launch/gazebo.launch.py
[0.932s] -- Symlinking: /home/harry/cmu/capstone/calibration_ws/lbr-stack/src/install/lbr_bringup/share/lbr_bringup/launch/hardware.launch.py
[0.941s] -- Symlinking: /home/harry/cmu/capstone/calibration_ws/lbr-stack/src/install/lbr_bringup/share/lbr_bringup/launch/mock.launch.py
[0.949s] -- Symlinking: /home/harry/cmu/capstone/calibration_ws/lbr-stack/src/install/lbr_bringup/share/lbr_bringup/launch/move_group.launch.py
[0.957s] -- Symlinking: /home/harry/cmu/capstone/calibration_ws/lbr-stack/src/install/lbr_bringup/share/lbr_bringup/launch/moveit_servo.launch.py
[0.967s] -- Symlinking: /home/harry/cmu/capstone/calibration_ws/lbr-stack/src/install/lbr_bringup/share/lbr_bringup/launch/rviz.launch.py
[0.976s] -- Symlinking: /home/harry/cmu/capstone/calibration_ws/lbr-stack/src/install/lbr_bringup/share/lbr_bringup/environment/pythonpath.sh
[0.985s] -- Symlinking: /home/harry/cmu/capstone/calibration_ws/lbr-stack/src/install/lbr_bringup/share/lbr_bringup/environment/pythonpath.dsv
[0.993s] -- Symlinking: /home/harry/cmu/capstone/calibration_ws/lbr-stack/src/install/lbr_bringup/local/lib/python3.10/dist-packages/lbr_bringup-2.2.0-py3.10.egg-info/PKG-INFO
[1.002s] -- Symlinking: /home/harry/cmu/capstone/calibration_ws/lbr-stack/src/install/lbr_bringup/local/lib/python3.10/dist-packages/lbr_bringup-2.2.0-py3.10.egg-info/SOURCES.txt
[1.011s] -- Symlinking: /home/harry/cmu/capstone/calibration_ws/lbr-stack/src/install/lbr_bringup/local/lib/python3.10/dist-packages/lbr_bringup-2.2.0-py3.10.egg-info/dependency_links.txt
[1.019s] -- Symlinking: /home/harry/cmu/capstone/calibration_ws/lbr-stack/src/install/lbr_bringup/local/lib/python3.10/dist-packages/lbr_bringup-2.2.0-py3.10.egg-info/top_level.txt
[1.028s] -- Symlinking: /home/harry/cmu/capstone/calibration_ws/lbr-stack/src/install/lbr_bringup/local/lib/python3.10/dist-packages/lbr_bringup/__init__.py
[1.036s] -- Symlinking: /home/harry/cmu/capstone/calibration_ws/lbr-stack/src/install/lbr_bringup/local/lib/python3.10/dist-packages/lbr_bringup/description.py
[1.045s] -- Symlinking: /home/harry/cmu/capstone/calibration_ws/lbr-stack/src/install/lbr_bringup/local/lib/python3.10/dist-packages/lbr_bringup/gazebo.py
[1.053s] -- Symlinking: /home/harry/cmu/capstone/calibration_ws/lbr-stack/src/install/lbr_bringup/local/lib/python3.10/dist-packages/lbr_bringup/moveit.py
[1.062s] -- Symlinking: /home/harry/cmu/capstone/calibration_ws/lbr-stack/src/install/lbr_bringup/local/lib/python3.10/dist-packages/lbr_bringup/ros2_control.py
[1.071s] -- Symlinking: /home/harry/cmu/capstone/calibration_ws/lbr-stack/src/install/lbr_bringup/local/lib/python3.10/dist-packages/lbr_bringup/rviz.py
[1.080s] -- Symlinking: /home/harry/cmu/capstone/calibration_ws/lbr-stack/src/install/lbr_bringup/share/ament_index/resource_index/package_run_dependencies/lbr_bringup
[1.089s] -- Symlinking: /home/harry/cmu/capstone/calibration_ws/lbr-stack/src/install/lbr_bringup/share/ament_index/resource_index/parent_prefix_path/lbr_bringup
[1.098s] -- Symlinking: /home/harry/cmu/capstone/calibration_ws/lbr-stack/src/install/lbr_bringup/share/lbr_bringup/environment/ament_prefix_path.sh
[1.106s] -- Symlinking: /home/harry/cmu/capstone/calibration_ws/lbr-stack/src/install/lbr_bringup/share/lbr_bringup/environment/ament_prefix_path.dsv
[1.116s] -- Symlinking: /home/harry/cmu/capstone/calibration_ws/lbr-stack/src/install/lbr_bringup/share/lbr_bringup/environment/path.sh
[1.125s] -- Symlinking: /home/harry/cmu/capstone/calibration_ws/lbr-stack/src/install/lbr_bringup/share/lbr_bringup/environment/path.dsv
[1.133s] -- Symlinking: /home/harry/cmu/capstone/calibration_ws/lbr-stack/src/install/lbr_bringup/share/lbr_bringup/local_setup.bash
[1.142s] -- Symlinking: /home/harry/cmu/capstone/calibration_ws/lbr-stack/src/install/lbr_bringup/share/lbr_bringup/local_setup.sh
[1.150s] -- Symlinking: /home/harry/cmu/capstone/calibration_ws/lbr-stack/src/install/lbr_bringup/share/lbr_bringup/local_setup.zsh
[1.159s] -- Symlinking: /home/harry/cmu/capstone/calibration_ws/lbr-stack/src/install/lbr_bringup/share/lbr_bringup/local_setup.dsv
[1.168s] -- Symlinking: /home/harry/cmu/capstone/calibration_ws/lbr-stack/src/install/lbr_bringup/share/lbr_bringup/package.dsv
[1.177s] -- Symlinking: /home/harry/cmu/capstone/calibration_ws/lbr-stack/src/install/lbr_bringup/share/ament_index/resource_index/packages/lbr_bringup
[1.186s] -- Symlinking: /home/harry/cmu/capstone/calibration_ws/lbr-stack/src/install/lbr_bringup/share/lbr_bringup/cmake/lbr_bringupConfig.cmake
[1.195s] -- Symlinking: /home/harry/cmu/capstone/calibration_ws/lbr-stack/src/install/lbr_bringup/share/lbr_bringup/cmake/lbr_bringupConfig-version.cmake
[1.204s] -- Symlinking: /home/harry/cmu/capstone/calibration_ws/lbr-stack/src/install/lbr_bringup/share/lbr_bringup/package.xml
[1.240s] Listing '/home/harry/cmu/capstone/calibration_ws/lbr-stack/src/install/lbr_bringup/local/lib/python3.10/dist-packages/lbr_bringup'...
[1.241s] Compiling '/home/harry/cmu/capstone/calibration_ws/lbr-stack/src/install/lbr_bringup/local/lib/python3.10/dist-packages/lbr_bringup/__init__.py'...
[1.241s] Compiling '/home/harry/cmu/capstone/calibration_ws/lbr-stack/src/install/lbr_bringup/local/lib/python3.10/dist-packages/lbr_bringup/description.py'...
[1.241s] Compiling '/home/harry/cmu/capstone/calibration_ws/lbr-stack/src/install/lbr_bringup/local/lib/python3.10/dist-packages/lbr_bringup/gazebo.py'...
[1.241s] Compiling '/home/harry/cmu/capstone/calibration_ws/lbr-stack/src/install/lbr_bringup/local/lib/python3.10/dist-packages/lbr_bringup/moveit.py'...
[1.241s] Compiling '/home/harry/cmu/capstone/calibration_ws/lbr-stack/src/install/lbr_bringup/local/lib/python3.10/dist-packages/lbr_bringup/ros2_control.py'...
[1.241s] Compiling '/home/harry/cmu/capstone/calibration_ws/lbr-stack/src/install/lbr_bringup/local/lib/python3.10/dist-packages/lbr_bringup/rviz.py'...
[1.247s] Invoked command in '/home/harry/cmu/capstone/calibration_ws/lbr-stack/src/build/lbr_bringup' returned '0': AMENT_PREFIX_PATH=/home/harry/cmu/capstone/calibration_ws/lbr-stack/src/install/lbr_ros2_control:/home/harry/cmu/capstone/calibration_ws/lbr-stack/src/install/lbr_fri_ros2:/home/harry/cmu/capstone/calibration_ws/lbr-stack/src/install/lbr_fri_idl:/home/harry/cmu/capstone/calibration_ws/lbr-stack/src/install/lbr_description:${AMENT_PREFIX_PATH} CMAKE_PREFIX_PATH=/home/harry/cmu/capstone/calibration_ws/lbr-stack/src/install/lbr_ros2_control:/home/harry/cmu/capstone/calibration_ws/lbr-stack/src/install/lbr_fri_ros2:/home/harry/cmu/capstone/calibration_ws/lbr-stack/src/install/lbr_fri_idl:/home/harry/cmu/capstone/calibration_ws/lbr-stack/src/install/lbr_description:/home/harry/cmu/capstone/calibration_ws/lbr-stack/src/install/fri_client_sdk:/opt/ros/humble LD_LIBRARY_PATH=/home/harry/cmu/capstone/calibration_ws/lbr-stack/src/install/lbr_ros2_control/lib:/home/harry/cmu/capstone/calibration_ws/lbr-stack/src/install/lbr_fri_ros2/lib:/home/harry/cmu/capstone/calibration_ws/lbr-stack/src/install/lbr_fri_idl/lib:/home/harry/cmu/capstone/calibration_ws/lbr-stack/src/install/fri_client_sdk/lib:${LD_LIBRARY_PATH} PKG_CONFIG_PATH=/home/harry/cmu/capstone/calibration_ws/lbr-stack/src/install/fri_client_sdk/lib/x86_64-linux-gnu/pkgconfig:/home/harry/cmu/capstone/calibration_ws/lbr-stack/src/install/fri_client_sdk/lib/pkgconfig PYTHONPATH=/home/harry/cmu/capstone/calibration_ws/lbr-stack/src/install/lbr_fri_idl/local/lib/python3.10/dist-packages:${PYTHONPATH} /usr/bin/cmake --install /home/harry/cmu/capstone/calibration_ws/lbr-stack/src/build/lbr_bringup
