running develop
Removing /home/harry/cmu/capstone/calibration_ws/install/handeye_ak/lib/python3.10/site-packages/handeye-ak.egg-link (link to .)
running egg_info
writing ../../../../build/handeye_ak/handeye_ak.egg-info/PKG-INFO
writing dependency_links to ../../../../build/handeye_ak/handeye_ak.egg-info/dependency_links.txt
writing entry points to ../../../../build/handeye_ak/handeye_ak.egg-info/entry_points.txt
writing requirements to ../../../../build/handeye_ak/handeye_ak.egg-info/requires.txt
writing top-level names to ../../../../build/handeye_ak/handeye_ak.egg-info/top_level.txt
reading manifest file '../../../../build/handeye_ak/handeye_ak.egg-info/SOURCES.txt'
adding license file 'LICENSE'
writing manifest file '../../../../build/handeye_ak/handeye_ak.egg-info/SOURCES.txt'
running build
running build_py
creating /home/harry/cmu/capstone/calibration_ws/build/handeye_ak/build
creating /home/harry/cmu/capstone/calibration_ws/build/handeye_ak/build/lib
creating /home/harry/cmu/capstone/calibration_ws/build/handeye_ak/build/lib/handeye_ak
copying handeye_ak/basic_image_subscriber.py -> /home/harry/cmu/capstone/calibration_ws/build/handeye_ak/build/lib/handeye_ak
copying handeye_ak/capture.py -> /home/harry/cmu/capstone/calibration_ws/build/handeye_ak/build/lib/handeye_ak
copying handeye_ak/aruco.py -> /home/harry/cmu/capstone/calibration_ws/build/handeye_ak/build/lib/handeye_ak
copying handeye_ak/capture2.py -> /home/harry/cmu/capstone/calibration_ws/build/handeye_ak/build/lib/handeye_ak
copying handeye_ak/basic_image_publisher.py -> /home/harry/cmu/capstone/calibration_ws/build/handeye_ak/build/lib/handeye_ak
copying handeye_ak/robot_state.py -> /home/harry/cmu/capstone/calibration_ws/build/handeye_ak/build/lib/handeye_ak
copying handeye_ak/__init__.py -> /home/harry/cmu/capstone/calibration_ws/build/handeye_ak/build/lib/handeye_ak
copying handeye_ak/calibrate_handeye.py -> /home/harry/cmu/capstone/calibration_ws/build/handeye_ak/build/lib/handeye_ak
copying handeye_ak/publish_eye2hand.py -> /home/harry/cmu/capstone/calibration_ws/build/handeye_ak/build/lib/handeye_ak
copying handeye_ak/camera_calibration.py -> /home/harry/cmu/capstone/calibration_ws/build/handeye_ak/build/lib/handeye_ak
copying handeye_ak/camera_viewer_azure_kinect.py -> /home/harry/cmu/capstone/calibration_ws/build/handeye_ak/build/lib/handeye_ak
running install
running install_lib
creating /home/harry/cmu/capstone/calibration_ws/install/handeye_ak/lib/python3.10/site-packages/handeye_ak
copying /home/harry/cmu/capstone/calibration_ws/build/handeye_ak/build/lib/handeye_ak/basic_image_subscriber.py -> /home/harry/cmu/capstone/calibration_ws/install/handeye_ak/lib/python3.10/site-packages/handeye_ak
copying /home/harry/cmu/capstone/calibration_ws/build/handeye_ak/build/lib/handeye_ak/capture.py -> /home/harry/cmu/capstone/calibration_ws/install/handeye_ak/lib/python3.10/site-packages/handeye_ak
copying /home/harry/cmu/capstone/calibration_ws/build/handeye_ak/build/lib/handeye_ak/aruco.py -> /home/harry/cmu/capstone/calibration_ws/install/handeye_ak/lib/python3.10/site-packages/handeye_ak
copying /home/harry/cmu/capstone/calibration_ws/build/handeye_ak/build/lib/handeye_ak/capture2.py -> /home/harry/cmu/capstone/calibration_ws/install/handeye_ak/lib/python3.10/site-packages/handeye_ak
copying /home/harry/cmu/capstone/calibration_ws/build/handeye_ak/build/lib/handeye_ak/basic_image_publisher.py -> /home/harry/cmu/capstone/calibration_ws/install/handeye_ak/lib/python3.10/site-packages/handeye_ak
copying /home/harry/cmu/capstone/calibration_ws/build/handeye_ak/build/lib/handeye_ak/robot_state.py -> /home/harry/cmu/capstone/calibration_ws/install/handeye_ak/lib/python3.10/site-packages/handeye_ak
copying /home/harry/cmu/capstone/calibration_ws/build/handeye_ak/build/lib/handeye_ak/__init__.py -> /home/harry/cmu/capstone/calibration_ws/install/handeye_ak/lib/python3.10/site-packages/handeye_ak
copying /home/harry/cmu/capstone/calibration_ws/build/handeye_ak/build/lib/handeye_ak/calibrate_handeye.py -> /home/harry/cmu/capstone/calibration_ws/install/handeye_ak/lib/python3.10/site-packages/handeye_ak
copying /home/harry/cmu/capstone/calibration_ws/build/handeye_ak/build/lib/handeye_ak/publish_eye2hand.py -> /home/harry/cmu/capstone/calibration_ws/install/handeye_ak/lib/python3.10/site-packages/handeye_ak
copying /home/harry/cmu/capstone/calibration_ws/build/handeye_ak/build/lib/handeye_ak/camera_calibration.py -> /home/harry/cmu/capstone/calibration_ws/install/handeye_ak/lib/python3.10/site-packages/handeye_ak
copying /home/harry/cmu/capstone/calibration_ws/build/handeye_ak/build/lib/handeye_ak/camera_viewer_azure_kinect.py -> /home/harry/cmu/capstone/calibration_ws/install/handeye_ak/lib/python3.10/site-packages/handeye_ak
byte-compiling /home/harry/cmu/capstone/calibration_ws/install/handeye_ak/lib/python3.10/site-packages/handeye_ak/basic_image_subscriber.py to basic_image_subscriber.cpython-310.pyc
byte-compiling /home/harry/cmu/capstone/calibration_ws/install/handeye_ak/lib/python3.10/site-packages/handeye_ak/capture.py to capture.cpython-310.pyc
byte-compiling /home/harry/cmu/capstone/calibration_ws/install/handeye_ak/lib/python3.10/site-packages/handeye_ak/aruco.py to aruco.cpython-310.pyc
byte-compiling /home/harry/cmu/capstone/calibration_ws/install/handeye_ak/lib/python3.10/site-packages/handeye_ak/capture2.py to capture2.cpython-310.pyc
byte-compiling /home/harry/cmu/capstone/calibration_ws/install/handeye_ak/lib/python3.10/site-packages/handeye_ak/basic_image_publisher.py to basic_image_publisher.cpython-310.pyc
byte-compiling /home/harry/cmu/capstone/calibration_ws/install/handeye_ak/lib/python3.10/site-packages/handeye_ak/robot_state.py to robot_state.cpython-310.pyc
byte-compiling /home/harry/cmu/capstone/calibration_ws/install/handeye_ak/lib/python3.10/site-packages/handeye_ak/__init__.py to __init__.cpython-310.pyc
byte-compiling /home/harry/cmu/capstone/calibration_ws/install/handeye_ak/lib/python3.10/site-packages/handeye_ak/calibrate_handeye.py to calibrate_handeye.cpython-310.pyc
byte-compiling /home/harry/cmu/capstone/calibration_ws/install/handeye_ak/lib/python3.10/site-packages/handeye_ak/publish_eye2hand.py to publish_eye2hand.cpython-310.pyc
byte-compiling /home/harry/cmu/capstone/calibration_ws/install/handeye_ak/lib/python3.10/site-packages/handeye_ak/camera_calibration.py to camera_calibration.cpython-310.pyc
byte-compiling /home/harry/cmu/capstone/calibration_ws/install/handeye_ak/lib/python3.10/site-packages/handeye_ak/camera_viewer_azure_kinect.py to camera_viewer_azure_kinect.cpython-310.pyc
running install_data
copying resource/handeye_ak -> /home/harry/cmu/capstone/calibration_ws/install/handeye_ak/share/ament_index/resource_index/packages
copying package.xml -> /home/harry/cmu/capstone/calibration_ws/install/handeye_ak/share/handeye_ak
running install_egg_info
Copying ../../../../build/handeye_ak/handeye_ak.egg-info to /home/harry/cmu/capstone/calibration_ws/install/handeye_ak/lib/python3.10/site-packages/handeye_ak-0.0.0-py3.10.egg-info
running install_scripts
Installing aruco script to /home/harry/cmu/capstone/calibration_ws/install/handeye_ak/lib/handeye_ak
Installing eye2hand script to /home/harry/cmu/capstone/calibration_ws/install/handeye_ak/lib/handeye_ak
Installing handeye script to /home/harry/cmu/capstone/calibration_ws/install/handeye_ak/lib/handeye_ak
Installing robot script to /home/harry/cmu/capstone/calibration_ws/install/handeye_ak/lib/handeye_ak
writing list of installed files to '/home/harry/cmu/capstone/calibration_ws/build/handeye_ak/install.log'
