[0.011s] Invoking command in '/home/harry/cmu/capstone/calibration_ws/lbr-stack/src/build/lbr_fri_ros2': AMENT_PREFIX_PATH=/home/harry/cmu/capstone/calibration_ws/lbr-stack/src/install/lbr_fri_idl:/home/harry/cmu/capstone/calibration_ws/lbr-stack/src/install/lbr_description:${AMENT_PREFIX_PATH} CMAKE_PREFIX_PATH=/home/harry/cmu/capstone/calibration_ws/lbr-stack/src/install/lbr_fri_idl:/home/harry/cmu/capstone/calibration_ws/lbr-stack/src/install/lbr_description:/home/harry/cmu/capstone/calibration_ws/lbr-stack/src/install/fri_client_sdk:/opt/ros/humble LD_LIBRARY_PATH=/home/harry/cmu/capstone/calibration_ws/lbr-stack/src/install/lbr_fri_idl/lib:/home/harry/cmu/capstone/calibration_ws/lbr-stack/src/install/fri_client_sdk/lib:${LD_LIBRARY_PATH} PKG_CONFIG_PATH=/home/harry/cmu/capstone/calibration_ws/lbr-stack/src/install/fri_client_sdk/lib/x86_64-linux-gnu/pkgconfig:/home/harry/cmu/capstone/calibration_ws/lbr-stack/src/install/fri_client_sdk/lib/pkgconfig PYTHONPATH=/home/harry/cmu/capstone/calibration_ws/lbr-stack/src/install/lbr_fri_idl/local/lib/python3.10/dist-packages:${PYTHONPATH} /usr/bin/cmake /home/harry/cmu/capstone/calibration_ws/lbr-stack/src/lbr_fri_ros2_stack/lbr_fri_ros2 -DAMENT_CMAKE_SYMLINK_INSTALL=1 -DCMAKE_INSTALL_PREFIX=/home/harry/cmu/capstone/calibration_ws/lbr-stack/src/install/lbr_fri_ros2
[0.056s] -- The C compiler identification is GNU 11.4.0
[0.102s] -- The CXX compiler identification is GNU 11.4.0
[0.108s] -- Detecting C compiler ABI info
[0.165s] -- Detecting C compiler ABI info - done
[0.170s] -- Check for working C compiler: /usr/bin/cc - skipped
[0.170s] -- Detecting C compile features
[0.170s] -- Detecting C compile features - done
[0.173s] -- Detecting CXX compiler ABI info
[0.238s] -- Detecting CXX compiler ABI info - done
[0.245s] -- Check for working CXX compiler: /usr/bin/c++ - skipped
[0.245s] -- Detecting CXX compile features
[0.245s] -- Detecting CXX compile features - done
[0.248s] -- Found ament_cmake: 1.3.11 (/opt/ros/humble/share/ament_cmake/cmake)
[0.359s] -- Found Python3: /usr/bin/python3 (found version "3.10.12") found components: Interpreter 
[0.404s] -- Override CMake install command with custom implementation using symlinks instead of copying resources
[0.430s] -- Found eigen3_cmake_module: 0.1.1 (/opt/ros/humble/share/eigen3_cmake_module/cmake)
[0.437s] -- Found Eigen3: TRUE (found version "3.4.0") 
[0.439s] -- Found geometry_msgs: 4.2.4 (/opt/ros/humble/share/geometry_msgs/cmake)
[0.471s] -- Found rosidl_generator_c: 3.1.6 (/opt/ros/humble/share/rosidl_generator_c/cmake)
[0.475s] -- Found rosidl_adapter: 3.1.6 (/opt/ros/humble/share/rosidl_adapter/cmake)
[0.482s] -- Found rosidl_generator_cpp: 3.1.6 (/opt/ros/humble/share/rosidl_generator_cpp/cmake)
[0.491s] -- Using all available rosidl_typesupport_c: rosidl_typesupport_fastrtps_c;rosidl_typesupport_introspection_c
[0.504s] -- Using all available rosidl_typesupport_cpp: rosidl_typesupport_fastrtps_cpp;rosidl_typesupport_introspection_cpp
[0.533s] -- Found kdl_parser: 2.6.4 (/opt/ros/humble/share/kdl_parser/cmake)
[0.539s] -- Ensuring Eigen3 include directory is part of orocos-kdl CMake target
[0.541s] -- Found lbr_fri_idl: 1.5.0 (/home/harry/cmu/capstone/calibration_ws/lbr-stack/src/install/lbr_fri_idl/share/lbr_fri_idl/cmake)
[0.551s] -- Found rclcpp: 16.0.11 (/opt/ros/humble/share/rclcpp/cmake)
[0.582s] -- Found rmw_implementation_cmake: 6.1.2 (/opt/ros/humble/share/rmw_implementation_cmake/cmake)
[0.584s] -- Found rmw_fastrtps_cpp: 6.2.7 (/opt/ros/humble/share/rmw_fastrtps_cpp/cmake)
[0.662s] -- Found OpenSSL: /usr/lib/x86_64-linux-gnu/libcrypto.so (found version "3.0.2")  
[0.686s] -- Found FastRTPS: /opt/ros/humble/include  
[0.723s] -- Using RMW implementation 'rmw_fastrtps_cpp' as default
[0.730s] -- Looking for pthread.h
[0.792s] -- Looking for pthread.h - found
[0.792s] -- Performing Test CMAKE_HAVE_LIBC_PTHREAD
[0.854s] -- Performing Test CMAKE_HAVE_LIBC_PTHREAD - Success
[0.855s] -- Found Threads: TRUE  
[0.884s] -- Found realtime_tools: 2.11.0 (/opt/ros/humble/share/realtime_tools/cmake)
[0.913s] -- Found urdf: 2.6.1 (/opt/ros/humble/share/urdf/cmake)
[0.947s] -- Found ament_cmake_gtest: 1.3.11 (/opt/ros/humble/share/ament_cmake_gtest/cmake)
[0.949s] -- Found gtest sources under '/opt/ros/humble/src/gtest_vendor': C++ tests using 'Google Test' will be built
[1.000s] -- Configuring done
[1.021s] -- Generating done
[1.026s] -- Build files have been written to: /home/harry/cmu/capstone/calibration_ws/lbr-stack/src/build/lbr_fri_ros2
[1.035s] Invoked command in '/home/harry/cmu/capstone/calibration_ws/lbr-stack/src/build/lbr_fri_ros2' returned '0': AMENT_PREFIX_PATH=/home/harry/cmu/capstone/calibration_ws/lbr-stack/src/install/lbr_fri_idl:/home/harry/cmu/capstone/calibration_ws/lbr-stack/src/install/lbr_description:${AMENT_PREFIX_PATH} CMAKE_PREFIX_PATH=/home/harry/cmu/capstone/calibration_ws/lbr-stack/src/install/lbr_fri_idl:/home/harry/cmu/capstone/calibration_ws/lbr-stack/src/install/lbr_description:/home/harry/cmu/capstone/calibration_ws/lbr-stack/src/install/fri_client_sdk:/opt/ros/humble LD_LIBRARY_PATH=/home/harry/cmu/capstone/calibration_ws/lbr-stack/src/install/lbr_fri_idl/lib:/home/harry/cmu/capstone/calibration_ws/lbr-stack/src/install/fri_client_sdk/lib:${LD_LIBRARY_PATH} PKG_CONFIG_PATH=/home/harry/cmu/capstone/calibration_ws/lbr-stack/src/install/fri_client_sdk/lib/x86_64-linux-gnu/pkgconfig:/home/harry/cmu/capstone/calibration_ws/lbr-stack/src/install/fri_client_sdk/lib/pkgconfig PYTHONPATH=/home/harry/cmu/capstone/calibration_ws/lbr-stack/src/install/lbr_fri_idl/local/lib/python3.10/dist-packages:${PYTHONPATH} /usr/bin/cmake /home/harry/cmu/capstone/calibration_ws/lbr-stack/src/lbr_fri_ros2_stack/lbr_fri_ros2 -DAMENT_CMAKE_SYMLINK_INSTALL=1 -DCMAKE_INSTALL_PREFIX=/home/harry/cmu/capstone/calibration_ws/lbr-stack/src/install/lbr_fri_ros2
[1.036s] Invoking command in '/home/harry/cmu/capstone/calibration_ws/lbr-stack/src/build/lbr_fri_ros2': AMENT_PREFIX_PATH=/home/harry/cmu/capstone/calibration_ws/lbr-stack/src/install/lbr_fri_idl:/home/harry/cmu/capstone/calibration_ws/lbr-stack/src/install/lbr_description:${AMENT_PREFIX_PATH} CMAKE_PREFIX_PATH=/home/harry/cmu/capstone/calibration_ws/lbr-stack/src/install/lbr_fri_idl:/home/harry/cmu/capstone/calibration_ws/lbr-stack/src/install/lbr_description:/home/harry/cmu/capstone/calibration_ws/lbr-stack/src/install/fri_client_sdk:/opt/ros/humble LD_LIBRARY_PATH=/home/harry/cmu/capstone/calibration_ws/lbr-stack/src/install/lbr_fri_idl/lib:/home/harry/cmu/capstone/calibration_ws/lbr-stack/src/install/fri_client_sdk/lib:${LD_LIBRARY_PATH} PKG_CONFIG_PATH=/home/harry/cmu/capstone/calibration_ws/lbr-stack/src/install/fri_client_sdk/lib/x86_64-linux-gnu/pkgconfig:/home/harry/cmu/capstone/calibration_ws/lbr-stack/src/install/fri_client_sdk/lib/pkgconfig PYTHONPATH=/home/harry/cmu/capstone/calibration_ws/lbr-stack/src/install/lbr_fri_idl/local/lib/python3.10/dist-packages:${PYTHONPATH} /usr/bin/cmake --build /home/harry/cmu/capstone/calibration_ws/lbr-stack/src/build/lbr_fri_ros2 -- -j16 -l16
[1.084s] [ 30%] [32mBuilding CXX object gtest/CMakeFiles/gtest.dir/src/gtest-all.cc.o[0m
[1.085s] [ 30%] [32mBuilding CXX object CMakeFiles/lbr_fri_ros2.dir/src/interfaces/position_command.cpp.o[0m
[1.085s] [ 30%] [32mBuilding CXX object CMakeFiles/lbr_fri_ros2.dir/src/interfaces/base_command.cpp.o[0m
[1.085s] [ 30%] [32mBuilding CXX object CMakeFiles/lbr_fri_ros2.dir/src/interfaces/torque_command.cpp.o[0m
[1.085s] [ 35%] [32mBuilding CXX object CMakeFiles/lbr_fri_ros2.dir/src/interfaces/wrench_command.cpp.o[0m
[1.085s] [ 35%] [32mBuilding CXX object gtest/CMakeFiles/gtest_main.dir/src/gtest_main.cc.o[0m
[1.085s] [ 30%] [32mBuilding CXX object CMakeFiles/lbr_fri_ros2.dir/src/interfaces/state.cpp.o[0m
[1.085s] [ 40%] [32mBuilding CXX object CMakeFiles/lbr_fri_ros2.dir/src/app.cpp.o[0m
[1.085s] [ 45%] [32mBuilding CXX object CMakeFiles/lbr_fri_ros2.dir/src/async_client.cpp.o[0m
[1.085s] [ 50%] [32mBuilding CXX object CMakeFiles/lbr_fri_ros2.dir/src/command_guard.cpp.o[0m
[1.085s] [ 55%] [32mBuilding CXX object CMakeFiles/lbr_fri_ros2.dir/src/control.cpp.o[0m
[1.086s] [ 60%] [32mBuilding CXX object CMakeFiles/lbr_fri_ros2.dir/src/filters.cpp.o[0m
[1.086s] [ 65%] [32mBuilding CXX object CMakeFiles/lbr_fri_ros2.dir/src/ft_estimator.cpp.o[0m
[1.086s] [ 75%] [32mBuilding CXX object CMakeFiles/lbr_fri_ros2.dir/src/kinematics.cpp.o[0m
[1.086s] [ 75%] [32mBuilding CXX object CMakeFiles/lbr_fri_ros2.dir/src/worker.cpp.o[0m
[2.538s] [ 80%] [32m[1mLinking CXX static library libgtest_main.a[0m
[2.609s] [ 80%] Built target gtest_main
[7.334s] [ 85%] [32m[1mLinking CXX static library libgtest.a[0m
[7.372s] [ 85%] Built target gtest
[13.236s] [ 90%] [32m[1mLinking CXX shared library liblbr_fri_ros2.so[0m
[13.335s] [ 90%] Built target lbr_fri_ros2
[13.352s] [ 95%] [32mBuilding CXX object CMakeFiles/test_command_interfaces.dir/test/test_command_interfaces.cpp.o[0m
[14.945s] [100%] [32m[1mLinking CXX executable test_command_interfaces[0m
[15.040s] [100%] Built target test_command_interfaces
[15.050s] Invoked command in '/home/harry/cmu/capstone/calibration_ws/lbr-stack/src/build/lbr_fri_ros2' returned '0': AMENT_PREFIX_PATH=/home/harry/cmu/capstone/calibration_ws/lbr-stack/src/install/lbr_fri_idl:/home/harry/cmu/capstone/calibration_ws/lbr-stack/src/install/lbr_description:${AMENT_PREFIX_PATH} CMAKE_PREFIX_PATH=/home/harry/cmu/capstone/calibration_ws/lbr-stack/src/install/lbr_fri_idl:/home/harry/cmu/capstone/calibration_ws/lbr-stack/src/install/lbr_description:/home/harry/cmu/capstone/calibration_ws/lbr-stack/src/install/fri_client_sdk:/opt/ros/humble LD_LIBRARY_PATH=/home/harry/cmu/capstone/calibration_ws/lbr-stack/src/install/lbr_fri_idl/lib:/home/harry/cmu/capstone/calibration_ws/lbr-stack/src/install/fri_client_sdk/lib:${LD_LIBRARY_PATH} PKG_CONFIG_PATH=/home/harry/cmu/capstone/calibration_ws/lbr-stack/src/install/fri_client_sdk/lib/x86_64-linux-gnu/pkgconfig:/home/harry/cmu/capstone/calibration_ws/lbr-stack/src/install/fri_client_sdk/lib/pkgconfig PYTHONPATH=/home/harry/cmu/capstone/calibration_ws/lbr-stack/src/install/lbr_fri_idl/local/lib/python3.10/dist-packages:${PYTHONPATH} /usr/bin/cmake --build /home/harry/cmu/capstone/calibration_ws/lbr-stack/src/build/lbr_fri_ros2 -- -j16 -l16
[15.052s] Invoking command in '/home/harry/cmu/capstone/calibration_ws/lbr-stack/src/build/lbr_fri_ros2': AMENT_PREFIX_PATH=/home/harry/cmu/capstone/calibration_ws/lbr-stack/src/install/lbr_fri_idl:/home/harry/cmu/capstone/calibration_ws/lbr-stack/src/install/lbr_description:${AMENT_PREFIX_PATH} CMAKE_PREFIX_PATH=/home/harry/cmu/capstone/calibration_ws/lbr-stack/src/install/lbr_fri_idl:/home/harry/cmu/capstone/calibration_ws/lbr-stack/src/install/lbr_description:/home/harry/cmu/capstone/calibration_ws/lbr-stack/src/install/fri_client_sdk:/opt/ros/humble LD_LIBRARY_PATH=/home/harry/cmu/capstone/calibration_ws/lbr-stack/src/install/lbr_fri_idl/lib:/home/harry/cmu/capstone/calibration_ws/lbr-stack/src/install/fri_client_sdk/lib:${LD_LIBRARY_PATH} PKG_CONFIG_PATH=/home/harry/cmu/capstone/calibration_ws/lbr-stack/src/install/fri_client_sdk/lib/x86_64-linux-gnu/pkgconfig:/home/harry/cmu/capstone/calibration_ws/lbr-stack/src/install/fri_client_sdk/lib/pkgconfig PYTHONPATH=/home/harry/cmu/capstone/calibration_ws/lbr-stack/src/install/lbr_fri_idl/local/lib/python3.10/dist-packages:${PYTHONPATH} /usr/bin/cmake --install /home/harry/cmu/capstone/calibration_ws/lbr-stack/src/build/lbr_fri_ros2
[15.058s] -- Install configuration: "Release"
[15.058s] -- Execute custom install script
[15.059s] -- Symlinking: /home/harry/cmu/capstone/calibration_ws/lbr-stack/src/install/lbr_fri_ros2/share/lbr_fri_ros2/environment/library_path.sh
[15.066s] -- Symlinking: /home/harry/cmu/capstone/calibration_ws/lbr-stack/src/install/lbr_fri_ros2/share/lbr_fri_ros2/environment/library_path.dsv
[15.074s] -- Symlinking: /home/harry/cmu/capstone/calibration_ws/lbr-stack/src/install/lbr_fri_ros2/include/lbr_fri_ros2/app.hpp
[15.081s] -- Symlinking: /home/harry/cmu/capstone/calibration_ws/lbr-stack/src/install/lbr_fri_ros2/include/lbr_fri_ros2/async_client.hpp
[15.089s] -- Symlinking: /home/harry/cmu/capstone/calibration_ws/lbr-stack/src/install/lbr_fri_ros2/include/lbr_fri_ros2/command_guard.hpp
[15.097s] -- Symlinking: /home/harry/cmu/capstone/calibration_ws/lbr-stack/src/install/lbr_fri_ros2/include/lbr_fri_ros2/control.hpp
[15.104s] -- Symlinking: /home/harry/cmu/capstone/calibration_ws/lbr-stack/src/install/lbr_fri_ros2/include/lbr_fri_ros2/filters.hpp
[15.111s] -- Symlinking: /home/harry/cmu/capstone/calibration_ws/lbr-stack/src/install/lbr_fri_ros2/include/lbr_fri_ros2/formatting.hpp
[15.119s] -- Symlinking: /home/harry/cmu/capstone/calibration_ws/lbr-stack/src/install/lbr_fri_ros2/include/lbr_fri_ros2/ft_estimator.hpp
[15.125s] -- Symlinking: /home/harry/cmu/capstone/calibration_ws/lbr-stack/src/install/lbr_fri_ros2/include/lbr_fri_ros2/interfaces/base_command.hpp
[15.132s] -- Symlinking: /home/harry/cmu/capstone/calibration_ws/lbr-stack/src/install/lbr_fri_ros2/include/lbr_fri_ros2/interfaces/position_command.hpp
[15.139s] -- Symlinking: /home/harry/cmu/capstone/calibration_ws/lbr-stack/src/install/lbr_fri_ros2/include/lbr_fri_ros2/interfaces/state.hpp
[15.146s] -- Symlinking: /home/harry/cmu/capstone/calibration_ws/lbr-stack/src/install/lbr_fri_ros2/include/lbr_fri_ros2/interfaces/torque_command.hpp
[15.154s] -- Symlinking: /home/harry/cmu/capstone/calibration_ws/lbr-stack/src/install/lbr_fri_ros2/include/lbr_fri_ros2/interfaces/wrench_command.hpp
[15.161s] -- Symlinking: /home/harry/cmu/capstone/calibration_ws/lbr-stack/src/install/lbr_fri_ros2/include/lbr_fri_ros2/kinematics.hpp
[15.168s] -- Symlinking: /home/harry/cmu/capstone/calibration_ws/lbr-stack/src/install/lbr_fri_ros2/include/lbr_fri_ros2/pinv.hpp
[15.176s] -- Symlinking: /home/harry/cmu/capstone/calibration_ws/lbr-stack/src/install/lbr_fri_ros2/include/lbr_fri_ros2/types.hpp
[15.183s] -- Symlinking: /home/harry/cmu/capstone/calibration_ws/lbr-stack/src/install/lbr_fri_ros2/include/lbr_fri_ros2/utils.hpp
[15.191s] -- Symlinking: /home/harry/cmu/capstone/calibration_ws/lbr-stack/src/install/lbr_fri_ros2/include/lbr_fri_ros2/worker.hpp
[15.199s] -- Symlinking: /home/harry/cmu/capstone/calibration_ws/lbr-stack/src/install/lbr_fri_ros2/share/ament_index/resource_index/package_run_dependencies/lbr_fri_ros2
[15.206s] -- Symlinking: /home/harry/cmu/capstone/calibration_ws/lbr-stack/src/install/lbr_fri_ros2/share/ament_index/resource_index/parent_prefix_path/lbr_fri_ros2
[15.214s] -- Symlinking: /home/harry/cmu/capstone/calibration_ws/lbr-stack/src/install/lbr_fri_ros2/share/lbr_fri_ros2/environment/ament_prefix_path.sh
[15.222s] -- Symlinking: /home/harry/cmu/capstone/calibration_ws/lbr-stack/src/install/lbr_fri_ros2/share/lbr_fri_ros2/environment/ament_prefix_path.dsv
[15.229s] -- Symlinking: /home/harry/cmu/capstone/calibration_ws/lbr-stack/src/install/lbr_fri_ros2/share/lbr_fri_ros2/environment/path.sh
[15.236s] -- Symlinking: /home/harry/cmu/capstone/calibration_ws/lbr-stack/src/install/lbr_fri_ros2/share/lbr_fri_ros2/environment/path.dsv
[15.243s] -- Symlinking: /home/harry/cmu/capstone/calibration_ws/lbr-stack/src/install/lbr_fri_ros2/share/lbr_fri_ros2/local_setup.bash
[15.251s] -- Symlinking: /home/harry/cmu/capstone/calibration_ws/lbr-stack/src/install/lbr_fri_ros2/share/lbr_fri_ros2/local_setup.sh
[15.258s] -- Symlinking: /home/harry/cmu/capstone/calibration_ws/lbr-stack/src/install/lbr_fri_ros2/share/lbr_fri_ros2/local_setup.zsh
[15.265s] -- Symlinking: /home/harry/cmu/capstone/calibration_ws/lbr-stack/src/install/lbr_fri_ros2/share/lbr_fri_ros2/local_setup.dsv
[15.273s] -- Symlinking: /home/harry/cmu/capstone/calibration_ws/lbr-stack/src/install/lbr_fri_ros2/share/lbr_fri_ros2/package.dsv
[15.280s] -- Symlinking: /home/harry/cmu/capstone/calibration_ws/lbr-stack/src/install/lbr_fri_ros2/share/ament_index/resource_index/packages/lbr_fri_ros2
[15.288s] -- Symlinking: /home/harry/cmu/capstone/calibration_ws/lbr-stack/src/install/lbr_fri_ros2/share/lbr_fri_ros2/cmake/ament_cmake_export_targets-extras.cmake
[15.297s] -- Symlinking: /home/harry/cmu/capstone/calibration_ws/lbr-stack/src/install/lbr_fri_ros2/share/lbr_fri_ros2/cmake/ament_cmake_export_dependencies-extras.cmake
[15.304s] -- Symlinking: /home/harry/cmu/capstone/calibration_ws/lbr-stack/src/install/lbr_fri_ros2/share/lbr_fri_ros2/cmake/lbr_fri_ros2Config.cmake
[15.312s] -- Symlinking: /home/harry/cmu/capstone/calibration_ws/lbr-stack/src/install/lbr_fri_ros2/share/lbr_fri_ros2/cmake/lbr_fri_ros2Config-version.cmake
[15.319s] -- Symlinking: /home/harry/cmu/capstone/calibration_ws/lbr-stack/src/install/lbr_fri_ros2/share/lbr_fri_ros2/package.xml
[15.327s] -- Installing: /home/harry/cmu/capstone/calibration_ws/lbr-stack/src/install/lbr_fri_ros2/lib/liblbr_fri_ros2.so
[15.328s] -- Set runtime path of "/home/harry/cmu/capstone/calibration_ws/lbr-stack/src/install/lbr_fri_ros2/lib/liblbr_fri_ros2.so" to ""
[15.328s] -- Installing: /home/harry/cmu/capstone/calibration_ws/lbr-stack/src/install/lbr_fri_ros2/share/lbr_fri_ros2/cmake/lbr_fri_ros2_exportExport.cmake
[15.328s] -- Installing: /home/harry/cmu/capstone/calibration_ws/lbr-stack/src/install/lbr_fri_ros2/share/lbr_fri_ros2/cmake/lbr_fri_ros2_exportExport-release.cmake
[15.330s] Invoked command in '/home/harry/cmu/capstone/calibration_ws/lbr-stack/src/build/lbr_fri_ros2' returned '0': AMENT_PREFIX_PATH=/home/harry/cmu/capstone/calibration_ws/lbr-stack/src/install/lbr_fri_idl:/home/harry/cmu/capstone/calibration_ws/lbr-stack/src/install/lbr_description:${AMENT_PREFIX_PATH} CMAKE_PREFIX_PATH=/home/harry/cmu/capstone/calibration_ws/lbr-stack/src/install/lbr_fri_idl:/home/harry/cmu/capstone/calibration_ws/lbr-stack/src/install/lbr_description:/home/harry/cmu/capstone/calibration_ws/lbr-stack/src/install/fri_client_sdk:/opt/ros/humble LD_LIBRARY_PATH=/home/harry/cmu/capstone/calibration_ws/lbr-stack/src/install/lbr_fri_idl/lib:/home/harry/cmu/capstone/calibration_ws/lbr-stack/src/install/fri_client_sdk/lib:${LD_LIBRARY_PATH} PKG_CONFIG_PATH=/home/harry/cmu/capstone/calibration_ws/lbr-stack/src/install/fri_client_sdk/lib/x86_64-linux-gnu/pkgconfig:/home/harry/cmu/capstone/calibration_ws/lbr-stack/src/install/fri_client_sdk/lib/pkgconfig PYTHONPATH=/home/harry/cmu/capstone/calibration_ws/lbr-stack/src/install/lbr_fri_idl/local/lib/python3.10/dist-packages:${PYTHONPATH} /usr/bin/cmake --install /home/harry/cmu/capstone/calibration_ws/lbr-stack/src/build/lbr_fri_ros2
