[1.223s] Invoking command in '/home/harry/cmu/capstone/calibration_ws/build/handeye_realsense': PYTHONPATH=/home/harry/cmu/capstone/calibration_ws/build/handeye_realsense/prefix_override:/usr/lib/python3/dist-packages/colcon_core/task/python/colcon_distutils_commands:/home/harry/cmu/capstone/calibration_ws/install/handeye_realsense/lib/python3.10/site-packages:${PYTHONPATH} /usr/bin/python3 -W ignore:setup.py install is deprecated -W ignore:easy_install command is deprecated setup.py develop --editable --build-directory /home/harry/cmu/capstone/calibration_ws/build/handeye_realsense/build --no-deps symlink_data
[1.452s] running develop
[1.591s] running egg_info
[1.591s] creating handeye_realsense.egg-info
[1.591s] writing handeye_realsense.egg-info/PKG-INFO
[1.591s] writing dependency_links to handeye_realsense.egg-info/dependency_links.txt
[1.591s] writing entry points to handeye_realsense.egg-info/entry_points.txt
[1.591s] writing requirements to handeye_realsense.egg-info/requires.txt
[1.591s] writing top-level names to handeye_realsense.egg-info/top_level.txt
[1.591s] writing manifest file 'handeye_realsense.egg-info/SOURCES.txt'
[1.593s] reading manifest file 'handeye_realsense.egg-info/SOURCES.txt'
[1.593s] writing manifest file 'handeye_realsense.egg-info/SOURCES.txt'
[1.595s] running build_ext
[1.595s] Creating /home/harry/cmu/capstone/calibration_ws/install/handeye_realsense/lib/python3.10/site-packages/handeye-realsense.egg-link (link to .)
[1.595s] Installing aruco script to /home/harry/cmu/capstone/calibration_ws/install/handeye_realsense/lib/handeye_realsense
[1.596s] Installing eye2hand script to /home/harry/cmu/capstone/calibration_ws/install/handeye_realsense/lib/handeye_realsense
[1.596s] Installing handeye script to /home/harry/cmu/capstone/calibration_ws/install/handeye_realsense/lib/handeye_realsense
[1.596s] Installing joint_positions script to /home/harry/cmu/capstone/calibration_ws/install/handeye_realsense/lib/handeye_realsense
[1.596s] Installing robot script to /home/harry/cmu/capstone/calibration_ws/install/handeye_realsense/lib/handeye_realsense
[1.596s] 
[1.596s] Installed /home/harry/cmu/capstone/calibration_ws/build/handeye_realsense
[1.596s] running symlink_data
[1.596s] creating /home/harry/cmu/capstone/calibration_ws/install/handeye_realsense/share/ament_index
[1.596s] creating /home/harry/cmu/capstone/calibration_ws/install/handeye_realsense/share/ament_index/resource_index
[1.596s] creating /home/harry/cmu/capstone/calibration_ws/install/handeye_realsense/share/ament_index/resource_index/packages
[1.596s] symbolically linking /home/harry/cmu/capstone/calibration_ws/build/handeye_realsense/resource/handeye_realsense -> /home/harry/cmu/capstone/calibration_ws/install/handeye_realsense/share/ament_index/resource_index/packages
[1.597s] symbolically linking /home/harry/cmu/capstone/calibration_ws/build/handeye_realsense/package.xml -> /home/harry/cmu/capstone/calibration_ws/install/handeye_realsense/share/handeye_realsense
[1.597s] creating /home/harry/cmu/capstone/calibration_ws/install/handeye_realsense/share/handeye_realsense/launch
[1.597s] symbolically linking /home/harry/cmu/capstone/calibration_ws/build/handeye_realsense/launch/taking_sample_launch.py -> /home/harry/cmu/capstone/calibration_ws/install/handeye_realsense/share/handeye_realsense/launch
[1.633s] Invoked command in '/home/harry/cmu/capstone/calibration_ws/build/handeye_realsense' returned '0': PYTHONPATH=/home/harry/cmu/capstone/calibration_ws/build/handeye_realsense/prefix_override:/usr/lib/python3/dist-packages/colcon_core/task/python/colcon_distutils_commands:/home/harry/cmu/capstone/calibration_ws/install/handeye_realsense/lib/python3.10/site-packages:${PYTHONPATH} /usr/bin/python3 -W ignore:setup.py install is deprecated -W ignore:easy_install command is deprecated setup.py develop --editable --build-directory /home/harry/cmu/capstone/calibration_ws/build/handeye_realsense/build --no-deps symlink_data
