[0.015s] Invoking command in '/home/harry/cmu/capstone/calibration_ws/build/med14_moveit_config': AMENT_PREFIX_PATH=/home/harry/cmu/capstone/calibration_ws/install/lbr_description:${AMENT_PREFIX_PATH} CMAKE_PREFIX_PATH=/home/harry/cmu/capstone/calibration_ws/install/lbr_description:/home/harry/cmu/capstone/calibration_ws/lbr-stack/install/fri_client_sdk:/home/harry/cmu/capstone/calibration_ws/handeye_calibration_ws/src/install/handeye_realsense:/opt/ros/humble /usr/bin/cmake /home/harry/cmu/capstone/calibration_ws/lbr-stack/src/lbr_fri_ros2_stack/lbr_moveit_config/med14_moveit_config -DAMENT_CMAKE_SYMLINK_INSTALL=1 -DCMAKE_INSTALL_PREFIX=/home/harry/cmu/capstone/calibration_ws/install/med14_moveit_config
[0.063s] -- The C compiler identification is GNU 11.4.0
[0.115s] -- The CXX compiler identification is GNU 11.4.0
[0.123s] -- Detecting C compiler ABI info
[0.186s] -- Detecting C compiler ABI info - done
[0.192s] -- Check for working C compiler: /usr/bin/cc - skipped
[0.192s] -- Detecting C compile features
[0.193s] -- Detecting C compile features - done
[0.195s] -- Detecting CXX compiler ABI info
[0.268s] -- Detecting CXX compiler ABI info - done
[0.274s] -- Check for working CXX compiler: /usr/bin/c++ - skipped
[0.275s] -- Detecting CXX compile features
[0.275s] -- Detecting CXX compile features - done
[0.277s] -- Found ament_cmake: 1.3.11 (/opt/ros/humble/share/ament_cmake/cmake)
[0.411s] -- Found Python3: /usr/bin/python3 (found version "3.10.12") found components: Interpreter 
[0.468s] -- Override CMake install command with custom implementation using symlinks instead of copying resources
[0.558s] -- Configuring done
[0.562s] -- Generating done
[0.564s] -- Build files have been written to: /home/harry/cmu/capstone/calibration_ws/build/med14_moveit_config
[0.567s] Invoked command in '/home/harry/cmu/capstone/calibration_ws/build/med14_moveit_config' returned '0': AMENT_PREFIX_PATH=/home/harry/cmu/capstone/calibration_ws/install/lbr_description:${AMENT_PREFIX_PATH} CMAKE_PREFIX_PATH=/home/harry/cmu/capstone/calibration_ws/install/lbr_description:/home/harry/cmu/capstone/calibration_ws/lbr-stack/install/fri_client_sdk:/home/harry/cmu/capstone/calibration_ws/handeye_calibration_ws/src/install/handeye_realsense:/opt/ros/humble /usr/bin/cmake /home/harry/cmu/capstone/calibration_ws/lbr-stack/src/lbr_fri_ros2_stack/lbr_moveit_config/med14_moveit_config -DAMENT_CMAKE_SYMLINK_INSTALL=1 -DCMAKE_INSTALL_PREFIX=/home/harry/cmu/capstone/calibration_ws/install/med14_moveit_config
[0.569s] Invoking command in '/home/harry/cmu/capstone/calibration_ws/build/med14_moveit_config': AMENT_PREFIX_PATH=/home/harry/cmu/capstone/calibration_ws/install/lbr_description:${AMENT_PREFIX_PATH} CMAKE_PREFIX_PATH=/home/harry/cmu/capstone/calibration_ws/install/lbr_description:/home/harry/cmu/capstone/calibration_ws/lbr-stack/install/fri_client_sdk:/home/harry/cmu/capstone/calibration_ws/handeye_calibration_ws/src/install/handeye_realsense:/opt/ros/humble /usr/bin/cmake --build /home/harry/cmu/capstone/calibration_ws/build/med14_moveit_config -- -j16 -l16
[0.604s] Invoked command in '/home/harry/cmu/capstone/calibration_ws/build/med14_moveit_config' returned '0': AMENT_PREFIX_PATH=/home/harry/cmu/capstone/calibration_ws/install/lbr_description:${AMENT_PREFIX_PATH} CMAKE_PREFIX_PATH=/home/harry/cmu/capstone/calibration_ws/install/lbr_description:/home/harry/cmu/capstone/calibration_ws/lbr-stack/install/fri_client_sdk:/home/harry/cmu/capstone/calibration_ws/handeye_calibration_ws/src/install/handeye_realsense:/opt/ros/humble /usr/bin/cmake --build /home/harry/cmu/capstone/calibration_ws/build/med14_moveit_config -- -j16 -l16
[0.606s] Invoking command in '/home/harry/cmu/capstone/calibration_ws/build/med14_moveit_config': AMENT_PREFIX_PATH=/home/harry/cmu/capstone/calibration_ws/install/lbr_description:${AMENT_PREFIX_PATH} CMAKE_PREFIX_PATH=/home/harry/cmu/capstone/calibration_ws/install/lbr_description:/home/harry/cmu/capstone/calibration_ws/lbr-stack/install/fri_client_sdk:/home/harry/cmu/capstone/calibration_ws/handeye_calibration_ws/src/install/handeye_realsense:/opt/ros/humble /usr/bin/cmake --install /home/harry/cmu/capstone/calibration_ws/build/med14_moveit_config
[0.613s] -- Install configuration: ""
[0.613s] -- Execute custom install script
[0.613s] -- Symlinking: /home/harry/cmu/capstone/calibration_ws/install/med14_moveit_config/share/ament_index/resource_index/package_run_dependencies/med14_moveit_config
[0.621s] -- Symlinking: /home/harry/cmu/capstone/calibration_ws/install/med14_moveit_config/share/ament_index/resource_index/parent_prefix_path/med14_moveit_config
[0.629s] -- Symlinking: /home/harry/cmu/capstone/calibration_ws/install/med14_moveit_config/share/med14_moveit_config/environment/ament_prefix_path.sh
[0.637s] -- Symlinking: /home/harry/cmu/capstone/calibration_ws/install/med14_moveit_config/share/med14_moveit_config/environment/ament_prefix_path.dsv
[0.645s] -- Symlinking: /home/harry/cmu/capstone/calibration_ws/install/med14_moveit_config/share/med14_moveit_config/environment/path.sh
[0.654s] -- Symlinking: /home/harry/cmu/capstone/calibration_ws/install/med14_moveit_config/share/med14_moveit_config/environment/path.dsv
[0.663s] -- Symlinking: /home/harry/cmu/capstone/calibration_ws/install/med14_moveit_config/share/med14_moveit_config/local_setup.bash
[0.672s] -- Symlinking: /home/harry/cmu/capstone/calibration_ws/install/med14_moveit_config/share/med14_moveit_config/local_setup.sh
[0.681s] -- Symlinking: /home/harry/cmu/capstone/calibration_ws/install/med14_moveit_config/share/med14_moveit_config/local_setup.zsh
[0.690s] -- Symlinking: /home/harry/cmu/capstone/calibration_ws/install/med14_moveit_config/share/med14_moveit_config/local_setup.dsv
[0.699s] -- Symlinking: /home/harry/cmu/capstone/calibration_ws/install/med14_moveit_config/share/med14_moveit_config/package.dsv
[0.708s] -- Symlinking: /home/harry/cmu/capstone/calibration_ws/install/med14_moveit_config/share/ament_index/resource_index/packages/med14_moveit_config
[0.717s] -- Symlinking: /home/harry/cmu/capstone/calibration_ws/install/med14_moveit_config/share/med14_moveit_config/cmake/med14_moveit_configConfig.cmake
[0.726s] -- Symlinking: /home/harry/cmu/capstone/calibration_ws/install/med14_moveit_config/share/med14_moveit_config/cmake/med14_moveit_configConfig-version.cmake
[0.736s] -- Symlinking: /home/harry/cmu/capstone/calibration_ws/install/med14_moveit_config/share/med14_moveit_config/package.xml
[0.745s] -- Symlinking: /home/harry/cmu/capstone/calibration_ws/install/med14_moveit_config/share/med14_moveit_config/launch/move_group.launch.py
[0.754s] -- Symlinking: /home/harry/cmu/capstone/calibration_ws/install/med14_moveit_config/share/med14_moveit_config/launch/moveit_rviz.launch.py
[0.762s] -- Symlinking: /home/harry/cmu/capstone/calibration_ws/install/med14_moveit_config/share/med14_moveit_config/launch/setup_assistant.launch.py
[0.772s] -- Symlinking: /home/harry/cmu/capstone/calibration_ws/install/med14_moveit_config/share/med14_moveit_config/config/joint_limits.yaml
[0.780s] -- Symlinking: /home/harry/cmu/capstone/calibration_ws/install/med14_moveit_config/share/med14_moveit_config/config/kinematics.yaml
[0.788s] -- Symlinking: /home/harry/cmu/capstone/calibration_ws/install/med14_moveit_config/share/med14_moveit_config/config/med14.srdf
[0.797s] -- Symlinking: /home/harry/cmu/capstone/calibration_ws/install/med14_moveit_config/share/med14_moveit_config/config/moveit.rviz
[0.805s] -- Symlinking: /home/harry/cmu/capstone/calibration_ws/install/med14_moveit_config/share/med14_moveit_config/config/moveit_controllers.yaml
[0.814s] -- Symlinking: /home/harry/cmu/capstone/calibration_ws/install/med14_moveit_config/share/med14_moveit_config/config/pilz_cartesian_limits.yaml
[0.823s] -- Symlinking: /home/harry/cmu/capstone/calibration_ws/install/med14_moveit_config/share/med14_moveit_config/.setup_assistant
[0.853s] Invoked command in '/home/harry/cmu/capstone/calibration_ws/build/med14_moveit_config' returned '0': AMENT_PREFIX_PATH=/home/harry/cmu/capstone/calibration_ws/install/lbr_description:${AMENT_PREFIX_PATH} CMAKE_PREFIX_PATH=/home/harry/cmu/capstone/calibration_ws/install/lbr_description:/home/harry/cmu/capstone/calibration_ws/lbr-stack/install/fri_client_sdk:/home/harry/cmu/capstone/calibration_ws/handeye_calibration_ws/src/install/handeye_realsense:/opt/ros/humble /usr/bin/cmake --install /home/harry/cmu/capstone/calibration_ws/build/med14_moveit_config
