-- The C compiler identification is GNU 11.4.0
-- The CXX compiler identification is GNU 11.4.0
-- Detecting C compiler ABI info
-- Detecting C compiler ABI info - done
-- Check for working C compiler: /usr/bin/cc - skipped
-- Detecting C compile features
-- Detecting C compile features - done
-- Detecting CXX compiler ABI info
-- Detecting CXX compiler ABI info - done
-- Check for working CXX compiler: /usr/bin/c++ - skipped
-- Detecting CXX compile features
-- Detecting CXX compile features - done
-- Found ament_cmake: 1.3.11 (/opt/ros/humble/share/ament_cmake/cmake)
-- Found Python3: /usr/bin/python3 (found version "3.10.12") found components: Interpreter 
-- Override CMake install command with custom implementation using symlinks instead of copying resources
-- Found controller_interface: 2.48.0 (/opt/ros/humble/share/controller_interface/cmake)
-- Found rosidl_generator_c: 3.1.6 (/opt/ros/humble/share/rosidl_generator_c/cmake)
-- Found rosidl_adapter: 3.1.6 (/opt/ros/humble/share/rosidl_adapter/cmake)
-- Found rosidl_generator_cpp: 3.1.6 (/opt/ros/humble/share/rosidl_generator_cpp/cmake)
-- Using all available rosidl_typesupport_c: rosidl_typesupport_fastrtps_c;rosidl_typesupport_introspection_c
-- Using all available rosidl_typesupport_cpp: rosidl_typesupport_fastrtps_cpp;rosidl_typesupport_introspection_cpp
-- Found rmw_implementation_cmake: 6.1.2 (/opt/ros/humble/share/rmw_implementation_cmake/cmake)
-- Found rmw_fastrtps_cpp: 6.2.7 (/opt/ros/humble/share/rmw_fastrtps_cpp/cmake)
-- Found TinyXML2 via Config file: TinyXML2_DIR-NOTFOUND
-- Found OpenSSL: /usr/lib/x86_64-linux-gnu/libcrypto.so (found version "3.0.2")  
-- Found TinyXML2 via Config file: TinyXML2_DIR-NOTFOUND
-- Found FastRTPS: /opt/ros/humble/include  
-- Found TinyXML2 via Config file: TinyXML2_DIR-NOTFOUND
-- Found TinyXML2 via Config file: TinyXML2_DIR-NOTFOUND
-- Using RMW implementation 'rmw_fastrtps_cpp' as default
-- Looking for pthread.h
-- Looking for pthread.h - found
-- Performing Test CMAKE_HAVE_LIBC_PTHREAD
-- Performing Test CMAKE_HAVE_LIBC_PTHREAD - Success
-- Found Threads: TRUE  
-- Found eigen3_cmake_module: 0.1.1 (/opt/ros/humble/share/eigen3_cmake_module/cmake)
-- Found Eigen3: TRUE (found version "3.4.0") 
-- Found kinematics_interface: 0.3.0 (/opt/ros/humble/share/kinematics_interface/cmake)
-- Found lbr_fri_idl: 1.5.0 (/home/harry/cmu/capstone/calibration_ws/lbr-stack/src/install/lbr_fri_idl/share/lbr_fri_idl/cmake)
-- Found lbr_fri_ros2: 2.2.0 (/home/harry/cmu/capstone/calibration_ws/lbr-stack/src/install/lbr_fri_ros2/share/lbr_fri_ros2/cmake)
-- Ensuring Eigen3 include directory is part of orocos-kdl CMake target
-- Configuring done
-- Generating done
-- Build files have been written to: /home/harry/cmu/capstone/calibration_ws/lbr-stack/src/build/lbr_ros2_control
[ 25%] [32mBuilding CXX object CMakeFiles/lbr_ros2_control.dir/src/controllers/admittance_controller.cpp.o[0m
[ 25%] [32mBuilding CXX object CMakeFiles/lbr_ros2_control.dir/src/controllers/lbr_torque_command_controller.cpp.o[0m
[ 37%] [32mBuilding CXX object CMakeFiles/lbr_ros2_control.dir/src/controllers/twist_controller.cpp.o[0m
[ 50%] [32mBuilding CXX object CMakeFiles/lbr_ros2_control.dir/src/controllers/lbr_joint_position_command_controller.cpp.o[0m
[ 62%] [32mBuilding CXX object CMakeFiles/lbr_ros2_control.dir/src/controllers/lbr_wrench_command_controller.cpp.o[0m
[ 75%] [32mBuilding CXX object CMakeFiles/lbr_ros2_control.dir/src/controllers/lbr_state_broadcaster.cpp.o[0m
[ 87%] [32mBuilding CXX object CMakeFiles/lbr_ros2_control.dir/src/system_interface.cpp.o[0m
In file included from [01m[K/home/harry/cmu/capstone/calibration_ws/lbr-stack/src/lbr_fri_ros2_stack/lbr_ros2_control/include/lbr_ros2_control/controllers/lbr_wrench_command_controller.hpp:15[m[K,
                 from [01m[K/home/harry/cmu/capstone/calibration_ws/lbr-stack/src/lbr_fri_ros2_stack/lbr_ros2_control/src/controllers/lbr_wrench_command_controller.cpp:1[m[K:
[01m[K/opt/ros/humble/include/realtime_tools/realtime_tools/realtime_buffer.h:22:100:[m[K [01;36m[Knote: [m[K‘[01m[K#pragma message: This header include is deprecated. Please update your code to use 'realtime_buffer.hpp' header.[m[K’
   22 |   "This header include is deprecated. Please update your code to use 'realtime_buffer.hpp' header."[01;36m[K)[m[K  //NOLINT
      |                                                                                                    [01;36m[K^[m[K
In file included from [01m[K/home/harry/cmu/capstone/calibration_ws/lbr-stack/src/lbr_fri_ros2_stack/lbr_ros2_control/include/lbr_ros2_control/controllers/lbr_joint_position_command_controller.hpp:13[m[K,
                 from [01m[K/home/harry/cmu/capstone/calibration_ws/lbr-stack/src/lbr_fri_ros2_stack/lbr_ros2_control/src/controllers/lbr_joint_position_command_controller.cpp:1[m[K:
[01m[K/opt/ros/humble/include/realtime_tools/realtime_tools/realtime_buffer.h:22:100:[m[K [01;36m[Knote: [m[K‘[01m[K#pragma message: This header include is deprecated. Please update your code to use 'realtime_buffer.hpp' header.[m[K’
   22 |   "This header include is deprecated. Please update your code to use 'realtime_buffer.hpp' header."[01;36m[K)[m[K  //NOLINT
      |                                                                                                    [01;36m[K^[m[K
In file included from [01m[K/home/harry/cmu/capstone/calibration_ws/lbr-stack/src/lbr_fri_ros2_stack/lbr_ros2_control/include/lbr_ros2_control/controllers/lbr_torque_command_controller.hpp:15[m[K,
                 from [01m[K/home/harry/cmu/capstone/calibration_ws/lbr-stack/src/lbr_fri_ros2_stack/lbr_ros2_control/src/controllers/lbr_torque_command_controller.cpp:1[m[K:
[01m[K/opt/ros/humble/include/realtime_tools/realtime_tools/realtime_buffer.h:22:100:[m[K [01;36m[Knote: [m[K‘[01m[K#pragma message: This header include is deprecated. Please update your code to use 'realtime_buffer.hpp' header.[m[K’
   22 |   "This header include is deprecated. Please update your code to use 'realtime_buffer.hpp' header."[01;36m[K)[m[K  //NOLINT
      |                                                                                                    [01;36m[K^[m[K
In file included from [01m[K/home/harry/cmu/capstone/calibration_ws/lbr-stack/src/lbr_fri_ros2_stack/lbr_ros2_control/include/lbr_ros2_control/controllers/lbr_state_broadcaster.hpp:15[m[K,
                 from [01m[K/home/harry/cmu/capstone/calibration_ws/lbr-stack/src/lbr_fri_ros2_stack/lbr_ros2_control/src/controllers/lbr_state_broadcaster.cpp:1[m[K:
[01m[K/opt/ros/humble/include/realtime_tools/realtime_tools/realtime_publisher.h:22:103:[m[K [01;36m[Knote: [m[K‘[01m[K#pragma message: This header include is deprecated. Please update your code to use 'realtime_publisher.hpp' header.[m[K’
   22 |   "This header include is deprecated. Please update your code to use 'realtime_publisher.hpp' header."[01;36m[K)[m[K  //NOLINT
      |                                                                                                       [01;36m[K^[m[K
In file included from [01m[K/home/harry/cmu/capstone/calibration_ws/lbr-stack/src/lbr_fri_ros2_stack/lbr_ros2_control/include/lbr_ros2_control/controllers/twist_controller.hpp:17[m[K,
                 from [01m[K/home/harry/cmu/capstone/calibration_ws/lbr-stack/src/lbr_fri_ros2_stack/lbr_ros2_control/src/controllers/twist_controller.cpp:1[m[K:
[01m[K/opt/ros/humble/include/realtime_tools/realtime_tools/realtime_buffer.h:22:100:[m[K [01;36m[Knote: [m[K‘[01m[K#pragma message: This header include is deprecated. Please update your code to use 'realtime_buffer.hpp' header.[m[K’
   22 |   "This header include is deprecated. Please update your code to use 'realtime_buffer.hpp' header."[01;36m[K)[m[K  //NOLINT
      |                                                                                                    [01;36m[K^[m[K
[100%] [32m[1mLinking CXX shared library liblbr_ros2_control.so[0m
[100%] Built target lbr_ros2_control
-- Install configuration: "Release"
-- Execute custom install script
-- Symlinking: /home/harry/cmu/capstone/calibration_ws/lbr-stack/src/install/lbr_ros2_control/share/lbr_ros2_control/plugin_description_files/controllers.xml
-- Symlinking: /home/harry/cmu/capstone/calibration_ws/lbr-stack/src/install/lbr_ros2_control/share/lbr_ros2_control/plugin_description_files/system_interface.xml
-- Symlinking: /home/harry/cmu/capstone/calibration_ws/lbr-stack/src/install/lbr_ros2_control/share/lbr_ros2_control/environment/library_path.sh
-- Symlinking: /home/harry/cmu/capstone/calibration_ws/lbr-stack/src/install/lbr_ros2_control/share/lbr_ros2_control/environment/library_path.dsv
-- Symlinking: /home/harry/cmu/capstone/calibration_ws/lbr-stack/src/install/lbr_ros2_control/include/lbr_ros2_control/controllers/admittance_controller.hpp
-- Symlinking: /home/harry/cmu/capstone/calibration_ws/lbr-stack/src/install/lbr_ros2_control/include/lbr_ros2_control/controllers/lbr_joint_position_command_controller.hpp
-- Symlinking: /home/harry/cmu/capstone/calibration_ws/lbr-stack/src/install/lbr_ros2_control/include/lbr_ros2_control/controllers/lbr_state_broadcaster.hpp
-- Symlinking: /home/harry/cmu/capstone/calibration_ws/lbr-stack/src/install/lbr_ros2_control/include/lbr_ros2_control/controllers/lbr_torque_command_controller.hpp
-- Symlinking: /home/harry/cmu/capstone/calibration_ws/lbr-stack/src/install/lbr_ros2_control/include/lbr_ros2_control/controllers/lbr_wrench_command_controller.hpp
-- Symlinking: /home/harry/cmu/capstone/calibration_ws/lbr-stack/src/install/lbr_ros2_control/include/lbr_ros2_control/controllers/twist_controller.hpp
-- Symlinking: /home/harry/cmu/capstone/calibration_ws/lbr-stack/src/install/lbr_ros2_control/include/lbr_ros2_control/system_interface.hpp
-- Symlinking: /home/harry/cmu/capstone/calibration_ws/lbr-stack/src/install/lbr_ros2_control/include/lbr_ros2_control/system_interface_type_values.hpp
-- Symlinking: /home/harry/cmu/capstone/calibration_ws/lbr-stack/src/install/lbr_ros2_control/share/ament_index/resource_index/package_run_dependencies/lbr_ros2_control
-- Symlinking: /home/harry/cmu/capstone/calibration_ws/lbr-stack/src/install/lbr_ros2_control/share/ament_index/resource_index/parent_prefix_path/lbr_ros2_control
-- Symlinking: /home/harry/cmu/capstone/calibration_ws/lbr-stack/src/install/lbr_ros2_control/share/lbr_ros2_control/environment/ament_prefix_path.sh
-- Symlinking: /home/harry/cmu/capstone/calibration_ws/lbr-stack/src/install/lbr_ros2_control/share/lbr_ros2_control/environment/ament_prefix_path.dsv
-- Symlinking: /home/harry/cmu/capstone/calibration_ws/lbr-stack/src/install/lbr_ros2_control/share/lbr_ros2_control/environment/path.sh
-- Symlinking: /home/harry/cmu/capstone/calibration_ws/lbr-stack/src/install/lbr_ros2_control/share/lbr_ros2_control/environment/path.dsv
-- Symlinking: /home/harry/cmu/capstone/calibration_ws/lbr-stack/src/install/lbr_ros2_control/share/lbr_ros2_control/local_setup.bash
-- Symlinking: /home/harry/cmu/capstone/calibration_ws/lbr-stack/src/install/lbr_ros2_control/share/lbr_ros2_control/local_setup.sh
-- Symlinking: /home/harry/cmu/capstone/calibration_ws/lbr-stack/src/install/lbr_ros2_control/share/lbr_ros2_control/local_setup.zsh
-- Symlinking: /home/harry/cmu/capstone/calibration_ws/lbr-stack/src/install/lbr_ros2_control/share/lbr_ros2_control/local_setup.dsv
-- Symlinking: /home/harry/cmu/capstone/calibration_ws/lbr-stack/src/install/lbr_ros2_control/share/lbr_ros2_control/package.dsv
-- Symlinking: /home/harry/cmu/capstone/calibration_ws/lbr-stack/src/install/lbr_ros2_control/share/ament_index/resource_index/packages/lbr_ros2_control
-- Symlinking: /home/harry/cmu/capstone/calibration_ws/lbr-stack/src/install/lbr_ros2_control/share/ament_index/resource_index/controller_interface__pluginlib__plugin/lbr_ros2_control
-- Symlinking: /home/harry/cmu/capstone/calibration_ws/lbr-stack/src/install/lbr_ros2_control/share/ament_index/resource_index/hardware_interface__pluginlib__plugin/lbr_ros2_control
-- Symlinking: /home/harry/cmu/capstone/calibration_ws/lbr-stack/src/install/lbr_ros2_control/share/lbr_ros2_control/cmake/ament_cmake_export_targets-extras.cmake
-- Symlinking: /home/harry/cmu/capstone/calibration_ws/lbr-stack/src/install/lbr_ros2_control/share/lbr_ros2_control/cmake/ament_cmake_export_dependencies-extras.cmake
-- Symlinking: /home/harry/cmu/capstone/calibration_ws/lbr-stack/src/install/lbr_ros2_control/share/lbr_ros2_control/cmake/lbr_ros2_controlConfig.cmake
-- Symlinking: /home/harry/cmu/capstone/calibration_ws/lbr-stack/src/install/lbr_ros2_control/share/lbr_ros2_control/cmake/lbr_ros2_controlConfig-version.cmake
-- Symlinking: /home/harry/cmu/capstone/calibration_ws/lbr-stack/src/install/lbr_ros2_control/share/lbr_ros2_control/package.xml
-- Installing: /home/harry/cmu/capstone/calibration_ws/lbr-stack/src/install/lbr_ros2_control/lib/lbr_ros2_control/liblbr_ros2_control.so
-- Set runtime path of "/home/harry/cmu/capstone/calibration_ws/lbr-stack/src/install/lbr_ros2_control/lib/lbr_ros2_control/liblbr_ros2_control.so" to ""
-- Installing: /home/harry/cmu/capstone/calibration_ws/lbr-stack/src/install/lbr_ros2_control/share/lbr_ros2_control/cmake/lbr_ros2_control_exportExport.cmake
-- Installing: /home/harry/cmu/capstone/calibration_ws/lbr-stack/src/install/lbr_ros2_control/share/lbr_ros2_control/cmake/lbr_ros2_control_exportExport-release.cmake
