[0.015s] Invoking command in '/home/harry/cmu/capstone/calibration_ws/build/iiwa7_moveit_config': AMENT_PREFIX_PATH=/home/harry/cmu/capstone/calibration_ws/install/lbr_description:${AMENT_PREFIX_PATH} CMAKE_PREFIX_PATH=/home/harry/cmu/capstone/calibration_ws/install/lbr_description:/home/harry/cmu/capstone/calibration_ws/lbr-stack/install/fri_client_sdk:/home/harry/cmu/capstone/calibration_ws/handeye_calibration_ws/src/install/handeye_realsense:/opt/ros/humble /usr/bin/cmake /home/harry/cmu/capstone/calibration_ws/lbr-stack/src/lbr_fri_ros2_stack/lbr_moveit_config/iiwa7_moveit_config -DAMENT_CMAKE_SYMLINK_INSTALL=1 -DCMAKE_INSTALL_PREFIX=/home/harry/cmu/capstone/calibration_ws/install/iiwa7_moveit_config
[0.067s] -- The C compiler identification is GNU 11.4.0
[0.117s] -- The CXX compiler identification is GNU 11.4.0
[0.124s] -- Detecting C compiler ABI info
[0.190s] -- Detecting C compiler ABI info - done
[0.195s] -- Check for working C compiler: /usr/bin/cc - skipped
[0.195s] -- Detecting C compile features
[0.196s] -- Detecting C compile features - done
[0.198s] -- Detecting CXX compiler ABI info
[0.271s] -- Detecting CXX compiler ABI info - done
[0.277s] -- Check for working CXX compiler: /usr/bin/c++ - skipped
[0.277s] -- Detecting CXX compile features
[0.278s] -- Detecting CXX compile features - done
[0.280s] -- Found ament_cmake: 1.3.11 (/opt/ros/humble/share/ament_cmake/cmake)
[0.412s] -- Found Python3: /usr/bin/python3 (found version "3.10.12") found components: Interpreter 
[0.468s] -- Override CMake install command with custom implementation using symlinks instead of copying resources
[0.554s] -- Configuring done
[0.559s] -- Generating done
[0.560s] -- Build files have been written to: /home/harry/cmu/capstone/calibration_ws/build/iiwa7_moveit_config
[0.567s] Invoked command in '/home/harry/cmu/capstone/calibration_ws/build/iiwa7_moveit_config' returned '0': AMENT_PREFIX_PATH=/home/harry/cmu/capstone/calibration_ws/install/lbr_description:${AMENT_PREFIX_PATH} CMAKE_PREFIX_PATH=/home/harry/cmu/capstone/calibration_ws/install/lbr_description:/home/harry/cmu/capstone/calibration_ws/lbr-stack/install/fri_client_sdk:/home/harry/cmu/capstone/calibration_ws/handeye_calibration_ws/src/install/handeye_realsense:/opt/ros/humble /usr/bin/cmake /home/harry/cmu/capstone/calibration_ws/lbr-stack/src/lbr_fri_ros2_stack/lbr_moveit_config/iiwa7_moveit_config -DAMENT_CMAKE_SYMLINK_INSTALL=1 -DCMAKE_INSTALL_PREFIX=/home/harry/cmu/capstone/calibration_ws/install/iiwa7_moveit_config
[0.569s] Invoking command in '/home/harry/cmu/capstone/calibration_ws/build/iiwa7_moveit_config': AMENT_PREFIX_PATH=/home/harry/cmu/capstone/calibration_ws/install/lbr_description:${AMENT_PREFIX_PATH} CMAKE_PREFIX_PATH=/home/harry/cmu/capstone/calibration_ws/install/lbr_description:/home/harry/cmu/capstone/calibration_ws/lbr-stack/install/fri_client_sdk:/home/harry/cmu/capstone/calibration_ws/handeye_calibration_ws/src/install/handeye_realsense:/opt/ros/humble /usr/bin/cmake --build /home/harry/cmu/capstone/calibration_ws/build/iiwa7_moveit_config -- -j16 -l16
[0.603s] Invoked command in '/home/harry/cmu/capstone/calibration_ws/build/iiwa7_moveit_config' returned '0': AMENT_PREFIX_PATH=/home/harry/cmu/capstone/calibration_ws/install/lbr_description:${AMENT_PREFIX_PATH} CMAKE_PREFIX_PATH=/home/harry/cmu/capstone/calibration_ws/install/lbr_description:/home/harry/cmu/capstone/calibration_ws/lbr-stack/install/fri_client_sdk:/home/harry/cmu/capstone/calibration_ws/handeye_calibration_ws/src/install/handeye_realsense:/opt/ros/humble /usr/bin/cmake --build /home/harry/cmu/capstone/calibration_ws/build/iiwa7_moveit_config -- -j16 -l16
[0.604s] Invoking command in '/home/harry/cmu/capstone/calibration_ws/build/iiwa7_moveit_config': AMENT_PREFIX_PATH=/home/harry/cmu/capstone/calibration_ws/install/lbr_description:${AMENT_PREFIX_PATH} CMAKE_PREFIX_PATH=/home/harry/cmu/capstone/calibration_ws/install/lbr_description:/home/harry/cmu/capstone/calibration_ws/lbr-stack/install/fri_client_sdk:/home/harry/cmu/capstone/calibration_ws/handeye_calibration_ws/src/install/handeye_realsense:/opt/ros/humble /usr/bin/cmake --install /home/harry/cmu/capstone/calibration_ws/build/iiwa7_moveit_config
[0.611s] -- Install configuration: ""
[0.611s] -- Execute custom install script
[0.611s] -- Symlinking: /home/harry/cmu/capstone/calibration_ws/install/iiwa7_moveit_config/share/ament_index/resource_index/package_run_dependencies/iiwa7_moveit_config
[0.621s] -- Symlinking: /home/harry/cmu/capstone/calibration_ws/install/iiwa7_moveit_config/share/ament_index/resource_index/parent_prefix_path/iiwa7_moveit_config
[0.631s] -- Symlinking: /home/harry/cmu/capstone/calibration_ws/install/iiwa7_moveit_config/share/iiwa7_moveit_config/environment/ament_prefix_path.sh
[0.640s] -- Symlinking: /home/harry/cmu/capstone/calibration_ws/install/iiwa7_moveit_config/share/iiwa7_moveit_config/environment/ament_prefix_path.dsv
[0.649s] -- Symlinking: /home/harry/cmu/capstone/calibration_ws/install/iiwa7_moveit_config/share/iiwa7_moveit_config/environment/path.sh
[0.658s] -- Symlinking: /home/harry/cmu/capstone/calibration_ws/install/iiwa7_moveit_config/share/iiwa7_moveit_config/environment/path.dsv
[0.667s] -- Symlinking: /home/harry/cmu/capstone/calibration_ws/install/iiwa7_moveit_config/share/iiwa7_moveit_config/local_setup.bash
[0.675s] -- Symlinking: /home/harry/cmu/capstone/calibration_ws/install/iiwa7_moveit_config/share/iiwa7_moveit_config/local_setup.sh
[0.685s] -- Symlinking: /home/harry/cmu/capstone/calibration_ws/install/iiwa7_moveit_config/share/iiwa7_moveit_config/local_setup.zsh
[0.693s] -- Symlinking: /home/harry/cmu/capstone/calibration_ws/install/iiwa7_moveit_config/share/iiwa7_moveit_config/local_setup.dsv
[0.702s] -- Symlinking: /home/harry/cmu/capstone/calibration_ws/install/iiwa7_moveit_config/share/iiwa7_moveit_config/package.dsv
[0.711s] -- Symlinking: /home/harry/cmu/capstone/calibration_ws/install/iiwa7_moveit_config/share/ament_index/resource_index/packages/iiwa7_moveit_config
[0.720s] -- Symlinking: /home/harry/cmu/capstone/calibration_ws/install/iiwa7_moveit_config/share/iiwa7_moveit_config/cmake/iiwa7_moveit_configConfig.cmake
[0.730s] -- Symlinking: /home/harry/cmu/capstone/calibration_ws/install/iiwa7_moveit_config/share/iiwa7_moveit_config/cmake/iiwa7_moveit_configConfig-version.cmake
[0.739s] -- Symlinking: /home/harry/cmu/capstone/calibration_ws/install/iiwa7_moveit_config/share/iiwa7_moveit_config/package.xml
[0.748s] -- Symlinking: /home/harry/cmu/capstone/calibration_ws/install/iiwa7_moveit_config/share/iiwa7_moveit_config/launch/move_group.launch.py
[0.757s] -- Symlinking: /home/harry/cmu/capstone/calibration_ws/install/iiwa7_moveit_config/share/iiwa7_moveit_config/launch/moveit_rviz.launch.py
[0.765s] -- Symlinking: /home/harry/cmu/capstone/calibration_ws/install/iiwa7_moveit_config/share/iiwa7_moveit_config/launch/setup_assistant.launch.py
[0.774s] -- Symlinking: /home/harry/cmu/capstone/calibration_ws/install/iiwa7_moveit_config/share/iiwa7_moveit_config/config/iiwa7.srdf
[0.782s] -- Symlinking: /home/harry/cmu/capstone/calibration_ws/install/iiwa7_moveit_config/share/iiwa7_moveit_config/config/joint_limits.yaml
[0.791s] -- Symlinking: /home/harry/cmu/capstone/calibration_ws/install/iiwa7_moveit_config/share/iiwa7_moveit_config/config/kinematics.yaml
[0.800s] -- Symlinking: /home/harry/cmu/capstone/calibration_ws/install/iiwa7_moveit_config/share/iiwa7_moveit_config/config/moveit.rviz
[0.809s] -- Symlinking: /home/harry/cmu/capstone/calibration_ws/install/iiwa7_moveit_config/share/iiwa7_moveit_config/config/moveit_controllers.yaml
[0.817s] -- Symlinking: /home/harry/cmu/capstone/calibration_ws/install/iiwa7_moveit_config/share/iiwa7_moveit_config/config/pilz_cartesian_limits.yaml
[0.826s] -- Symlinking: /home/harry/cmu/capstone/calibration_ws/install/iiwa7_moveit_config/share/iiwa7_moveit_config/.setup_assistant
[0.848s] Invoked command in '/home/harry/cmu/capstone/calibration_ws/build/iiwa7_moveit_config' returned '0': AMENT_PREFIX_PATH=/home/harry/cmu/capstone/calibration_ws/install/lbr_description:${AMENT_PREFIX_PATH} CMAKE_PREFIX_PATH=/home/harry/cmu/capstone/calibration_ws/install/lbr_description:/home/harry/cmu/capstone/calibration_ws/lbr-stack/install/fri_client_sdk:/home/harry/cmu/capstone/calibration_ws/handeye_calibration_ws/src/install/handeye_realsense:/opt/ros/humble /usr/bin/cmake --install /home/harry/cmu/capstone/calibration_ws/build/iiwa7_moveit_config
