[0.803s] Invoking command in '/home/harry/cmu/capstone/calibration_ws/build/lbr_moveit_cpp': CMAKE_PREFIX_PATH=${CMAKE_PREFIX_PATH}:/home/harry/cmu/capstone/calibration_ws/handeye_calibration_ws/src/install/handeye_realsense:/opt/ros/humble /usr/bin/cmake /home/harry/cmu/capstone/calibration_ws/lbr-stack/src/lbr_fri_ros2_stack/lbr_demos/lbr_moveit_cpp -DAMENT_CMAKE_SYMLINK_INSTALL=1 -DCMAKE_INSTALL_PREFIX=/home/harry/cmu/capstone/calibration_ws/install/lbr_moveit_cpp
[0.864s] -- The C compiler identification is GNU 11.4.0
[0.960s] -- The CXX compiler identification is GNU 11.4.0
[0.972s] -- Detecting C compiler ABI info
[1.071s] -- Detecting C compiler ABI info - done
[1.083s] -- Check for working C compiler: /usr/bin/cc - skipped
[1.083s] -- Detecting C compile features
[1.083s] -- Detecting C compile features - done
[1.088s] -- Detecting CXX compiler ABI info
[1.172s] -- Detecting CXX compiler ABI info - done
[1.178s] -- Check for working CXX compiler: /usr/bin/c++ - skipped
[1.179s] -- Detecting CXX compile features
[1.179s] -- Detecting CXX compile features - done
[1.182s] -- Found ament_cmake: 1.3.11 (/opt/ros/humble/share/ament_cmake/cmake)
[1.332s] -- Found Python3: /usr/bin/python3 (found version "3.10.12") found components: Interpreter 
[1.392s] -- Override CMake install command with custom implementation using symlinks instead of copying resources
[1.422s] -- Found geometry_msgs: 4.2.4 (/opt/ros/humble/share/geometry_msgs/cmake)
[1.460s] -- Found rosidl_generator_c: 3.1.6 (/opt/ros/humble/share/rosidl_generator_c/cmake)
[1.466s] -- Found rosidl_adapter: 3.1.6 (/opt/ros/humble/share/rosidl_adapter/cmake)
[1.474s] -- Found rosidl_generator_cpp: 3.1.6 (/opt/ros/humble/share/rosidl_generator_cpp/cmake)
[1.485s] -- Using all available rosidl_typesupport_c: rosidl_typesupport_fastrtps_c;rosidl_typesupport_introspection_c
[1.501s] -- Using all available rosidl_typesupport_cpp: rosidl_typesupport_fastrtps_cpp;rosidl_typesupport_introspection_cpp
[1.537s] -- Found moveit_ros_planning_interface: 2.5.8 (/opt/ros/humble/share/moveit_ros_planning_interface/cmake)
[1.711s] -- Found Boost: /usr/lib/x86_64-linux-gnu/cmake/Boost-1.74.0/BoostConfig.cmake (found version "1.74.0") found components: date_time filesystem program_options system thread 
[1.842s] -- Found Boost: /usr/lib/x86_64-linux-gnu/cmake/Boost-1.74.0/BoostConfig.cmake (found version "1.74.0") found components: chrono date_time filesystem iostreams program_options regex serialization system thread 
[1.886s] -- Found parameter_traits: 0.4.0 (/opt/ros/humble/share/parameter_traits/cmake)
[1.923s] -- Found rmw_implementation_cmake: 6.1.2 (/opt/ros/humble/share/rmw_implementation_cmake/cmake)
[1.926s] -- Found rmw_fastrtps_cpp: 6.2.7 (/opt/ros/humble/share/rmw_fastrtps_cpp/cmake)
[2.027s] -- Found OpenSSL: /usr/lib/x86_64-linux-gnu/libcrypto.so (found version "3.0.2")  
[2.055s] -- Found FastRTPS: /opt/ros/humble/include  
[2.099s] -- Using RMW implementation 'rmw_fastrtps_cpp' as default
[2.108s] -- Found Threads: TRUE  
[2.148s] -- Found Eigen3: TRUE (found version "3.4.0") 
[2.151s] -- Found rclcpp_lifecycle: 16.0.11 (/opt/ros/humble/share/rclcpp_lifecycle/cmake)
[2.174s] -- Found Boost: /usr/lib/x86_64-linux-gnu/cmake/Boost-1.74.0/BoostConfig.cmake (found version "1.74.0") found components: filesystem 
[2.280s] -- library: /usr/lib/x86_64-linux-gnu/libcurl.so
[2.309s] -- Ensuring Eigen3 include directory is part of orocos-kdl CMake target
[2.433s] -- Found Boost: /usr/lib/x86_64-linux-gnu/cmake/Boost-1.74.0/BoostConfig.cmake (found version "1.74.0") found components: system filesystem date_time program_options thread chrono 
[2.460s] -- Found Boost: /usr/lib/x86_64-linux-gnu/cmake/Boost-1.74.0/BoostConfig.cmake (found version "1.74.0") found components: thread system filesystem regex date_time program_options 
[2.480s] -- Found Boost: /usr/lib/x86_64-linux-gnu/cmake/Boost-1.74.0/BoostConfig.cmake (found version "1.74.0") found components: system filesystem date_time program_options thread 
[2.563s] -- Configuring done
[2.592s] -- Generating done
[2.599s] -- Build files have been written to: /home/harry/cmu/capstone/calibration_ws/build/lbr_moveit_cpp
[2.617s] Invoked command in '/home/harry/cmu/capstone/calibration_ws/build/lbr_moveit_cpp' returned '0': CMAKE_PREFIX_PATH=${CMAKE_PREFIX_PATH}:/home/harry/cmu/capstone/calibration_ws/handeye_calibration_ws/src/install/handeye_realsense:/opt/ros/humble /usr/bin/cmake /home/harry/cmu/capstone/calibration_ws/lbr-stack/src/lbr_fri_ros2_stack/lbr_demos/lbr_moveit_cpp -DAMENT_CMAKE_SYMLINK_INSTALL=1 -DCMAKE_INSTALL_PREFIX=/home/harry/cmu/capstone/calibration_ws/install/lbr_moveit_cpp
[2.619s] Invoking command in '/home/harry/cmu/capstone/calibration_ws/build/lbr_moveit_cpp': CMAKE_PREFIX_PATH=${CMAKE_PREFIX_PATH}:/home/harry/cmu/capstone/calibration_ws/handeye_calibration_ws/src/install/handeye_realsense:/opt/ros/humble /usr/bin/cmake --build /home/harry/cmu/capstone/calibration_ws/build/lbr_moveit_cpp -- -j16 -l16
[2.668s] [ 50%] [32mBuilding CXX object CMakeFiles/hello_moveit.dir/src/hello_moveit.cpp.o[0m
[9.408s] [100%] [32m[1mLinking CXX executable hello_moveit[0m
[9.667s] [100%] Built target hello_moveit
[9.676s] Invoked command in '/home/harry/cmu/capstone/calibration_ws/build/lbr_moveit_cpp' returned '0': CMAKE_PREFIX_PATH=${CMAKE_PREFIX_PATH}:/home/harry/cmu/capstone/calibration_ws/handeye_calibration_ws/src/install/handeye_realsense:/opt/ros/humble /usr/bin/cmake --build /home/harry/cmu/capstone/calibration_ws/build/lbr_moveit_cpp -- -j16 -l16
[9.678s] Invoking command in '/home/harry/cmu/capstone/calibration_ws/build/lbr_moveit_cpp': CMAKE_PREFIX_PATH=${CMAKE_PREFIX_PATH}:/home/harry/cmu/capstone/calibration_ws/handeye_calibration_ws/src/install/handeye_realsense:/opt/ros/humble /usr/bin/cmake --install /home/harry/cmu/capstone/calibration_ws/build/lbr_moveit_cpp
[9.683s] -- Install configuration: "Release"
[9.684s] -- Execute custom install script
[9.685s] -- Symlinking: /home/harry/cmu/capstone/calibration_ws/install/lbr_moveit_cpp/share/lbr_moveit_cpp/launch/hello_moveit.launch.py
[9.692s] -- Symlinking: /home/harry/cmu/capstone/calibration_ws/install/lbr_moveit_cpp/lib/lbr_moveit_cpp/hello_moveit
[9.700s] -- Symlinking: /home/harry/cmu/capstone/calibration_ws/install/lbr_moveit_cpp/share/ament_index/resource_index/package_run_dependencies/lbr_moveit_cpp
[9.708s] -- Symlinking: /home/harry/cmu/capstone/calibration_ws/install/lbr_moveit_cpp/share/ament_index/resource_index/parent_prefix_path/lbr_moveit_cpp
[9.715s] -- Symlinking: /home/harry/cmu/capstone/calibration_ws/install/lbr_moveit_cpp/share/lbr_moveit_cpp/environment/ament_prefix_path.sh
[9.725s] -- Symlinking: /home/harry/cmu/capstone/calibration_ws/install/lbr_moveit_cpp/share/lbr_moveit_cpp/environment/ament_prefix_path.dsv
[9.733s] -- Symlinking: /home/harry/cmu/capstone/calibration_ws/install/lbr_moveit_cpp/share/lbr_moveit_cpp/environment/path.sh
[9.740s] -- Symlinking: /home/harry/cmu/capstone/calibration_ws/install/lbr_moveit_cpp/share/lbr_moveit_cpp/environment/path.dsv
[9.748s] -- Symlinking: /home/harry/cmu/capstone/calibration_ws/install/lbr_moveit_cpp/share/lbr_moveit_cpp/local_setup.bash
[9.755s] -- Symlinking: /home/harry/cmu/capstone/calibration_ws/install/lbr_moveit_cpp/share/lbr_moveit_cpp/local_setup.sh
[9.763s] -- Symlinking: /home/harry/cmu/capstone/calibration_ws/install/lbr_moveit_cpp/share/lbr_moveit_cpp/local_setup.zsh
[9.770s] -- Symlinking: /home/harry/cmu/capstone/calibration_ws/install/lbr_moveit_cpp/share/lbr_moveit_cpp/local_setup.dsv
[9.778s] -- Symlinking: /home/harry/cmu/capstone/calibration_ws/install/lbr_moveit_cpp/share/lbr_moveit_cpp/package.dsv
[9.786s] -- Symlinking: /home/harry/cmu/capstone/calibration_ws/install/lbr_moveit_cpp/share/ament_index/resource_index/packages/lbr_moveit_cpp
[9.793s] -- Symlinking: /home/harry/cmu/capstone/calibration_ws/install/lbr_moveit_cpp/share/lbr_moveit_cpp/cmake/lbr_moveit_cppConfig.cmake
[9.801s] -- Symlinking: /home/harry/cmu/capstone/calibration_ws/install/lbr_moveit_cpp/share/lbr_moveit_cpp/cmake/lbr_moveit_cppConfig-version.cmake
[9.809s] -- Symlinking: /home/harry/cmu/capstone/calibration_ws/install/lbr_moveit_cpp/share/lbr_moveit_cpp/package.xml
[9.817s] Invoked command in '/home/harry/cmu/capstone/calibration_ws/build/lbr_moveit_cpp' returned '0': CMAKE_PREFIX_PATH=${CMAKE_PREFIX_PATH}:/home/harry/cmu/capstone/calibration_ws/handeye_calibration_ws/src/install/handeye_realsense:/opt/ros/humble /usr/bin/cmake --install /home/harry/cmu/capstone/calibration_ws/build/lbr_moveit_cpp
