[0.017s] Invoking command in '/home/harry/cmu/capstone/calibration_ws/lbr-stack/build/lbr_description': CMAKE_PREFIX_PATH=/opt/ros/humble /usr/bin/cmake /home/harry/cmu/capstone/calibration_ws/lbr-stack/src/lbr_fri_ros2_stack/lbr_description -DAMENT_CMAKE_SYMLINK_INSTALL=1 -DCMAKE_INSTALL_PREFIX=/home/harry/cmu/capstone/calibration_ws/lbr-stack/install/lbr_description
[0.219s] -- Found ament_cmake: 1.3.11 (/opt/ros/humble/share/ament_cmake/cmake)
[0.219s] -- Override CMake install command with custom implementation using symlinks instead of copying resources
[0.220s] -- Found ament_cmake_pytest: 1.3.11 (/opt/ros/humble/share/ament_cmake_pytest/cmake)
[0.329s] [33mCMake Warning at /opt/ros/humble/share/ament_cmake_pytest/cmake/ament_add_pytest_test.cmake:79 (message):
[0.329s]   The Python module 'pytest' was not found, pytests cannot be run.  On Linux,
[0.329s]   install the 'python3-pytest' package.  On other platforms, install 'pytest'
[0.329s]   using pip.
[0.329s] Call Stack (most recent call first):
[0.329s]   CMakeLists.txt:21 (ament_add_pytest_test)
[0.330s] 
[0.330s] [0m
[0.347s] Traceback (most recent call last):
[0.347s]   File "/opt/ros/humble/share/ament_cmake_core/cmake/core/package_xml_2_cmake.py", line 22, in <module>
[0.347s]     from catkin_pkg.package import parse_package_string
[0.347s] ModuleNotFoundError: No module named 'catkin_pkg'
[0.350s] [31mCMake Error at /opt/ros/humble/share/ament_cmake_core/cmake/core/ament_package_xml.cmake:95 (message):
[0.350s]   execute_process(/home/harry/miniconda3/bin/python3
[0.350s]   /opt/ros/humble/share/ament_cmake_core/cmake/core/package_xml_2_cmake.py
[0.350s]   /home/harry/cmu/capstone/calibration_ws/lbr-stack/src/lbr_fri_ros2_stack/lbr_description/package.xml
[0.350s]   /home/harry/cmu/capstone/calibration_ws/lbr-stack/build/lbr_description/ament_cmake_core/package.cmake)
[0.350s]   returned error code 1
[0.350s] Call Stack (most recent call first):
[0.350s]   /opt/ros/humble/share/ament_cmake_core/cmake/core/ament_package_xml.cmake:49 (_ament_package_xml)
[0.351s]   /opt/ros/humble/share/ament_cmake_core/cmake/core/ament_package.cmake:63 (ament_package_xml)
[0.351s]   CMakeLists.txt:24 (ament_package)
[0.351s] 
[0.351s] [0m
[0.351s] -- Configuring incomplete, errors occurred!
[0.351s] See also "/home/harry/cmu/capstone/calibration_ws/lbr-stack/build/lbr_description/CMakeFiles/CMakeOutput.log".
[0.353s] Invoked command in '/home/harry/cmu/capstone/calibration_ws/lbr-stack/build/lbr_description' returned '1': CMAKE_PREFIX_PATH=/opt/ros/humble /usr/bin/cmake /home/harry/cmu/capstone/calibration_ws/lbr-stack/src/lbr_fri_ros2_stack/lbr_description -DAMENT_CMAKE_SYMLINK_INSTALL=1 -DCMAKE_INSTALL_PREFIX=/home/harry/cmu/capstone/calibration_ws/lbr-stack/install/lbr_description
