[1.546s] Invoking command in '/home/harry/cmu/capstone/calibration_ws/build/handeye_ak': PYTHONPATH=/home/harry/cmu/capstone/calibration_ws/build/handeye_ak/prefix_override:/usr/lib/python3/dist-packages/colcon_core/task/python/colcon_distutils_commands:/home/harry/cmu/capstone/calibration_ws/install/handeye_ak/lib/python3.10/site-packages:${PYTHONPATH} /usr/bin/python3 -W ignore:setup.py install is deprecated -W ignore:easy_install command is deprecated setup.py develop --editable --build-directory /home/harry/cmu/capstone/calibration_ws/build/handeye_ak/build --no-deps symlink_data
[1.813s] running develop
[2.080s] running egg_info
[2.080s] writing handeye_ak.egg-info/PKG-INFO
[2.080s] writing dependency_links to handeye_ak.egg-info/dependency_links.txt
[2.081s] writing entry points to handeye_ak.egg-info/entry_points.txt
[2.081s] writing requirements to handeye_ak.egg-info/requires.txt
[2.081s] writing top-level names to handeye_ak.egg-info/top_level.txt
[2.083s] reading manifest file 'handeye_ak.egg-info/SOURCES.txt'
[2.084s] writing manifest file 'handeye_ak.egg-info/SOURCES.txt'
[2.085s] running build_ext
[2.085s] Creating /home/harry/cmu/capstone/calibration_ws/install/handeye_ak/lib/python3.10/site-packages/handeye-ak.egg-link (link to .)
[2.086s] Installing aruco script to /home/harry/cmu/capstone/calibration_ws/install/handeye_ak/lib/handeye_ak
[2.086s] Installing eye2hand script to /home/harry/cmu/capstone/calibration_ws/install/handeye_ak/lib/handeye_ak
[2.086s] Installing handeye script to /home/harry/cmu/capstone/calibration_ws/install/handeye_ak/lib/handeye_ak
[2.087s] Installing robot script to /home/harry/cmu/capstone/calibration_ws/install/handeye_ak/lib/handeye_ak
[2.087s] 
[2.087s] Installed /home/harry/cmu/capstone/calibration_ws/build/handeye_ak
[2.087s] running symlink_data
[2.227s] Invoked command in '/home/harry/cmu/capstone/calibration_ws/build/handeye_ak' returned '0': PYTHONPATH=/home/harry/cmu/capstone/calibration_ws/build/handeye_ak/prefix_override:/usr/lib/python3/dist-packages/colcon_core/task/python/colcon_distutils_commands:/home/harry/cmu/capstone/calibration_ws/install/handeye_ak/lib/python3.10/site-packages:${PYTHONPATH} /usr/bin/python3 -W ignore:setup.py install is deprecated -W ignore:easy_install command is deprecated setup.py develop --editable --build-directory /home/harry/cmu/capstone/calibration_ws/build/handeye_ak/build --no-deps symlink_data
