[0.949s] Invoking command in '/home/harry/cmu/capstone/calibration_ws/handeye_calibration_ws/src/build/camera_calibration': PYTHONPATH=/home/harry/cmu/capstone/calibration_ws/handeye_calibration_ws/src/build/camera_calibration/prefix_override:/usr/lib/python3/dist-packages/colcon_core/task/python/colcon_distutils_commands:/home/harry/cmu/capstone/calibration_ws/handeye_calibration_ws/src/install/camera_calibration/lib/python3.10/site-packages:${PYTHONPATH} /usr/bin/python3 -W ignore:setup.py install is deprecated -W ignore:easy_install command is deprecated setup.py develop --editable --build-directory /home/harry/cmu/capstone/calibration_ws/handeye_calibration_ws/src/build/camera_calibration/build --no-deps symlink_data
[1.160s] running develop
[1.294s] running egg_info
[1.294s] creating camera_calibration.egg-info
[1.294s] writing camera_calibration.egg-info/PKG-INFO
[1.294s] writing dependency_links to camera_calibration.egg-info/dependency_links.txt
[1.294s] writing entry points to camera_calibration.egg-info/entry_points.txt
[1.294s] writing requirements to camera_calibration.egg-info/requires.txt
[1.294s] writing top-level names to camera_calibration.egg-info/top_level.txt
[1.294s] writing manifest file 'camera_calibration.egg-info/SOURCES.txt'
[1.296s] reading manifest file 'camera_calibration.egg-info/SOURCES.txt'
[1.296s] writing manifest file 'camera_calibration.egg-info/SOURCES.txt'
[1.297s] running build_ext
[1.298s] Creating /home/harry/cmu/capstone/calibration_ws/handeye_calibration_ws/src/install/camera_calibration/lib/python3.10/site-packages/camera-calibration.egg-link (link to .)
[1.298s] 
[1.298s] Installed /home/harry/cmu/capstone/calibration_ws/handeye_calibration_ws/src/build/camera_calibration
[1.298s] running symlink_data
[1.298s] creating /home/harry/cmu/capstone/calibration_ws/handeye_calibration_ws/src/install/camera_calibration/share/ament_index
[1.298s] creating /home/harry/cmu/capstone/calibration_ws/handeye_calibration_ws/src/install/camera_calibration/share/ament_index/resource_index
[1.298s] creating /home/harry/cmu/capstone/calibration_ws/handeye_calibration_ws/src/install/camera_calibration/share/ament_index/resource_index/packages
[1.298s] symbolically linking /home/harry/cmu/capstone/calibration_ws/handeye_calibration_ws/src/build/camera_calibration/resource/camera_calibration -> /home/harry/cmu/capstone/calibration_ws/handeye_calibration_ws/src/install/camera_calibration/share/ament_index/resource_index/packages
[1.298s] symbolically linking /home/harry/cmu/capstone/calibration_ws/handeye_calibration_ws/src/build/camera_calibration/package.xml -> /home/harry/cmu/capstone/calibration_ws/handeye_calibration_ws/src/install/camera_calibration/share/camera_calibration
[1.335s] Invoked command in '/home/harry/cmu/capstone/calibration_ws/handeye_calibration_ws/src/build/camera_calibration' returned '0': PYTHONPATH=/home/harry/cmu/capstone/calibration_ws/handeye_calibration_ws/src/build/camera_calibration/prefix_override:/usr/lib/python3/dist-packages/colcon_core/task/python/colcon_distutils_commands:/home/harry/cmu/capstone/calibration_ws/handeye_calibration_ws/src/install/camera_calibration/lib/python3.10/site-packages:${PYTHONPATH} /usr/bin/python3 -W ignore:setup.py install is deprecated -W ignore:easy_install command is deprecated setup.py develop --editable --build-directory /home/harry/cmu/capstone/calibration_ws/handeye_calibration_ws/src/build/camera_calibration/build --no-deps symlink_data
