[0.015s] Invoking command in '/home/harry/cmu/capstone/calibration_ws/lbr-stack/src/build/fri_client_sdk': CMAKE_PREFIX_PATH=/opt/ros/humble /usr/bin/cmake --build /home/harry/cmu/capstone/calibration_ws/lbr-stack/src/build/fri_client_sdk -- -j16 -l16
[0.208s] [35m[1mConsolidate compiler generated dependencies of target FRIClient[0m
[0.208s] [100%] Built target FRIClient
[0.222s] Invoked command in '/home/harry/cmu/capstone/calibration_ws/lbr-stack/src/build/fri_client_sdk' returned '0': CMAKE_PREFIX_PATH=/opt/ros/humble /usr/bin/cmake --build /home/harry/cmu/capstone/calibration_ws/lbr-stack/src/build/fri_client_sdk -- -j16 -l16
[0.223s] Invoking command in '/home/harry/cmu/capstone/calibration_ws/lbr-stack/src/build/fri_client_sdk': CMAKE_PREFIX_PATH=/opt/ros/humble /usr/bin/cmake --install /home/harry/cmu/capstone/calibration_ws/lbr-stack/src/build/fri_client_sdk
[0.228s] -- Install configuration: "Release"
[0.228s] -- Up-to-date: /home/harry/cmu/capstone/calibration_ws/lbr-stack/src/install/fri_client_sdk/lib/libFRIClient.so
[0.228s] -- Up-to-date: /home/harry/cmu/capstone/calibration_ws/lbr-stack/src/install/fri_client_sdk/include
[0.229s] -- Up-to-date: /home/harry/cmu/capstone/calibration_ws/lbr-stack/src/install/fri_client_sdk/include/friClientIf.h
[0.229s] -- Up-to-date: /home/harry/cmu/capstone/calibration_ws/lbr-stack/src/install/fri_client_sdk/include/friLBRState.h
[0.229s] -- Up-to-date: /home/harry/cmu/capstone/calibration_ws/lbr-stack/src/install/fri_client_sdk/include/friLBRClient.h
[0.229s] -- Up-to-date: /home/harry/cmu/capstone/calibration_ws/lbr-stack/src/install/fri_client_sdk/include/friException.h
[0.229s] -- Up-to-date: /home/harry/cmu/capstone/calibration_ws/lbr-stack/src/install/fri_client_sdk/include/friClientVersion.h
[0.229s] -- Up-to-date: /home/harry/cmu/capstone/calibration_ws/lbr-stack/src/install/fri_client_sdk/include/friLBRCommand.h
[0.229s] -- Up-to-date: /home/harry/cmu/capstone/calibration_ws/lbr-stack/src/install/fri_client_sdk/include/friUdpConnection.h
[0.229s] -- Up-to-date: /home/harry/cmu/capstone/calibration_ws/lbr-stack/src/install/fri_client_sdk/include/friConnectionIf.h
[0.229s] -- Up-to-date: /home/harry/cmu/capstone/calibration_ws/lbr-stack/src/install/fri_client_sdk/include/friTransformationClient.h
[0.229s] -- Up-to-date: /home/harry/cmu/capstone/calibration_ws/lbr-stack/src/install/fri_client_sdk/include/friClientApplication.h
[0.229s] -- Up-to-date: /home/harry/cmu/capstone/calibration_ws/lbr-stack/src/install/fri_client_sdk/lib/cmake/FRIClient/FRIClientConfig.cmake
[0.229s] -- Up-to-date: /home/harry/cmu/capstone/calibration_ws/lbr-stack/src/install/fri_client_sdk/lib/cmake/FRIClient/FRIClientConfig-release.cmake
[0.229s] -- Up-to-date: /home/harry/cmu/capstone/calibration_ws/lbr-stack/src/install/fri_client_sdk/lib/cmake/FRIClient/FRIClientConfigVersion.cmake
[0.231s] Invoked command in '/home/harry/cmu/capstone/calibration_ws/lbr-stack/src/build/fri_client_sdk' returned '0': CMAKE_PREFIX_PATH=/opt/ros/humble /usr/bin/cmake --install /home/harry/cmu/capstone/calibration_ws/lbr-stack/src/build/fri_client_sdk
