[0.036s] Invoking command in '/home/harry/cmu/capstone/calibration_ws/build/fri_client_sdk': CMAKE_PREFIX_PATH=${CMAKE_PREFIX_PATH}:/home/harry/cmu/capstone/calibration_ws/install/lbr_demos_py:/home/harry/cmu/capstone/calibration_ws/install/lbr_moveit:/home/harry/cmu/capstone/calibration_ws/install/lbr_demos_advanced_py:/home/harry/cmu/capstone/calibration_ws/install/handeye_realsense:/home/harry/cmu/capstone/calibration_ws/install/handeye_ak:/home/harry/cmu/capstone/calibration_ws/install/camera_calibration:/home/harry/cmu/capstone/calibration_ws/handeye_calibration_ws/src/install/handeye_realsense:/opt/ros/humble /usr/bin/cmake --build /home/harry/cmu/capstone/calibration_ws/build/fri_client_sdk -- -j16 -l16
[0.864s] [35m[1mConsolidate compiler generated dependencies of target FRIClient[0m
[0.864s] [100%] Built target FRIClient
[0.865s] Invoked command in '/home/harry/cmu/capstone/calibration_ws/build/fri_client_sdk' returned '0': CMAKE_PREFIX_PATH=${CMAKE_PREFIX_PATH}:/home/harry/cmu/capstone/calibration_ws/install/lbr_demos_py:/home/harry/cmu/capstone/calibration_ws/install/lbr_moveit:/home/harry/cmu/capstone/calibration_ws/install/lbr_demos_advanced_py:/home/harry/cmu/capstone/calibration_ws/install/handeye_realsense:/home/harry/cmu/capstone/calibration_ws/install/handeye_ak:/home/harry/cmu/capstone/calibration_ws/install/camera_calibration:/home/harry/cmu/capstone/calibration_ws/handeye_calibration_ws/src/install/handeye_realsense:/opt/ros/humble /usr/bin/cmake --build /home/harry/cmu/capstone/calibration_ws/build/fri_client_sdk -- -j16 -l16
[0.875s] Invoking command in '/home/harry/cmu/capstone/calibration_ws/build/fri_client_sdk': CMAKE_PREFIX_PATH=${CMAKE_PREFIX_PATH}:/home/harry/cmu/capstone/calibration_ws/install/lbr_demos_py:/home/harry/cmu/capstone/calibration_ws/install/lbr_moveit:/home/harry/cmu/capstone/calibration_ws/install/lbr_demos_advanced_py:/home/harry/cmu/capstone/calibration_ws/install/handeye_realsense:/home/harry/cmu/capstone/calibration_ws/install/handeye_ak:/home/harry/cmu/capstone/calibration_ws/install/camera_calibration:/home/harry/cmu/capstone/calibration_ws/handeye_calibration_ws/src/install/handeye_realsense:/opt/ros/humble /usr/bin/cmake --install /home/harry/cmu/capstone/calibration_ws/build/fri_client_sdk
[0.882s] -- Install configuration: "Release"
[0.882s] -- Up-to-date: /home/harry/cmu/capstone/calibration_ws/install/fri_client_sdk/lib/libFRIClient.so
[0.882s] -- Up-to-date: /home/harry/cmu/capstone/calibration_ws/install/fri_client_sdk/include
[0.882s] -- Up-to-date: /home/harry/cmu/capstone/calibration_ws/install/fri_client_sdk/include/friClientIf.h
[0.882s] -- Up-to-date: /home/harry/cmu/capstone/calibration_ws/install/fri_client_sdk/include/friLBRState.h
[0.882s] -- Up-to-date: /home/harry/cmu/capstone/calibration_ws/install/fri_client_sdk/include/friLBRClient.h
[0.883s] -- Up-to-date: /home/harry/cmu/capstone/calibration_ws/install/fri_client_sdk/include/friException.h
[0.883s] -- Up-to-date: /home/harry/cmu/capstone/calibration_ws/install/fri_client_sdk/include/friClientVersion.h
[0.883s] -- Up-to-date: /home/harry/cmu/capstone/calibration_ws/install/fri_client_sdk/include/friLBRCommand.h
[0.883s] -- Up-to-date: /home/harry/cmu/capstone/calibration_ws/install/fri_client_sdk/include/friUdpConnection.h
[0.883s] -- Up-to-date: /home/harry/cmu/capstone/calibration_ws/install/fri_client_sdk/include/friConnectionIf.h
[0.883s] -- Up-to-date: /home/harry/cmu/capstone/calibration_ws/install/fri_client_sdk/include/friTransformationClient.h
[0.883s] -- Up-to-date: /home/harry/cmu/capstone/calibration_ws/install/fri_client_sdk/include/friClientApplication.h
[0.884s] -- Up-to-date: /home/harry/cmu/capstone/calibration_ws/install/fri_client_sdk/lib/cmake/FRIClient/FRIClientConfig.cmake
[0.884s] -- Up-to-date: /home/harry/cmu/capstone/calibration_ws/install/fri_client_sdk/lib/cmake/FRIClient/FRIClientConfig-release.cmake
[0.884s] -- Up-to-date: /home/harry/cmu/capstone/calibration_ws/install/fri_client_sdk/lib/cmake/FRIClient/FRIClientConfigVersion.cmake
[0.900s] Invoked command in '/home/harry/cmu/capstone/calibration_ws/build/fri_client_sdk' returned '0': CMAKE_PREFIX_PATH=${CMAKE_PREFIX_PATH}:/home/harry/cmu/capstone/calibration_ws/install/lbr_demos_py:/home/harry/cmu/capstone/calibration_ws/install/lbr_moveit:/home/harry/cmu/capstone/calibration_ws/install/lbr_demos_advanced_py:/home/harry/cmu/capstone/calibration_ws/install/handeye_realsense:/home/harry/cmu/capstone/calibration_ws/install/handeye_ak:/home/harry/cmu/capstone/calibration_ws/install/camera_calibration:/home/harry/cmu/capstone/calibration_ws/handeye_calibration_ws/src/install/handeye_realsense:/opt/ros/humble /usr/bin/cmake --install /home/harry/cmu/capstone/calibration_ws/build/fri_client_sdk
