[0.017s] Invoking command in '/home/harry/cmu/capstone/calibration_ws/lbr-stack/build/lbr_description': CMAKE_PREFIX_PATH=${CMAKE_PREFIX_PATH}:/home/harry/cmu/capstone/calibration_ws/handeye_calibration_ws/src/install/handeye_realsense:/opt/ros/humble CONDA_PROMPT_MODIFIER=(base) /usr/bin/cmake /home/harry/cmu/capstone/calibration_ws/lbr-stack/src/lbr_fri_ros2_stack/lbr_description -DAMENT_CMAKE_SYMLINK_INSTALL=1 -DCMAKE_INSTALL_PREFIX=/home/harry/cmu/capstone/calibration_ws/lbr-stack/install/lbr_description
[0.216s] -- The C compiler identification is GNU 11.4.0
[0.217s] -- The CXX compiler identification is GNU 11.4.0
[0.217s] -- Detecting C compiler ABI info
[0.217s] -- Detecting C compiler ABI info - done
[0.217s] -- Check for working C compiler: /usr/bin/cc - skipped
[0.217s] -- Detecting C compile features
[0.217s] -- Detecting C compile features - done
[0.217s] -- Detecting CXX compiler ABI info
[0.246s] -- Detecting CXX compiler ABI info - done
[0.252s] -- Check for working CXX compiler: /usr/bin/c++ - skipped
[0.252s] -- Detecting CXX compile features
[0.252s] -- Detecting CXX compile features - done
[0.254s] -- Found ament_cmake: 1.3.11 (/opt/ros/humble/share/ament_cmake/cmake)
[0.625s] -- Found Python3: /home/harry/miniconda3/bin/python3 (found version "3.12.8") found components: Interpreter 
[0.687s] -- Override CMake install command with custom implementation using symlinks instead of copying resources
[0.714s] -- Found ament_cmake_pytest: 1.3.11 (/opt/ros/humble/share/ament_cmake_pytest/cmake)
[0.900s] [33mCMake Warning at /opt/ros/humble/share/ament_cmake_pytest/cmake/ament_add_pytest_test.cmake:79 (message):
[0.900s]   The Python module 'pytest' was not found, pytests cannot be run.  On Linux,
[0.900s]   install the 'python3-pytest' package.  On other platforms, install 'pytest'
[0.900s]   using pip.
[0.900s] Call Stack (most recent call first):
[0.900s]   CMakeLists.txt:21 (ament_add_pytest_test)
[0.900s] 
[0.900s] [0m
[0.916s] Traceback (most recent call last):
[0.916s]   File "/opt/ros/humble/share/ament_cmake_core/cmake/core/package_xml_2_cmake.py", line 22, in <module>
[0.916s]     from catkin_pkg.package import parse_package_string
[0.917s] ModuleNotFoundError: No module named 'catkin_pkg'
[0.919s] [31mCMake Error at /opt/ros/humble/share/ament_cmake_core/cmake/core/ament_package_xml.cmake:95 (message):
[0.919s]   execute_process(/home/harry/miniconda3/bin/python3
[0.919s]   /opt/ros/humble/share/ament_cmake_core/cmake/core/package_xml_2_cmake.py
[0.919s]   /home/harry/cmu/capstone/calibration_ws/lbr-stack/src/lbr_fri_ros2_stack/lbr_description/package.xml
[0.919s]   /home/harry/cmu/capstone/calibration_ws/lbr-stack/build/lbr_description/ament_cmake_core/package.cmake)
[0.920s]   returned error code 1
[0.920s] Call Stack (most recent call first):
[0.920s]   /opt/ros/humble/share/ament_cmake_core/cmake/core/ament_package_xml.cmake:49 (_ament_package_xml)
[0.920s]   /opt/ros/humble/share/ament_cmake_core/cmake/core/ament_package.cmake:63 (ament_package_xml)
[0.920s]   CMakeLists.txt:24 (ament_package)
[0.920s] 
[0.920s] [0m
[0.920s] -- Configuring incomplete, errors occurred!
[0.920s] See also "/home/harry/cmu/capstone/calibration_ws/lbr-stack/build/lbr_description/CMakeFiles/CMakeOutput.log".
[0.924s] Invoked command in '/home/harry/cmu/capstone/calibration_ws/lbr-stack/build/lbr_description' returned '1': CMAKE_PREFIX_PATH=${CMAKE_PREFIX_PATH}:/home/harry/cmu/capstone/calibration_ws/handeye_calibration_ws/src/install/handeye_realsense:/opt/ros/humble CONDA_PROMPT_MODIFIER=(base) /usr/bin/cmake /home/harry/cmu/capstone/calibration_ws/lbr-stack/src/lbr_fri_ros2_stack/lbr_description -DAMENT_CMAKE_SYMLINK_INSTALL=1 -DCMAKE_INSTALL_PREFIX=/home/harry/cmu/capstone/calibration_ws/lbr-stack/install/lbr_description
