[0.081s] DEBUG:colcon:Command line arguments: ['/usr/bin/colcon', 'build', '--symlink-install']
[0.081s] DEBUG:colcon:Parsed command line arguments: Namespace(log_base=None, log_level=None, verb_name='build', build_base='build', install_base='install', merge_install=False, symlink_install=True, test_result_base=None, continue_on_error=False, executor='parallel', parallel_workers=16, event_handlers=None, ignore_user_meta=False, metas=['./colcon.meta'], base_paths=['.'], packages_ignore=None, packages_ignore_regex=None, paths=None, packages_up_to=None, packages_up_to_regex=None, packages_above=None, packages_above_and_dependencies=None, packages_above_depth=None, packages_select_by_dep=None, packages_skip_by_dep=None, packages_skip_up_to=None, packages_select_build_failed=False, packages_skip_build_finished=False, packages_select_test_failures=False, packages_skip_test_passed=False, packages_select=None, packages_skip=None, packages_select_regex=None, packages_skip_regex=None, packages_start=None, packages_end=None, allow_overriding=[], cmake_args=None, cmake_target=None, cmake_target_skip_unavailable=False, cmake_clean_cache=False, cmake_clean_first=False, cmake_force_configure=False, ament_cmake_args=None, catkin_cmake_args=None, catkin_skip_building_tests=False, mixin_files=None, mixin=None, verb_parser=<colcon_mixin.mixin.mixin_argument.MixinArgumentDecorator object at 0x7a2aae629d50>, verb_extension=<colcon_core.verb.build.BuildVerb object at 0x7a2aae75ac80>, main=<bound method BuildVerb.main of <colcon_core.verb.build.BuildVerb object at 0x7a2aae75ac80>>, mixin_verb=('build',))
[0.206s] Level 1:colcon.colcon_core.package_discovery:discover_packages(colcon_meta) check parameters
[0.206s] Level 1:colcon.colcon_core.package_discovery:discover_packages(recursive) check parameters
[0.206s] Level 1:colcon.colcon_core.package_discovery:discover_packages(ignore) check parameters
[0.206s] Level 1:colcon.colcon_core.package_discovery:discover_packages(path) check parameters
[0.206s] Level 1:colcon.colcon_core.package_discovery:discover_packages(colcon_meta) discover
[0.207s] Level 1:colcon.colcon_core.package_discovery:discover_packages(recursive) discover
[0.207s] INFO:colcon.colcon_core.package_discovery:Crawling recursively for packages in '/home/harry/cmu/capstone/calibration_ws/lbr-stack'
[0.207s] Level 1:colcon.colcon_core.package_identification:_identify(.) by extensions ['ignore', 'ignore_ament_install']
[0.207s] Level 1:colcon.colcon_core.package_identification:_identify(.) by extension 'ignore'
[0.207s] Level 1:colcon.colcon_core.package_identification:_identify(.) by extension 'ignore_ament_install'
[0.207s] Level 1:colcon.colcon_core.package_identification:_identify(.) by extensions ['colcon_pkg']
[0.207s] Level 1:colcon.colcon_core.package_identification:_identify(.) by extension 'colcon_pkg'
[0.207s] Level 1:colcon.colcon_core.package_identification:_identify(.) by extensions ['colcon_meta']
[0.207s] Level 1:colcon.colcon_core.package_identification:_identify(.) by extension 'colcon_meta'
[0.207s] Level 1:colcon.colcon_core.package_identification:_identify(.) by extensions ['ros']
[0.207s] Level 1:colcon.colcon_core.package_identification:_identify(.) by extension 'ros'
[0.215s] Level 1:colcon.colcon_core.package_identification:_identify(.) by extensions ['cmake', 'python']
[0.215s] Level 1:colcon.colcon_core.package_identification:_identify(.) by extension 'cmake'
[0.215s] Level 1:colcon.colcon_core.package_identification:_identify(.) by extension 'python'
[0.215s] Level 1:colcon.colcon_core.package_identification:_identify(.) by extensions ['python_setup_py']
[0.215s] Level 1:colcon.colcon_core.package_identification:_identify(.) by extension 'python_setup_py'
[0.215s] Level 1:colcon.colcon_core.package_identification:_identify(build) by extensions ['ignore', 'ignore_ament_install']
[0.215s] Level 1:colcon.colcon_core.package_identification:_identify(build) by extension 'ignore'
[0.215s] Level 1:colcon.colcon_core.package_identification:_identify(build) ignored
[0.215s] Level 1:colcon.colcon_core.package_identification:_identify(install) by extensions ['ignore', 'ignore_ament_install']
[0.215s] Level 1:colcon.colcon_core.package_identification:_identify(install) by extension 'ignore'
[0.215s] Level 1:colcon.colcon_core.package_identification:_identify(install) ignored
[0.215s] Level 1:colcon.colcon_core.package_identification:_identify(log) by extensions ['ignore', 'ignore_ament_install']
[0.215s] Level 1:colcon.colcon_core.package_identification:_identify(log) by extension 'ignore'
[0.215s] Level 1:colcon.colcon_core.package_identification:_identify(log) ignored
[0.215s] Level 1:colcon.colcon_core.package_identification:_identify(src) by extensions ['ignore', 'ignore_ament_install']
[0.215s] Level 1:colcon.colcon_core.package_identification:_identify(src) by extension 'ignore'
[0.215s] Level 1:colcon.colcon_core.package_identification:_identify(src) by extension 'ignore_ament_install'
[0.216s] Level 1:colcon.colcon_core.package_identification:_identify(src) by extensions ['colcon_pkg']
[0.216s] Level 1:colcon.colcon_core.package_identification:_identify(src) by extension 'colcon_pkg'
[0.216s] Level 1:colcon.colcon_core.package_identification:_identify(src) by extensions ['colcon_meta']
[0.216s] Level 1:colcon.colcon_core.package_identification:_identify(src) by extension 'colcon_meta'
[0.216s] Level 1:colcon.colcon_core.package_identification:_identify(src) by extensions ['ros']
[0.216s] Level 1:colcon.colcon_core.package_identification:_identify(src) by extension 'ros'
[0.216s] Level 1:colcon.colcon_core.package_identification:_identify(src) by extensions ['cmake', 'python']
[0.216s] Level 1:colcon.colcon_core.package_identification:_identify(src) by extension 'cmake'
[0.216s] Level 1:colcon.colcon_core.package_identification:_identify(src) by extension 'python'
[0.216s] Level 1:colcon.colcon_core.package_identification:_identify(src) by extensions ['python_setup_py']
[0.216s] Level 1:colcon.colcon_core.package_identification:_identify(src) by extension 'python_setup_py'
[0.216s] Level 1:colcon.colcon_core.package_identification:_identify(src/build) by extensions ['ignore', 'ignore_ament_install']
[0.216s] Level 1:colcon.colcon_core.package_identification:_identify(src/build) by extension 'ignore'
[0.216s] Level 1:colcon.colcon_core.package_identification:_identify(src/build) ignored
[0.216s] Level 1:colcon.colcon_core.package_identification:_identify(src/fri) by extensions ['ignore', 'ignore_ament_install']
[0.216s] Level 1:colcon.colcon_core.package_identification:_identify(src/fri) by extension 'ignore'
[0.216s] Level 1:colcon.colcon_core.package_identification:_identify(src/fri) by extension 'ignore_ament_install'
[0.216s] Level 1:colcon.colcon_core.package_identification:_identify(src/fri) by extensions ['colcon_pkg']
[0.216s] Level 1:colcon.colcon_core.package_identification:_identify(src/fri) by extension 'colcon_pkg'
[0.216s] Level 1:colcon.colcon_core.package_identification:_identify(src/fri) by extensions ['colcon_meta']
[0.216s] Level 1:colcon.colcon_core.package_identification:_identify(src/fri) by extension 'colcon_meta'
[0.216s] Level 1:colcon.colcon_core.package_identification:_identify(src/fri) by extensions ['ros']
[0.216s] Level 1:colcon.colcon_core.package_identification:_identify(src/fri) by extension 'ros'
[0.218s] DEBUG:colcon.colcon_core.package_identification:Package 'src/fri' with type 'ros.cmake' and name 'fri_client_sdk'
[0.218s] Level 1:colcon.colcon_core.package_identification:_identify(src/install) by extensions ['ignore', 'ignore_ament_install']
[0.218s] Level 1:colcon.colcon_core.package_identification:_identify(src/install) by extension 'ignore'
[0.218s] Level 1:colcon.colcon_core.package_identification:_identify(src/install) ignored
[0.218s] Level 1:colcon.colcon_core.package_identification:_identify(src/lbr_fri_idl) by extensions ['ignore', 'ignore_ament_install']
[0.218s] Level 1:colcon.colcon_core.package_identification:_identify(src/lbr_fri_idl) by extension 'ignore'
[0.218s] Level 1:colcon.colcon_core.package_identification:_identify(src/lbr_fri_idl) by extension 'ignore_ament_install'
[0.219s] Level 1:colcon.colcon_core.package_identification:_identify(src/lbr_fri_idl) by extensions ['colcon_pkg']
[0.219s] Level 1:colcon.colcon_core.package_identification:_identify(src/lbr_fri_idl) by extension 'colcon_pkg'
[0.219s] Level 1:colcon.colcon_core.package_identification:_identify(src/lbr_fri_idl) by extensions ['colcon_meta']
[0.219s] Level 1:colcon.colcon_core.package_identification:_identify(src/lbr_fri_idl) by extension 'colcon_meta'
[0.219s] Level 1:colcon.colcon_core.package_identification:_identify(src/lbr_fri_idl) by extensions ['ros']
[0.219s] Level 1:colcon.colcon_core.package_identification:_identify(src/lbr_fri_idl) by extension 'ros'
[0.219s] DEBUG:colcon.colcon_core.package_identification:Package 'src/lbr_fri_idl' with type 'ros.ament_cmake' and name 'lbr_fri_idl'
[0.219s] Level 1:colcon.colcon_core.package_identification:_identify(src/lbr_fri_ros2_stack) by extensions ['ignore', 'ignore_ament_install']
[0.219s] Level 1:colcon.colcon_core.package_identification:_identify(src/lbr_fri_ros2_stack) by extension 'ignore'
[0.219s] Level 1:colcon.colcon_core.package_identification:_identify(src/lbr_fri_ros2_stack) by extension 'ignore_ament_install'
[0.220s] Level 1:colcon.colcon_core.package_identification:_identify(src/lbr_fri_ros2_stack) by extensions ['colcon_pkg']
[0.220s] Level 1:colcon.colcon_core.package_identification:_identify(src/lbr_fri_ros2_stack) by extension 'colcon_pkg'
[0.220s] Level 1:colcon.colcon_core.package_identification:_identify(src/lbr_fri_ros2_stack) by extensions ['colcon_meta']
[0.220s] Level 1:colcon.colcon_core.package_identification:_identify(src/lbr_fri_ros2_stack) by extension 'colcon_meta'
[0.220s] Level 1:colcon.colcon_core.package_identification:_identify(src/lbr_fri_ros2_stack) by extensions ['ros']
[0.220s] Level 1:colcon.colcon_core.package_identification:_identify(src/lbr_fri_ros2_stack) by extension 'ros'
[0.220s] Level 1:colcon.colcon_core.package_identification:_identify(src/lbr_fri_ros2_stack) by extensions ['cmake', 'python']
[0.220s] Level 1:colcon.colcon_core.package_identification:_identify(src/lbr_fri_ros2_stack) by extension 'cmake'
[0.220s] Level 1:colcon.colcon_core.package_identification:_identify(src/lbr_fri_ros2_stack) by extension 'python'
[0.220s] Level 1:colcon.colcon_core.package_identification:_identify(src/lbr_fri_ros2_stack) by extensions ['python_setup_py']
[0.220s] Level 1:colcon.colcon_core.package_identification:_identify(src/lbr_fri_ros2_stack) by extension 'python_setup_py'
[0.220s] Level 1:colcon.colcon_core.package_identification:_identify(src/lbr_fri_ros2_stack/docker) by extensions ['ignore', 'ignore_ament_install']
[0.220s] Level 1:colcon.colcon_core.package_identification:_identify(src/lbr_fri_ros2_stack/docker) by extension 'ignore'
[0.220s] Level 1:colcon.colcon_core.package_identification:_identify(src/lbr_fri_ros2_stack/docker) by extension 'ignore_ament_install'
[0.220s] Level 1:colcon.colcon_core.package_identification:_identify(src/lbr_fri_ros2_stack/docker) by extensions ['colcon_pkg']
[0.220s] Level 1:colcon.colcon_core.package_identification:_identify(src/lbr_fri_ros2_stack/docker) by extension 'colcon_pkg'
[0.220s] Level 1:colcon.colcon_core.package_identification:_identify(src/lbr_fri_ros2_stack/docker) by extensions ['colcon_meta']
[0.220s] Level 1:colcon.colcon_core.package_identification:_identify(src/lbr_fri_ros2_stack/docker) by extension 'colcon_meta'
[0.220s] Level 1:colcon.colcon_core.package_identification:_identify(src/lbr_fri_ros2_stack/docker) by extensions ['ros']
[0.220s] Level 1:colcon.colcon_core.package_identification:_identify(src/lbr_fri_ros2_stack/docker) by extension 'ros'
[0.220s] Level 1:colcon.colcon_core.package_identification:_identify(src/lbr_fri_ros2_stack/docker) by extensions ['cmake', 'python']
[0.220s] Level 1:colcon.colcon_core.package_identification:_identify(src/lbr_fri_ros2_stack/docker) by extension 'cmake'
[0.220s] Level 1:colcon.colcon_core.package_identification:_identify(src/lbr_fri_ros2_stack/docker) by extension 'python'
[0.220s] Level 1:colcon.colcon_core.package_identification:_identify(src/lbr_fri_ros2_stack/docker) by extensions ['python_setup_py']
[0.220s] Level 1:colcon.colcon_core.package_identification:_identify(src/lbr_fri_ros2_stack/docker) by extension 'python_setup_py'
[0.220s] Level 1:colcon.colcon_core.package_identification:_identify(src/lbr_fri_ros2_stack/docker/doc) by extensions ['ignore', 'ignore_ament_install']
[0.220s] Level 1:colcon.colcon_core.package_identification:_identify(src/lbr_fri_ros2_stack/docker/doc) by extension 'ignore'
[0.220s] Level 1:colcon.colcon_core.package_identification:_identify(src/lbr_fri_ros2_stack/docker/doc) by extension 'ignore_ament_install'
[0.221s] Level 1:colcon.colcon_core.package_identification:_identify(src/lbr_fri_ros2_stack/docker/doc) by extensions ['colcon_pkg']
[0.221s] Level 1:colcon.colcon_core.package_identification:_identify(src/lbr_fri_ros2_stack/docker/doc) by extension 'colcon_pkg'
[0.221s] Level 1:colcon.colcon_core.package_identification:_identify(src/lbr_fri_ros2_stack/docker/doc) by extensions ['colcon_meta']
[0.221s] Level 1:colcon.colcon_core.package_identification:_identify(src/lbr_fri_ros2_stack/docker/doc) by extension 'colcon_meta'
[0.221s] Level 1:colcon.colcon_core.package_identification:_identify(src/lbr_fri_ros2_stack/docker/doc) by extensions ['ros']
[0.221s] Level 1:colcon.colcon_core.package_identification:_identify(src/lbr_fri_ros2_stack/docker/doc) by extension 'ros'
[0.221s] Level 1:colcon.colcon_core.package_identification:_identify(src/lbr_fri_ros2_stack/docker/doc) by extensions ['cmake', 'python']
[0.221s] Level 1:colcon.colcon_core.package_identification:_identify(src/lbr_fri_ros2_stack/docker/doc) by extension 'cmake'
[0.221s] Level 1:colcon.colcon_core.package_identification:_identify(src/lbr_fri_ros2_stack/docker/doc) by extension 'python'
[0.221s] Level 1:colcon.colcon_core.package_identification:_identify(src/lbr_fri_ros2_stack/docker/doc) by extensions ['python_setup_py']
[0.221s] Level 1:colcon.colcon_core.package_identification:_identify(src/lbr_fri_ros2_stack/docker/doc) by extension 'python_setup_py'
[0.221s] Level 1:colcon.colcon_core.package_identification:_identify(src/lbr_fri_ros2_stack/lbr_bringup) by extensions ['ignore', 'ignore_ament_install']
[0.221s] Level 1:colcon.colcon_core.package_identification:_identify(src/lbr_fri_ros2_stack/lbr_bringup) by extension 'ignore'
[0.221s] Level 1:colcon.colcon_core.package_identification:_identify(src/lbr_fri_ros2_stack/lbr_bringup) by extension 'ignore_ament_install'
[0.221s] Level 1:colcon.colcon_core.package_identification:_identify(src/lbr_fri_ros2_stack/lbr_bringup) by extensions ['colcon_pkg']
[0.221s] Level 1:colcon.colcon_core.package_identification:_identify(src/lbr_fri_ros2_stack/lbr_bringup) by extension 'colcon_pkg'
[0.221s] Level 1:colcon.colcon_core.package_identification:_identify(src/lbr_fri_ros2_stack/lbr_bringup) by extensions ['colcon_meta']
[0.221s] Level 1:colcon.colcon_core.package_identification:_identify(src/lbr_fri_ros2_stack/lbr_bringup) by extension 'colcon_meta'
[0.221s] Level 1:colcon.colcon_core.package_identification:_identify(src/lbr_fri_ros2_stack/lbr_bringup) by extensions ['ros']
[0.221s] Level 1:colcon.colcon_core.package_identification:_identify(src/lbr_fri_ros2_stack/lbr_bringup) by extension 'ros'
[0.222s] DEBUG:colcon.colcon_core.package_identification:Package 'src/lbr_fri_ros2_stack/lbr_bringup' with type 'ros.ament_cmake' and name 'lbr_bringup'
[0.222s] Level 1:colcon.colcon_core.package_identification:_identify(src/lbr_fri_ros2_stack/lbr_demos) by extensions ['ignore', 'ignore_ament_install']
[0.222s] Level 1:colcon.colcon_core.package_identification:_identify(src/lbr_fri_ros2_stack/lbr_demos) by extension 'ignore'
[0.222s] Level 1:colcon.colcon_core.package_identification:_identify(src/lbr_fri_ros2_stack/lbr_demos) by extension 'ignore_ament_install'
[0.222s] Level 1:colcon.colcon_core.package_identification:_identify(src/lbr_fri_ros2_stack/lbr_demos) by extensions ['colcon_pkg']
[0.222s] Level 1:colcon.colcon_core.package_identification:_identify(src/lbr_fri_ros2_stack/lbr_demos) by extension 'colcon_pkg'
[0.222s] Level 1:colcon.colcon_core.package_identification:_identify(src/lbr_fri_ros2_stack/lbr_demos) by extensions ['colcon_meta']
[0.222s] Level 1:colcon.colcon_core.package_identification:_identify(src/lbr_fri_ros2_stack/lbr_demos) by extension 'colcon_meta'
[0.222s] Level 1:colcon.colcon_core.package_identification:_identify(src/lbr_fri_ros2_stack/lbr_demos) by extensions ['ros']
[0.222s] Level 1:colcon.colcon_core.package_identification:_identify(src/lbr_fri_ros2_stack/lbr_demos) by extension 'ros'
[0.222s] Level 1:colcon.colcon_core.package_identification:_identify(src/lbr_fri_ros2_stack/lbr_demos) by extensions ['cmake', 'python']
[0.222s] Level 1:colcon.colcon_core.package_identification:_identify(src/lbr_fri_ros2_stack/lbr_demos) by extension 'cmake'
[0.222s] Level 1:colcon.colcon_core.package_identification:_identify(src/lbr_fri_ros2_stack/lbr_demos) by extension 'python'
[0.222s] Level 1:colcon.colcon_core.package_identification:_identify(src/lbr_fri_ros2_stack/lbr_demos) by extensions ['python_setup_py']
[0.222s] Level 1:colcon.colcon_core.package_identification:_identify(src/lbr_fri_ros2_stack/lbr_demos) by extension 'python_setup_py'
[0.222s] Level 1:colcon.colcon_core.package_identification:_identify(src/lbr_fri_ros2_stack/lbr_demos/doc) by extensions ['ignore', 'ignore_ament_install']
[0.222s] Level 1:colcon.colcon_core.package_identification:_identify(src/lbr_fri_ros2_stack/lbr_demos/doc) by extension 'ignore'
[0.222s] Level 1:colcon.colcon_core.package_identification:_identify(src/lbr_fri_ros2_stack/lbr_demos/doc) by extension 'ignore_ament_install'
[0.222s] Level 1:colcon.colcon_core.package_identification:_identify(src/lbr_fri_ros2_stack/lbr_demos/doc) by extensions ['colcon_pkg']
[0.222s] Level 1:colcon.colcon_core.package_identification:_identify(src/lbr_fri_ros2_stack/lbr_demos/doc) by extension 'colcon_pkg'
[0.222s] Level 1:colcon.colcon_core.package_identification:_identify(src/lbr_fri_ros2_stack/lbr_demos/doc) by extensions ['colcon_meta']
[0.222s] Level 1:colcon.colcon_core.package_identification:_identify(src/lbr_fri_ros2_stack/lbr_demos/doc) by extension 'colcon_meta'
[0.222s] Level 1:colcon.colcon_core.package_identification:_identify(src/lbr_fri_ros2_stack/lbr_demos/doc) by extensions ['ros']
[0.222s] Level 1:colcon.colcon_core.package_identification:_identify(src/lbr_fri_ros2_stack/lbr_demos/doc) by extension 'ros'
[0.222s] Level 1:colcon.colcon_core.package_identification:_identify(src/lbr_fri_ros2_stack/lbr_demos/doc) by extensions ['cmake', 'python']
[0.222s] Level 1:colcon.colcon_core.package_identification:_identify(src/lbr_fri_ros2_stack/lbr_demos/doc) by extension 'cmake'
[0.223s] Level 1:colcon.colcon_core.package_identification:_identify(src/lbr_fri_ros2_stack/lbr_demos/doc) by extension 'python'
[0.223s] Level 1:colcon.colcon_core.package_identification:_identify(src/lbr_fri_ros2_stack/lbr_demos/doc) by extensions ['python_setup_py']
[0.223s] Level 1:colcon.colcon_core.package_identification:_identify(src/lbr_fri_ros2_stack/lbr_demos/doc) by extension 'python_setup_py'
[0.223s] Level 1:colcon.colcon_core.package_identification:_identify(src/lbr_fri_ros2_stack/lbr_demos/doc/img) by extensions ['ignore', 'ignore_ament_install']
[0.223s] Level 1:colcon.colcon_core.package_identification:_identify(src/lbr_fri_ros2_stack/lbr_demos/doc/img) by extension 'ignore'
[0.223s] Level 1:colcon.colcon_core.package_identification:_identify(src/lbr_fri_ros2_stack/lbr_demos/doc/img) by extension 'ignore_ament_install'
[0.223s] Level 1:colcon.colcon_core.package_identification:_identify(src/lbr_fri_ros2_stack/lbr_demos/doc/img) by extensions ['colcon_pkg']
[0.223s] Level 1:colcon.colcon_core.package_identification:_identify(src/lbr_fri_ros2_stack/lbr_demos/doc/img) by extension 'colcon_pkg'
[0.223s] Level 1:colcon.colcon_core.package_identification:_identify(src/lbr_fri_ros2_stack/lbr_demos/doc/img) by extensions ['colcon_meta']
[0.223s] Level 1:colcon.colcon_core.package_identification:_identify(src/lbr_fri_ros2_stack/lbr_demos/doc/img) by extension 'colcon_meta'
[0.223s] Level 1:colcon.colcon_core.package_identification:_identify(src/lbr_fri_ros2_stack/lbr_demos/doc/img) by extensions ['ros']
[0.223s] Level 1:colcon.colcon_core.package_identification:_identify(src/lbr_fri_ros2_stack/lbr_demos/doc/img) by extension 'ros'
[0.223s] Level 1:colcon.colcon_core.package_identification:_identify(src/lbr_fri_ros2_stack/lbr_demos/doc/img) by extensions ['cmake', 'python']
[0.223s] Level 1:colcon.colcon_core.package_identification:_identify(src/lbr_fri_ros2_stack/lbr_demos/doc/img) by extension 'cmake'
[0.223s] Level 1:colcon.colcon_core.package_identification:_identify(src/lbr_fri_ros2_stack/lbr_demos/doc/img) by extension 'python'
[0.223s] Level 1:colcon.colcon_core.package_identification:_identify(src/lbr_fri_ros2_stack/lbr_demos/doc/img) by extensions ['python_setup_py']
[0.223s] Level 1:colcon.colcon_core.package_identification:_identify(src/lbr_fri_ros2_stack/lbr_demos/doc/img) by extension 'python_setup_py'
[0.223s] Level 1:colcon.colcon_core.package_identification:_identify(src/lbr_fri_ros2_stack/lbr_demos/lbr_demos_advanced_cpp) by extensions ['ignore', 'ignore_ament_install']
[0.223s] Level 1:colcon.colcon_core.package_identification:_identify(src/lbr_fri_ros2_stack/lbr_demos/lbr_demos_advanced_cpp) by extension 'ignore'
[0.223s] Level 1:colcon.colcon_core.package_identification:_identify(src/lbr_fri_ros2_stack/lbr_demos/lbr_demos_advanced_cpp) by extension 'ignore_ament_install'
[0.223s] Level 1:colcon.colcon_core.package_identification:_identify(src/lbr_fri_ros2_stack/lbr_demos/lbr_demos_advanced_cpp) by extensions ['colcon_pkg']
[0.223s] Level 1:colcon.colcon_core.package_identification:_identify(src/lbr_fri_ros2_stack/lbr_demos/lbr_demos_advanced_cpp) by extension 'colcon_pkg'
[0.223s] Level 1:colcon.colcon_core.package_identification:_identify(src/lbr_fri_ros2_stack/lbr_demos/lbr_demos_advanced_cpp) by extensions ['colcon_meta']
[0.223s] Level 1:colcon.colcon_core.package_identification:_identify(src/lbr_fri_ros2_stack/lbr_demos/lbr_demos_advanced_cpp) by extension 'colcon_meta'
[0.223s] Level 1:colcon.colcon_core.package_identification:_identify(src/lbr_fri_ros2_stack/lbr_demos/lbr_demos_advanced_cpp) by extensions ['ros']
[0.223s] Level 1:colcon.colcon_core.package_identification:_identify(src/lbr_fri_ros2_stack/lbr_demos/lbr_demos_advanced_cpp) by extension 'ros'
[0.224s] DEBUG:colcon.colcon_core.package_identification:Package 'src/lbr_fri_ros2_stack/lbr_demos/lbr_demos_advanced_cpp' with type 'ros.ament_cmake' and name 'lbr_demos_advanced_cpp'
[0.224s] Level 1:colcon.colcon_core.package_identification:_identify(src/lbr_fri_ros2_stack/lbr_demos/lbr_demos_advanced_py) by extensions ['ignore', 'ignore_ament_install']
[0.224s] Level 1:colcon.colcon_core.package_identification:_identify(src/lbr_fri_ros2_stack/lbr_demos/lbr_demos_advanced_py) by extension 'ignore'
[0.224s] Level 1:colcon.colcon_core.package_identification:_identify(src/lbr_fri_ros2_stack/lbr_demos/lbr_demos_advanced_py) by extension 'ignore_ament_install'
[0.224s] Level 1:colcon.colcon_core.package_identification:_identify(src/lbr_fri_ros2_stack/lbr_demos/lbr_demos_advanced_py) by extensions ['colcon_pkg']
[0.224s] Level 1:colcon.colcon_core.package_identification:_identify(src/lbr_fri_ros2_stack/lbr_demos/lbr_demos_advanced_py) by extension 'colcon_pkg'
[0.225s] Level 1:colcon.colcon_core.package_identification:_identify(src/lbr_fri_ros2_stack/lbr_demos/lbr_demos_advanced_py) by extensions ['colcon_meta']
[0.225s] Level 1:colcon.colcon_core.package_identification:_identify(src/lbr_fri_ros2_stack/lbr_demos/lbr_demos_advanced_py) by extension 'colcon_meta'
[0.225s] Level 1:colcon.colcon_core.package_identification:_identify(src/lbr_fri_ros2_stack/lbr_demos/lbr_demos_advanced_py) by extensions ['ros']
[0.225s] Level 1:colcon.colcon_core.package_identification:_identify(src/lbr_fri_ros2_stack/lbr_demos/lbr_demos_advanced_py) by extension 'ros'
[0.225s] DEBUG:colcon.colcon_core.package_identification:Package 'src/lbr_fri_ros2_stack/lbr_demos/lbr_demos_advanced_py' with type 'ros.ament_python' and name 'lbr_demos_advanced_py'
[0.225s] Level 1:colcon.colcon_core.package_identification:_identify(src/lbr_fri_ros2_stack/lbr_demos/lbr_demos_cpp) by extensions ['ignore', 'ignore_ament_install']
[0.225s] Level 1:colcon.colcon_core.package_identification:_identify(src/lbr_fri_ros2_stack/lbr_demos/lbr_demos_cpp) by extension 'ignore'
[0.226s] Level 1:colcon.colcon_core.package_identification:_identify(src/lbr_fri_ros2_stack/lbr_demos/lbr_demos_cpp) by extension 'ignore_ament_install'
[0.226s] Level 1:colcon.colcon_core.package_identification:_identify(src/lbr_fri_ros2_stack/lbr_demos/lbr_demos_cpp) by extensions ['colcon_pkg']
[0.226s] Level 1:colcon.colcon_core.package_identification:_identify(src/lbr_fri_ros2_stack/lbr_demos/lbr_demos_cpp) by extension 'colcon_pkg'
[0.226s] Level 1:colcon.colcon_core.package_identification:_identify(src/lbr_fri_ros2_stack/lbr_demos/lbr_demos_cpp) by extensions ['colcon_meta']
[0.226s] Level 1:colcon.colcon_core.package_identification:_identify(src/lbr_fri_ros2_stack/lbr_demos/lbr_demos_cpp) by extension 'colcon_meta'
[0.226s] Level 1:colcon.colcon_core.package_identification:_identify(src/lbr_fri_ros2_stack/lbr_demos/lbr_demos_cpp) by extensions ['ros']
[0.226s] Level 1:colcon.colcon_core.package_identification:_identify(src/lbr_fri_ros2_stack/lbr_demos/lbr_demos_cpp) by extension 'ros'
[0.226s] DEBUG:colcon.colcon_core.package_identification:Package 'src/lbr_fri_ros2_stack/lbr_demos/lbr_demos_cpp' with type 'ros.ament_cmake' and name 'lbr_demos_cpp'
[0.226s] Level 1:colcon.colcon_core.package_identification:_identify(src/lbr_fri_ros2_stack/lbr_demos/lbr_demos_py) by extensions ['ignore', 'ignore_ament_install']
[0.227s] Level 1:colcon.colcon_core.package_identification:_identify(src/lbr_fri_ros2_stack/lbr_demos/lbr_demos_py) by extension 'ignore'
[0.227s] Level 1:colcon.colcon_core.package_identification:_identify(src/lbr_fri_ros2_stack/lbr_demos/lbr_demos_py) by extension 'ignore_ament_install'
[0.227s] Level 1:colcon.colcon_core.package_identification:_identify(src/lbr_fri_ros2_stack/lbr_demos/lbr_demos_py) by extensions ['colcon_pkg']
[0.227s] Level 1:colcon.colcon_core.package_identification:_identify(src/lbr_fri_ros2_stack/lbr_demos/lbr_demos_py) by extension 'colcon_pkg'
[0.227s] Level 1:colcon.colcon_core.package_identification:_identify(src/lbr_fri_ros2_stack/lbr_demos/lbr_demos_py) by extensions ['colcon_meta']
[0.227s] Level 1:colcon.colcon_core.package_identification:_identify(src/lbr_fri_ros2_stack/lbr_demos/lbr_demos_py) by extension 'colcon_meta'
[0.227s] Level 1:colcon.colcon_core.package_identification:_identify(src/lbr_fri_ros2_stack/lbr_demos/lbr_demos_py) by extensions ['ros']
[0.227s] Level 1:colcon.colcon_core.package_identification:_identify(src/lbr_fri_ros2_stack/lbr_demos/lbr_demos_py) by extension 'ros'
[0.227s] DEBUG:colcon.colcon_core.package_identification:Package 'src/lbr_fri_ros2_stack/lbr_demos/lbr_demos_py' with type 'ros.ament_python' and name 'lbr_demos_py'
[0.227s] Level 1:colcon.colcon_core.package_identification:_identify(src/lbr_fri_ros2_stack/lbr_demos/lbr_moveit) by extensions ['ignore', 'ignore_ament_install']
[0.227s] Level 1:colcon.colcon_core.package_identification:_identify(src/lbr_fri_ros2_stack/lbr_demos/lbr_moveit) by extension 'ignore'
[0.227s] Level 1:colcon.colcon_core.package_identification:_identify(src/lbr_fri_ros2_stack/lbr_demos/lbr_moveit) by extension 'ignore_ament_install'
[0.227s] Level 1:colcon.colcon_core.package_identification:_identify(src/lbr_fri_ros2_stack/lbr_demos/lbr_moveit) by extensions ['colcon_pkg']
[0.227s] Level 1:colcon.colcon_core.package_identification:_identify(src/lbr_fri_ros2_stack/lbr_demos/lbr_moveit) by extension 'colcon_pkg'
[0.227s] Level 1:colcon.colcon_core.package_identification:_identify(src/lbr_fri_ros2_stack/lbr_demos/lbr_moveit) by extensions ['colcon_meta']
[0.227s] Level 1:colcon.colcon_core.package_identification:_identify(src/lbr_fri_ros2_stack/lbr_demos/lbr_moveit) by extension 'colcon_meta'
[0.227s] Level 1:colcon.colcon_core.package_identification:_identify(src/lbr_fri_ros2_stack/lbr_demos/lbr_moveit) by extensions ['ros']
[0.227s] Level 1:colcon.colcon_core.package_identification:_identify(src/lbr_fri_ros2_stack/lbr_demos/lbr_moveit) by extension 'ros'
[0.228s] DEBUG:colcon.colcon_core.package_identification:Package 'src/lbr_fri_ros2_stack/lbr_demos/lbr_moveit' with type 'ros.ament_python' and name 'lbr_moveit'
[0.228s] Level 1:colcon.colcon_core.package_identification:_identify(src/lbr_fri_ros2_stack/lbr_demos/lbr_moveit_cpp) by extensions ['ignore', 'ignore_ament_install']
[0.228s] Level 1:colcon.colcon_core.package_identification:_identify(src/lbr_fri_ros2_stack/lbr_demos/lbr_moveit_cpp) by extension 'ignore'
[0.228s] Level 1:colcon.colcon_core.package_identification:_identify(src/lbr_fri_ros2_stack/lbr_demos/lbr_moveit_cpp) by extension 'ignore_ament_install'
[0.228s] Level 1:colcon.colcon_core.package_identification:_identify(src/lbr_fri_ros2_stack/lbr_demos/lbr_moveit_cpp) by extensions ['colcon_pkg']
[0.228s] Level 1:colcon.colcon_core.package_identification:_identify(src/lbr_fri_ros2_stack/lbr_demos/lbr_moveit_cpp) by extension 'colcon_pkg'
[0.228s] Level 1:colcon.colcon_core.package_identification:_identify(src/lbr_fri_ros2_stack/lbr_demos/lbr_moveit_cpp) by extensions ['colcon_meta']
[0.228s] Level 1:colcon.colcon_core.package_identification:_identify(src/lbr_fri_ros2_stack/lbr_demos/lbr_moveit_cpp) by extension 'colcon_meta'
[0.228s] Level 1:colcon.colcon_core.package_identification:_identify(src/lbr_fri_ros2_stack/lbr_demos/lbr_moveit_cpp) by extensions ['ros']
[0.228s] Level 1:colcon.colcon_core.package_identification:_identify(src/lbr_fri_ros2_stack/lbr_demos/lbr_moveit_cpp) by extension 'ros'
[0.229s] DEBUG:colcon.colcon_core.package_identification:Package 'src/lbr_fri_ros2_stack/lbr_demos/lbr_moveit_cpp' with type 'ros.ament_cmake' and name 'lbr_moveit_cpp'
[0.229s] Level 1:colcon.colcon_core.package_identification:_identify(src/lbr_fri_ros2_stack/lbr_description) by extensions ['ignore', 'ignore_ament_install']
[0.229s] Level 1:colcon.colcon_core.package_identification:_identify(src/lbr_fri_ros2_stack/lbr_description) by extension 'ignore'
[0.229s] Level 1:colcon.colcon_core.package_identification:_identify(src/lbr_fri_ros2_stack/lbr_description) by extension 'ignore_ament_install'
[0.229s] Level 1:colcon.colcon_core.package_identification:_identify(src/lbr_fri_ros2_stack/lbr_description) by extensions ['colcon_pkg']
[0.229s] Level 1:colcon.colcon_core.package_identification:_identify(src/lbr_fri_ros2_stack/lbr_description) by extension 'colcon_pkg'
[0.229s] Level 1:colcon.colcon_core.package_identification:_identify(src/lbr_fri_ros2_stack/lbr_description) by extensions ['colcon_meta']
[0.229s] Level 1:colcon.colcon_core.package_identification:_identify(src/lbr_fri_ros2_stack/lbr_description) by extension 'colcon_meta'
[0.229s] Level 1:colcon.colcon_core.package_identification:_identify(src/lbr_fri_ros2_stack/lbr_description) by extensions ['ros']
[0.229s] Level 1:colcon.colcon_core.package_identification:_identify(src/lbr_fri_ros2_stack/lbr_description) by extension 'ros'
[0.230s] DEBUG:colcon.colcon_core.package_identification:Package 'src/lbr_fri_ros2_stack/lbr_description' with type 'ros.ament_cmake' and name 'lbr_description'
[0.230s] Level 1:colcon.colcon_core.package_identification:_identify(src/lbr_fri_ros2_stack/lbr_fri_ros2) by extensions ['ignore', 'ignore_ament_install']
[0.230s] Level 1:colcon.colcon_core.package_identification:_identify(src/lbr_fri_ros2_stack/lbr_fri_ros2) by extension 'ignore'
[0.230s] Level 1:colcon.colcon_core.package_identification:_identify(src/lbr_fri_ros2_stack/lbr_fri_ros2) by extension 'ignore_ament_install'
[0.230s] Level 1:colcon.colcon_core.package_identification:_identify(src/lbr_fri_ros2_stack/lbr_fri_ros2) by extensions ['colcon_pkg']
[0.230s] Level 1:colcon.colcon_core.package_identification:_identify(src/lbr_fri_ros2_stack/lbr_fri_ros2) by extension 'colcon_pkg'
[0.230s] Level 1:colcon.colcon_core.package_identification:_identify(src/lbr_fri_ros2_stack/lbr_fri_ros2) by extensions ['colcon_meta']
[0.230s] Level 1:colcon.colcon_core.package_identification:_identify(src/lbr_fri_ros2_stack/lbr_fri_ros2) by extension 'colcon_meta'
[0.230s] Level 1:colcon.colcon_core.package_identification:_identify(src/lbr_fri_ros2_stack/lbr_fri_ros2) by extensions ['ros']
[0.230s] Level 1:colcon.colcon_core.package_identification:_identify(src/lbr_fri_ros2_stack/lbr_fri_ros2) by extension 'ros'
[0.231s] DEBUG:colcon.colcon_core.package_identification:Package 'src/lbr_fri_ros2_stack/lbr_fri_ros2' with type 'ros.ament_cmake' and name 'lbr_fri_ros2'
[0.231s] Level 1:colcon.colcon_core.package_identification:_identify(src/lbr_fri_ros2_stack/lbr_fri_ros2_stack) by extensions ['ignore', 'ignore_ament_install']
[0.231s] Level 1:colcon.colcon_core.package_identification:_identify(src/lbr_fri_ros2_stack/lbr_fri_ros2_stack) by extension 'ignore'
[0.231s] Level 1:colcon.colcon_core.package_identification:_identify(src/lbr_fri_ros2_stack/lbr_fri_ros2_stack) by extension 'ignore_ament_install'
[0.231s] Level 1:colcon.colcon_core.package_identification:_identify(src/lbr_fri_ros2_stack/lbr_fri_ros2_stack) by extensions ['colcon_pkg']
[0.231s] Level 1:colcon.colcon_core.package_identification:_identify(src/lbr_fri_ros2_stack/lbr_fri_ros2_stack) by extension 'colcon_pkg'
[0.231s] Level 1:colcon.colcon_core.package_identification:_identify(src/lbr_fri_ros2_stack/lbr_fri_ros2_stack) by extensions ['colcon_meta']
[0.231s] Level 1:colcon.colcon_core.package_identification:_identify(src/lbr_fri_ros2_stack/lbr_fri_ros2_stack) by extension 'colcon_meta'
[0.231s] Level 1:colcon.colcon_core.package_identification:_identify(src/lbr_fri_ros2_stack/lbr_fri_ros2_stack) by extensions ['ros']
[0.231s] Level 1:colcon.colcon_core.package_identification:_identify(src/lbr_fri_ros2_stack/lbr_fri_ros2_stack) by extension 'ros'
[0.232s] DEBUG:colcon.colcon_core.package_identification:Package 'src/lbr_fri_ros2_stack/lbr_fri_ros2_stack' with type 'ros.ament_cmake' and name 'lbr_fri_ros2_stack'
[0.232s] Level 1:colcon.colcon_core.package_identification:_identify(src/lbr_fri_ros2_stack/lbr_moveit_config) by extensions ['ignore', 'ignore_ament_install']
[0.232s] Level 1:colcon.colcon_core.package_identification:_identify(src/lbr_fri_ros2_stack/lbr_moveit_config) by extension 'ignore'
[0.232s] Level 1:colcon.colcon_core.package_identification:_identify(src/lbr_fri_ros2_stack/lbr_moveit_config) by extension 'ignore_ament_install'
[0.232s] Level 1:colcon.colcon_core.package_identification:_identify(src/lbr_fri_ros2_stack/lbr_moveit_config) by extensions ['colcon_pkg']
[0.232s] Level 1:colcon.colcon_core.package_identification:_identify(src/lbr_fri_ros2_stack/lbr_moveit_config) by extension 'colcon_pkg'
[0.232s] Level 1:colcon.colcon_core.package_identification:_identify(src/lbr_fri_ros2_stack/lbr_moveit_config) by extensions ['colcon_meta']
[0.232s] Level 1:colcon.colcon_core.package_identification:_identify(src/lbr_fri_ros2_stack/lbr_moveit_config) by extension 'colcon_meta'
[0.232s] Level 1:colcon.colcon_core.package_identification:_identify(src/lbr_fri_ros2_stack/lbr_moveit_config) by extensions ['ros']
[0.232s] Level 1:colcon.colcon_core.package_identification:_identify(src/lbr_fri_ros2_stack/lbr_moveit_config) by extension 'ros'
[0.232s] Level 1:colcon.colcon_core.package_identification:_identify(src/lbr_fri_ros2_stack/lbr_moveit_config) by extensions ['cmake', 'python']
[0.232s] Level 1:colcon.colcon_core.package_identification:_identify(src/lbr_fri_ros2_stack/lbr_moveit_config) by extension 'cmake'
[0.232s] Level 1:colcon.colcon_core.package_identification:_identify(src/lbr_fri_ros2_stack/lbr_moveit_config) by extension 'python'
[0.232s] Level 1:colcon.colcon_core.package_identification:_identify(src/lbr_fri_ros2_stack/lbr_moveit_config) by extensions ['python_setup_py']
[0.232s] Level 1:colcon.colcon_core.package_identification:_identify(src/lbr_fri_ros2_stack/lbr_moveit_config) by extension 'python_setup_py'
[0.232s] Level 1:colcon.colcon_core.package_identification:_identify(src/lbr_fri_ros2_stack/lbr_moveit_config/doc) by extensions ['ignore', 'ignore_ament_install']
[0.232s] Level 1:colcon.colcon_core.package_identification:_identify(src/lbr_fri_ros2_stack/lbr_moveit_config/doc) by extension 'ignore'
[0.233s] Level 1:colcon.colcon_core.package_identification:_identify(src/lbr_fri_ros2_stack/lbr_moveit_config/doc) by extension 'ignore_ament_install'
[0.233s] Level 1:colcon.colcon_core.package_identification:_identify(src/lbr_fri_ros2_stack/lbr_moveit_config/doc) by extensions ['colcon_pkg']
[0.233s] Level 1:colcon.colcon_core.package_identification:_identify(src/lbr_fri_ros2_stack/lbr_moveit_config/doc) by extension 'colcon_pkg'
[0.233s] Level 1:colcon.colcon_core.package_identification:_identify(src/lbr_fri_ros2_stack/lbr_moveit_config/doc) by extensions ['colcon_meta']
[0.233s] Level 1:colcon.colcon_core.package_identification:_identify(src/lbr_fri_ros2_stack/lbr_moveit_config/doc) by extension 'colcon_meta'
[0.233s] Level 1:colcon.colcon_core.package_identification:_identify(src/lbr_fri_ros2_stack/lbr_moveit_config/doc) by extensions ['ros']
[0.233s] Level 1:colcon.colcon_core.package_identification:_identify(src/lbr_fri_ros2_stack/lbr_moveit_config/doc) by extension 'ros'
[0.233s] Level 1:colcon.colcon_core.package_identification:_identify(src/lbr_fri_ros2_stack/lbr_moveit_config/doc) by extensions ['cmake', 'python']
[0.233s] Level 1:colcon.colcon_core.package_identification:_identify(src/lbr_fri_ros2_stack/lbr_moveit_config/doc) by extension 'cmake'
[0.233s] Level 1:colcon.colcon_core.package_identification:_identify(src/lbr_fri_ros2_stack/lbr_moveit_config/doc) by extension 'python'
[0.233s] Level 1:colcon.colcon_core.package_identification:_identify(src/lbr_fri_ros2_stack/lbr_moveit_config/doc) by extensions ['python_setup_py']
[0.233s] Level 1:colcon.colcon_core.package_identification:_identify(src/lbr_fri_ros2_stack/lbr_moveit_config/doc) by extension 'python_setup_py'
[0.233s] Level 1:colcon.colcon_core.package_identification:_identify(src/lbr_fri_ros2_stack/lbr_moveit_config/doc/img) by extensions ['ignore', 'ignore_ament_install']
[0.233s] Level 1:colcon.colcon_core.package_identification:_identify(src/lbr_fri_ros2_stack/lbr_moveit_config/doc/img) by extension 'ignore'
[0.233s] Level 1:colcon.colcon_core.package_identification:_identify(src/lbr_fri_ros2_stack/lbr_moveit_config/doc/img) by extension 'ignore_ament_install'
[0.233s] Level 1:colcon.colcon_core.package_identification:_identify(src/lbr_fri_ros2_stack/lbr_moveit_config/doc/img) by extensions ['colcon_pkg']
[0.233s] Level 1:colcon.colcon_core.package_identification:_identify(src/lbr_fri_ros2_stack/lbr_moveit_config/doc/img) by extension 'colcon_pkg'
[0.233s] Level 1:colcon.colcon_core.package_identification:_identify(src/lbr_fri_ros2_stack/lbr_moveit_config/doc/img) by extensions ['colcon_meta']
[0.233s] Level 1:colcon.colcon_core.package_identification:_identify(src/lbr_fri_ros2_stack/lbr_moveit_config/doc/img) by extension 'colcon_meta'
[0.233s] Level 1:colcon.colcon_core.package_identification:_identify(src/lbr_fri_ros2_stack/lbr_moveit_config/doc/img) by extensions ['ros']
[0.233s] Level 1:colcon.colcon_core.package_identification:_identify(src/lbr_fri_ros2_stack/lbr_moveit_config/doc/img) by extension 'ros'
[0.233s] Level 1:colcon.colcon_core.package_identification:_identify(src/lbr_fri_ros2_stack/lbr_moveit_config/doc/img) by extensions ['cmake', 'python']
[0.233s] Level 1:colcon.colcon_core.package_identification:_identify(src/lbr_fri_ros2_stack/lbr_moveit_config/doc/img) by extension 'cmake'
[0.233s] Level 1:colcon.colcon_core.package_identification:_identify(src/lbr_fri_ros2_stack/lbr_moveit_config/doc/img) by extension 'python'
[0.233s] Level 1:colcon.colcon_core.package_identification:_identify(src/lbr_fri_ros2_stack/lbr_moveit_config/doc/img) by extensions ['python_setup_py']
[0.233s] Level 1:colcon.colcon_core.package_identification:_identify(src/lbr_fri_ros2_stack/lbr_moveit_config/doc/img) by extension 'python_setup_py'
[0.233s] Level 1:colcon.colcon_core.package_identification:_identify(src/lbr_fri_ros2_stack/lbr_moveit_config/iiwa14_moveit_config) by extensions ['ignore', 'ignore_ament_install']
[0.233s] Level 1:colcon.colcon_core.package_identification:_identify(src/lbr_fri_ros2_stack/lbr_moveit_config/iiwa14_moveit_config) by extension 'ignore'
[0.234s] Level 1:colcon.colcon_core.package_identification:_identify(src/lbr_fri_ros2_stack/lbr_moveit_config/iiwa14_moveit_config) by extension 'ignore_ament_install'
[0.234s] Level 1:colcon.colcon_core.package_identification:_identify(src/lbr_fri_ros2_stack/lbr_moveit_config/iiwa14_moveit_config) by extensions ['colcon_pkg']
[0.234s] Level 1:colcon.colcon_core.package_identification:_identify(src/lbr_fri_ros2_stack/lbr_moveit_config/iiwa14_moveit_config) by extension 'colcon_pkg'
[0.234s] Level 1:colcon.colcon_core.package_identification:_identify(src/lbr_fri_ros2_stack/lbr_moveit_config/iiwa14_moveit_config) by extensions ['colcon_meta']
[0.234s] Level 1:colcon.colcon_core.package_identification:_identify(src/lbr_fri_ros2_stack/lbr_moveit_config/iiwa14_moveit_config) by extension 'colcon_meta'
[0.234s] Level 1:colcon.colcon_core.package_identification:_identify(src/lbr_fri_ros2_stack/lbr_moveit_config/iiwa14_moveit_config) by extensions ['ros']
[0.234s] Level 1:colcon.colcon_core.package_identification:_identify(src/lbr_fri_ros2_stack/lbr_moveit_config/iiwa14_moveit_config) by extension 'ros'
[0.234s] DEBUG:colcon.colcon_core.package_identification:Package 'src/lbr_fri_ros2_stack/lbr_moveit_config/iiwa14_moveit_config' with type 'ros.ament_cmake' and name 'iiwa14_moveit_config'
[0.234s] Level 1:colcon.colcon_core.package_identification:_identify(src/lbr_fri_ros2_stack/lbr_moveit_config/iiwa7_moveit_config) by extensions ['ignore', 'ignore_ament_install']
[0.235s] Level 1:colcon.colcon_core.package_identification:_identify(src/lbr_fri_ros2_stack/lbr_moveit_config/iiwa7_moveit_config) by extension 'ignore'
[0.235s] Level 1:colcon.colcon_core.package_identification:_identify(src/lbr_fri_ros2_stack/lbr_moveit_config/iiwa7_moveit_config) by extension 'ignore_ament_install'
[0.235s] Level 1:colcon.colcon_core.package_identification:_identify(src/lbr_fri_ros2_stack/lbr_moveit_config/iiwa7_moveit_config) by extensions ['colcon_pkg']
[0.235s] Level 1:colcon.colcon_core.package_identification:_identify(src/lbr_fri_ros2_stack/lbr_moveit_config/iiwa7_moveit_config) by extension 'colcon_pkg'
[0.235s] Level 1:colcon.colcon_core.package_identification:_identify(src/lbr_fri_ros2_stack/lbr_moveit_config/iiwa7_moveit_config) by extensions ['colcon_meta']
[0.235s] Level 1:colcon.colcon_core.package_identification:_identify(src/lbr_fri_ros2_stack/lbr_moveit_config/iiwa7_moveit_config) by extension 'colcon_meta'
[0.235s] Level 1:colcon.colcon_core.package_identification:_identify(src/lbr_fri_ros2_stack/lbr_moveit_config/iiwa7_moveit_config) by extensions ['ros']
[0.235s] Level 1:colcon.colcon_core.package_identification:_identify(src/lbr_fri_ros2_stack/lbr_moveit_config/iiwa7_moveit_config) by extension 'ros'
[0.243s] DEBUG:colcon.colcon_core.package_identification:Package 'src/lbr_fri_ros2_stack/lbr_moveit_config/iiwa7_moveit_config' with type 'ros.ament_cmake' and name 'iiwa7_moveit_config'
[0.243s] Level 1:colcon.colcon_core.package_identification:_identify(src/lbr_fri_ros2_stack/lbr_moveit_config/med14_moveit_config) by extensions ['ignore', 'ignore_ament_install']
[0.243s] Level 1:colcon.colcon_core.package_identification:_identify(src/lbr_fri_ros2_stack/lbr_moveit_config/med14_moveit_config) by extension 'ignore'
[0.243s] Level 1:colcon.colcon_core.package_identification:_identify(src/lbr_fri_ros2_stack/lbr_moveit_config/med14_moveit_config) by extension 'ignore_ament_install'
[0.243s] Level 1:colcon.colcon_core.package_identification:_identify(src/lbr_fri_ros2_stack/lbr_moveit_config/med14_moveit_config) by extensions ['colcon_pkg']
[0.243s] Level 1:colcon.colcon_core.package_identification:_identify(src/lbr_fri_ros2_stack/lbr_moveit_config/med14_moveit_config) by extension 'colcon_pkg'
[0.243s] Level 1:colcon.colcon_core.package_identification:_identify(src/lbr_fri_ros2_stack/lbr_moveit_config/med14_moveit_config) by extensions ['colcon_meta']
[0.243s] Level 1:colcon.colcon_core.package_identification:_identify(src/lbr_fri_ros2_stack/lbr_moveit_config/med14_moveit_config) by extension 'colcon_meta'
[0.243s] Level 1:colcon.colcon_core.package_identification:_identify(src/lbr_fri_ros2_stack/lbr_moveit_config/med14_moveit_config) by extensions ['ros']
[0.243s] Level 1:colcon.colcon_core.package_identification:_identify(src/lbr_fri_ros2_stack/lbr_moveit_config/med14_moveit_config) by extension 'ros'
[0.244s] DEBUG:colcon.colcon_core.package_identification:Package 'src/lbr_fri_ros2_stack/lbr_moveit_config/med14_moveit_config' with type 'ros.ament_cmake' and name 'med14_moveit_config'
[0.244s] Level 1:colcon.colcon_core.package_identification:_identify(src/lbr_fri_ros2_stack/lbr_moveit_config/med7_moveit_config) by extensions ['ignore', 'ignore_ament_install']
[0.244s] Level 1:colcon.colcon_core.package_identification:_identify(src/lbr_fri_ros2_stack/lbr_moveit_config/med7_moveit_config) by extension 'ignore'
[0.244s] Level 1:colcon.colcon_core.package_identification:_identify(src/lbr_fri_ros2_stack/lbr_moveit_config/med7_moveit_config) by extension 'ignore_ament_install'
[0.244s] Level 1:colcon.colcon_core.package_identification:_identify(src/lbr_fri_ros2_stack/lbr_moveit_config/med7_moveit_config) by extensions ['colcon_pkg']
[0.244s] Level 1:colcon.colcon_core.package_identification:_identify(src/lbr_fri_ros2_stack/lbr_moveit_config/med7_moveit_config) by extension 'colcon_pkg'
[0.244s] Level 1:colcon.colcon_core.package_identification:_identify(src/lbr_fri_ros2_stack/lbr_moveit_config/med7_moveit_config) by extensions ['colcon_meta']
[0.244s] Level 1:colcon.colcon_core.package_identification:_identify(src/lbr_fri_ros2_stack/lbr_moveit_config/med7_moveit_config) by extension 'colcon_meta'
[0.244s] Level 1:colcon.colcon_core.package_identification:_identify(src/lbr_fri_ros2_stack/lbr_moveit_config/med7_moveit_config) by extensions ['ros']
[0.244s] Level 1:colcon.colcon_core.package_identification:_identify(src/lbr_fri_ros2_stack/lbr_moveit_config/med7_moveit_config) by extension 'ros'
[0.244s] DEBUG:colcon.colcon_core.package_identification:Package 'src/lbr_fri_ros2_stack/lbr_moveit_config/med7_moveit_config' with type 'ros.ament_cmake' and name 'med7_moveit_config'
[0.244s] Level 1:colcon.colcon_core.package_identification:_identify(src/lbr_fri_ros2_stack/lbr_ros2_control) by extensions ['ignore', 'ignore_ament_install']
[0.245s] Level 1:colcon.colcon_core.package_identification:_identify(src/lbr_fri_ros2_stack/lbr_ros2_control) by extension 'ignore'
[0.245s] Level 1:colcon.colcon_core.package_identification:_identify(src/lbr_fri_ros2_stack/lbr_ros2_control) by extension 'ignore_ament_install'
[0.245s] Level 1:colcon.colcon_core.package_identification:_identify(src/lbr_fri_ros2_stack/lbr_ros2_control) by extensions ['colcon_pkg']
[0.245s] Level 1:colcon.colcon_core.package_identification:_identify(src/lbr_fri_ros2_stack/lbr_ros2_control) by extension 'colcon_pkg'
[0.245s] Level 1:colcon.colcon_core.package_identification:_identify(src/lbr_fri_ros2_stack/lbr_ros2_control) by extensions ['colcon_meta']
[0.245s] Level 1:colcon.colcon_core.package_identification:_identify(src/lbr_fri_ros2_stack/lbr_ros2_control) by extension 'colcon_meta'
[0.245s] Level 1:colcon.colcon_core.package_identification:_identify(src/lbr_fri_ros2_stack/lbr_ros2_control) by extensions ['ros']
[0.245s] Level 1:colcon.colcon_core.package_identification:_identify(src/lbr_fri_ros2_stack/lbr_ros2_control) by extension 'ros'
[0.246s] DEBUG:colcon.colcon_core.package_identification:Package 'src/lbr_fri_ros2_stack/lbr_ros2_control' with type 'ros.ament_cmake' and name 'lbr_ros2_control'
[0.246s] Level 1:colcon.colcon_core.package_identification:_identify(src/log) by extensions ['ignore', 'ignore_ament_install']
[0.246s] Level 1:colcon.colcon_core.package_identification:_identify(src/log) by extension 'ignore'
[0.246s] Level 1:colcon.colcon_core.package_identification:_identify(src/log) ignored
[0.246s] Level 1:colcon.colcon_core.package_discovery:discover_packages(recursive) using defaults
[0.246s] Level 1:colcon.colcon_core.package_discovery:discover_packages(ignore) discover
[0.246s] Level 1:colcon.colcon_core.package_discovery:discover_packages(ignore) using defaults
[0.246s] Level 1:colcon.colcon_core.package_discovery:discover_packages(path) discover
[0.246s] Level 1:colcon.colcon_core.package_discovery:discover_packages(path) using defaults
[0.264s] Level 1:colcon.colcon_core.package_discovery:discover_packages(prefix_path) check parameters
[0.264s] Level 1:colcon.colcon_core.package_discovery:discover_packages(prefix_path) discover
[0.266s] DEBUG:colcon.colcon_installed_package_information.package_discovery:Found 362 installed packages in /opt/ros/humble
[0.267s] Level 1:colcon.colcon_core.package_discovery:discover_packages(prefix_path) using defaults
[0.300s] Level 5:colcon.colcon_core.verb:set package 'fri_client_sdk' build argument 'cmake_args' from command line to 'None'
[0.300s] Level 5:colcon.colcon_core.verb:set package 'fri_client_sdk' build argument 'cmake_target' from command line to 'None'
[0.300s] Level 5:colcon.colcon_core.verb:set package 'fri_client_sdk' build argument 'cmake_target_skip_unavailable' from command line to 'False'
[0.300s] Level 5:colcon.colcon_core.verb:set package 'fri_client_sdk' build argument 'cmake_clean_cache' from command line to 'False'
[0.300s] Level 5:colcon.colcon_core.verb:set package 'fri_client_sdk' build argument 'cmake_clean_first' from command line to 'False'
[0.300s] Level 5:colcon.colcon_core.verb:set package 'fri_client_sdk' build argument 'cmake_force_configure' from command line to 'False'
[0.300s] Level 5:colcon.colcon_core.verb:set package 'fri_client_sdk' build argument 'ament_cmake_args' from command line to 'None'
[0.300s] Level 5:colcon.colcon_core.verb:set package 'fri_client_sdk' build argument 'catkin_cmake_args' from command line to 'None'
[0.300s] Level 5:colcon.colcon_core.verb:set package 'fri_client_sdk' build argument 'catkin_skip_building_tests' from command line to 'False'
[0.300s] DEBUG:colcon.colcon_core.verb:Building package 'fri_client_sdk' with the following arguments: {'ament_cmake_args': None, 'build_base': '/home/harry/cmu/capstone/calibration_ws/lbr-stack/build/fri_client_sdk', 'catkin_cmake_args': None, 'catkin_skip_building_tests': False, 'cmake_args': None, 'cmake_clean_cache': False, 'cmake_clean_first': False, 'cmake_force_configure': False, 'cmake_target': None, 'cmake_target_skip_unavailable': False, 'install_base': '/home/harry/cmu/capstone/calibration_ws/lbr-stack/install/fri_client_sdk', 'merge_install': False, 'path': '/home/harry/cmu/capstone/calibration_ws/lbr-stack/src/fri', 'symlink_install': True, 'test_result_base': None}
[0.300s] Level 5:colcon.colcon_core.verb:set package 'lbr_description' build argument 'cmake_args' from command line to 'None'
[0.300s] Level 5:colcon.colcon_core.verb:set package 'lbr_description' build argument 'cmake_target' from command line to 'None'
[0.300s] Level 5:colcon.colcon_core.verb:set package 'lbr_description' build argument 'cmake_target_skip_unavailable' from command line to 'False'
[0.300s] Level 5:colcon.colcon_core.verb:set package 'lbr_description' build argument 'cmake_clean_cache' from command line to 'False'
[0.300s] Level 5:colcon.colcon_core.verb:set package 'lbr_description' build argument 'cmake_clean_first' from command line to 'False'
[0.300s] Level 5:colcon.colcon_core.verb:set package 'lbr_description' build argument 'cmake_force_configure' from command line to 'False'
[0.300s] Level 5:colcon.colcon_core.verb:set package 'lbr_description' build argument 'ament_cmake_args' from command line to 'None'
[0.300s] Level 5:colcon.colcon_core.verb:set package 'lbr_description' build argument 'catkin_cmake_args' from command line to 'None'
[0.301s] Level 5:colcon.colcon_core.verb:set package 'lbr_description' build argument 'catkin_skip_building_tests' from command line to 'False'
[0.301s] DEBUG:colcon.colcon_core.verb:Building package 'lbr_description' with the following arguments: {'ament_cmake_args': None, 'build_base': '/home/harry/cmu/capstone/calibration_ws/lbr-stack/build/lbr_description', 'catkin_cmake_args': None, 'catkin_skip_building_tests': False, 'cmake_args': None, 'cmake_clean_cache': False, 'cmake_clean_first': False, 'cmake_force_configure': False, 'cmake_target': None, 'cmake_target_skip_unavailable': False, 'install_base': '/home/harry/cmu/capstone/calibration_ws/lbr-stack/install/lbr_description', 'merge_install': False, 'path': '/home/harry/cmu/capstone/calibration_ws/lbr-stack/src/lbr_fri_ros2_stack/lbr_description', 'symlink_install': True, 'test_result_base': None}
[0.301s] Level 5:colcon.colcon_core.verb:set package 'lbr_moveit' build argument 'cmake_args' from command line to 'None'
[0.301s] Level 5:colcon.colcon_core.verb:set package 'lbr_moveit' build argument 'cmake_target' from command line to 'None'
[0.301s] Level 5:colcon.colcon_core.verb:set package 'lbr_moveit' build argument 'cmake_target_skip_unavailable' from command line to 'False'
[0.301s] Level 5:colcon.colcon_core.verb:set package 'lbr_moveit' build argument 'cmake_clean_cache' from command line to 'False'
[0.301s] Level 5:colcon.colcon_core.verb:set package 'lbr_moveit' build argument 'cmake_clean_first' from command line to 'False'
[0.301s] Level 5:colcon.colcon_core.verb:set package 'lbr_moveit' build argument 'cmake_force_configure' from command line to 'False'
[0.301s] Level 5:colcon.colcon_core.verb:set package 'lbr_moveit' build argument 'ament_cmake_args' from command line to 'None'
[0.301s] Level 5:colcon.colcon_core.verb:set package 'lbr_moveit' build argument 'catkin_cmake_args' from command line to 'None'
[0.301s] Level 5:colcon.colcon_core.verb:set package 'lbr_moveit' build argument 'catkin_skip_building_tests' from command line to 'False'
[0.301s] DEBUG:colcon.colcon_core.verb:Building package 'lbr_moveit' with the following arguments: {'ament_cmake_args': None, 'build_base': '/home/harry/cmu/capstone/calibration_ws/lbr-stack/build/lbr_moveit', 'catkin_cmake_args': None, 'catkin_skip_building_tests': False, 'cmake_args': None, 'cmake_clean_cache': False, 'cmake_clean_first': False, 'cmake_force_configure': False, 'cmake_target': None, 'cmake_target_skip_unavailable': False, 'install_base': '/home/harry/cmu/capstone/calibration_ws/lbr-stack/install/lbr_moveit', 'merge_install': False, 'path': '/home/harry/cmu/capstone/calibration_ws/lbr-stack/src/lbr_fri_ros2_stack/lbr_demos/lbr_moveit', 'symlink_install': True, 'test_result_base': None}
[0.301s] Level 5:colcon.colcon_core.verb:set package 'lbr_moveit_cpp' build argument 'cmake_args' from command line to 'None'
[0.301s] Level 5:colcon.colcon_core.verb:set package 'lbr_moveit_cpp' build argument 'cmake_target' from command line to 'None'
[0.301s] Level 5:colcon.colcon_core.verb:set package 'lbr_moveit_cpp' build argument 'cmake_target_skip_unavailable' from command line to 'False'
[0.301s] Level 5:colcon.colcon_core.verb:set package 'lbr_moveit_cpp' build argument 'cmake_clean_cache' from command line to 'False'
[0.301s] Level 5:colcon.colcon_core.verb:set package 'lbr_moveit_cpp' build argument 'cmake_clean_first' from command line to 'False'
[0.301s] Level 5:colcon.colcon_core.verb:set package 'lbr_moveit_cpp' build argument 'cmake_force_configure' from command line to 'False'
[0.301s] Level 5:colcon.colcon_core.verb:set package 'lbr_moveit_cpp' build argument 'ament_cmake_args' from command line to 'None'
[0.301s] Level 5:colcon.colcon_core.verb:set package 'lbr_moveit_cpp' build argument 'catkin_cmake_args' from command line to 'None'
[0.301s] Level 5:colcon.colcon_core.verb:set package 'lbr_moveit_cpp' build argument 'catkin_skip_building_tests' from command line to 'False'
[0.301s] DEBUG:colcon.colcon_core.verb:Building package 'lbr_moveit_cpp' with the following arguments: {'ament_cmake_args': None, 'build_base': '/home/harry/cmu/capstone/calibration_ws/lbr-stack/build/lbr_moveit_cpp', 'catkin_cmake_args': None, 'catkin_skip_building_tests': False, 'cmake_args': None, 'cmake_clean_cache': False, 'cmake_clean_first': False, 'cmake_force_configure': False, 'cmake_target': None, 'cmake_target_skip_unavailable': False, 'install_base': '/home/harry/cmu/capstone/calibration_ws/lbr-stack/install/lbr_moveit_cpp', 'merge_install': False, 'path': '/home/harry/cmu/capstone/calibration_ws/lbr-stack/src/lbr_fri_ros2_stack/lbr_demos/lbr_moveit_cpp', 'symlink_install': True, 'test_result_base': None}
[0.302s] Level 5:colcon.colcon_core.verb:set package 'iiwa14_moveit_config' build argument 'cmake_args' from command line to 'None'
[0.302s] Level 5:colcon.colcon_core.verb:set package 'iiwa14_moveit_config' build argument 'cmake_target' from command line to 'None'
[0.302s] Level 5:colcon.colcon_core.verb:set package 'iiwa14_moveit_config' build argument 'cmake_target_skip_unavailable' from command line to 'False'
[0.302s] Level 5:colcon.colcon_core.verb:set package 'iiwa14_moveit_config' build argument 'cmake_clean_cache' from command line to 'False'
[0.302s] Level 5:colcon.colcon_core.verb:set package 'iiwa14_moveit_config' build argument 'cmake_clean_first' from command line to 'False'
[0.302s] Level 5:colcon.colcon_core.verb:set package 'iiwa14_moveit_config' build argument 'cmake_force_configure' from command line to 'False'
[0.302s] Level 5:colcon.colcon_core.verb:set package 'iiwa14_moveit_config' build argument 'ament_cmake_args' from command line to 'None'
[0.302s] Level 5:colcon.colcon_core.verb:set package 'iiwa14_moveit_config' build argument 'catkin_cmake_args' from command line to 'None'
[0.302s] Level 5:colcon.colcon_core.verb:set package 'iiwa14_moveit_config' build argument 'catkin_skip_building_tests' from command line to 'False'
[0.302s] DEBUG:colcon.colcon_core.verb:Building package 'iiwa14_moveit_config' with the following arguments: {'ament_cmake_args': None, 'build_base': '/home/harry/cmu/capstone/calibration_ws/lbr-stack/build/iiwa14_moveit_config', 'catkin_cmake_args': None, 'catkin_skip_building_tests': False, 'cmake_args': None, 'cmake_clean_cache': False, 'cmake_clean_first': False, 'cmake_force_configure': False, 'cmake_target': None, 'cmake_target_skip_unavailable': False, 'install_base': '/home/harry/cmu/capstone/calibration_ws/lbr-stack/install/iiwa14_moveit_config', 'merge_install': False, 'path': '/home/harry/cmu/capstone/calibration_ws/lbr-stack/src/lbr_fri_ros2_stack/lbr_moveit_config/iiwa14_moveit_config', 'symlink_install': True, 'test_result_base': None}
[0.302s] Level 5:colcon.colcon_core.verb:set package 'iiwa7_moveit_config' build argument 'cmake_args' from command line to 'None'
[0.302s] Level 5:colcon.colcon_core.verb:set package 'iiwa7_moveit_config' build argument 'cmake_target' from command line to 'None'
[0.302s] Level 5:colcon.colcon_core.verb:set package 'iiwa7_moveit_config' build argument 'cmake_target_skip_unavailable' from command line to 'False'
[0.302s] Level 5:colcon.colcon_core.verb:set package 'iiwa7_moveit_config' build argument 'cmake_clean_cache' from command line to 'False'
[0.302s] Level 5:colcon.colcon_core.verb:set package 'iiwa7_moveit_config' build argument 'cmake_clean_first' from command line to 'False'
[0.302s] Level 5:colcon.colcon_core.verb:set package 'iiwa7_moveit_config' build argument 'cmake_force_configure' from command line to 'False'
[0.302s] Level 5:colcon.colcon_core.verb:set package 'iiwa7_moveit_config' build argument 'ament_cmake_args' from command line to 'None'
[0.302s] Level 5:colcon.colcon_core.verb:set package 'iiwa7_moveit_config' build argument 'catkin_cmake_args' from command line to 'None'
[0.302s] Level 5:colcon.colcon_core.verb:set package 'iiwa7_moveit_config' build argument 'catkin_skip_building_tests' from command line to 'False'
[0.302s] DEBUG:colcon.colcon_core.verb:Building package 'iiwa7_moveit_config' with the following arguments: {'ament_cmake_args': None, 'build_base': '/home/harry/cmu/capstone/calibration_ws/lbr-stack/build/iiwa7_moveit_config', 'catkin_cmake_args': None, 'catkin_skip_building_tests': False, 'cmake_args': None, 'cmake_clean_cache': False, 'cmake_clean_first': False, 'cmake_force_configure': False, 'cmake_target': None, 'cmake_target_skip_unavailable': False, 'install_base': '/home/harry/cmu/capstone/calibration_ws/lbr-stack/install/iiwa7_moveit_config', 'merge_install': False, 'path': '/home/harry/cmu/capstone/calibration_ws/lbr-stack/src/lbr_fri_ros2_stack/lbr_moveit_config/iiwa7_moveit_config', 'symlink_install': True, 'test_result_base': None}
[0.302s] Level 5:colcon.colcon_core.verb:set package 'lbr_fri_idl' build argument 'cmake_args' from command line to 'None'
[0.302s] Level 5:colcon.colcon_core.verb:set package 'lbr_fri_idl' build argument 'cmake_target' from command line to 'None'
[0.302s] Level 5:colcon.colcon_core.verb:set package 'lbr_fri_idl' build argument 'cmake_target_skip_unavailable' from command line to 'False'
[0.302s] Level 5:colcon.colcon_core.verb:set package 'lbr_fri_idl' build argument 'cmake_clean_cache' from command line to 'False'
[0.302s] Level 5:colcon.colcon_core.verb:set package 'lbr_fri_idl' build argument 'cmake_clean_first' from command line to 'False'
[0.303s] Level 5:colcon.colcon_core.verb:set package 'lbr_fri_idl' build argument 'cmake_force_configure' from command line to 'False'
[0.303s] Level 5:colcon.colcon_core.verb:set package 'lbr_fri_idl' build argument 'ament_cmake_args' from command line to 'None'
[0.303s] Level 5:colcon.colcon_core.verb:set package 'lbr_fri_idl' build argument 'catkin_cmake_args' from command line to 'None'
[0.303s] Level 5:colcon.colcon_core.verb:set package 'lbr_fri_idl' build argument 'catkin_skip_building_tests' from command line to 'False'
[0.303s] DEBUG:colcon.colcon_core.verb:Building package 'lbr_fri_idl' with the following arguments: {'ament_cmake_args': None, 'build_base': '/home/harry/cmu/capstone/calibration_ws/lbr-stack/build/lbr_fri_idl', 'catkin_cmake_args': None, 'catkin_skip_building_tests': False, 'cmake_args': None, 'cmake_clean_cache': False, 'cmake_clean_first': False, 'cmake_force_configure': False, 'cmake_target': None, 'cmake_target_skip_unavailable': False, 'install_base': '/home/harry/cmu/capstone/calibration_ws/lbr-stack/install/lbr_fri_idl', 'merge_install': False, 'path': '/home/harry/cmu/capstone/calibration_ws/lbr-stack/src/lbr_fri_idl', 'symlink_install': True, 'test_result_base': None}
[0.303s] Level 5:colcon.colcon_core.verb:set package 'med14_moveit_config' build argument 'cmake_args' from command line to 'None'
[0.303s] Level 5:colcon.colcon_core.verb:set package 'med14_moveit_config' build argument 'cmake_target' from command line to 'None'
[0.303s] Level 5:colcon.colcon_core.verb:set package 'med14_moveit_config' build argument 'cmake_target_skip_unavailable' from command line to 'False'
[0.303s] Level 5:colcon.colcon_core.verb:set package 'med14_moveit_config' build argument 'cmake_clean_cache' from command line to 'False'
[0.303s] Level 5:colcon.colcon_core.verb:set package 'med14_moveit_config' build argument 'cmake_clean_first' from command line to 'False'
[0.303s] Level 5:colcon.colcon_core.verb:set package 'med14_moveit_config' build argument 'cmake_force_configure' from command line to 'False'
[0.303s] Level 5:colcon.colcon_core.verb:set package 'med14_moveit_config' build argument 'ament_cmake_args' from command line to 'None'
[0.303s] Level 5:colcon.colcon_core.verb:set package 'med14_moveit_config' build argument 'catkin_cmake_args' from command line to 'None'
[0.303s] Level 5:colcon.colcon_core.verb:set package 'med14_moveit_config' build argument 'catkin_skip_building_tests' from command line to 'False'
[0.303s] DEBUG:colcon.colcon_core.verb:Building package 'med14_moveit_config' with the following arguments: {'ament_cmake_args': None, 'build_base': '/home/harry/cmu/capstone/calibration_ws/lbr-stack/build/med14_moveit_config', 'catkin_cmake_args': None, 'catkin_skip_building_tests': False, 'cmake_args': None, 'cmake_clean_cache': False, 'cmake_clean_first': False, 'cmake_force_configure': False, 'cmake_target': None, 'cmake_target_skip_unavailable': False, 'install_base': '/home/harry/cmu/capstone/calibration_ws/lbr-stack/install/med14_moveit_config', 'merge_install': False, 'path': '/home/harry/cmu/capstone/calibration_ws/lbr-stack/src/lbr_fri_ros2_stack/lbr_moveit_config/med14_moveit_config', 'symlink_install': True, 'test_result_base': None}
[0.303s] Level 5:colcon.colcon_core.verb:set package 'med7_moveit_config' build argument 'cmake_args' from command line to 'None'
[0.303s] Level 5:colcon.colcon_core.verb:set package 'med7_moveit_config' build argument 'cmake_target' from command line to 'None'
[0.303s] Level 5:colcon.colcon_core.verb:set package 'med7_moveit_config' build argument 'cmake_target_skip_unavailable' from command line to 'False'
[0.303s] Level 5:colcon.colcon_core.verb:set package 'med7_moveit_config' build argument 'cmake_clean_cache' from command line to 'False'
[0.303s] Level 5:colcon.colcon_core.verb:set package 'med7_moveit_config' build argument 'cmake_clean_first' from command line to 'False'
[0.303s] Level 5:colcon.colcon_core.verb:set package 'med7_moveit_config' build argument 'cmake_force_configure' from command line to 'False'
[0.303s] Level 5:colcon.colcon_core.verb:set package 'med7_moveit_config' build argument 'ament_cmake_args' from command line to 'None'
[0.303s] Level 5:colcon.colcon_core.verb:set package 'med7_moveit_config' build argument 'catkin_cmake_args' from command line to 'None'
[0.303s] Level 5:colcon.colcon_core.verb:set package 'med7_moveit_config' build argument 'catkin_skip_building_tests' from command line to 'False'
[0.303s] DEBUG:colcon.colcon_core.verb:Building package 'med7_moveit_config' with the following arguments: {'ament_cmake_args': None, 'build_base': '/home/harry/cmu/capstone/calibration_ws/lbr-stack/build/med7_moveit_config', 'catkin_cmake_args': None, 'catkin_skip_building_tests': False, 'cmake_args': None, 'cmake_clean_cache': False, 'cmake_clean_first': False, 'cmake_force_configure': False, 'cmake_target': None, 'cmake_target_skip_unavailable': False, 'install_base': '/home/harry/cmu/capstone/calibration_ws/lbr-stack/install/med7_moveit_config', 'merge_install': False, 'path': '/home/harry/cmu/capstone/calibration_ws/lbr-stack/src/lbr_fri_ros2_stack/lbr_moveit_config/med7_moveit_config', 'symlink_install': True, 'test_result_base': None}
[0.304s] Level 5:colcon.colcon_core.verb:set package 'lbr_fri_ros2' build argument 'cmake_args' from command line to 'None'
[0.304s] Level 5:colcon.colcon_core.verb:set package 'lbr_fri_ros2' build argument 'cmake_target' from command line to 'None'
[0.304s] Level 5:colcon.colcon_core.verb:set package 'lbr_fri_ros2' build argument 'cmake_target_skip_unavailable' from command line to 'False'
[0.304s] Level 5:colcon.colcon_core.verb:set package 'lbr_fri_ros2' build argument 'cmake_clean_cache' from command line to 'False'
[0.304s] Level 5:colcon.colcon_core.verb:set package 'lbr_fri_ros2' build argument 'cmake_clean_first' from command line to 'False'
[0.304s] Level 5:colcon.colcon_core.verb:set package 'lbr_fri_ros2' build argument 'cmake_force_configure' from command line to 'False'
[0.304s] Level 5:colcon.colcon_core.verb:set package 'lbr_fri_ros2' build argument 'ament_cmake_args' from command line to 'None'
[0.304s] Level 5:colcon.colcon_core.verb:set package 'lbr_fri_ros2' build argument 'catkin_cmake_args' from command line to 'None'
[0.304s] Level 5:colcon.colcon_core.verb:set package 'lbr_fri_ros2' build argument 'catkin_skip_building_tests' from command line to 'False'
[0.304s] DEBUG:colcon.colcon_core.verb:Building package 'lbr_fri_ros2' with the following arguments: {'ament_cmake_args': None, 'build_base': '/home/harry/cmu/capstone/calibration_ws/lbr-stack/build/lbr_fri_ros2', 'catkin_cmake_args': None, 'catkin_skip_building_tests': False, 'cmake_args': None, 'cmake_clean_cache': False, 'cmake_clean_first': False, 'cmake_force_configure': False, 'cmake_target': None, 'cmake_target_skip_unavailable': False, 'install_base': '/home/harry/cmu/capstone/calibration_ws/lbr-stack/install/lbr_fri_ros2', 'merge_install': False, 'path': '/home/harry/cmu/capstone/calibration_ws/lbr-stack/src/lbr_fri_ros2_stack/lbr_fri_ros2', 'symlink_install': True, 'test_result_base': None}
[0.304s] Level 5:colcon.colcon_core.verb:set package 'lbr_demos_advanced_cpp' build argument 'cmake_args' from command line to 'None'
[0.304s] Level 5:colcon.colcon_core.verb:set package 'lbr_demos_advanced_cpp' build argument 'cmake_target' from command line to 'None'
[0.304s] Level 5:colcon.colcon_core.verb:set package 'lbr_demos_advanced_cpp' build argument 'cmake_target_skip_unavailable' from command line to 'False'
[0.304s] Level 5:colcon.colcon_core.verb:set package 'lbr_demos_advanced_cpp' build argument 'cmake_clean_cache' from command line to 'False'
[0.304s] Level 5:colcon.colcon_core.verb:set package 'lbr_demos_advanced_cpp' build argument 'cmake_clean_first' from command line to 'False'
[0.304s] Level 5:colcon.colcon_core.verb:set package 'lbr_demos_advanced_cpp' build argument 'cmake_force_configure' from command line to 'False'
[0.304s] Level 5:colcon.colcon_core.verb:set package 'lbr_demos_advanced_cpp' build argument 'ament_cmake_args' from command line to 'None'
[0.304s] Level 5:colcon.colcon_core.verb:set package 'lbr_demos_advanced_cpp' build argument 'catkin_cmake_args' from command line to 'None'
[0.304s] Level 5:colcon.colcon_core.verb:set package 'lbr_demos_advanced_cpp' build argument 'catkin_skip_building_tests' from command line to 'False'
[0.304s] DEBUG:colcon.colcon_core.verb:Building package 'lbr_demos_advanced_cpp' with the following arguments: {'ament_cmake_args': None, 'build_base': '/home/harry/cmu/capstone/calibration_ws/lbr-stack/build/lbr_demos_advanced_cpp', 'catkin_cmake_args': None, 'catkin_skip_building_tests': False, 'cmake_args': None, 'cmake_clean_cache': False, 'cmake_clean_first': False, 'cmake_force_configure': False, 'cmake_target': None, 'cmake_target_skip_unavailable': False, 'install_base': '/home/harry/cmu/capstone/calibration_ws/lbr-stack/install/lbr_demos_advanced_cpp', 'merge_install': False, 'path': '/home/harry/cmu/capstone/calibration_ws/lbr-stack/src/lbr_fri_ros2_stack/lbr_demos/lbr_demos_advanced_cpp', 'symlink_install': True, 'test_result_base': None}
[0.305s] Level 5:colcon.colcon_core.verb:set package 'lbr_demos_advanced_py' build argument 'cmake_args' from command line to 'None'
[0.305s] Level 5:colcon.colcon_core.verb:set package 'lbr_demos_advanced_py' build argument 'cmake_target' from command line to 'None'
[0.305s] Level 5:colcon.colcon_core.verb:set package 'lbr_demos_advanced_py' build argument 'cmake_target_skip_unavailable' from command line to 'False'
[0.305s] Level 5:colcon.colcon_core.verb:set package 'lbr_demos_advanced_py' build argument 'cmake_clean_cache' from command line to 'False'
[0.305s] Level 5:colcon.colcon_core.verb:set package 'lbr_demos_advanced_py' build argument 'cmake_clean_first' from command line to 'False'
[0.305s] Level 5:colcon.colcon_core.verb:set package 'lbr_demos_advanced_py' build argument 'cmake_force_configure' from command line to 'False'
[0.305s] Level 5:colcon.colcon_core.verb:set package 'lbr_demos_advanced_py' build argument 'ament_cmake_args' from command line to 'None'
[0.305s] Level 5:colcon.colcon_core.verb:set package 'lbr_demos_advanced_py' build argument 'catkin_cmake_args' from command line to 'None'
[0.305s] Level 5:colcon.colcon_core.verb:set package 'lbr_demos_advanced_py' build argument 'catkin_skip_building_tests' from command line to 'False'
[0.305s] DEBUG:colcon.colcon_core.verb:Building package 'lbr_demos_advanced_py' with the following arguments: {'ament_cmake_args': None, 'build_base': '/home/harry/cmu/capstone/calibration_ws/lbr-stack/build/lbr_demos_advanced_py', 'catkin_cmake_args': None, 'catkin_skip_building_tests': False, 'cmake_args': None, 'cmake_clean_cache': False, 'cmake_clean_first': False, 'cmake_force_configure': False, 'cmake_target': None, 'cmake_target_skip_unavailable': False, 'install_base': '/home/harry/cmu/capstone/calibration_ws/lbr-stack/install/lbr_demos_advanced_py', 'merge_install': False, 'path': '/home/harry/cmu/capstone/calibration_ws/lbr-stack/src/lbr_fri_ros2_stack/lbr_demos/lbr_demos_advanced_py', 'symlink_install': True, 'test_result_base': None}
[0.305s] Level 5:colcon.colcon_core.verb:set package 'lbr_ros2_control' build argument 'cmake_args' from command line to 'None'
[0.305s] Level 5:colcon.colcon_core.verb:set package 'lbr_ros2_control' build argument 'cmake_target' from command line to 'None'
[0.305s] Level 5:colcon.colcon_core.verb:set package 'lbr_ros2_control' build argument 'cmake_target_skip_unavailable' from command line to 'False'
[0.305s] Level 5:colcon.colcon_core.verb:set package 'lbr_ros2_control' build argument 'cmake_clean_cache' from command line to 'False'
[0.305s] Level 5:colcon.colcon_core.verb:set package 'lbr_ros2_control' build argument 'cmake_clean_first' from command line to 'False'
[0.305s] Level 5:colcon.colcon_core.verb:set package 'lbr_ros2_control' build argument 'cmake_force_configure' from command line to 'False'
[0.305s] Level 5:colcon.colcon_core.verb:set package 'lbr_ros2_control' build argument 'ament_cmake_args' from command line to 'None'
[0.305s] Level 5:colcon.colcon_core.verb:set package 'lbr_ros2_control' build argument 'catkin_cmake_args' from command line to 'None'
[0.305s] Level 5:colcon.colcon_core.verb:set package 'lbr_ros2_control' build argument 'catkin_skip_building_tests' from command line to 'False'
[0.305s] DEBUG:colcon.colcon_core.verb:Building package 'lbr_ros2_control' with the following arguments: {'ament_cmake_args': None, 'build_base': '/home/harry/cmu/capstone/calibration_ws/lbr-stack/build/lbr_ros2_control', 'catkin_cmake_args': None, 'catkin_skip_building_tests': False, 'cmake_args': None, 'cmake_clean_cache': False, 'cmake_clean_first': False, 'cmake_force_configure': False, 'cmake_target': None, 'cmake_target_skip_unavailable': False, 'install_base': '/home/harry/cmu/capstone/calibration_ws/lbr-stack/install/lbr_ros2_control', 'merge_install': False, 'path': '/home/harry/cmu/capstone/calibration_ws/lbr-stack/src/lbr_fri_ros2_stack/lbr_ros2_control', 'symlink_install': True, 'test_result_base': None}
[0.305s] Level 5:colcon.colcon_core.verb:set package 'lbr_bringup' build argument 'cmake_args' from command line to 'None'
[0.305s] Level 5:colcon.colcon_core.verb:set package 'lbr_bringup' build argument 'cmake_target' from command line to 'None'
[0.305s] Level 5:colcon.colcon_core.verb:set package 'lbr_bringup' build argument 'cmake_target_skip_unavailable' from command line to 'False'
[0.305s] Level 5:colcon.colcon_core.verb:set package 'lbr_bringup' build argument 'cmake_clean_cache' from command line to 'False'
[0.305s] Level 5:colcon.colcon_core.verb:set package 'lbr_bringup' build argument 'cmake_clean_first' from command line to 'False'
[0.305s] Level 5:colcon.colcon_core.verb:set package 'lbr_bringup' build argument 'cmake_force_configure' from command line to 'False'
[0.305s] Level 5:colcon.colcon_core.verb:set package 'lbr_bringup' build argument 'ament_cmake_args' from command line to 'None'
[0.305s] Level 5:colcon.colcon_core.verb:set package 'lbr_bringup' build argument 'catkin_cmake_args' from command line to 'None'
[0.305s] Level 5:colcon.colcon_core.verb:set package 'lbr_bringup' build argument 'catkin_skip_building_tests' from command line to 'False'
[0.305s] DEBUG:colcon.colcon_core.verb:Building package 'lbr_bringup' with the following arguments: {'ament_cmake_args': None, 'build_base': '/home/harry/cmu/capstone/calibration_ws/lbr-stack/build/lbr_bringup', 'catkin_cmake_args': None, 'catkin_skip_building_tests': False, 'cmake_args': None, 'cmake_clean_cache': False, 'cmake_clean_first': False, 'cmake_force_configure': False, 'cmake_target': None, 'cmake_target_skip_unavailable': False, 'install_base': '/home/harry/cmu/capstone/calibration_ws/lbr-stack/install/lbr_bringup', 'merge_install': False, 'path': '/home/harry/cmu/capstone/calibration_ws/lbr-stack/src/lbr_fri_ros2_stack/lbr_bringup', 'symlink_install': True, 'test_result_base': None}
[0.306s] Level 5:colcon.colcon_core.verb:set package 'lbr_demos_cpp' build argument 'cmake_args' from command line to 'None'
[0.306s] Level 5:colcon.colcon_core.verb:set package 'lbr_demos_cpp' build argument 'cmake_target' from command line to 'None'
[0.306s] Level 5:colcon.colcon_core.verb:set package 'lbr_demos_cpp' build argument 'cmake_target_skip_unavailable' from command line to 'False'
[0.306s] Level 5:colcon.colcon_core.verb:set package 'lbr_demos_cpp' build argument 'cmake_clean_cache' from command line to 'False'
[0.306s] Level 5:colcon.colcon_core.verb:set package 'lbr_demos_cpp' build argument 'cmake_clean_first' from command line to 'False'
[0.306s] Level 5:colcon.colcon_core.verb:set package 'lbr_demos_cpp' build argument 'cmake_force_configure' from command line to 'False'
[0.306s] Level 5:colcon.colcon_core.verb:set package 'lbr_demos_cpp' build argument 'ament_cmake_args' from command line to 'None'
[0.306s] Level 5:colcon.colcon_core.verb:set package 'lbr_demos_cpp' build argument 'catkin_cmake_args' from command line to 'None'
[0.306s] Level 5:colcon.colcon_core.verb:set package 'lbr_demos_cpp' build argument 'catkin_skip_building_tests' from command line to 'False'
[0.306s] DEBUG:colcon.colcon_core.verb:Building package 'lbr_demos_cpp' with the following arguments: {'ament_cmake_args': None, 'build_base': '/home/harry/cmu/capstone/calibration_ws/lbr-stack/build/lbr_demos_cpp', 'catkin_cmake_args': None, 'catkin_skip_building_tests': False, 'cmake_args': None, 'cmake_clean_cache': False, 'cmake_clean_first': False, 'cmake_force_configure': False, 'cmake_target': None, 'cmake_target_skip_unavailable': False, 'install_base': '/home/harry/cmu/capstone/calibration_ws/lbr-stack/install/lbr_demos_cpp', 'merge_install': False, 'path': '/home/harry/cmu/capstone/calibration_ws/lbr-stack/src/lbr_fri_ros2_stack/lbr_demos/lbr_demos_cpp', 'symlink_install': True, 'test_result_base': None}
[0.306s] Level 5:colcon.colcon_core.verb:set package 'lbr_demos_py' build argument 'cmake_args' from command line to 'None'
[0.306s] Level 5:colcon.colcon_core.verb:set package 'lbr_demos_py' build argument 'cmake_target' from command line to 'None'
[0.306s] Level 5:colcon.colcon_core.verb:set package 'lbr_demos_py' build argument 'cmake_target_skip_unavailable' from command line to 'False'
[0.306s] Level 5:colcon.colcon_core.verb:set package 'lbr_demos_py' build argument 'cmake_clean_cache' from command line to 'False'
[0.306s] Level 5:colcon.colcon_core.verb:set package 'lbr_demos_py' build argument 'cmake_clean_first' from command line to 'False'
[0.306s] Level 5:colcon.colcon_core.verb:set package 'lbr_demos_py' build argument 'cmake_force_configure' from command line to 'False'
[0.306s] Level 5:colcon.colcon_core.verb:set package 'lbr_demos_py' build argument 'ament_cmake_args' from command line to 'None'
[0.306s] Level 5:colcon.colcon_core.verb:set package 'lbr_demos_py' build argument 'catkin_cmake_args' from command line to 'None'
[0.306s] Level 5:colcon.colcon_core.verb:set package 'lbr_demos_py' build argument 'catkin_skip_building_tests' from command line to 'False'
[0.306s] DEBUG:colcon.colcon_core.verb:Building package 'lbr_demos_py' with the following arguments: {'ament_cmake_args': None, 'build_base': '/home/harry/cmu/capstone/calibration_ws/lbr-stack/build/lbr_demos_py', 'catkin_cmake_args': None, 'catkin_skip_building_tests': False, 'cmake_args': None, 'cmake_clean_cache': False, 'cmake_clean_first': False, 'cmake_force_configure': False, 'cmake_target': None, 'cmake_target_skip_unavailable': False, 'install_base': '/home/harry/cmu/capstone/calibration_ws/lbr-stack/install/lbr_demos_py', 'merge_install': False, 'path': '/home/harry/cmu/capstone/calibration_ws/lbr-stack/src/lbr_fri_ros2_stack/lbr_demos/lbr_demos_py', 'symlink_install': True, 'test_result_base': None}
[0.306s] Level 5:colcon.colcon_core.verb:set package 'lbr_fri_ros2_stack' build argument 'cmake_args' from command line to 'None'
[0.306s] Level 5:colcon.colcon_core.verb:set package 'lbr_fri_ros2_stack' build argument 'cmake_target' from command line to 'None'
[0.306s] Level 5:colcon.colcon_core.verb:set package 'lbr_fri_ros2_stack' build argument 'cmake_target_skip_unavailable' from command line to 'False'
[0.307s] Level 5:colcon.colcon_core.verb:set package 'lbr_fri_ros2_stack' build argument 'cmake_clean_cache' from command line to 'False'
[0.307s] Level 5:colcon.colcon_core.verb:set package 'lbr_fri_ros2_stack' build argument 'cmake_clean_first' from command line to 'False'
[0.307s] Level 5:colcon.colcon_core.verb:set package 'lbr_fri_ros2_stack' build argument 'cmake_force_configure' from command line to 'False'
[0.307s] Level 5:colcon.colcon_core.verb:set package 'lbr_fri_ros2_stack' build argument 'ament_cmake_args' from command line to 'None'
[0.307s] Level 5:colcon.colcon_core.verb:set package 'lbr_fri_ros2_stack' build argument 'catkin_cmake_args' from command line to 'None'
[0.307s] Level 5:colcon.colcon_core.verb:set package 'lbr_fri_ros2_stack' build argument 'catkin_skip_building_tests' from command line to 'False'
[0.307s] DEBUG:colcon.colcon_core.verb:Building package 'lbr_fri_ros2_stack' with the following arguments: {'ament_cmake_args': None, 'build_base': '/home/harry/cmu/capstone/calibration_ws/lbr-stack/build/lbr_fri_ros2_stack', 'catkin_cmake_args': None, 'catkin_skip_building_tests': False, 'cmake_args': None, 'cmake_clean_cache': False, 'cmake_clean_first': False, 'cmake_force_configure': False, 'cmake_target': None, 'cmake_target_skip_unavailable': False, 'install_base': '/home/harry/cmu/capstone/calibration_ws/lbr-stack/install/lbr_fri_ros2_stack', 'merge_install': False, 'path': '/home/harry/cmu/capstone/calibration_ws/lbr-stack/src/lbr_fri_ros2_stack/lbr_fri_ros2_stack', 'symlink_install': True, 'test_result_base': None}
[0.307s] INFO:colcon.colcon_core.executor:Executing jobs using 'parallel' executor
[0.307s] DEBUG:colcon.colcon_parallel_executor.executor.parallel:run_until_complete
[0.308s] INFO:colcon.colcon_ros.task.ament_cmake.build:Building ROS package in '/home/harry/cmu/capstone/calibration_ws/lbr-stack/src/lbr_fri_ros2_stack/lbr_description' with build type 'ament_cmake'
[0.308s] INFO:colcon.colcon_cmake.task.cmake.build:Building CMake package in '/home/harry/cmu/capstone/calibration_ws/lbr-stack/src/lbr_fri_ros2_stack/lbr_description'
[0.310s] INFO:colcon.colcon_core.plugin_system:Skipping extension 'colcon_core.shell.bat': Not used on non-Windows systems
[0.310s] INFO:colcon.colcon_core.shell:Skip shell extension 'powershell' for command environment: Not usable outside of PowerShell
[0.310s] DEBUG:colcon.colcon_core.shell:Skip shell extension 'dsv' for command environment
[0.313s] INFO:colcon.colcon_ros.task.cmake.build:Building ROS package in '/home/harry/cmu/capstone/calibration_ws/lbr-stack/src/fri' with build type 'cmake'
[0.313s] INFO:colcon.colcon_cmake.task.cmake.build:Building CMake package in '/home/harry/cmu/capstone/calibration_ws/lbr-stack/src/fri'
[0.313s] INFO:colcon.colcon_core.shell:Skip shell extension 'powershell' for command environment: Not usable outside of PowerShell
[0.313s] DEBUG:colcon.colcon_core.shell:Skip shell extension 'dsv' for command environment
[0.315s] INFO:colcon.colcon_ros.task.ament_python.build:Building ROS package in '/home/harry/cmu/capstone/calibration_ws/lbr-stack/src/lbr_fri_ros2_stack/lbr_demos/lbr_moveit' with build type 'ament_python'
[0.315s] Level 1:colcon.colcon_core.shell:create_environment_hook('lbr_moveit', 'ament_prefix_path')
[0.315s] INFO:colcon.colcon_core.shell:Creating environment hook '/home/harry/cmu/capstone/calibration_ws/lbr-stack/install/lbr_moveit/share/lbr_moveit/hook/ament_prefix_path.ps1'
[0.316s] INFO:colcon.colcon_core.shell:Creating environment descriptor '/home/harry/cmu/capstone/calibration_ws/lbr-stack/install/lbr_moveit/share/lbr_moveit/hook/ament_prefix_path.dsv'
[0.316s] INFO:colcon.colcon_core.shell:Creating environment hook '/home/harry/cmu/capstone/calibration_ws/lbr-stack/install/lbr_moveit/share/lbr_moveit/hook/ament_prefix_path.sh'
[0.317s] INFO:colcon.colcon_core.shell:Skip shell extension 'powershell' for command environment: Not usable outside of PowerShell
[0.317s] DEBUG:colcon.colcon_core.shell:Skip shell extension 'dsv' for command environment
[0.319s] INFO:colcon.colcon_ros.task.ament_cmake.build:Building ROS package in '/home/harry/cmu/capstone/calibration_ws/lbr-stack/src/lbr_fri_ros2_stack/lbr_demos/lbr_moveit_cpp' with build type 'ament_cmake'
[0.319s] INFO:colcon.colcon_cmake.task.cmake.build:Building CMake package in '/home/harry/cmu/capstone/calibration_ws/lbr-stack/src/lbr_fri_ros2_stack/lbr_demos/lbr_moveit_cpp'
[0.319s] INFO:colcon.colcon_core.shell:Skip shell extension 'powershell' for command environment: Not usable outside of PowerShell
[0.319s] DEBUG:colcon.colcon_core.shell:Skip shell extension 'dsv' for command environment
[0.326s] DEBUG:colcon.colcon_core.event_handler.log_command:Invoking command in '/home/harry/cmu/capstone/calibration_ws/lbr-stack/build/lbr_description': CMAKE_PREFIX_PATH=/opt/ros/humble /usr/bin/cmake /home/harry/cmu/capstone/calibration_ws/lbr-stack/src/lbr_fri_ros2_stack/lbr_description -DAMENT_CMAKE_SYMLINK_INSTALL=1 -DCMAKE_INSTALL_PREFIX=/home/harry/cmu/capstone/calibration_ws/lbr-stack/install/lbr_description
[0.330s] DEBUG:colcon.colcon_core.event_handler.log_command:Invoking command in '/home/harry/cmu/capstone/calibration_ws/lbr-stack/build/fri_client_sdk': CMAKE_PREFIX_PATH=/opt/ros/humble /usr/bin/cmake --build /home/harry/cmu/capstone/calibration_ws/lbr-stack/build/fri_client_sdk -- -j16 -l16
[0.524s] INFO:colcon.colcon_core.task.python.build:Building Python package in '/home/harry/cmu/capstone/calibration_ws/lbr-stack/src/lbr_fri_ros2_stack/lbr_demos/lbr_moveit'
[0.524s] INFO:colcon.colcon_core.shell:Skip shell extension 'powershell' for command environment: Not usable outside of PowerShell
[0.524s] DEBUG:colcon.colcon_core.shell:Skip shell extension 'dsv' for command environment
[0.532s] DEBUG:colcon.colcon_core.event_handler.log_command:Invoking command in '/home/harry/cmu/capstone/calibration_ws/lbr-stack/build/lbr_moveit_cpp': CMAKE_PREFIX_PATH=/opt/ros/humble /usr/bin/cmake /home/harry/cmu/capstone/calibration_ws/lbr-stack/src/lbr_fri_ros2_stack/lbr_demos/lbr_moveit_cpp -DAMENT_CMAKE_SYMLINK_INSTALL=1 -DCMAKE_INSTALL_PREFIX=/home/harry/cmu/capstone/calibration_ws/lbr-stack/install/lbr_moveit_cpp
[0.533s] DEBUG:colcon.colcon_core.event_handler.log_command:Invoked command in '/home/harry/cmu/capstone/calibration_ws/lbr-stack/build/fri_client_sdk' returned '0': CMAKE_PREFIX_PATH=/opt/ros/humble /usr/bin/cmake --build /home/harry/cmu/capstone/calibration_ws/lbr-stack/build/fri_client_sdk -- -j16 -l16
[0.543s] DEBUG:colcon.colcon_core.event_handler.log_command:Invoking command in '/home/harry/cmu/capstone/calibration_ws/lbr-stack/build/fri_client_sdk': CMAKE_PREFIX_PATH=/opt/ros/humble /usr/bin/cmake --install /home/harry/cmu/capstone/calibration_ws/lbr-stack/build/fri_client_sdk
[0.552s] DEBUG:colcon.colcon_core.event_handler.log_command:Invoked command in '/home/harry/cmu/capstone/calibration_ws/lbr-stack/build/fri_client_sdk' returned '0': CMAKE_PREFIX_PATH=/opt/ros/humble /usr/bin/cmake --install /home/harry/cmu/capstone/calibration_ws/lbr-stack/build/fri_client_sdk
[0.552s] Level 1:colcon.colcon_core.shell:create_environment_hook('fri_client_sdk', 'pkg_config_path')
[0.552s] INFO:colcon.colcon_core.shell:Creating environment hook '/home/harry/cmu/capstone/calibration_ws/lbr-stack/install/fri_client_sdk/share/fri_client_sdk/hook/pkg_config_path.ps1'
[0.553s] INFO:colcon.colcon_core.shell:Creating environment descriptor '/home/harry/cmu/capstone/calibration_ws/lbr-stack/install/fri_client_sdk/share/fri_client_sdk/hook/pkg_config_path.dsv'
[0.553s] INFO:colcon.colcon_core.shell:Creating environment hook '/home/harry/cmu/capstone/calibration_ws/lbr-stack/install/fri_client_sdk/share/fri_client_sdk/hook/pkg_config_path.sh'
[0.555s] Level 1:colcon.colcon_core.shell:create_environment_hook('fri_client_sdk', 'pkg_config_path_multiarch')
[0.555s] INFO:colcon.colcon_core.shell:Creating environment hook '/home/harry/cmu/capstone/calibration_ws/lbr-stack/install/fri_client_sdk/share/fri_client_sdk/hook/pkg_config_path_multiarch.ps1'
[0.555s] INFO:colcon.colcon_core.shell:Creating environment descriptor '/home/harry/cmu/capstone/calibration_ws/lbr-stack/install/fri_client_sdk/share/fri_client_sdk/hook/pkg_config_path_multiarch.dsv'
[0.556s] INFO:colcon.colcon_core.shell:Creating environment hook '/home/harry/cmu/capstone/calibration_ws/lbr-stack/install/fri_client_sdk/share/fri_client_sdk/hook/pkg_config_path_multiarch.sh'
[0.556s] Level 1:colcon.colcon_core.environment:create_environment_scripts_only(fri_client_sdk)
[0.558s] Level 1:colcon.colcon_core.environment:checking '/home/harry/cmu/capstone/calibration_ws/lbr-stack/install/fri_client_sdk' for CMake module files
[0.558s] Level 1:colcon.colcon_core.environment:checking '/home/harry/cmu/capstone/calibration_ws/lbr-stack/install/fri_client_sdk' for CMake config files
[0.559s] Level 1:colcon.colcon_core.shell:create_environment_hook('fri_client_sdk', 'cmake_prefix_path')
[0.559s] INFO:colcon.colcon_core.shell:Creating environment hook '/home/harry/cmu/capstone/calibration_ws/lbr-stack/install/fri_client_sdk/share/fri_client_sdk/hook/cmake_prefix_path.ps1'
[0.559s] INFO:colcon.colcon_core.shell:Creating environment descriptor '/home/harry/cmu/capstone/calibration_ws/lbr-stack/install/fri_client_sdk/share/fri_client_sdk/hook/cmake_prefix_path.dsv'
[0.560s] INFO:colcon.colcon_core.shell:Creating environment hook '/home/harry/cmu/capstone/calibration_ws/lbr-stack/install/fri_client_sdk/share/fri_client_sdk/hook/cmake_prefix_path.sh'
[0.560s] Level 1:colcon.colcon_core.environment:checking '/home/harry/cmu/capstone/calibration_ws/lbr-stack/install/fri_client_sdk/lib'
[0.560s] Level 1:colcon.colcon_core.shell:create_environment_hook('fri_client_sdk', 'ld_library_path_lib')
[0.561s] INFO:colcon.colcon_core.shell:Creating environment hook '/home/harry/cmu/capstone/calibration_ws/lbr-stack/install/fri_client_sdk/share/fri_client_sdk/hook/ld_library_path_lib.ps1'
[0.561s] INFO:colcon.colcon_core.shell:Creating environment descriptor '/home/harry/cmu/capstone/calibration_ws/lbr-stack/install/fri_client_sdk/share/fri_client_sdk/hook/ld_library_path_lib.dsv'
[0.561s] INFO:colcon.colcon_core.shell:Creating environment hook '/home/harry/cmu/capstone/calibration_ws/lbr-stack/install/fri_client_sdk/share/fri_client_sdk/hook/ld_library_path_lib.sh'
[0.562s] Level 1:colcon.colcon_core.environment:checking '/home/harry/cmu/capstone/calibration_ws/lbr-stack/install/fri_client_sdk/bin'
[0.562s] Level 1:colcon.colcon_core.environment:checking '/home/harry/cmu/capstone/calibration_ws/lbr-stack/install/fri_client_sdk/lib/pkgconfig/fri_client_sdk.pc'
[0.562s] Level 1:colcon.colcon_core.environment:checking '/home/harry/cmu/capstone/calibration_ws/lbr-stack/install/fri_client_sdk/lib/python3.10/site-packages'
[0.562s] Level 1:colcon.colcon_core.environment:checking '/home/harry/cmu/capstone/calibration_ws/lbr-stack/install/fri_client_sdk/bin'
[0.562s] INFO:colcon.colcon_core.shell:Creating package script '/home/harry/cmu/capstone/calibration_ws/lbr-stack/install/fri_client_sdk/share/fri_client_sdk/package.ps1'
[0.563s] INFO:colcon.colcon_core.shell:Creating package descriptor '/home/harry/cmu/capstone/calibration_ws/lbr-stack/install/fri_client_sdk/share/fri_client_sdk/package.dsv'
[0.563s] INFO:colcon.colcon_core.shell:Creating package script '/home/harry/cmu/capstone/calibration_ws/lbr-stack/install/fri_client_sdk/share/fri_client_sdk/package.sh'
[0.564s] INFO:colcon.colcon_core.shell:Creating package script '/home/harry/cmu/capstone/calibration_ws/lbr-stack/install/fri_client_sdk/share/fri_client_sdk/package.bash'
[0.565s] INFO:colcon.colcon_core.shell:Creating package script '/home/harry/cmu/capstone/calibration_ws/lbr-stack/install/fri_client_sdk/share/fri_client_sdk/package.zsh'
[0.565s] Level 1:colcon.colcon_core.environment:create_file_with_runtime_dependencies(/home/harry/cmu/capstone/calibration_ws/lbr-stack/install/fri_client_sdk/share/colcon-core/packages/fri_client_sdk)
[0.565s] INFO:colcon.colcon_ros.task.ament_cmake.build:Building ROS package in '/home/harry/cmu/capstone/calibration_ws/lbr-stack/src/lbr_fri_idl' with build type 'ament_cmake'
[0.565s] INFO:colcon.colcon_cmake.task.cmake.build:Building CMake package in '/home/harry/cmu/capstone/calibration_ws/lbr-stack/src/lbr_fri_idl'
[0.566s] INFO:colcon.colcon_core.shell:Skip shell extension 'powershell' for command environment: Not usable outside of PowerShell
[0.566s] DEBUG:colcon.colcon_core.shell:Skip shell extension 'dsv' for command environment
[0.574s] DEBUG:colcon.colcon_core.event_handler.log_command:Invoking command in '/home/harry/cmu/capstone/calibration_ws/lbr-stack/build/lbr_fri_idl': CMAKE_PREFIX_PATH=/home/harry/cmu/capstone/calibration_ws/lbr-stack/install/fri_client_sdk:/opt/ros/humble LD_LIBRARY_PATH=/home/harry/cmu/capstone/calibration_ws/lbr-stack/install/fri_client_sdk/lib:${LD_LIBRARY_PATH} PKG_CONFIG_PATH=/home/harry/cmu/capstone/calibration_ws/lbr-stack/install/fri_client_sdk/lib/x86_64-linux-gnu/pkgconfig:/home/harry/cmu/capstone/calibration_ws/lbr-stack/install/fri_client_sdk/lib/pkgconfig /usr/bin/cmake /home/harry/cmu/capstone/calibration_ws/lbr-stack/src/lbr_fri_idl -DAMENT_CMAKE_SYMLINK_INSTALL=1 -DCMAKE_INSTALL_PREFIX=/home/harry/cmu/capstone/calibration_ws/lbr-stack/install/lbr_fri_idl
[0.662s] DEBUG:colcon.colcon_core.event_handler.log_command:Invoked command in '/home/harry/cmu/capstone/calibration_ws/lbr-stack/build/lbr_description' returned '1': CMAKE_PREFIX_PATH=/opt/ros/humble /usr/bin/cmake /home/harry/cmu/capstone/calibration_ws/lbr-stack/src/lbr_fri_ros2_stack/lbr_description -DAMENT_CMAKE_SYMLINK_INSTALL=1 -DCMAKE_INSTALL_PREFIX=/home/harry/cmu/capstone/calibration_ws/lbr-stack/install/lbr_description
[0.673s] Level 1:colcon.colcon_core.environment:create_environment_scripts_only(lbr_description)
[0.673s] Level 1:colcon.colcon_core.environment:checking '/home/harry/cmu/capstone/calibration_ws/lbr-stack/install/lbr_description' for CMake module files
[0.674s] Level 1:colcon.colcon_core.environment:checking '/home/harry/cmu/capstone/calibration_ws/lbr-stack/install/lbr_description' for CMake config files
[0.674s] Level 1:colcon.colcon_core.environment:checking '/home/harry/cmu/capstone/calibration_ws/lbr-stack/install/lbr_description/bin'
[0.674s] Level 1:colcon.colcon_core.environment:checking '/home/harry/cmu/capstone/calibration_ws/lbr-stack/install/lbr_description/lib/pkgconfig/lbr_description.pc'
[0.674s] Level 1:colcon.colcon_core.environment:checking '/home/harry/cmu/capstone/calibration_ws/lbr-stack/install/lbr_description/lib/python3.10/site-packages'
[0.674s] Level 1:colcon.colcon_core.environment:checking '/home/harry/cmu/capstone/calibration_ws/lbr-stack/install/lbr_description/bin'
[0.674s] INFO:colcon.colcon_core.shell:Creating package script '/home/harry/cmu/capstone/calibration_ws/lbr-stack/install/lbr_description/share/lbr_description/package.ps1'
[0.675s] INFO:colcon.colcon_core.shell:Creating package descriptor '/home/harry/cmu/capstone/calibration_ws/lbr-stack/install/lbr_description/share/lbr_description/package.dsv'
[0.675s] INFO:colcon.colcon_core.shell:Creating package script '/home/harry/cmu/capstone/calibration_ws/lbr-stack/install/lbr_description/share/lbr_description/package.sh'
[0.675s] INFO:colcon.colcon_core.shell:Creating package script '/home/harry/cmu/capstone/calibration_ws/lbr-stack/install/lbr_description/share/lbr_description/package.bash'
[0.676s] INFO:colcon.colcon_core.shell:Creating package script '/home/harry/cmu/capstone/calibration_ws/lbr-stack/install/lbr_description/share/lbr_description/package.zsh'
[0.676s] Level 1:colcon.colcon_core.environment:create_file_with_runtime_dependencies(/home/harry/cmu/capstone/calibration_ws/lbr-stack/install/lbr_description/share/colcon-core/packages/lbr_description)
[1.251s] DEBUG:colcon.colcon_parallel_executor.executor.parallel:closing loop
[1.251s] DEBUG:colcon.colcon_parallel_executor.executor.parallel:loop closed
[1.251s] DEBUG:colcon.colcon_parallel_executor.executor.parallel:run_until_complete finished with '1'
[1.251s] DEBUG:colcon.colcon_core.event_reactor:joining thread
[1.256s] INFO:colcon.colcon_core.plugin_system:Skipping extension 'colcon_notification.desktop_notification.terminal_notifier': Not used on non-Darwin systems
[1.256s] INFO:colcon.colcon_core.plugin_system:Skipping extension 'colcon_notification.desktop_notification.win32': Not used on non-Windows systems
[1.256s] INFO:colcon.colcon_notification.desktop_notification:Sending desktop notification using 'notify2'
[1.264s] DEBUG:colcon.colcon_core.event_reactor:joined thread
[1.265s] INFO:colcon.colcon_core.shell:Creating prefix script '/home/harry/cmu/capstone/calibration_ws/lbr-stack/install/local_setup.ps1'
[1.266s] INFO:colcon.colcon_core.shell:Creating prefix util module '/home/harry/cmu/capstone/calibration_ws/lbr-stack/install/_local_setup_util_ps1.py'
[1.267s] INFO:colcon.colcon_core.shell:Creating prefix chain script '/home/harry/cmu/capstone/calibration_ws/lbr-stack/install/setup.ps1'
[1.267s] INFO:colcon.colcon_core.shell:Creating prefix script '/home/harry/cmu/capstone/calibration_ws/lbr-stack/install/local_setup.sh'
[1.268s] INFO:colcon.colcon_core.shell:Creating prefix util module '/home/harry/cmu/capstone/calibration_ws/lbr-stack/install/_local_setup_util_sh.py'
[1.268s] INFO:colcon.colcon_core.shell:Creating prefix chain script '/home/harry/cmu/capstone/calibration_ws/lbr-stack/install/setup.sh'
[1.269s] INFO:colcon.colcon_core.shell:Creating prefix script '/home/harry/cmu/capstone/calibration_ws/lbr-stack/install/local_setup.bash'
[1.269s] INFO:colcon.colcon_core.shell:Creating prefix chain script '/home/harry/cmu/capstone/calibration_ws/lbr-stack/install/setup.bash'
[1.270s] INFO:colcon.colcon_core.shell:Creating prefix script '/home/harry/cmu/capstone/calibration_ws/lbr-stack/install/local_setup.zsh'
[1.270s] INFO:colcon.colcon_core.shell:Creating prefix chain script '/home/harry/cmu/capstone/calibration_ws/lbr-stack/install/setup.zsh'
