[0.015s] Invoking command in '/home/harry/cmu/capstone/calibration_ws/lbr-stack/src/build/fri_client_sdk': CMAKE_PREFIX_PATH=/opt/ros/humble /usr/bin/cmake /home/harry/cmu/capstone/calibration_ws/lbr-stack/src/fri -DCMAKE_INSTALL_PREFIX=/home/harry/cmu/capstone/calibration_ws/lbr-stack/src/install/fri_client_sdk
[0.217s] -- The C compiler identification is GNU 11.4.0
[0.217s] -- The CXX compiler identification is GNU 11.4.0
[0.217s] -- Detecting C compiler ABI info
[0.217s] -- Detecting C compiler ABI info - done
[0.217s] -- Check for working C compiler: /usr/bin/cc - skipped
[0.218s] -- Detecting C compile features
[0.218s] -- Detecting C compile features - done
[0.218s] -- Detecting CXX compiler ABI info
[0.247s] -- Detecting CXX compiler ABI info - done
[0.252s] -- Check for working CXX compiler: /usr/bin/c++ - skipped
[0.253s] -- Detecting CXX compile features
[0.253s] -- Detecting CXX compile features - done
[0.265s] [0mFound nanopb of version: 0.2.8[0m
[0.266s] [0mFound FRIClient of version: 1.15[0m
[0.266s] -- Configuring FRIClient version 1.15
[0.267s] -- Configuring done
[0.271s] -- Generating done
[0.272s] -- Build files have been written to: /home/harry/cmu/capstone/calibration_ws/lbr-stack/src/build/fri_client_sdk
[0.276s] Invoked command in '/home/harry/cmu/capstone/calibration_ws/lbr-stack/src/build/fri_client_sdk' returned '0': CMAKE_PREFIX_PATH=/opt/ros/humble /usr/bin/cmake /home/harry/cmu/capstone/calibration_ws/lbr-stack/src/fri -DCMAKE_INSTALL_PREFIX=/home/harry/cmu/capstone/calibration_ws/lbr-stack/src/install/fri_client_sdk
[0.278s] Invoking command in '/home/harry/cmu/capstone/calibration_ws/lbr-stack/src/build/fri_client_sdk': CMAKE_PREFIX_PATH=/opt/ros/humble /usr/bin/cmake --build /home/harry/cmu/capstone/calibration_ws/lbr-stack/src/build/fri_client_sdk -- -j16 -l16
[0.324s] [ 23%] [32mBuilding CXX object CMakeFiles/FRIClient.dir/FRI-Client-SDK_Cpp/src/client_lbr/friLBRClient.cpp.o[0m
[0.324s] [ 23%] [32mBuilding CXX object CMakeFiles/FRIClient.dir/FRI-Client-SDK_Cpp/src/client_lbr/friLBRCommand.cpp.o[0m
[0.325s] [ 23%] [32mBuilding CXX object CMakeFiles/FRIClient.dir/FRI-Client-SDK_Cpp/src/base/friClientApplication.cpp.o[0m
[0.325s] [ 30%] [32mBuilding CXX object CMakeFiles/FRIClient.dir/FRI-Client-SDK_Cpp/src/client_trafo/friTransformationClient.cpp.o[0m
[0.325s] [ 38%] [32mBuilding CXX object CMakeFiles/FRIClient.dir/FRI-Client-SDK_Cpp/src/client_lbr/friLBRState.cpp.o[0m
[0.325s] [ 46%] [32mBuilding CXX object CMakeFiles/FRIClient.dir/FRI-Client-SDK_Cpp/src/protobuf/friMonitoringMessageDecoder.cpp.o[0m
[0.326s] [ 53%] [32mBuilding CXX object CMakeFiles/FRIClient.dir/FRI-Client-SDK_Cpp/src/connection/friUdpConnection.cpp.o[0m
[0.326s] [ 69%] [32mBuilding C object CMakeFiles/FRIClient.dir/FRI-Client-SDK_Cpp/src/protobuf_gen/FRIMessages.pb.c.o[0m
[0.326s] [ 69%] [32mBuilding C object CMakeFiles/FRIClient.dir/FRI-Client-SDK_Cpp/src/protobuf/pb_frimessages_callbacks.c.o[0m
[0.326s] [ 76%] [32mBuilding CXX object CMakeFiles/FRIClient.dir/FRI-Client-SDK_Cpp/src/protobuf/friCommandMessageEncoder.cpp.o[0m
[0.327s] [ 84%] [32mBuilding C object CMakeFiles/FRIClient.dir/FRI-Client-SDK_Cpp/src/nanopb-0.2.8/pb_decode.c.o[0m
[0.327s] [ 92%] [32mBuilding C object CMakeFiles/FRIClient.dir/FRI-Client-SDK_Cpp/src/nanopb-0.2.8/pb_encode.c.o[0m
[0.573s] [100%] [32m[1mLinking CXX shared library libFRIClient.so[0m
[0.645s] [100%] Built target FRIClient
[0.656s] Invoked command in '/home/harry/cmu/capstone/calibration_ws/lbr-stack/src/build/fri_client_sdk' returned '0': CMAKE_PREFIX_PATH=/opt/ros/humble /usr/bin/cmake --build /home/harry/cmu/capstone/calibration_ws/lbr-stack/src/build/fri_client_sdk -- -j16 -l16
[0.666s] Invoking command in '/home/harry/cmu/capstone/calibration_ws/lbr-stack/src/build/fri_client_sdk': CMAKE_PREFIX_PATH=/opt/ros/humble /usr/bin/cmake --install /home/harry/cmu/capstone/calibration_ws/lbr-stack/src/build/fri_client_sdk
[0.672s] -- Install configuration: "Release"
[0.672s] -- Installing: /home/harry/cmu/capstone/calibration_ws/lbr-stack/src/install/fri_client_sdk/lib/libFRIClient.so
[0.672s] -- Installing: /home/harry/cmu/capstone/calibration_ws/lbr-stack/src/install/fri_client_sdk/include
[0.673s] -- Installing: /home/harry/cmu/capstone/calibration_ws/lbr-stack/src/install/fri_client_sdk/include/friClientIf.h
[0.673s] -- Installing: /home/harry/cmu/capstone/calibration_ws/lbr-stack/src/install/fri_client_sdk/include/friLBRState.h
[0.673s] -- Installing: /home/harry/cmu/capstone/calibration_ws/lbr-stack/src/install/fri_client_sdk/include/friLBRClient.h
[0.673s] -- Installing: /home/harry/cmu/capstone/calibration_ws/lbr-stack/src/install/fri_client_sdk/include/friException.h
[0.673s] -- Installing: /home/harry/cmu/capstone/calibration_ws/lbr-stack/src/install/fri_client_sdk/include/friClientVersion.h
[0.673s] -- Installing: /home/harry/cmu/capstone/calibration_ws/lbr-stack/src/install/fri_client_sdk/include/friLBRCommand.h
[0.673s] -- Installing: /home/harry/cmu/capstone/calibration_ws/lbr-stack/src/install/fri_client_sdk/include/friUdpConnection.h
[0.674s] -- Installing: /home/harry/cmu/capstone/calibration_ws/lbr-stack/src/install/fri_client_sdk/include/friConnectionIf.h
[0.674s] -- Installing: /home/harry/cmu/capstone/calibration_ws/lbr-stack/src/install/fri_client_sdk/include/friTransformationClient.h
[0.674s] -- Installing: /home/harry/cmu/capstone/calibration_ws/lbr-stack/src/install/fri_client_sdk/include/friClientApplication.h
[0.674s] -- Installing: /home/harry/cmu/capstone/calibration_ws/lbr-stack/src/install/fri_client_sdk/lib/cmake/FRIClient/FRIClientConfig.cmake
[0.674s] -- Installing: /home/harry/cmu/capstone/calibration_ws/lbr-stack/src/install/fri_client_sdk/lib/cmake/FRIClient/FRIClientConfig-release.cmake
[0.674s] -- Installing: /home/harry/cmu/capstone/calibration_ws/lbr-stack/src/install/fri_client_sdk/lib/cmake/FRIClient/FRIClientConfigVersion.cmake
[0.676s] Invoked command in '/home/harry/cmu/capstone/calibration_ws/lbr-stack/src/build/fri_client_sdk' returned '0': CMAKE_PREFIX_PATH=/opt/ros/humble /usr/bin/cmake --install /home/harry/cmu/capstone/calibration_ws/lbr-stack/src/build/fri_client_sdk
