[0.930s] Invoking command in '/home/harry/cmu/capstone/calibration_ws/handeye_calibration_ws/src/build/handeye_ak': PYTHONPATH=/home/harry/cmu/capstone/calibration_ws/handeye_calibration_ws/src/build/handeye_ak/prefix_override:/usr/lib/python3/dist-packages/colcon_core/task/python/colcon_distutils_commands:/home/harry/cmu/capstone/calibration_ws/handeye_calibration_ws/src/install/handeye_ak/lib/python3.10/site-packages:${PYTHONPATH} /usr/bin/python3 -W ignore:setup.py install is deprecated -W ignore:easy_install command is deprecated setup.py develop --editable --build-directory /home/harry/cmu/capstone/calibration_ws/handeye_calibration_ws/src/build/handeye_ak/build --no-deps symlink_data
[1.145s] running develop
[1.278s] running egg_info
[1.278s] creating handeye_ak.egg-info
[1.278s] writing handeye_ak.egg-info/PKG-INFO
[1.278s] writing dependency_links to handeye_ak.egg-info/dependency_links.txt
[1.279s] writing entry points to handeye_ak.egg-info/entry_points.txt
[1.279s] writing requirements to handeye_ak.egg-info/requires.txt
[1.279s] writing top-level names to handeye_ak.egg-info/top_level.txt
[1.279s] writing manifest file 'handeye_ak.egg-info/SOURCES.txt'
[1.280s] reading manifest file 'handeye_ak.egg-info/SOURCES.txt'
[1.281s] writing manifest file 'handeye_ak.egg-info/SOURCES.txt'
[1.282s] running build_ext
[1.282s] Creating /home/harry/cmu/capstone/calibration_ws/handeye_calibration_ws/src/install/handeye_ak/lib/python3.10/site-packages/handeye-ak.egg-link (link to .)
[1.283s] Installing aruco script to /home/harry/cmu/capstone/calibration_ws/handeye_calibration_ws/src/install/handeye_ak/lib/handeye_ak
[1.283s] Installing eye2hand script to /home/harry/cmu/capstone/calibration_ws/handeye_calibration_ws/src/install/handeye_ak/lib/handeye_ak
[1.283s] Installing handeye script to /home/harry/cmu/capstone/calibration_ws/handeye_calibration_ws/src/install/handeye_ak/lib/handeye_ak
[1.283s] Installing robot script to /home/harry/cmu/capstone/calibration_ws/handeye_calibration_ws/src/install/handeye_ak/lib/handeye_ak
[1.283s] 
[1.283s] Installed /home/harry/cmu/capstone/calibration_ws/handeye_calibration_ws/src/build/handeye_ak
[1.283s] running symlink_data
[1.283s] creating /home/harry/cmu/capstone/calibration_ws/handeye_calibration_ws/src/install/handeye_ak/share/ament_index
[1.284s] creating /home/harry/cmu/capstone/calibration_ws/handeye_calibration_ws/src/install/handeye_ak/share/ament_index/resource_index
[1.284s] creating /home/harry/cmu/capstone/calibration_ws/handeye_calibration_ws/src/install/handeye_ak/share/ament_index/resource_index/packages
[1.284s] symbolically linking /home/harry/cmu/capstone/calibration_ws/handeye_calibration_ws/src/build/handeye_ak/resource/handeye_ak -> /home/harry/cmu/capstone/calibration_ws/handeye_calibration_ws/src/install/handeye_ak/share/ament_index/resource_index/packages
[1.284s] symbolically linking /home/harry/cmu/capstone/calibration_ws/handeye_calibration_ws/src/build/handeye_ak/package.xml -> /home/harry/cmu/capstone/calibration_ws/handeye_calibration_ws/src/install/handeye_ak/share/handeye_ak
[1.317s] Invoked command in '/home/harry/cmu/capstone/calibration_ws/handeye_calibration_ws/src/build/handeye_ak' returned '0': PYTHONPATH=/home/harry/cmu/capstone/calibration_ws/handeye_calibration_ws/src/build/handeye_ak/prefix_override:/usr/lib/python3/dist-packages/colcon_core/task/python/colcon_distutils_commands:/home/harry/cmu/capstone/calibration_ws/handeye_calibration_ws/src/install/handeye_ak/lib/python3.10/site-packages:${PYTHONPATH} /usr/bin/python3 -W ignore:setup.py install is deprecated -W ignore:easy_install command is deprecated setup.py develop --editable --build-directory /home/harry/cmu/capstone/calibration_ws/handeye_calibration_ws/src/build/handeye_ak/build --no-deps symlink_data
