[0.010s] Invoking command in '/home/harry/cmu/capstone/calibration_ws/lbr-stack/src/build/lbr_demos_advanced_cpp': AMENT_PREFIX_PATH=/home/harry/cmu/capstone/calibration_ws/lbr-stack/src/install/lbr_fri_ros2:/home/harry/cmu/capstone/calibration_ws/lbr-stack/src/install/lbr_fri_idl:/home/harry/cmu/capstone/calibration_ws/lbr-stack/src/install/lbr_description:${AMENT_PREFIX_PATH} CMAKE_PREFIX_PATH=/home/harry/cmu/capstone/calibration_ws/lbr-stack/src/install/lbr_fri_ros2:/home/harry/cmu/capstone/calibration_ws/lbr-stack/src/install/lbr_fri_idl:/home/harry/cmu/capstone/calibration_ws/lbr-stack/src/install/lbr_description:/home/harry/cmu/capstone/calibration_ws/lbr-stack/src/install/fri_client_sdk:/opt/ros/humble LD_LIBRARY_PATH=/home/harry/cmu/capstone/calibration_ws/lbr-stack/src/install/lbr_fri_ros2/lib:/home/harry/cmu/capstone/calibration_ws/lbr-stack/src/install/lbr_fri_idl/lib:/home/harry/cmu/capstone/calibration_ws/lbr-stack/src/install/fri_client_sdk/lib:${LD_LIBRARY_PATH} PKG_CONFIG_PATH=/home/harry/cmu/capstone/calibration_ws/lbr-stack/src/install/fri_client_sdk/lib/x86_64-linux-gnu/pkgconfig:/home/harry/cmu/capstone/calibration_ws/lbr-stack/src/install/fri_client_sdk/lib/pkgconfig PYTHONPATH=/home/harry/cmu/capstone/calibration_ws/lbr-stack/src/install/lbr_fri_idl/local/lib/python3.10/dist-packages:${PYTHONPATH} /usr/bin/cmake /home/harry/cmu/capstone/calibration_ws/lbr-stack/src/lbr_fri_ros2_stack/lbr_demos/lbr_demos_advanced_cpp -DAMENT_CMAKE_SYMLINK_INSTALL=1 -DCMAKE_INSTALL_PREFIX=/home/harry/cmu/capstone/calibration_ws/lbr-stack/src/install/lbr_demos_advanced_cpp
[0.058s] -- The C compiler identification is GNU 11.4.0
[0.102s] -- The CXX compiler identification is GNU 11.4.0
[0.108s] -- Detecting C compiler ABI info
[0.169s] -- Detecting C compiler ABI info - done
[0.174s] -- Check for working C compiler: /usr/bin/cc - skipped
[0.174s] -- Detecting C compile features
[0.175s] -- Detecting C compile features - done
[0.177s] -- Detecting CXX compiler ABI info
[0.246s] -- Detecting CXX compiler ABI info - done
[0.252s] -- Check for working CXX compiler: /usr/bin/c++ - skipped
[0.252s] -- Detecting CXX compile features
[0.253s] -- Detecting CXX compile features - done
[0.255s] -- Found ament_cmake: 1.3.11 (/opt/ros/humble/share/ament_cmake/cmake)
[0.374s] -- Found Python3: /usr/bin/python3 (found version "3.10.12") found components: Interpreter 
[0.423s] -- Override CMake install command with custom implementation using symlinks instead of copying resources
[0.454s] -- Found geometry_msgs: 4.2.4 (/opt/ros/humble/share/geometry_msgs/cmake)
[0.489s] -- Found rosidl_generator_c: 3.1.6 (/opt/ros/humble/share/rosidl_generator_c/cmake)
[0.494s] -- Found rosidl_adapter: 3.1.6 (/opt/ros/humble/share/rosidl_adapter/cmake)
[0.501s] -- Found rosidl_generator_cpp: 3.1.6 (/opt/ros/humble/share/rosidl_generator_cpp/cmake)
[0.511s] -- Using all available rosidl_typesupport_c: rosidl_typesupport_fastrtps_c;rosidl_typesupport_introspection_c
[0.525s] -- Using all available rosidl_typesupport_cpp: rosidl_typesupport_fastrtps_cpp;rosidl_typesupport_introspection_cpp
[0.555s] -- Found kdl_parser: 2.6.4 (/opt/ros/humble/share/kdl_parser/cmake)
[0.569s] -- Found eigen3_cmake_module: 0.1.1 (/opt/ros/humble/share/eigen3_cmake_module/cmake)
[0.569s] -- Found Eigen3: TRUE (found version "3.4.0") 
[0.570s] -- Ensuring Eigen3 include directory is part of orocos-kdl CMake target
[0.572s] -- Found lbr_fri_idl: 1.5.0 (/home/harry/cmu/capstone/calibration_ws/lbr-stack/src/install/lbr_fri_idl/share/lbr_fri_idl/cmake)
[0.580s] -- Found lbr_fri_ros2: 2.2.0 (/home/harry/cmu/capstone/calibration_ws/lbr-stack/src/install/lbr_fri_ros2/share/lbr_fri_ros2/cmake)
[0.618s] -- Found rmw_implementation_cmake: 6.1.2 (/opt/ros/humble/share/rmw_implementation_cmake/cmake)
[0.620s] -- Found rmw_fastrtps_cpp: 6.2.7 (/opt/ros/humble/share/rmw_fastrtps_cpp/cmake)
[0.704s] -- Found OpenSSL: /usr/lib/x86_64-linux-gnu/libcrypto.so (found version "3.0.2")  
[0.730s] -- Found FastRTPS: /opt/ros/humble/include  
[0.770s] -- Using RMW implementation 'rmw_fastrtps_cpp' as default
[0.778s] -- Looking for pthread.h
[0.843s] -- Looking for pthread.h - found
[0.843s] -- Performing Test CMAKE_HAVE_LIBC_PTHREAD
[0.911s] -- Performing Test CMAKE_HAVE_LIBC_PTHREAD - Success
[0.912s] -- Found Threads: TRUE  
[0.976s] -- Found rclcpp_components: 16.0.11 (/opt/ros/humble/share/rclcpp_components/cmake)
[1.052s] -- Configuring done
[1.069s] -- Generating done
[1.075s] -- Build files have been written to: /home/harry/cmu/capstone/calibration_ws/lbr-stack/src/build/lbr_demos_advanced_cpp
[1.086s] Invoked command in '/home/harry/cmu/capstone/calibration_ws/lbr-stack/src/build/lbr_demos_advanced_cpp' returned '0': AMENT_PREFIX_PATH=/home/harry/cmu/capstone/calibration_ws/lbr-stack/src/install/lbr_fri_ros2:/home/harry/cmu/capstone/calibration_ws/lbr-stack/src/install/lbr_fri_idl:/home/harry/cmu/capstone/calibration_ws/lbr-stack/src/install/lbr_description:${AMENT_PREFIX_PATH} CMAKE_PREFIX_PATH=/home/harry/cmu/capstone/calibration_ws/lbr-stack/src/install/lbr_fri_ros2:/home/harry/cmu/capstone/calibration_ws/lbr-stack/src/install/lbr_fri_idl:/home/harry/cmu/capstone/calibration_ws/lbr-stack/src/install/lbr_description:/home/harry/cmu/capstone/calibration_ws/lbr-stack/src/install/fri_client_sdk:/opt/ros/humble LD_LIBRARY_PATH=/home/harry/cmu/capstone/calibration_ws/lbr-stack/src/install/lbr_fri_ros2/lib:/home/harry/cmu/capstone/calibration_ws/lbr-stack/src/install/lbr_fri_idl/lib:/home/harry/cmu/capstone/calibration_ws/lbr-stack/src/install/fri_client_sdk/lib:${LD_LIBRARY_PATH} PKG_CONFIG_PATH=/home/harry/cmu/capstone/calibration_ws/lbr-stack/src/install/fri_client_sdk/lib/x86_64-linux-gnu/pkgconfig:/home/harry/cmu/capstone/calibration_ws/lbr-stack/src/install/fri_client_sdk/lib/pkgconfig PYTHONPATH=/home/harry/cmu/capstone/calibration_ws/lbr-stack/src/install/lbr_fri_idl/local/lib/python3.10/dist-packages:${PYTHONPATH} /usr/bin/cmake /home/harry/cmu/capstone/calibration_ws/lbr-stack/src/lbr_fri_ros2_stack/lbr_demos/lbr_demos_advanced_cpp -DAMENT_CMAKE_SYMLINK_INSTALL=1 -DCMAKE_INSTALL_PREFIX=/home/harry/cmu/capstone/calibration_ws/lbr-stack/src/install/lbr_demos_advanced_cpp
[1.087s] Invoking command in '/home/harry/cmu/capstone/calibration_ws/lbr-stack/src/build/lbr_demos_advanced_cpp': AMENT_PREFIX_PATH=/home/harry/cmu/capstone/calibration_ws/lbr-stack/src/install/lbr_fri_ros2:/home/harry/cmu/capstone/calibration_ws/lbr-stack/src/install/lbr_fri_idl:/home/harry/cmu/capstone/calibration_ws/lbr-stack/src/install/lbr_description:${AMENT_PREFIX_PATH} CMAKE_PREFIX_PATH=/home/harry/cmu/capstone/calibration_ws/lbr-stack/src/install/lbr_fri_ros2:/home/harry/cmu/capstone/calibration_ws/lbr-stack/src/install/lbr_fri_idl:/home/harry/cmu/capstone/calibration_ws/lbr-stack/src/install/lbr_description:/home/harry/cmu/capstone/calibration_ws/lbr-stack/src/install/fri_client_sdk:/opt/ros/humble LD_LIBRARY_PATH=/home/harry/cmu/capstone/calibration_ws/lbr-stack/src/install/lbr_fri_ros2/lib:/home/harry/cmu/capstone/calibration_ws/lbr-stack/src/install/lbr_fri_idl/lib:/home/harry/cmu/capstone/calibration_ws/lbr-stack/src/install/fri_client_sdk/lib:${LD_LIBRARY_PATH} PKG_CONFIG_PATH=/home/harry/cmu/capstone/calibration_ws/lbr-stack/src/install/fri_client_sdk/lib/x86_64-linux-gnu/pkgconfig:/home/harry/cmu/capstone/calibration_ws/lbr-stack/src/install/fri_client_sdk/lib/pkgconfig PYTHONPATH=/home/harry/cmu/capstone/calibration_ws/lbr-stack/src/install/lbr_fri_idl/local/lib/python3.10/dist-packages:${PYTHONPATH} /usr/bin/cmake --build /home/harry/cmu/capstone/calibration_ws/lbr-stack/src/build/lbr_demos_advanced_cpp -- -j16 -l16
[1.134s] [ 50%] [32mBuilding CXX object CMakeFiles/pose_planning.dir/rclcpp_components/node_main_pose_planning.cpp.o[0m
[1.134s] [ 50%] [32mBuilding CXX object CMakeFiles/pose_control.dir/rclcpp_components/node_main_pose_control.cpp.o[0m
[1.134s] [ 50%] [32mBuilding CXX object CMakeFiles/pose_planning_component.dir/src/pose_planning_node.cpp.o[0m
[1.135s] [ 50%] [32mBuilding CXX object CMakeFiles/pose_control_component.dir/src/pose_control_node.cpp.o[0m
[4.819s] [ 62%] [32m[1mLinking CXX executable pose_control[0m
[4.898s] [ 75%] [32m[1mLinking CXX executable pose_planning[0m
[4.974s] [ 75%] Built target pose_control
[5.049s] [ 75%] Built target pose_planning
[12.744s] [ 87%] [32m[1mLinking CXX shared library libpose_planning_component.so[0m
[12.883s] [ 87%] Built target pose_planning_component
[17.183s] [100%] [32m[1mLinking CXX shared library libpose_control_component.so[0m
[17.348s] [100%] Built target pose_control_component
[17.360s] Invoked command in '/home/harry/cmu/capstone/calibration_ws/lbr-stack/src/build/lbr_demos_advanced_cpp' returned '0': AMENT_PREFIX_PATH=/home/harry/cmu/capstone/calibration_ws/lbr-stack/src/install/lbr_fri_ros2:/home/harry/cmu/capstone/calibration_ws/lbr-stack/src/install/lbr_fri_idl:/home/harry/cmu/capstone/calibration_ws/lbr-stack/src/install/lbr_description:${AMENT_PREFIX_PATH} CMAKE_PREFIX_PATH=/home/harry/cmu/capstone/calibration_ws/lbr-stack/src/install/lbr_fri_ros2:/home/harry/cmu/capstone/calibration_ws/lbr-stack/src/install/lbr_fri_idl:/home/harry/cmu/capstone/calibration_ws/lbr-stack/src/install/lbr_description:/home/harry/cmu/capstone/calibration_ws/lbr-stack/src/install/fri_client_sdk:/opt/ros/humble LD_LIBRARY_PATH=/home/harry/cmu/capstone/calibration_ws/lbr-stack/src/install/lbr_fri_ros2/lib:/home/harry/cmu/capstone/calibration_ws/lbr-stack/src/install/lbr_fri_idl/lib:/home/harry/cmu/capstone/calibration_ws/lbr-stack/src/install/fri_client_sdk/lib:${LD_LIBRARY_PATH} PKG_CONFIG_PATH=/home/harry/cmu/capstone/calibration_ws/lbr-stack/src/install/fri_client_sdk/lib/x86_64-linux-gnu/pkgconfig:/home/harry/cmu/capstone/calibration_ws/lbr-stack/src/install/fri_client_sdk/lib/pkgconfig PYTHONPATH=/home/harry/cmu/capstone/calibration_ws/lbr-stack/src/install/lbr_fri_idl/local/lib/python3.10/dist-packages:${PYTHONPATH} /usr/bin/cmake --build /home/harry/cmu/capstone/calibration_ws/lbr-stack/src/build/lbr_demos_advanced_cpp -- -j16 -l16
[17.362s] Invoking command in '/home/harry/cmu/capstone/calibration_ws/lbr-stack/src/build/lbr_demos_advanced_cpp': AMENT_PREFIX_PATH=/home/harry/cmu/capstone/calibration_ws/lbr-stack/src/install/lbr_fri_ros2:/home/harry/cmu/capstone/calibration_ws/lbr-stack/src/install/lbr_fri_idl:/home/harry/cmu/capstone/calibration_ws/lbr-stack/src/install/lbr_description:${AMENT_PREFIX_PATH} CMAKE_PREFIX_PATH=/home/harry/cmu/capstone/calibration_ws/lbr-stack/src/install/lbr_fri_ros2:/home/harry/cmu/capstone/calibration_ws/lbr-stack/src/install/lbr_fri_idl:/home/harry/cmu/capstone/calibration_ws/lbr-stack/src/install/lbr_description:/home/harry/cmu/capstone/calibration_ws/lbr-stack/src/install/fri_client_sdk:/opt/ros/humble LD_LIBRARY_PATH=/home/harry/cmu/capstone/calibration_ws/lbr-stack/src/install/lbr_fri_ros2/lib:/home/harry/cmu/capstone/calibration_ws/lbr-stack/src/install/lbr_fri_idl/lib:/home/harry/cmu/capstone/calibration_ws/lbr-stack/src/install/fri_client_sdk/lib:${LD_LIBRARY_PATH} PKG_CONFIG_PATH=/home/harry/cmu/capstone/calibration_ws/lbr-stack/src/install/fri_client_sdk/lib/x86_64-linux-gnu/pkgconfig:/home/harry/cmu/capstone/calibration_ws/lbr-stack/src/install/fri_client_sdk/lib/pkgconfig PYTHONPATH=/home/harry/cmu/capstone/calibration_ws/lbr-stack/src/install/lbr_fri_idl/local/lib/python3.10/dist-packages:${PYTHONPATH} /usr/bin/cmake --install /home/harry/cmu/capstone/calibration_ws/lbr-stack/src/build/lbr_demos_advanced_cpp
[17.369s] -- Install configuration: "Release"
[17.369s] -- Execute custom install script
[17.370s] -- Symlinking: /home/harry/cmu/capstone/calibration_ws/lbr-stack/src/install/lbr_demos_advanced_cpp/lib/lbr_demos_advanced_cpp/pose_planning
[17.380s] -- Symlinking: /home/harry/cmu/capstone/calibration_ws/lbr-stack/src/install/lbr_demos_advanced_cpp/lib/lbr_demos_advanced_cpp/pose_control
[17.390s] -- Symlinking: /home/harry/cmu/capstone/calibration_ws/lbr-stack/src/install/lbr_demos_advanced_cpp/lib/libpose_planning_component.so
[17.400s] -- Symlinking: /home/harry/cmu/capstone/calibration_ws/lbr-stack/src/install/lbr_demos_advanced_cpp/lib/libpose_control_component.so
[17.411s] -- Symlinking: /home/harry/cmu/capstone/calibration_ws/lbr-stack/src/install/lbr_demos_advanced_cpp/share/lbr_demos_advanced_cpp/config/lbr_system_config.yaml
[17.420s] -- Symlinking: /home/harry/cmu/capstone/calibration_ws/lbr-stack/src/install/lbr_demos_advanced_cpp/share/ament_index/resource_index/package_run_dependencies/lbr_demos_advanced_cpp
[17.430s] -- Symlinking: /home/harry/cmu/capstone/calibration_ws/lbr-stack/src/install/lbr_demos_advanced_cpp/share/ament_index/resource_index/parent_prefix_path/lbr_demos_advanced_cpp
[17.440s] -- Symlinking: /home/harry/cmu/capstone/calibration_ws/lbr-stack/src/install/lbr_demos_advanced_cpp/share/lbr_demos_advanced_cpp/environment/ament_prefix_path.sh
[17.450s] -- Symlinking: /home/harry/cmu/capstone/calibration_ws/lbr-stack/src/install/lbr_demos_advanced_cpp/share/lbr_demos_advanced_cpp/environment/ament_prefix_path.dsv
[17.459s] -- Symlinking: /home/harry/cmu/capstone/calibration_ws/lbr-stack/src/install/lbr_demos_advanced_cpp/share/lbr_demos_advanced_cpp/environment/path.sh
[17.469s] -- Symlinking: /home/harry/cmu/capstone/calibration_ws/lbr-stack/src/install/lbr_demos_advanced_cpp/share/lbr_demos_advanced_cpp/environment/path.dsv
[17.478s] -- Symlinking: /home/harry/cmu/capstone/calibration_ws/lbr-stack/src/install/lbr_demos_advanced_cpp/share/lbr_demos_advanced_cpp/local_setup.bash
[17.488s] -- Symlinking: /home/harry/cmu/capstone/calibration_ws/lbr-stack/src/install/lbr_demos_advanced_cpp/share/lbr_demos_advanced_cpp/local_setup.sh
[17.499s] -- Symlinking: /home/harry/cmu/capstone/calibration_ws/lbr-stack/src/install/lbr_demos_advanced_cpp/share/lbr_demos_advanced_cpp/local_setup.zsh
[17.509s] -- Symlinking: /home/harry/cmu/capstone/calibration_ws/lbr-stack/src/install/lbr_demos_advanced_cpp/share/lbr_demos_advanced_cpp/local_setup.dsv
[17.519s] -- Symlinking: /home/harry/cmu/capstone/calibration_ws/lbr-stack/src/install/lbr_demos_advanced_cpp/share/lbr_demos_advanced_cpp/package.dsv
[17.529s] -- Symlinking: /home/harry/cmu/capstone/calibration_ws/lbr-stack/src/install/lbr_demos_advanced_cpp/share/ament_index/resource_index/packages/lbr_demos_advanced_cpp
[17.538s] -- Symlinking: /home/harry/cmu/capstone/calibration_ws/lbr-stack/src/install/lbr_demos_advanced_cpp/share/ament_index/resource_index/rclcpp_components/lbr_demos_advanced_cpp
[17.548s] -- Symlinking: /home/harry/cmu/capstone/calibration_ws/lbr-stack/src/install/lbr_demos_advanced_cpp/share/lbr_demos_advanced_cpp/cmake/lbr_demos_advanced_cppConfig.cmake
[17.558s] -- Symlinking: /home/harry/cmu/capstone/calibration_ws/lbr-stack/src/install/lbr_demos_advanced_cpp/share/lbr_demos_advanced_cpp/cmake/lbr_demos_advanced_cppConfig-version.cmake
[17.568s] -- Symlinking: /home/harry/cmu/capstone/calibration_ws/lbr-stack/src/install/lbr_demos_advanced_cpp/share/lbr_demos_advanced_cpp/package.xml
[17.580s] Invoked command in '/home/harry/cmu/capstone/calibration_ws/lbr-stack/src/build/lbr_demos_advanced_cpp' returned '0': AMENT_PREFIX_PATH=/home/harry/cmu/capstone/calibration_ws/lbr-stack/src/install/lbr_fri_ros2:/home/harry/cmu/capstone/calibration_ws/lbr-stack/src/install/lbr_fri_idl:/home/harry/cmu/capstone/calibration_ws/lbr-stack/src/install/lbr_description:${AMENT_PREFIX_PATH} CMAKE_PREFIX_PATH=/home/harry/cmu/capstone/calibration_ws/lbr-stack/src/install/lbr_fri_ros2:/home/harry/cmu/capstone/calibration_ws/lbr-stack/src/install/lbr_fri_idl:/home/harry/cmu/capstone/calibration_ws/lbr-stack/src/install/lbr_description:/home/harry/cmu/capstone/calibration_ws/lbr-stack/src/install/fri_client_sdk:/opt/ros/humble LD_LIBRARY_PATH=/home/harry/cmu/capstone/calibration_ws/lbr-stack/src/install/lbr_fri_ros2/lib:/home/harry/cmu/capstone/calibration_ws/lbr-stack/src/install/lbr_fri_idl/lib:/home/harry/cmu/capstone/calibration_ws/lbr-stack/src/install/fri_client_sdk/lib:${LD_LIBRARY_PATH} PKG_CONFIG_PATH=/home/harry/cmu/capstone/calibration_ws/lbr-stack/src/install/fri_client_sdk/lib/x86_64-linux-gnu/pkgconfig:/home/harry/cmu/capstone/calibration_ws/lbr-stack/src/install/fri_client_sdk/lib/pkgconfig PYTHONPATH=/home/harry/cmu/capstone/calibration_ws/lbr-stack/src/install/lbr_fri_idl/local/lib/python3.10/dist-packages:${PYTHONPATH} /usr/bin/cmake --install /home/harry/cmu/capstone/calibration_ws/lbr-stack/src/build/lbr_demos_advanced_cpp
