[0.089s] DEBUG:colcon:Command line arguments: ['/usr/bin/colcon', 'build', '--symlink-install']
[0.089s] DEBUG:colcon:Parsed command line arguments: Namespace(log_base=None, log_level=None, verb_name='build', build_base='build', install_base='install', merge_install=False, symlink_install=True, test_result_base=None, continue_on_error=False, executor='parallel', parallel_workers=16, event_handlers=None, ignore_user_meta=False, metas=['./colcon.meta'], base_paths=['.'], packages_ignore=None, packages_ignore_regex=None, paths=None, packages_up_to=None, packages_up_to_regex=None, packages_above=None, packages_above_and_dependencies=None, packages_above_depth=None, packages_select_by_dep=None, packages_skip_by_dep=None, packages_skip_up_to=None, packages_select_build_failed=False, packages_skip_build_finished=False, packages_select_test_failures=False, packages_skip_test_passed=False, packages_select=None, packages_skip=None, packages_select_regex=None, packages_skip_regex=None, packages_start=None, packages_end=None, allow_overriding=[], cmake_args=None, cmake_target=None, cmake_target_skip_unavailable=False, cmake_clean_cache=False, cmake_clean_first=False, cmake_force_configure=False, ament_cmake_args=None, catkin_cmake_args=None, catkin_skip_building_tests=False, mixin_files=None, mixin=None, verb_parser=<colcon_mixin.mixin.mixin_argument.MixinArgumentDecorator object at 0x798d4f566b90>, verb_extension=<colcon_core.verb.build.BuildVerb object at 0x798d4f6e7820>, main=<bound method BuildVerb.main of <colcon_core.verb.build.BuildVerb object at 0x798d4f6e7820>>, mixin_verb=('build',))
[0.220s] Level 1:colcon.colcon_core.package_discovery:discover_packages(colcon_meta) check parameters
[0.220s] Level 1:colcon.colcon_core.package_discovery:discover_packages(recursive) check parameters
[0.220s] Level 1:colcon.colcon_core.package_discovery:discover_packages(ignore) check parameters
[0.220s] Level 1:colcon.colcon_core.package_discovery:discover_packages(path) check parameters
[0.220s] Level 1:colcon.colcon_core.package_discovery:discover_packages(colcon_meta) discover
[0.220s] Level 1:colcon.colcon_core.package_discovery:discover_packages(recursive) discover
[0.220s] INFO:colcon.colcon_core.package_discovery:Crawling recursively for packages in '/home/harry/cmu/capstone/calibration_ws/handeye_calibration_ws/src'
[0.220s] Level 1:colcon.colcon_core.package_identification:_identify(.) by extensions ['ignore', 'ignore_ament_install']
[0.221s] Level 1:colcon.colcon_core.package_identification:_identify(.) by extension 'ignore'
[0.221s] Level 1:colcon.colcon_core.package_identification:_identify(.) by extension 'ignore_ament_install'
[0.221s] Level 1:colcon.colcon_core.package_identification:_identify(.) by extensions ['colcon_pkg']
[0.221s] Level 1:colcon.colcon_core.package_identification:_identify(.) by extension 'colcon_pkg'
[0.221s] Level 1:colcon.colcon_core.package_identification:_identify(.) by extensions ['colcon_meta']
[0.221s] Level 1:colcon.colcon_core.package_identification:_identify(.) by extension 'colcon_meta'
[0.221s] Level 1:colcon.colcon_core.package_identification:_identify(.) by extensions ['ros']
[0.221s] Level 1:colcon.colcon_core.package_identification:_identify(.) by extension 'ros'
[0.228s] Level 1:colcon.colcon_core.package_identification:_identify(.) by extensions ['cmake', 'python']
[0.228s] Level 1:colcon.colcon_core.package_identification:_identify(.) by extension 'cmake'
[0.228s] Level 1:colcon.colcon_core.package_identification:_identify(.) by extension 'python'
[0.229s] Level 1:colcon.colcon_core.package_identification:_identify(.) by extensions ['python_setup_py']
[0.229s] Level 1:colcon.colcon_core.package_identification:_identify(.) by extension 'python_setup_py'
[0.229s] Level 1:colcon.colcon_core.package_identification:_identify(build) by extensions ['ignore', 'ignore_ament_install']
[0.229s] Level 1:colcon.colcon_core.package_identification:_identify(build) by extension 'ignore'
[0.229s] Level 1:colcon.colcon_core.package_identification:_identify(build) ignored
[0.229s] Level 1:colcon.colcon_core.package_identification:_identify(handeye_calibration_ros2) by extensions ['ignore', 'ignore_ament_install']
[0.229s] Level 1:colcon.colcon_core.package_identification:_identify(handeye_calibration_ros2) by extension 'ignore'
[0.229s] Level 1:colcon.colcon_core.package_identification:_identify(handeye_calibration_ros2) by extension 'ignore_ament_install'
[0.229s] Level 1:colcon.colcon_core.package_identification:_identify(handeye_calibration_ros2) by extensions ['colcon_pkg']
[0.229s] Level 1:colcon.colcon_core.package_identification:_identify(handeye_calibration_ros2) by extension 'colcon_pkg'
[0.229s] Level 1:colcon.colcon_core.package_identification:_identify(handeye_calibration_ros2) by extensions ['colcon_meta']
[0.229s] Level 1:colcon.colcon_core.package_identification:_identify(handeye_calibration_ros2) by extension 'colcon_meta'
[0.229s] Level 1:colcon.colcon_core.package_identification:_identify(handeye_calibration_ros2) by extensions ['ros']
[0.229s] Level 1:colcon.colcon_core.package_identification:_identify(handeye_calibration_ros2) by extension 'ros'
[0.229s] Level 1:colcon.colcon_core.package_identification:_identify(handeye_calibration_ros2) by extensions ['cmake', 'python']
[0.229s] Level 1:colcon.colcon_core.package_identification:_identify(handeye_calibration_ros2) by extension 'cmake'
[0.229s] Level 1:colcon.colcon_core.package_identification:_identify(handeye_calibration_ros2) by extension 'python'
[0.229s] Level 1:colcon.colcon_core.package_identification:_identify(handeye_calibration_ros2) by extensions ['python_setup_py']
[0.229s] Level 1:colcon.colcon_core.package_identification:_identify(handeye_calibration_ros2) by extension 'python_setup_py'
[0.229s] Level 1:colcon.colcon_core.package_identification:_identify(handeye_calibration_ros2/build) by extensions ['ignore', 'ignore_ament_install']
[0.229s] Level 1:colcon.colcon_core.package_identification:_identify(handeye_calibration_ros2/build) by extension 'ignore'
[0.229s] Level 1:colcon.colcon_core.package_identification:_identify(handeye_calibration_ros2/build) ignored
[0.229s] Level 1:colcon.colcon_core.package_identification:_identify(handeye_calibration_ros2/camera_calibration) by extensions ['ignore', 'ignore_ament_install']
[0.230s] Level 1:colcon.colcon_core.package_identification:_identify(handeye_calibration_ros2/camera_calibration) by extension 'ignore'
[0.230s] Level 1:colcon.colcon_core.package_identification:_identify(handeye_calibration_ros2/camera_calibration) by extension 'ignore_ament_install'
[0.230s] Level 1:colcon.colcon_core.package_identification:_identify(handeye_calibration_ros2/camera_calibration) by extensions ['colcon_pkg']
[0.230s] Level 1:colcon.colcon_core.package_identification:_identify(handeye_calibration_ros2/camera_calibration) by extension 'colcon_pkg'
[0.230s] Level 1:colcon.colcon_core.package_identification:_identify(handeye_calibration_ros2/camera_calibration) by extensions ['colcon_meta']
[0.230s] Level 1:colcon.colcon_core.package_identification:_identify(handeye_calibration_ros2/camera_calibration) by extension 'colcon_meta'
[0.230s] Level 1:colcon.colcon_core.package_identification:_identify(handeye_calibration_ros2/camera_calibration) by extensions ['ros']
[0.230s] Level 1:colcon.colcon_core.package_identification:_identify(handeye_calibration_ros2/camera_calibration) by extension 'ros'
[0.231s] DEBUG:colcon.colcon_core.package_identification:Package 'handeye_calibration_ros2/camera_calibration' with type 'ros.ament_python' and name 'camera_calibration'
[0.231s] Level 1:colcon.colcon_core.package_identification:_identify(handeye_calibration_ros2/doc) by extensions ['ignore', 'ignore_ament_install']
[0.232s] Level 1:colcon.colcon_core.package_identification:_identify(handeye_calibration_ros2/doc) by extension 'ignore'
[0.232s] Level 1:colcon.colcon_core.package_identification:_identify(handeye_calibration_ros2/doc) by extension 'ignore_ament_install'
[0.232s] Level 1:colcon.colcon_core.package_identification:_identify(handeye_calibration_ros2/doc) by extensions ['colcon_pkg']
[0.232s] Level 1:colcon.colcon_core.package_identification:_identify(handeye_calibration_ros2/doc) by extension 'colcon_pkg'
[0.232s] Level 1:colcon.colcon_core.package_identification:_identify(handeye_calibration_ros2/doc) by extensions ['colcon_meta']
[0.232s] Level 1:colcon.colcon_core.package_identification:_identify(handeye_calibration_ros2/doc) by extension 'colcon_meta'
[0.232s] Level 1:colcon.colcon_core.package_identification:_identify(handeye_calibration_ros2/doc) by extensions ['ros']
[0.232s] Level 1:colcon.colcon_core.package_identification:_identify(handeye_calibration_ros2/doc) by extension 'ros'
[0.232s] Level 1:colcon.colcon_core.package_identification:_identify(handeye_calibration_ros2/doc) by extensions ['cmake', 'python']
[0.232s] Level 1:colcon.colcon_core.package_identification:_identify(handeye_calibration_ros2/doc) by extension 'cmake'
[0.232s] Level 1:colcon.colcon_core.package_identification:_identify(handeye_calibration_ros2/doc) by extension 'python'
[0.232s] Level 1:colcon.colcon_core.package_identification:_identify(handeye_calibration_ros2/doc) by extensions ['python_setup_py']
[0.232s] Level 1:colcon.colcon_core.package_identification:_identify(handeye_calibration_ros2/doc) by extension 'python_setup_py'
[0.232s] Level 1:colcon.colcon_core.package_identification:_identify(handeye_calibration_ros2/handeye_ak) by extensions ['ignore', 'ignore_ament_install']
[0.232s] Level 1:colcon.colcon_core.package_identification:_identify(handeye_calibration_ros2/handeye_ak) by extension 'ignore'
[0.232s] Level 1:colcon.colcon_core.package_identification:_identify(handeye_calibration_ros2/handeye_ak) by extension 'ignore_ament_install'
[0.232s] Level 1:colcon.colcon_core.package_identification:_identify(handeye_calibration_ros2/handeye_ak) by extensions ['colcon_pkg']
[0.232s] Level 1:colcon.colcon_core.package_identification:_identify(handeye_calibration_ros2/handeye_ak) by extension 'colcon_pkg'
[0.232s] Level 1:colcon.colcon_core.package_identification:_identify(handeye_calibration_ros2/handeye_ak) by extensions ['colcon_meta']
[0.232s] Level 1:colcon.colcon_core.package_identification:_identify(handeye_calibration_ros2/handeye_ak) by extension 'colcon_meta'
[0.232s] Level 1:colcon.colcon_core.package_identification:_identify(handeye_calibration_ros2/handeye_ak) by extensions ['ros']
[0.232s] Level 1:colcon.colcon_core.package_identification:_identify(handeye_calibration_ros2/handeye_ak) by extension 'ros'
[0.233s] DEBUG:colcon.colcon_core.package_identification:Package 'handeye_calibration_ros2/handeye_ak' with type 'ros.ament_python' and name 'handeye_ak'
[0.233s] Level 1:colcon.colcon_core.package_identification:_identify(handeye_calibration_ros2/handeye_realsense) by extensions ['ignore', 'ignore_ament_install']
[0.233s] Level 1:colcon.colcon_core.package_identification:_identify(handeye_calibration_ros2/handeye_realsense) by extension 'ignore'
[0.233s] Level 1:colcon.colcon_core.package_identification:_identify(handeye_calibration_ros2/handeye_realsense) by extension 'ignore_ament_install'
[0.233s] Level 1:colcon.colcon_core.package_identification:_identify(handeye_calibration_ros2/handeye_realsense) by extensions ['colcon_pkg']
[0.233s] Level 1:colcon.colcon_core.package_identification:_identify(handeye_calibration_ros2/handeye_realsense) by extension 'colcon_pkg'
[0.233s] Level 1:colcon.colcon_core.package_identification:_identify(handeye_calibration_ros2/handeye_realsense) by extensions ['colcon_meta']
[0.233s] Level 1:colcon.colcon_core.package_identification:_identify(handeye_calibration_ros2/handeye_realsense) by extension 'colcon_meta'
[0.233s] Level 1:colcon.colcon_core.package_identification:_identify(handeye_calibration_ros2/handeye_realsense) by extensions ['ros']
[0.233s] Level 1:colcon.colcon_core.package_identification:_identify(handeye_calibration_ros2/handeye_realsense) by extension 'ros'
[0.234s] DEBUG:colcon.colcon_core.package_identification:Package 'handeye_calibration_ros2/handeye_realsense' with type 'ros.ament_python' and name 'handeye_realsense'
[0.234s] Level 1:colcon.colcon_core.package_identification:_identify(handeye_calibration_ros2/install) by extensions ['ignore', 'ignore_ament_install']
[0.234s] Level 1:colcon.colcon_core.package_identification:_identify(handeye_calibration_ros2/install) by extension 'ignore'
[0.234s] Level 1:colcon.colcon_core.package_identification:_identify(handeye_calibration_ros2/install) ignored
[0.234s] Level 1:colcon.colcon_core.package_identification:_identify(handeye_calibration_ros2/log) by extensions ['ignore', 'ignore_ament_install']
[0.234s] Level 1:colcon.colcon_core.package_identification:_identify(handeye_calibration_ros2/log) by extension 'ignore'
[0.234s] Level 1:colcon.colcon_core.package_identification:_identify(handeye_calibration_ros2/log) ignored
[0.234s] Level 1:colcon.colcon_core.package_identification:_identify(install) by extensions ['ignore', 'ignore_ament_install']
[0.234s] Level 1:colcon.colcon_core.package_identification:_identify(install) by extension 'ignore'
[0.234s] Level 1:colcon.colcon_core.package_identification:_identify(install) ignored
[0.234s] Level 1:colcon.colcon_core.package_identification:_identify(log) by extensions ['ignore', 'ignore_ament_install']
[0.234s] Level 1:colcon.colcon_core.package_identification:_identify(log) by extension 'ignore'
[0.234s] Level 1:colcon.colcon_core.package_identification:_identify(log) ignored
[0.234s] Level 1:colcon.colcon_core.package_discovery:discover_packages(recursive) using defaults
[0.235s] Level 1:colcon.colcon_core.package_discovery:discover_packages(ignore) discover
[0.235s] Level 1:colcon.colcon_core.package_discovery:discover_packages(ignore) using defaults
[0.235s] Level 1:colcon.colcon_core.package_discovery:discover_packages(path) discover
[0.235s] Level 1:colcon.colcon_core.package_discovery:discover_packages(path) using defaults
[0.258s] Level 1:colcon.colcon_core.package_discovery:discover_packages(prefix_path) check parameters
[0.258s] Level 1:colcon.colcon_core.package_discovery:discover_packages(prefix_path) discover
[0.260s] DEBUG:colcon.colcon_installed_package_information.package_discovery:Found 3 installed packages in /home/harry/cmu/capstone/calibration_ws/handeye_calibration_ws/src/install
[0.261s] DEBUG:colcon.colcon_installed_package_information.package_discovery:Found 20 installed packages in /home/harry/cmu/capstone/calibration_ws/install
[0.262s] DEBUG:colcon.colcon_installed_package_information.package_discovery:Found 2 installed packages in /home/harry/cmu/capstone/calibration_ws/lbr-stack/install
[0.262s] DEBUG:colcon.colcon_installed_package_information.package_discovery:Found 3 installed packages in /home/harry/cmu/capstone/calibration_ws/handeye_calibration_ws/src/handeye_calibration_ros2/install
[0.263s] DEBUG:colcon.colcon_installed_package_information.package_discovery:Found 1 installed packages in /home/harry/cmu/capstone/calibration_ws/handeye_calibration_ws/install
[0.263s] DEBUG:colcon.colcon_installed_package_information.package_discovery:Found 17 installed packages in /home/harry/cmu/capstone/calibration_ws/lbr-stack/src/install
[0.266s] DEBUG:colcon.colcon_installed_package_information.package_discovery:Found 367 installed packages in /opt/ros/humble
[0.267s] Level 1:colcon.colcon_core.package_discovery:discover_packages(prefix_path) using defaults
[0.301s] Level 5:colcon.colcon_core.verb:set package 'camera_calibration' build argument 'cmake_args' from command line to 'None'
[0.301s] Level 5:colcon.colcon_core.verb:set package 'camera_calibration' build argument 'cmake_target' from command line to 'None'
[0.302s] Level 5:colcon.colcon_core.verb:set package 'camera_calibration' build argument 'cmake_target_skip_unavailable' from command line to 'False'
[0.302s] Level 5:colcon.colcon_core.verb:set package 'camera_calibration' build argument 'cmake_clean_cache' from command line to 'False'
[0.302s] Level 5:colcon.colcon_core.verb:set package 'camera_calibration' build argument 'cmake_clean_first' from command line to 'False'
[0.302s] Level 5:colcon.colcon_core.verb:set package 'camera_calibration' build argument 'cmake_force_configure' from command line to 'False'
[0.302s] Level 5:colcon.colcon_core.verb:set package 'camera_calibration' build argument 'ament_cmake_args' from command line to 'None'
[0.302s] Level 5:colcon.colcon_core.verb:set package 'camera_calibration' build argument 'catkin_cmake_args' from command line to 'None'
[0.302s] Level 5:colcon.colcon_core.verb:set package 'camera_calibration' build argument 'catkin_skip_building_tests' from command line to 'False'
[0.302s] DEBUG:colcon.colcon_core.verb:Building package 'camera_calibration' with the following arguments: {'ament_cmake_args': None, 'build_base': '/home/harry/cmu/capstone/calibration_ws/handeye_calibration_ws/src/build/camera_calibration', 'catkin_cmake_args': None, 'catkin_skip_building_tests': False, 'cmake_args': None, 'cmake_clean_cache': False, 'cmake_clean_first': False, 'cmake_force_configure': False, 'cmake_target': None, 'cmake_target_skip_unavailable': False, 'install_base': '/home/harry/cmu/capstone/calibration_ws/handeye_calibration_ws/src/install/camera_calibration', 'merge_install': False, 'path': '/home/harry/cmu/capstone/calibration_ws/handeye_calibration_ws/src/handeye_calibration_ros2/camera_calibration', 'symlink_install': True, 'test_result_base': None}
[0.302s] Level 5:colcon.colcon_core.verb:set package 'handeye_ak' build argument 'cmake_args' from command line to 'None'
[0.302s] Level 5:colcon.colcon_core.verb:set package 'handeye_ak' build argument 'cmake_target' from command line to 'None'
[0.302s] Level 5:colcon.colcon_core.verb:set package 'handeye_ak' build argument 'cmake_target_skip_unavailable' from command line to 'False'
[0.302s] Level 5:colcon.colcon_core.verb:set package 'handeye_ak' build argument 'cmake_clean_cache' from command line to 'False'
[0.302s] Level 5:colcon.colcon_core.verb:set package 'handeye_ak' build argument 'cmake_clean_first' from command line to 'False'
[0.302s] Level 5:colcon.colcon_core.verb:set package 'handeye_ak' build argument 'cmake_force_configure' from command line to 'False'
[0.302s] Level 5:colcon.colcon_core.verb:set package 'handeye_ak' build argument 'ament_cmake_args' from command line to 'None'
[0.302s] Level 5:colcon.colcon_core.verb:set package 'handeye_ak' build argument 'catkin_cmake_args' from command line to 'None'
[0.302s] Level 5:colcon.colcon_core.verb:set package 'handeye_ak' build argument 'catkin_skip_building_tests' from command line to 'False'
[0.302s] DEBUG:colcon.colcon_core.verb:Building package 'handeye_ak' with the following arguments: {'ament_cmake_args': None, 'build_base': '/home/harry/cmu/capstone/calibration_ws/handeye_calibration_ws/src/build/handeye_ak', 'catkin_cmake_args': None, 'catkin_skip_building_tests': False, 'cmake_args': None, 'cmake_clean_cache': False, 'cmake_clean_first': False, 'cmake_force_configure': False, 'cmake_target': None, 'cmake_target_skip_unavailable': False, 'install_base': '/home/harry/cmu/capstone/calibration_ws/handeye_calibration_ws/src/install/handeye_ak', 'merge_install': False, 'path': '/home/harry/cmu/capstone/calibration_ws/handeye_calibration_ws/src/handeye_calibration_ros2/handeye_ak', 'symlink_install': True, 'test_result_base': None}
[0.302s] Level 5:colcon.colcon_core.verb:set package 'handeye_realsense' build argument 'cmake_args' from command line to 'None'
[0.302s] Level 5:colcon.colcon_core.verb:set package 'handeye_realsense' build argument 'cmake_target' from command line to 'None'
[0.302s] Level 5:colcon.colcon_core.verb:set package 'handeye_realsense' build argument 'cmake_target_skip_unavailable' from command line to 'False'
[0.302s] Level 5:colcon.colcon_core.verb:set package 'handeye_realsense' build argument 'cmake_clean_cache' from command line to 'False'
[0.302s] Level 5:colcon.colcon_core.verb:set package 'handeye_realsense' build argument 'cmake_clean_first' from command line to 'False'
[0.302s] Level 5:colcon.colcon_core.verb:set package 'handeye_realsense' build argument 'cmake_force_configure' from command line to 'False'
[0.302s] Level 5:colcon.colcon_core.verb:set package 'handeye_realsense' build argument 'ament_cmake_args' from command line to 'None'
[0.302s] Level 5:colcon.colcon_core.verb:set package 'handeye_realsense' build argument 'catkin_cmake_args' from command line to 'None'
[0.303s] Level 5:colcon.colcon_core.verb:set package 'handeye_realsense' build argument 'catkin_skip_building_tests' from command line to 'False'
[0.303s] DEBUG:colcon.colcon_core.verb:Building package 'handeye_realsense' with the following arguments: {'ament_cmake_args': None, 'build_base': '/home/harry/cmu/capstone/calibration_ws/handeye_calibration_ws/src/build/handeye_realsense', 'catkin_cmake_args': None, 'catkin_skip_building_tests': False, 'cmake_args': None, 'cmake_clean_cache': False, 'cmake_clean_first': False, 'cmake_force_configure': False, 'cmake_target': None, 'cmake_target_skip_unavailable': False, 'install_base': '/home/harry/cmu/capstone/calibration_ws/handeye_calibration_ws/src/install/handeye_realsense', 'merge_install': False, 'path': '/home/harry/cmu/capstone/calibration_ws/handeye_calibration_ws/src/handeye_calibration_ros2/handeye_realsense', 'symlink_install': True, 'test_result_base': None}
[0.303s] INFO:colcon.colcon_core.executor:Executing jobs using 'parallel' executor
[0.303s] DEBUG:colcon.colcon_parallel_executor.executor.parallel:run_until_complete
[0.304s] INFO:colcon.colcon_ros.task.ament_python.build:Building ROS package in '/home/harry/cmu/capstone/calibration_ws/handeye_calibration_ws/src/handeye_calibration_ros2/camera_calibration' with build type 'ament_python'
[0.304s] Level 1:colcon.colcon_core.shell:create_environment_hook('camera_calibration', 'ament_prefix_path')
[0.306s] INFO:colcon.colcon_core.plugin_system:Skipping extension 'colcon_core.shell.bat': Not used on non-Windows systems
[0.306s] INFO:colcon.colcon_core.shell:Creating environment hook '/home/harry/cmu/capstone/calibration_ws/handeye_calibration_ws/src/install/camera_calibration/share/camera_calibration/hook/ament_prefix_path.ps1'
[0.306s] INFO:colcon.colcon_core.shell:Creating environment descriptor '/home/harry/cmu/capstone/calibration_ws/handeye_calibration_ws/src/install/camera_calibration/share/camera_calibration/hook/ament_prefix_path.dsv'
[0.307s] INFO:colcon.colcon_core.shell:Creating environment hook '/home/harry/cmu/capstone/calibration_ws/handeye_calibration_ws/src/install/camera_calibration/share/camera_calibration/hook/ament_prefix_path.sh'
[0.307s] INFO:colcon.colcon_core.shell:Skip shell extension 'powershell' for command environment: Not usable outside of PowerShell
[0.307s] DEBUG:colcon.colcon_core.shell:Skip shell extension 'dsv' for command environment
[0.313s] INFO:colcon.colcon_ros.task.ament_python.build:Building ROS package in '/home/harry/cmu/capstone/calibration_ws/handeye_calibration_ws/src/handeye_calibration_ros2/handeye_ak' with build type 'ament_python'
[0.313s] Level 1:colcon.colcon_core.shell:create_environment_hook('handeye_ak', 'ament_prefix_path')
[0.314s] INFO:colcon.colcon_core.shell:Creating environment hook '/home/harry/cmu/capstone/calibration_ws/handeye_calibration_ws/src/install/handeye_ak/share/handeye_ak/hook/ament_prefix_path.ps1'
[0.314s] INFO:colcon.colcon_core.shell:Creating environment descriptor '/home/harry/cmu/capstone/calibration_ws/handeye_calibration_ws/src/install/handeye_ak/share/handeye_ak/hook/ament_prefix_path.dsv'
[0.314s] INFO:colcon.colcon_core.shell:Creating environment hook '/home/harry/cmu/capstone/calibration_ws/handeye_calibration_ws/src/install/handeye_ak/share/handeye_ak/hook/ament_prefix_path.sh'
[0.315s] INFO:colcon.colcon_core.shell:Skip shell extension 'powershell' for command environment: Not usable outside of PowerShell
[0.315s] DEBUG:colcon.colcon_core.shell:Skip shell extension 'dsv' for command environment
[0.320s] INFO:colcon.colcon_ros.task.ament_python.build:Building ROS package in '/home/harry/cmu/capstone/calibration_ws/handeye_calibration_ws/src/handeye_calibration_ros2/handeye_realsense' with build type 'ament_python'
[0.321s] Level 1:colcon.colcon_core.shell:create_environment_hook('handeye_realsense', 'ament_prefix_path')
[0.321s] INFO:colcon.colcon_core.shell:Creating environment hook '/home/harry/cmu/capstone/calibration_ws/handeye_calibration_ws/src/install/handeye_realsense/share/handeye_realsense/hook/ament_prefix_path.ps1'
[0.321s] INFO:colcon.colcon_core.shell:Creating environment descriptor '/home/harry/cmu/capstone/calibration_ws/handeye_calibration_ws/src/install/handeye_realsense/share/handeye_realsense/hook/ament_prefix_path.dsv'
[0.321s] INFO:colcon.colcon_core.shell:Creating environment hook '/home/harry/cmu/capstone/calibration_ws/handeye_calibration_ws/src/install/handeye_realsense/share/handeye_realsense/hook/ament_prefix_path.sh'
[0.322s] INFO:colcon.colcon_core.shell:Skip shell extension 'powershell' for command environment: Not usable outside of PowerShell
[0.322s] DEBUG:colcon.colcon_core.shell:Skip shell extension 'dsv' for command environment
[0.538s] INFO:colcon.colcon_core.task.python.build:Building Python package in '/home/harry/cmu/capstone/calibration_ws/handeye_calibration_ws/src/handeye_calibration_ros2/camera_calibration'
[0.538s] INFO:colcon.colcon_core.shell:Skip shell extension 'powershell' for command environment: Not usable outside of PowerShell
[0.538s] DEBUG:colcon.colcon_core.shell:Skip shell extension 'dsv' for command environment
[0.774s] INFO:colcon.colcon_core.task.python.build:Building Python package in '/home/harry/cmu/capstone/calibration_ws/handeye_calibration_ws/src/handeye_calibration_ros2/handeye_ak'
[0.775s] INFO:colcon.colcon_core.shell:Skip shell extension 'powershell' for command environment: Not usable outside of PowerShell
[0.775s] DEBUG:colcon.colcon_core.shell:Skip shell extension 'dsv' for command environment
[0.990s] INFO:colcon.colcon_core.task.python.build:Building Python package in '/home/harry/cmu/capstone/calibration_ws/handeye_calibration_ws/src/handeye_calibration_ros2/handeye_realsense'
[0.991s] INFO:colcon.colcon_core.shell:Skip shell extension 'powershell' for command environment: Not usable outside of PowerShell
[0.991s] DEBUG:colcon.colcon_core.shell:Skip shell extension 'dsv' for command environment
[1.309s] DEBUG:colcon.colcon_core.event_handler.log_command:Invoking command in '/home/harry/cmu/capstone/calibration_ws/handeye_calibration_ws/src/build/camera_calibration': PYTHONPATH=/home/harry/cmu/capstone/calibration_ws/handeye_calibration_ws/src/build/camera_calibration/prefix_override:/usr/lib/python3/dist-packages/colcon_core/task/python/colcon_distutils_commands:/home/harry/cmu/capstone/calibration_ws/handeye_calibration_ws/src/install/camera_calibration/lib/python3.10/site-packages:${PYTHONPATH} /usr/bin/python3 -W ignore:setup.py install is deprecated -W ignore:easy_install command is deprecated setup.py develop --editable --build-directory /home/harry/cmu/capstone/calibration_ws/handeye_calibration_ws/src/build/camera_calibration/build --no-deps symlink_data
[1.313s] DEBUG:colcon.colcon_core.event_handler.log_command:Invoking command in '/home/harry/cmu/capstone/calibration_ws/handeye_calibration_ws/src/build/handeye_realsense': PYTHONPATH=/home/harry/cmu/capstone/calibration_ws/handeye_calibration_ws/src/build/handeye_realsense/prefix_override:/usr/lib/python3/dist-packages/colcon_core/task/python/colcon_distutils_commands:/home/harry/cmu/capstone/calibration_ws/handeye_calibration_ws/src/install/handeye_realsense/lib/python3.10/site-packages:${PYTHONPATH} /usr/bin/python3 -W ignore:setup.py install is deprecated -W ignore:easy_install command is deprecated setup.py develop --editable --build-directory /home/harry/cmu/capstone/calibration_ws/handeye_calibration_ws/src/build/handeye_realsense/build --no-deps symlink_data
[1.321s] DEBUG:colcon.colcon_core.event_handler.log_command:Invoking command in '/home/harry/cmu/capstone/calibration_ws/handeye_calibration_ws/src/build/handeye_ak': PYTHONPATH=/home/harry/cmu/capstone/calibration_ws/handeye_calibration_ws/src/build/handeye_ak/prefix_override:/usr/lib/python3/dist-packages/colcon_core/task/python/colcon_distutils_commands:/home/harry/cmu/capstone/calibration_ws/handeye_calibration_ws/src/install/handeye_ak/lib/python3.10/site-packages:${PYTHONPATH} /usr/bin/python3 -W ignore:setup.py install is deprecated -W ignore:easy_install command is deprecated setup.py develop --editable --build-directory /home/harry/cmu/capstone/calibration_ws/handeye_calibration_ws/src/build/handeye_ak/build --no-deps symlink_data
[1.711s] Level 1:colcon.colcon_core.shell:create_environment_hook('camera_calibration', 'pythonpath_develop')
[1.712s] INFO:colcon.colcon_core.shell:Creating environment hook '/home/harry/cmu/capstone/calibration_ws/handeye_calibration_ws/src/build/camera_calibration/share/camera_calibration/hook/pythonpath_develop.ps1'
[1.712s] DEBUG:colcon.colcon_core.event_handler.log_command:Invoked command in '/home/harry/cmu/capstone/calibration_ws/handeye_calibration_ws/src/build/camera_calibration' returned '0': PYTHONPATH=/home/harry/cmu/capstone/calibration_ws/handeye_calibration_ws/src/build/camera_calibration/prefix_override:/usr/lib/python3/dist-packages/colcon_core/task/python/colcon_distutils_commands:/home/harry/cmu/capstone/calibration_ws/handeye_calibration_ws/src/install/camera_calibration/lib/python3.10/site-packages:${PYTHONPATH} /usr/bin/python3 -W ignore:setup.py install is deprecated -W ignore:easy_install command is deprecated setup.py develop --editable --build-directory /home/harry/cmu/capstone/calibration_ws/handeye_calibration_ws/src/build/camera_calibration/build --no-deps symlink_data
[1.713s] INFO:colcon.colcon_core.shell:Creating environment descriptor '/home/harry/cmu/capstone/calibration_ws/handeye_calibration_ws/src/build/camera_calibration/share/camera_calibration/hook/pythonpath_develop.dsv'
[1.713s] INFO:colcon.colcon_core.shell:Creating environment hook '/home/harry/cmu/capstone/calibration_ws/handeye_calibration_ws/src/build/camera_calibration/share/camera_calibration/hook/pythonpath_develop.sh'
[1.715s] Level 1:colcon.colcon_core.environment:checking '/home/harry/cmu/capstone/calibration_ws/handeye_calibration_ws/src/install/camera_calibration' for CMake module files
[1.715s] Level 1:colcon.colcon_core.environment:checking '/home/harry/cmu/capstone/calibration_ws/handeye_calibration_ws/src/install/camera_calibration' for CMake config files
[1.716s] Level 1:colcon.colcon_core.environment:checking '/home/harry/cmu/capstone/calibration_ws/handeye_calibration_ws/src/install/camera_calibration/lib'
[1.716s] Level 1:colcon.colcon_core.environment:checking '/home/harry/cmu/capstone/calibration_ws/handeye_calibration_ws/src/install/camera_calibration/bin'
[1.716s] Level 1:colcon.colcon_core.environment:checking '/home/harry/cmu/capstone/calibration_ws/handeye_calibration_ws/src/install/camera_calibration/lib/pkgconfig/camera_calibration.pc'
[1.716s] Level 1:colcon.colcon_core.environment:checking '/home/harry/cmu/capstone/calibration_ws/handeye_calibration_ws/src/install/camera_calibration/lib/python3.10/site-packages'
[1.716s] Level 1:colcon.colcon_core.shell:create_environment_hook('camera_calibration', 'pythonpath')
[1.716s] INFO:colcon.colcon_core.shell:Creating environment hook '/home/harry/cmu/capstone/calibration_ws/handeye_calibration_ws/src/install/camera_calibration/share/camera_calibration/hook/pythonpath.ps1'
[1.717s] INFO:colcon.colcon_core.shell:Creating environment descriptor '/home/harry/cmu/capstone/calibration_ws/handeye_calibration_ws/src/install/camera_calibration/share/camera_calibration/hook/pythonpath.dsv'
[1.717s] INFO:colcon.colcon_core.shell:Creating environment hook '/home/harry/cmu/capstone/calibration_ws/handeye_calibration_ws/src/install/camera_calibration/share/camera_calibration/hook/pythonpath.sh'
[1.717s] Level 1:colcon.colcon_core.environment:checking '/home/harry/cmu/capstone/calibration_ws/handeye_calibration_ws/src/install/camera_calibration/bin'
[1.718s] Level 1:colcon.colcon_core.environment:create_environment_scripts_only(camera_calibration)
[1.718s] INFO:colcon.colcon_core.shell:Creating package script '/home/harry/cmu/capstone/calibration_ws/handeye_calibration_ws/src/install/camera_calibration/share/camera_calibration/package.ps1'
[1.719s] INFO:colcon.colcon_core.shell:Creating package descriptor '/home/harry/cmu/capstone/calibration_ws/handeye_calibration_ws/src/install/camera_calibration/share/camera_calibration/package.dsv'
[1.719s] INFO:colcon.colcon_core.shell:Creating package script '/home/harry/cmu/capstone/calibration_ws/handeye_calibration_ws/src/install/camera_calibration/share/camera_calibration/package.sh'
[1.720s] INFO:colcon.colcon_core.shell:Creating package script '/home/harry/cmu/capstone/calibration_ws/handeye_calibration_ws/src/install/camera_calibration/share/camera_calibration/package.bash'
[1.720s] INFO:colcon.colcon_core.shell:Creating package script '/home/harry/cmu/capstone/calibration_ws/handeye_calibration_ws/src/install/camera_calibration/share/camera_calibration/package.zsh'
[1.720s] Level 1:colcon.colcon_core.environment:create_file_with_runtime_dependencies(/home/harry/cmu/capstone/calibration_ws/handeye_calibration_ws/src/install/camera_calibration/share/colcon-core/packages/camera_calibration)
[1.722s] Level 1:colcon.colcon_core.shell:create_environment_hook('handeye_ak', 'pythonpath_develop')
[1.722s] INFO:colcon.colcon_core.shell:Creating environment hook '/home/harry/cmu/capstone/calibration_ws/handeye_calibration_ws/src/build/handeye_ak/share/handeye_ak/hook/pythonpath_develop.ps1'
[1.722s] DEBUG:colcon.colcon_core.event_handler.log_command:Invoked command in '/home/harry/cmu/capstone/calibration_ws/handeye_calibration_ws/src/build/handeye_ak' returned '0': PYTHONPATH=/home/harry/cmu/capstone/calibration_ws/handeye_calibration_ws/src/build/handeye_ak/prefix_override:/usr/lib/python3/dist-packages/colcon_core/task/python/colcon_distutils_commands:/home/harry/cmu/capstone/calibration_ws/handeye_calibration_ws/src/install/handeye_ak/lib/python3.10/site-packages:${PYTHONPATH} /usr/bin/python3 -W ignore:setup.py install is deprecated -W ignore:easy_install command is deprecated setup.py develop --editable --build-directory /home/harry/cmu/capstone/calibration_ws/handeye_calibration_ws/src/build/handeye_ak/build --no-deps symlink_data
[1.722s] INFO:colcon.colcon_core.shell:Creating environment descriptor '/home/harry/cmu/capstone/calibration_ws/handeye_calibration_ws/src/build/handeye_ak/share/handeye_ak/hook/pythonpath_develop.dsv'
[1.723s] INFO:colcon.colcon_core.shell:Creating environment hook '/home/harry/cmu/capstone/calibration_ws/handeye_calibration_ws/src/build/handeye_ak/share/handeye_ak/hook/pythonpath_develop.sh'
[1.723s] Level 1:colcon.colcon_core.environment:checking '/home/harry/cmu/capstone/calibration_ws/handeye_calibration_ws/src/install/handeye_ak' for CMake module files
[1.723s] Level 1:colcon.colcon_core.environment:checking '/home/harry/cmu/capstone/calibration_ws/handeye_calibration_ws/src/install/handeye_ak' for CMake config files
[1.724s] Level 1:colcon.colcon_core.environment:checking '/home/harry/cmu/capstone/calibration_ws/handeye_calibration_ws/src/install/handeye_ak/lib'
[1.724s] Level 1:colcon.colcon_core.environment:checking '/home/harry/cmu/capstone/calibration_ws/handeye_calibration_ws/src/install/handeye_ak/bin'
[1.724s] Level 1:colcon.colcon_core.environment:checking '/home/harry/cmu/capstone/calibration_ws/handeye_calibration_ws/src/install/handeye_ak/lib/pkgconfig/handeye_ak.pc'
[1.724s] Level 1:colcon.colcon_core.environment:checking '/home/harry/cmu/capstone/calibration_ws/handeye_calibration_ws/src/install/handeye_ak/lib/python3.10/site-packages'
[1.724s] Level 1:colcon.colcon_core.shell:create_environment_hook('handeye_ak', 'pythonpath')
[1.724s] INFO:colcon.colcon_core.shell:Creating environment hook '/home/harry/cmu/capstone/calibration_ws/handeye_calibration_ws/src/install/handeye_ak/share/handeye_ak/hook/pythonpath.ps1'
[1.724s] INFO:colcon.colcon_core.shell:Creating environment descriptor '/home/harry/cmu/capstone/calibration_ws/handeye_calibration_ws/src/install/handeye_ak/share/handeye_ak/hook/pythonpath.dsv'
[1.725s] INFO:colcon.colcon_core.shell:Creating environment hook '/home/harry/cmu/capstone/calibration_ws/handeye_calibration_ws/src/install/handeye_ak/share/handeye_ak/hook/pythonpath.sh'
[1.725s] Level 1:colcon.colcon_core.environment:checking '/home/harry/cmu/capstone/calibration_ws/handeye_calibration_ws/src/install/handeye_ak/bin'
[1.725s] Level 1:colcon.colcon_core.environment:create_environment_scripts_only(handeye_ak)
[1.725s] INFO:colcon.colcon_core.shell:Creating package script '/home/harry/cmu/capstone/calibration_ws/handeye_calibration_ws/src/install/handeye_ak/share/handeye_ak/package.ps1'
[1.726s] INFO:colcon.colcon_core.shell:Creating package descriptor '/home/harry/cmu/capstone/calibration_ws/handeye_calibration_ws/src/install/handeye_ak/share/handeye_ak/package.dsv'
[1.726s] INFO:colcon.colcon_core.shell:Creating package script '/home/harry/cmu/capstone/calibration_ws/handeye_calibration_ws/src/install/handeye_ak/share/handeye_ak/package.sh'
[1.726s] INFO:colcon.colcon_core.shell:Creating package script '/home/harry/cmu/capstone/calibration_ws/handeye_calibration_ws/src/install/handeye_ak/share/handeye_ak/package.bash'
[1.727s] INFO:colcon.colcon_core.shell:Creating package script '/home/harry/cmu/capstone/calibration_ws/handeye_calibration_ws/src/install/handeye_ak/share/handeye_ak/package.zsh'
[1.727s] Level 1:colcon.colcon_core.environment:create_file_with_runtime_dependencies(/home/harry/cmu/capstone/calibration_ws/handeye_calibration_ws/src/install/handeye_ak/share/colcon-core/packages/handeye_ak)
[1.727s] Level 1:colcon.colcon_core.shell:create_environment_hook('handeye_realsense', 'pythonpath_develop')
[1.727s] INFO:colcon.colcon_core.shell:Creating environment hook '/home/harry/cmu/capstone/calibration_ws/handeye_calibration_ws/src/build/handeye_realsense/share/handeye_realsense/hook/pythonpath_develop.ps1'
[1.728s] DEBUG:colcon.colcon_core.event_handler.log_command:Invoked command in '/home/harry/cmu/capstone/calibration_ws/handeye_calibration_ws/src/build/handeye_realsense' returned '0': PYTHONPATH=/home/harry/cmu/capstone/calibration_ws/handeye_calibration_ws/src/build/handeye_realsense/prefix_override:/usr/lib/python3/dist-packages/colcon_core/task/python/colcon_distutils_commands:/home/harry/cmu/capstone/calibration_ws/handeye_calibration_ws/src/install/handeye_realsense/lib/python3.10/site-packages:${PYTHONPATH} /usr/bin/python3 -W ignore:setup.py install is deprecated -W ignore:easy_install command is deprecated setup.py develop --editable --build-directory /home/harry/cmu/capstone/calibration_ws/handeye_calibration_ws/src/build/handeye_realsense/build --no-deps symlink_data
[1.728s] INFO:colcon.colcon_core.shell:Creating environment descriptor '/home/harry/cmu/capstone/calibration_ws/handeye_calibration_ws/src/build/handeye_realsense/share/handeye_realsense/hook/pythonpath_develop.dsv'
[1.728s] INFO:colcon.colcon_core.shell:Creating environment hook '/home/harry/cmu/capstone/calibration_ws/handeye_calibration_ws/src/build/handeye_realsense/share/handeye_realsense/hook/pythonpath_develop.sh'
[1.729s] Level 1:colcon.colcon_core.environment:checking '/home/harry/cmu/capstone/calibration_ws/handeye_calibration_ws/src/install/handeye_realsense' for CMake module files
[1.729s] Level 1:colcon.colcon_core.environment:checking '/home/harry/cmu/capstone/calibration_ws/handeye_calibration_ws/src/install/handeye_realsense' for CMake config files
[1.729s] Level 1:colcon.colcon_core.environment:checking '/home/harry/cmu/capstone/calibration_ws/handeye_calibration_ws/src/install/handeye_realsense/lib'
[1.729s] Level 1:colcon.colcon_core.environment:checking '/home/harry/cmu/capstone/calibration_ws/handeye_calibration_ws/src/install/handeye_realsense/bin'
[1.729s] Level 1:colcon.colcon_core.environment:checking '/home/harry/cmu/capstone/calibration_ws/handeye_calibration_ws/src/install/handeye_realsense/lib/pkgconfig/handeye_realsense.pc'
[1.730s] Level 1:colcon.colcon_core.environment:checking '/home/harry/cmu/capstone/calibration_ws/handeye_calibration_ws/src/install/handeye_realsense/lib/python3.10/site-packages'
[1.730s] Level 1:colcon.colcon_core.shell:create_environment_hook('handeye_realsense', 'pythonpath')
[1.730s] INFO:colcon.colcon_core.shell:Creating environment hook '/home/harry/cmu/capstone/calibration_ws/handeye_calibration_ws/src/install/handeye_realsense/share/handeye_realsense/hook/pythonpath.ps1'
[1.730s] INFO:colcon.colcon_core.shell:Creating environment descriptor '/home/harry/cmu/capstone/calibration_ws/handeye_calibration_ws/src/install/handeye_realsense/share/handeye_realsense/hook/pythonpath.dsv'
[1.731s] INFO:colcon.colcon_core.shell:Creating environment hook '/home/harry/cmu/capstone/calibration_ws/handeye_calibration_ws/src/install/handeye_realsense/share/handeye_realsense/hook/pythonpath.sh'
[1.731s] Level 1:colcon.colcon_core.environment:checking '/home/harry/cmu/capstone/calibration_ws/handeye_calibration_ws/src/install/handeye_realsense/bin'
[1.731s] Level 1:colcon.colcon_core.environment:create_environment_scripts_only(handeye_realsense)
[1.731s] INFO:colcon.colcon_core.shell:Creating package script '/home/harry/cmu/capstone/calibration_ws/handeye_calibration_ws/src/install/handeye_realsense/share/handeye_realsense/package.ps1'
[1.732s] INFO:colcon.colcon_core.shell:Creating package descriptor '/home/harry/cmu/capstone/calibration_ws/handeye_calibration_ws/src/install/handeye_realsense/share/handeye_realsense/package.dsv'
[1.732s] INFO:colcon.colcon_core.shell:Creating package script '/home/harry/cmu/capstone/calibration_ws/handeye_calibration_ws/src/install/handeye_realsense/share/handeye_realsense/package.sh'
[1.732s] INFO:colcon.colcon_core.shell:Creating package script '/home/harry/cmu/capstone/calibration_ws/handeye_calibration_ws/src/install/handeye_realsense/share/handeye_realsense/package.bash'
[1.733s] INFO:colcon.colcon_core.shell:Creating package script '/home/harry/cmu/capstone/calibration_ws/handeye_calibration_ws/src/install/handeye_realsense/share/handeye_realsense/package.zsh'
[1.733s] Level 1:colcon.colcon_core.environment:create_file_with_runtime_dependencies(/home/harry/cmu/capstone/calibration_ws/handeye_calibration_ws/src/install/handeye_realsense/share/colcon-core/packages/handeye_realsense)
[1.733s] DEBUG:colcon.colcon_parallel_executor.executor.parallel:closing loop
[1.733s] DEBUG:colcon.colcon_parallel_executor.executor.parallel:loop closed
[1.733s] DEBUG:colcon.colcon_parallel_executor.executor.parallel:run_until_complete finished with '0'
[1.733s] DEBUG:colcon.colcon_core.event_reactor:joining thread
[1.739s] INFO:colcon.colcon_core.plugin_system:Skipping extension 'colcon_notification.desktop_notification.terminal_notifier': Not used on non-Darwin systems
[1.739s] INFO:colcon.colcon_core.plugin_system:Skipping extension 'colcon_notification.desktop_notification.win32': Not used on non-Windows systems
[1.739s] INFO:colcon.colcon_notification.desktop_notification:Sending desktop notification using 'notify2'
[1.749s] DEBUG:colcon.colcon_core.event_reactor:joined thread
[1.749s] INFO:colcon.colcon_core.shell:Creating prefix script '/home/harry/cmu/capstone/calibration_ws/handeye_calibration_ws/src/install/local_setup.ps1'
[1.750s] INFO:colcon.colcon_core.shell:Creating prefix util module '/home/harry/cmu/capstone/calibration_ws/handeye_calibration_ws/src/install/_local_setup_util_ps1.py'
[1.751s] INFO:colcon.colcon_core.shell:Creating prefix chain script '/home/harry/cmu/capstone/calibration_ws/handeye_calibration_ws/src/install/setup.ps1'
[1.753s] INFO:colcon.colcon_core.shell:Creating prefix script '/home/harry/cmu/capstone/calibration_ws/handeye_calibration_ws/src/install/local_setup.sh'
[1.754s] INFO:colcon.colcon_core.shell:Creating prefix util module '/home/harry/cmu/capstone/calibration_ws/handeye_calibration_ws/src/install/_local_setup_util_sh.py'
[1.754s] INFO:colcon.colcon_core.shell:Creating prefix chain script '/home/harry/cmu/capstone/calibration_ws/handeye_calibration_ws/src/install/setup.sh'
[1.756s] INFO:colcon.colcon_core.shell:Creating prefix script '/home/harry/cmu/capstone/calibration_ws/handeye_calibration_ws/src/install/local_setup.bash'
[1.756s] INFO:colcon.colcon_core.shell:Creating prefix chain script '/home/harry/cmu/capstone/calibration_ws/handeye_calibration_ws/src/install/setup.bash'
[1.758s] INFO:colcon.colcon_core.shell:Creating prefix script '/home/harry/cmu/capstone/calibration_ws/handeye_calibration_ws/src/install/local_setup.zsh'
[1.758s] INFO:colcon.colcon_core.shell:Creating prefix chain script '/home/harry/cmu/capstone/calibration_ws/handeye_calibration_ws/src/install/setup.zsh'
