[1.289s] Invoking command in '/home/harry/cmu/capstone/calibration_ws/build/handeye_ak': PYTHONPATH=/home/harry/cmu/capstone/calibration_ws/build/handeye_ak/prefix_override:/usr/lib/python3/dist-packages/colcon_core/task/python/colcon_distutils_commands:/home/harry/cmu/capstone/calibration_ws/install/handeye_ak/lib/python3.10/site-packages:${PYTHONPATH} /usr/bin/python3 -W ignore:setup.py install is deprecated -W ignore:easy_install command is deprecated setup.py develop --editable --build-directory /home/harry/cmu/capstone/calibration_ws/build/handeye_ak/build --no-deps symlink_data
[1.518s] running develop
[1.659s] running egg_info
[1.659s] creating handeye_ak.egg-info
[1.660s] writing handeye_ak.egg-info/PKG-INFO
[1.660s] writing dependency_links to handeye_ak.egg-info/dependency_links.txt
[1.660s] writing entry points to handeye_ak.egg-info/entry_points.txt
[1.660s] writing requirements to handeye_ak.egg-info/requires.txt
[1.660s] writing top-level names to handeye_ak.egg-info/top_level.txt
[1.660s] writing manifest file 'handeye_ak.egg-info/SOURCES.txt'
[1.662s] reading manifest file 'handeye_ak.egg-info/SOURCES.txt'
[1.663s] writing manifest file 'handeye_ak.egg-info/SOURCES.txt'
[1.664s] running build_ext
[1.664s] Creating /home/harry/cmu/capstone/calibration_ws/install/handeye_ak/lib/python3.10/site-packages/handeye-ak.egg-link (link to .)
[1.666s] Installing aruco script to /home/harry/cmu/capstone/calibration_ws/install/handeye_ak/lib/handeye_ak
[1.666s] Installing eye2hand script to /home/harry/cmu/capstone/calibration_ws/install/handeye_ak/lib/handeye_ak
[1.666s] Installing handeye script to /home/harry/cmu/capstone/calibration_ws/install/handeye_ak/lib/handeye_ak
[1.666s] Installing robot script to /home/harry/cmu/capstone/calibration_ws/install/handeye_ak/lib/handeye_ak
[1.667s] 
[1.667s] Installed /home/harry/cmu/capstone/calibration_ws/build/handeye_ak
[1.667s] running symlink_data
[1.667s] creating /home/harry/cmu/capstone/calibration_ws/install/handeye_ak/share/ament_index
[1.667s] creating /home/harry/cmu/capstone/calibration_ws/install/handeye_ak/share/ament_index/resource_index
[1.667s] creating /home/harry/cmu/capstone/calibration_ws/install/handeye_ak/share/ament_index/resource_index/packages
[1.667s] symbolically linking /home/harry/cmu/capstone/calibration_ws/build/handeye_ak/resource/handeye_ak -> /home/harry/cmu/capstone/calibration_ws/install/handeye_ak/share/ament_index/resource_index/packages
[1.667s] symbolically linking /home/harry/cmu/capstone/calibration_ws/build/handeye_ak/package.xml -> /home/harry/cmu/capstone/calibration_ws/install/handeye_ak/share/handeye_ak
[1.708s] Invoked command in '/home/harry/cmu/capstone/calibration_ws/build/handeye_ak' returned '0': PYTHONPATH=/home/harry/cmu/capstone/calibration_ws/build/handeye_ak/prefix_override:/usr/lib/python3/dist-packages/colcon_core/task/python/colcon_distutils_commands:/home/harry/cmu/capstone/calibration_ws/install/handeye_ak/lib/python3.10/site-packages:${PYTHONPATH} /usr/bin/python3 -W ignore:setup.py install is deprecated -W ignore:easy_install command is deprecated setup.py develop --editable --build-directory /home/harry/cmu/capstone/calibration_ws/build/handeye_ak/build --no-deps symlink_data
