[1.510s] Invoking command in '/home/harry/cmu/capstone/calibration_ws/build/handeye_realsense': PYTHONPATH=/home/harry/cmu/capstone/calibration_ws/build/handeye_realsense/prefix_override:/usr/lib/python3/dist-packages/colcon_core/task/python/colcon_distutils_commands:/home/harry/cmu/capstone/calibration_ws/install/handeye_realsense/lib/python3.10/site-packages:${PYTHONPATH} /usr/bin/python3 -W ignore:setup.py install is deprecated -W ignore:easy_install command is deprecated setup.py develop --uninstall --editable --build-directory /home/harry/cmu/capstone/calibration_ws/build/handeye_realsense/build
[1.826s] running develop
[2.146s] Removing /home/harry/cmu/capstone/calibration_ws/install/handeye_realsense/lib/python3.10/site-packages/handeye-realsense.egg-link (link to .)
[2.217s] Invoked command in '/home/harry/cmu/capstone/calibration_ws/build/handeye_realsense' returned '0': PYTHONPATH=/home/harry/cmu/capstone/calibration_ws/build/handeye_realsense/prefix_override:/usr/lib/python3/dist-packages/colcon_core/task/python/colcon_distutils_commands:/home/harry/cmu/capstone/calibration_ws/install/handeye_realsense/lib/python3.10/site-packages:${PYTHONPATH} /usr/bin/python3 -W ignore:setup.py install is deprecated -W ignore:easy_install command is deprecated setup.py develop --uninstall --editable --build-directory /home/harry/cmu/capstone/calibration_ws/build/handeye_realsense/build
[2.219s] Invoking command in '/home/harry/cmu/capstone/calibration_ws/handeye_calibration_ws/src/handeye_calibration_ros2/handeye_realsense': PYTHONPATH=/home/harry/cmu/capstone/calibration_ws/build/handeye_realsense/prefix_override:/usr/lib/python3/dist-packages/colcon_core/task/python/colcon_distutils_commands:/home/harry/cmu/capstone/calibration_ws/install/handeye_realsense/lib/python3.10/site-packages:${PYTHONPATH} /usr/bin/python3 -W ignore:setup.py install is deprecated -W ignore:easy_install command is deprecated setup.py egg_info --egg-base ../../../../build/handeye_realsense build --build-base /home/harry/cmu/capstone/calibration_ws/build/handeye_realsense/build install --record /home/harry/cmu/capstone/calibration_ws/build/handeye_realsense/install.log --single-version-externally-managed install_data --force
[2.514s] running egg_info
[2.515s] writing ../../../../build/handeye_realsense/handeye_realsense.egg-info/PKG-INFO
[2.516s] writing dependency_links to ../../../../build/handeye_realsense/handeye_realsense.egg-info/dependency_links.txt
[2.516s] writing entry points to ../../../../build/handeye_realsense/handeye_realsense.egg-info/entry_points.txt
[2.516s] writing requirements to ../../../../build/handeye_realsense/handeye_realsense.egg-info/requires.txt
[2.516s] writing top-level names to ../../../../build/handeye_realsense/handeye_realsense.egg-info/top_level.txt
[2.520s] reading manifest file '../../../../build/handeye_realsense/handeye_realsense.egg-info/SOURCES.txt'
[2.520s] adding license file 'LICENSE'
[2.522s] writing manifest file '../../../../build/handeye_realsense/handeye_realsense.egg-info/SOURCES.txt'
[2.523s] running build
[2.523s] running build_py
[2.523s] creating /home/harry/cmu/capstone/calibration_ws/build/handeye_realsense/build
[2.523s] creating /home/harry/cmu/capstone/calibration_ws/build/handeye_realsense/build/lib
[2.523s] creating /home/harry/cmu/capstone/calibration_ws/build/handeye_realsense/build/lib/handeye_realsense
[2.523s] copying handeye_realsense/joint_positions.py -> /home/harry/cmu/capstone/calibration_ws/build/handeye_realsense/build/lib/handeye_realsense
[2.523s] copying handeye_realsense/handeye_estimation.py -> /home/harry/cmu/capstone/calibration_ws/build/handeye_realsense/build/lib/handeye_realsense
[2.523s] copying handeye_realsense/aruco_estimation.py -> /home/harry/cmu/capstone/calibration_ws/build/handeye_realsense/build/lib/handeye_realsense
[2.523s] copying handeye_realsense/__init__.py -> /home/harry/cmu/capstone/calibration_ws/build/handeye_realsense/build/lib/handeye_realsense
[2.524s] copying handeye_realsense/robot_state_estimation.py -> /home/harry/cmu/capstone/calibration_ws/build/handeye_realsense/build/lib/handeye_realsense
[2.524s] copying handeye_realsense/publish_eye2hand.py -> /home/harry/cmu/capstone/calibration_ws/build/handeye_realsense/build/lib/handeye_realsense
[2.524s] running install
[2.525s] running install_lib
[2.527s] creating /home/harry/cmu/capstone/calibration_ws/install/handeye_realsense/lib/python3.10/site-packages/handeye_realsense
[2.527s] copying /home/harry/cmu/capstone/calibration_ws/build/handeye_realsense/build/lib/handeye_realsense/joint_positions.py -> /home/harry/cmu/capstone/calibration_ws/install/handeye_realsense/lib/python3.10/site-packages/handeye_realsense
[2.528s] copying /home/harry/cmu/capstone/calibration_ws/build/handeye_realsense/build/lib/handeye_realsense/handeye_estimation.py -> /home/harry/cmu/capstone/calibration_ws/install/handeye_realsense/lib/python3.10/site-packages/handeye_realsense
[2.528s] copying /home/harry/cmu/capstone/calibration_ws/build/handeye_realsense/build/lib/handeye_realsense/aruco_estimation.py -> /home/harry/cmu/capstone/calibration_ws/install/handeye_realsense/lib/python3.10/site-packages/handeye_realsense
[2.528s] copying /home/harry/cmu/capstone/calibration_ws/build/handeye_realsense/build/lib/handeye_realsense/__init__.py -> /home/harry/cmu/capstone/calibration_ws/install/handeye_realsense/lib/python3.10/site-packages/handeye_realsense
[2.528s] copying /home/harry/cmu/capstone/calibration_ws/build/handeye_realsense/build/lib/handeye_realsense/robot_state_estimation.py -> /home/harry/cmu/capstone/calibration_ws/install/handeye_realsense/lib/python3.10/site-packages/handeye_realsense
[2.528s] copying /home/harry/cmu/capstone/calibration_ws/build/handeye_realsense/build/lib/handeye_realsense/publish_eye2hand.py -> /home/harry/cmu/capstone/calibration_ws/install/handeye_realsense/lib/python3.10/site-packages/handeye_realsense
[2.529s] byte-compiling /home/harry/cmu/capstone/calibration_ws/install/handeye_realsense/lib/python3.10/site-packages/handeye_realsense/joint_positions.py to joint_positions.cpython-310.pyc
[2.532s] byte-compiling /home/harry/cmu/capstone/calibration_ws/install/handeye_realsense/lib/python3.10/site-packages/handeye_realsense/handeye_estimation.py to handeye_estimation.cpython-310.pyc
[2.533s] byte-compiling /home/harry/cmu/capstone/calibration_ws/install/handeye_realsense/lib/python3.10/site-packages/handeye_realsense/aruco_estimation.py to aruco_estimation.cpython-310.pyc
[2.534s] byte-compiling /home/harry/cmu/capstone/calibration_ws/install/handeye_realsense/lib/python3.10/site-packages/handeye_realsense/__init__.py to __init__.cpython-310.pyc
[2.535s] byte-compiling /home/harry/cmu/capstone/calibration_ws/install/handeye_realsense/lib/python3.10/site-packages/handeye_realsense/robot_state_estimation.py to robot_state_estimation.cpython-310.pyc
[2.536s] byte-compiling /home/harry/cmu/capstone/calibration_ws/install/handeye_realsense/lib/python3.10/site-packages/handeye_realsense/publish_eye2hand.py to publish_eye2hand.cpython-310.pyc
[2.537s] running install_data
[2.537s] copying resource/handeye_realsense -> /home/harry/cmu/capstone/calibration_ws/install/handeye_realsense/share/ament_index/resource_index/packages
[2.540s] copying package.xml -> /home/harry/cmu/capstone/calibration_ws/install/handeye_realsense/share/handeye_realsense
[2.540s] copying launch/taking_sample_launch.py -> /home/harry/cmu/capstone/calibration_ws/install/handeye_realsense/share/handeye_realsense/launch
[2.540s] running install_egg_info
[2.543s] Copying ../../../../build/handeye_realsense/handeye_realsense.egg-info to /home/harry/cmu/capstone/calibration_ws/install/handeye_realsense/lib/python3.10/site-packages/handeye_realsense-0.0.0-py3.10.egg-info
[2.545s] running install_scripts
[2.569s] Installing aruco script to /home/harry/cmu/capstone/calibration_ws/install/handeye_realsense/lib/handeye_realsense
[2.570s] Installing eye2hand script to /home/harry/cmu/capstone/calibration_ws/install/handeye_realsense/lib/handeye_realsense
[2.570s] Installing handeye script to /home/harry/cmu/capstone/calibration_ws/install/handeye_realsense/lib/handeye_realsense
[2.570s] Installing joint_positions script to /home/harry/cmu/capstone/calibration_ws/install/handeye_realsense/lib/handeye_realsense
[2.570s] Installing robot script to /home/harry/cmu/capstone/calibration_ws/install/handeye_realsense/lib/handeye_realsense
[2.570s] writing list of installed files to '/home/harry/cmu/capstone/calibration_ws/build/handeye_realsense/install.log'
[2.624s] Invoked command in '/home/harry/cmu/capstone/calibration_ws/handeye_calibration_ws/src/handeye_calibration_ros2/handeye_realsense' returned '0': PYTHONPATH=/home/harry/cmu/capstone/calibration_ws/build/handeye_realsense/prefix_override:/usr/lib/python3/dist-packages/colcon_core/task/python/colcon_distutils_commands:/home/harry/cmu/capstone/calibration_ws/install/handeye_realsense/lib/python3.10/site-packages:${PYTHONPATH} /usr/bin/python3 -W ignore:setup.py install is deprecated -W ignore:easy_install command is deprecated setup.py egg_info --egg-base ../../../../build/handeye_realsense build --build-base /home/harry/cmu/capstone/calibration_ws/build/handeye_realsense/build install --record /home/harry/cmu/capstone/calibration_ws/build/handeye_realsense/install.log --single-version-externally-managed install_data --force
