[0.016s] Invoking command in '/home/harry/cmu/capstone/calibration_ws/lbr-stack/src/build/med14_moveit_config': AMENT_PREFIX_PATH=/home/harry/cmu/capstone/calibration_ws/lbr-stack/src/install/lbr_description:${AMENT_PREFIX_PATH} CMAKE_PREFIX_PATH=/home/harry/cmu/capstone/calibration_ws/lbr-stack/src/install/lbr_description:/opt/ros/humble /usr/bin/cmake --build /home/harry/cmu/capstone/calibration_ws/lbr-stack/src/build/med14_moveit_config -- -j16 -l16
[0.080s] Invoked command in '/home/harry/cmu/capstone/calibration_ws/lbr-stack/src/build/med14_moveit_config' returned '0': AMENT_PREFIX_PATH=/home/harry/cmu/capstone/calibration_ws/lbr-stack/src/install/lbr_description:${AMENT_PREFIX_PATH} CMAKE_PREFIX_PATH=/home/harry/cmu/capstone/calibration_ws/lbr-stack/src/install/lbr_description:/opt/ros/humble /usr/bin/cmake --build /home/harry/cmu/capstone/calibration_ws/lbr-stack/src/build/med14_moveit_config -- -j16 -l16
[0.082s] Invoking command in '/home/harry/cmu/capstone/calibration_ws/lbr-stack/src/build/med14_moveit_config': AMENT_PREFIX_PATH=/home/harry/cmu/capstone/calibration_ws/lbr-stack/src/install/lbr_description:${AMENT_PREFIX_PATH} CMAKE_PREFIX_PATH=/home/harry/cmu/capstone/calibration_ws/lbr-stack/src/install/lbr_description:/opt/ros/humble /usr/bin/cmake --install /home/harry/cmu/capstone/calibration_ws/lbr-stack/src/build/med14_moveit_config
[0.105s] -- Install configuration: ""
[0.105s] -- Execute custom install script
[0.105s] -- Up-to-date symlink: /home/harry/cmu/capstone/calibration_ws/lbr-stack/src/install/med14_moveit_config/share/ament_index/resource_index/package_run_dependencies/med14_moveit_config
[0.105s] -- Up-to-date symlink: /home/harry/cmu/capstone/calibration_ws/lbr-stack/src/install/med14_moveit_config/share/ament_index/resource_index/parent_prefix_path/med14_moveit_config
[0.105s] -- Up-to-date symlink: /home/harry/cmu/capstone/calibration_ws/lbr-stack/src/install/med14_moveit_config/share/med14_moveit_config/environment/ament_prefix_path.sh
[0.105s] -- Up-to-date symlink: /home/harry/cmu/capstone/calibration_ws/lbr-stack/src/install/med14_moveit_config/share/med14_moveit_config/environment/ament_prefix_path.dsv
[0.105s] -- Up-to-date symlink: /home/harry/cmu/capstone/calibration_ws/lbr-stack/src/install/med14_moveit_config/share/med14_moveit_config/environment/path.sh
[0.105s] -- Up-to-date symlink: /home/harry/cmu/capstone/calibration_ws/lbr-stack/src/install/med14_moveit_config/share/med14_moveit_config/environment/path.dsv
[0.105s] -- Up-to-date symlink: /home/harry/cmu/capstone/calibration_ws/lbr-stack/src/install/med14_moveit_config/share/med14_moveit_config/local_setup.bash
[0.105s] -- Up-to-date symlink: /home/harry/cmu/capstone/calibration_ws/lbr-stack/src/install/med14_moveit_config/share/med14_moveit_config/local_setup.sh
[0.106s] -- Up-to-date symlink: /home/harry/cmu/capstone/calibration_ws/lbr-stack/src/install/med14_moveit_config/share/med14_moveit_config/local_setup.zsh
[0.106s] -- Up-to-date symlink: /home/harry/cmu/capstone/calibration_ws/lbr-stack/src/install/med14_moveit_config/share/med14_moveit_config/local_setup.dsv
[0.106s] -- Symlinking: /home/harry/cmu/capstone/calibration_ws/lbr-stack/src/install/med14_moveit_config/share/med14_moveit_config/package.dsv
[0.106s] -- Up-to-date symlink: /home/harry/cmu/capstone/calibration_ws/lbr-stack/src/install/med14_moveit_config/share/ament_index/resource_index/packages/med14_moveit_config
[0.106s] -- Up-to-date symlink: /home/harry/cmu/capstone/calibration_ws/lbr-stack/src/install/med14_moveit_config/share/med14_moveit_config/cmake/med14_moveit_configConfig.cmake
[0.106s] -- Up-to-date symlink: /home/harry/cmu/capstone/calibration_ws/lbr-stack/src/install/med14_moveit_config/share/med14_moveit_config/cmake/med14_moveit_configConfig-version.cmake
[0.106s] -- Up-to-date symlink: /home/harry/cmu/capstone/calibration_ws/lbr-stack/src/install/med14_moveit_config/share/med14_moveit_config/package.xml
[0.107s] -- Up-to-date symlink: /home/harry/cmu/capstone/calibration_ws/lbr-stack/src/install/med14_moveit_config/share/med14_moveit_config/launch/move_group.launch.py
[0.107s] -- Up-to-date symlink: /home/harry/cmu/capstone/calibration_ws/lbr-stack/src/install/med14_moveit_config/share/med14_moveit_config/launch/moveit_rviz.launch.py
[0.108s] -- Up-to-date symlink: /home/harry/cmu/capstone/calibration_ws/lbr-stack/src/install/med14_moveit_config/share/med14_moveit_config/launch/setup_assistant.launch.py
[0.108s] -- Up-to-date symlink: /home/harry/cmu/capstone/calibration_ws/lbr-stack/src/install/med14_moveit_config/share/med14_moveit_config/config/joint_limits.yaml
[0.109s] -- Up-to-date symlink: /home/harry/cmu/capstone/calibration_ws/lbr-stack/src/install/med14_moveit_config/share/med14_moveit_config/config/kinematics.yaml
[0.109s] -- Up-to-date symlink: /home/harry/cmu/capstone/calibration_ws/lbr-stack/src/install/med14_moveit_config/share/med14_moveit_config/config/med14.srdf
[0.109s] -- Up-to-date symlink: /home/harry/cmu/capstone/calibration_ws/lbr-stack/src/install/med14_moveit_config/share/med14_moveit_config/config/moveit.rviz
[0.109s] -- Up-to-date symlink: /home/harry/cmu/capstone/calibration_ws/lbr-stack/src/install/med14_moveit_config/share/med14_moveit_config/config/moveit_controllers.yaml
[0.109s] -- Up-to-date symlink: /home/harry/cmu/capstone/calibration_ws/lbr-stack/src/install/med14_moveit_config/share/med14_moveit_config/config/pilz_cartesian_limits.yaml
[0.109s] -- Up-to-date symlink: /home/harry/cmu/capstone/calibration_ws/lbr-stack/src/install/med14_moveit_config/share/med14_moveit_config/.setup_assistant
[0.109s] Invoked command in '/home/harry/cmu/capstone/calibration_ws/lbr-stack/src/build/med14_moveit_config' returned '0': AMENT_PREFIX_PATH=/home/harry/cmu/capstone/calibration_ws/lbr-stack/src/install/lbr_description:${AMENT_PREFIX_PATH} CMAKE_PREFIX_PATH=/home/harry/cmu/capstone/calibration_ws/lbr-stack/src/install/lbr_description:/opt/ros/humble /usr/bin/cmake --install /home/harry/cmu/capstone/calibration_ws/lbr-stack/src/build/med14_moveit_config
