[0.014s] Invoking command in '/home/harry/cmu/capstone/calibration_ws/build/med7_moveit_config': AMENT_PREFIX_PATH=/home/harry/cmu/capstone/calibration_ws/install/lbr_description:${AMENT_PREFIX_PATH} CMAKE_PREFIX_PATH=/home/harry/cmu/capstone/calibration_ws/install/lbr_description:/home/harry/cmu/capstone/calibration_ws/lbr-stack/install/fri_client_sdk:/home/harry/cmu/capstone/calibration_ws/handeye_calibration_ws/src/install/handeye_realsense:/opt/ros/humble /usr/bin/cmake /home/harry/cmu/capstone/calibration_ws/lbr-stack/src/lbr_fri_ros2_stack/lbr_moveit_config/med7_moveit_config -DAMENT_CMAKE_SYMLINK_INSTALL=1 -DCMAKE_INSTALL_PREFIX=/home/harry/cmu/capstone/calibration_ws/install/med7_moveit_config
[0.066s] -- The C compiler identification is GNU 11.4.0
[0.120s] -- The CXX compiler identification is GNU 11.4.0
[0.127s] -- Detecting C compiler ABI info
[0.194s] -- Detecting C compiler ABI info - done
[0.200s] -- Check for working C compiler: /usr/bin/cc - skipped
[0.200s] -- Detecting C compile features
[0.201s] -- Detecting C compile features - done
[0.203s] -- Detecting CXX compiler ABI info
[0.280s] -- Detecting CXX compiler ABI info - done
[0.286s] -- Check for working CXX compiler: /usr/bin/c++ - skipped
[0.286s] -- Detecting CXX compile features
[0.286s] -- Detecting CXX compile features - done
[0.289s] -- Found ament_cmake: 1.3.11 (/opt/ros/humble/share/ament_cmake/cmake)
[0.422s] -- Found Python3: /usr/bin/python3 (found version "3.10.12") found components: Interpreter 
[0.476s] -- Override CMake install command with custom implementation using symlinks instead of copying resources
[0.562s] -- Configuring done
[0.565s] -- Generating done
[0.566s] -- Build files have been written to: /home/harry/cmu/capstone/calibration_ws/build/med7_moveit_config
[0.571s] Invoked command in '/home/harry/cmu/capstone/calibration_ws/build/med7_moveit_config' returned '0': AMENT_PREFIX_PATH=/home/harry/cmu/capstone/calibration_ws/install/lbr_description:${AMENT_PREFIX_PATH} CMAKE_PREFIX_PATH=/home/harry/cmu/capstone/calibration_ws/install/lbr_description:/home/harry/cmu/capstone/calibration_ws/lbr-stack/install/fri_client_sdk:/home/harry/cmu/capstone/calibration_ws/handeye_calibration_ws/src/install/handeye_realsense:/opt/ros/humble /usr/bin/cmake /home/harry/cmu/capstone/calibration_ws/lbr-stack/src/lbr_fri_ros2_stack/lbr_moveit_config/med7_moveit_config -DAMENT_CMAKE_SYMLINK_INSTALL=1 -DCMAKE_INSTALL_PREFIX=/home/harry/cmu/capstone/calibration_ws/install/med7_moveit_config
[0.572s] Invoking command in '/home/harry/cmu/capstone/calibration_ws/build/med7_moveit_config': AMENT_PREFIX_PATH=/home/harry/cmu/capstone/calibration_ws/install/lbr_description:${AMENT_PREFIX_PATH} CMAKE_PREFIX_PATH=/home/harry/cmu/capstone/calibration_ws/install/lbr_description:/home/harry/cmu/capstone/calibration_ws/lbr-stack/install/fri_client_sdk:/home/harry/cmu/capstone/calibration_ws/handeye_calibration_ws/src/install/handeye_realsense:/opt/ros/humble /usr/bin/cmake --build /home/harry/cmu/capstone/calibration_ws/build/med7_moveit_config -- -j16 -l16
[0.606s] Invoked command in '/home/harry/cmu/capstone/calibration_ws/build/med7_moveit_config' returned '0': AMENT_PREFIX_PATH=/home/harry/cmu/capstone/calibration_ws/install/lbr_description:${AMENT_PREFIX_PATH} CMAKE_PREFIX_PATH=/home/harry/cmu/capstone/calibration_ws/install/lbr_description:/home/harry/cmu/capstone/calibration_ws/lbr-stack/install/fri_client_sdk:/home/harry/cmu/capstone/calibration_ws/handeye_calibration_ws/src/install/handeye_realsense:/opt/ros/humble /usr/bin/cmake --build /home/harry/cmu/capstone/calibration_ws/build/med7_moveit_config -- -j16 -l16
[0.608s] Invoking command in '/home/harry/cmu/capstone/calibration_ws/build/med7_moveit_config': AMENT_PREFIX_PATH=/home/harry/cmu/capstone/calibration_ws/install/lbr_description:${AMENT_PREFIX_PATH} CMAKE_PREFIX_PATH=/home/harry/cmu/capstone/calibration_ws/install/lbr_description:/home/harry/cmu/capstone/calibration_ws/lbr-stack/install/fri_client_sdk:/home/harry/cmu/capstone/calibration_ws/handeye_calibration_ws/src/install/handeye_realsense:/opt/ros/humble /usr/bin/cmake --install /home/harry/cmu/capstone/calibration_ws/build/med7_moveit_config
[0.615s] -- Install configuration: ""
[0.616s] -- Execute custom install script
[0.616s] -- Symlinking: /home/harry/cmu/capstone/calibration_ws/install/med7_moveit_config/share/ament_index/resource_index/package_run_dependencies/med7_moveit_config
[0.624s] -- Symlinking: /home/harry/cmu/capstone/calibration_ws/install/med7_moveit_config/share/ament_index/resource_index/parent_prefix_path/med7_moveit_config
[0.632s] -- Symlinking: /home/harry/cmu/capstone/calibration_ws/install/med7_moveit_config/share/med7_moveit_config/environment/ament_prefix_path.sh
[0.641s] -- Symlinking: /home/harry/cmu/capstone/calibration_ws/install/med7_moveit_config/share/med7_moveit_config/environment/ament_prefix_path.dsv
[0.650s] -- Symlinking: /home/harry/cmu/capstone/calibration_ws/install/med7_moveit_config/share/med7_moveit_config/environment/path.sh
[0.659s] -- Symlinking: /home/harry/cmu/capstone/calibration_ws/install/med7_moveit_config/share/med7_moveit_config/environment/path.dsv
[0.668s] -- Symlinking: /home/harry/cmu/capstone/calibration_ws/install/med7_moveit_config/share/med7_moveit_config/local_setup.bash
[0.677s] -- Symlinking: /home/harry/cmu/capstone/calibration_ws/install/med7_moveit_config/share/med7_moveit_config/local_setup.sh
[0.686s] -- Symlinking: /home/harry/cmu/capstone/calibration_ws/install/med7_moveit_config/share/med7_moveit_config/local_setup.zsh
[0.695s] -- Symlinking: /home/harry/cmu/capstone/calibration_ws/install/med7_moveit_config/share/med7_moveit_config/local_setup.dsv
[0.705s] -- Symlinking: /home/harry/cmu/capstone/calibration_ws/install/med7_moveit_config/share/med7_moveit_config/package.dsv
[0.713s] -- Symlinking: /home/harry/cmu/capstone/calibration_ws/install/med7_moveit_config/share/ament_index/resource_index/packages/med7_moveit_config
[0.723s] -- Symlinking: /home/harry/cmu/capstone/calibration_ws/install/med7_moveit_config/share/med7_moveit_config/cmake/med7_moveit_configConfig.cmake
[0.731s] -- Symlinking: /home/harry/cmu/capstone/calibration_ws/install/med7_moveit_config/share/med7_moveit_config/cmake/med7_moveit_configConfig-version.cmake
[0.740s] -- Symlinking: /home/harry/cmu/capstone/calibration_ws/install/med7_moveit_config/share/med7_moveit_config/package.xml
[0.750s] -- Symlinking: /home/harry/cmu/capstone/calibration_ws/install/med7_moveit_config/share/med7_moveit_config/launch/move_group.launch.py
[0.758s] -- Symlinking: /home/harry/cmu/capstone/calibration_ws/install/med7_moveit_config/share/med7_moveit_config/launch/moveit_rviz.launch.py
[0.767s] -- Symlinking: /home/harry/cmu/capstone/calibration_ws/install/med7_moveit_config/share/med7_moveit_config/launch/setup_assistant.launch.py
[0.775s] -- Symlinking: /home/harry/cmu/capstone/calibration_ws/install/med7_moveit_config/share/med7_moveit_config/config/joint_limits.yaml
[0.783s] -- Symlinking: /home/harry/cmu/capstone/calibration_ws/install/med7_moveit_config/share/med7_moveit_config/config/kinematics.yaml
[0.792s] -- Symlinking: /home/harry/cmu/capstone/calibration_ws/install/med7_moveit_config/share/med7_moveit_config/config/med7.srdf
[0.801s] -- Symlinking: /home/harry/cmu/capstone/calibration_ws/install/med7_moveit_config/share/med7_moveit_config/config/moveit.rviz
[0.810s] -- Symlinking: /home/harry/cmu/capstone/calibration_ws/install/med7_moveit_config/share/med7_moveit_config/config/moveit_controllers.yaml
[0.819s] -- Symlinking: /home/harry/cmu/capstone/calibration_ws/install/med7_moveit_config/share/med7_moveit_config/config/pilz_cartesian_limits.yaml
[0.828s] -- Symlinking: /home/harry/cmu/capstone/calibration_ws/install/med7_moveit_config/share/med7_moveit_config/.setup_assistant
[0.858s] Invoked command in '/home/harry/cmu/capstone/calibration_ws/build/med7_moveit_config' returned '0': AMENT_PREFIX_PATH=/home/harry/cmu/capstone/calibration_ws/install/lbr_description:${AMENT_PREFIX_PATH} CMAKE_PREFIX_PATH=/home/harry/cmu/capstone/calibration_ws/install/lbr_description:/home/harry/cmu/capstone/calibration_ws/lbr-stack/install/fri_client_sdk:/home/harry/cmu/capstone/calibration_ws/handeye_calibration_ws/src/install/handeye_realsense:/opt/ros/humble /usr/bin/cmake --install /home/harry/cmu/capstone/calibration_ws/build/med7_moveit_config
