/home/harry/cmu/capstone/calibration_ws/install/handeye_realsense/lib/python3.10/site-packages/handeye_realsense/joint_positions.py
/home/harry/cmu/capstone/calibration_ws/install/handeye_realsense/lib/python3.10/site-packages/handeye_realsense/handeye_estimation.py
/home/harry/cmu/capstone/calibration_ws/install/handeye_realsense/lib/python3.10/site-packages/handeye_realsense/aruco_estimation.py
/home/harry/cmu/capstone/calibration_ws/install/handeye_realsense/lib/python3.10/site-packages/handeye_realsense/__init__.py
/home/harry/cmu/capstone/calibration_ws/install/handeye_realsense/lib/python3.10/site-packages/handeye_realsense/robot_state_estimation.py
/home/harry/cmu/capstone/calibration_ws/install/handeye_realsense/lib/python3.10/site-packages/handeye_realsense/publish_eye2hand.py
/home/harry/cmu/capstone/calibration_ws/install/handeye_realsense/lib/python3.10/site-packages/handeye_realsense/__pycache__/joint_positions.cpython-310.pyc
/home/harry/cmu/capstone/calibration_ws/install/handeye_realsense/lib/python3.10/site-packages/handeye_realsense/__pycache__/handeye_estimation.cpython-310.pyc
/home/harry/cmu/capstone/calibration_ws/install/handeye_realsense/lib/python3.10/site-packages/handeye_realsense/__pycache__/aruco_estimation.cpython-310.pyc
/home/harry/cmu/capstone/calibration_ws/install/handeye_realsense/lib/python3.10/site-packages/handeye_realsense/__pycache__/__init__.cpython-310.pyc
/home/harry/cmu/capstone/calibration_ws/install/handeye_realsense/lib/python3.10/site-packages/handeye_realsense/__pycache__/robot_state_estimation.cpython-310.pyc
/home/harry/cmu/capstone/calibration_ws/install/handeye_realsense/lib/python3.10/site-packages/handeye_realsense/__pycache__/publish_eye2hand.cpython-310.pyc
/home/harry/cmu/capstone/calibration_ws/install/handeye_realsense/share/ament_index/resource_index/packages/handeye_realsense
/home/harry/cmu/capstone/calibration_ws/install/handeye_realsense/share/handeye_realsense/package.xml
/home/harry/cmu/capstone/calibration_ws/install/handeye_realsense/share/handeye_realsense/launch/taking_sample_launch.py
/home/harry/cmu/capstone/calibration_ws/install/handeye_realsense/lib/python3.10/site-packages/handeye_realsense-0.0.0-py3.10.egg-info/PKG-INFO
/home/harry/cmu/capstone/calibration_ws/install/handeye_realsense/lib/python3.10/site-packages/handeye_realsense-0.0.0-py3.10.egg-info/SOURCES.txt
/home/harry/cmu/capstone/calibration_ws/install/handeye_realsense/lib/python3.10/site-packages/handeye_realsense-0.0.0-py3.10.egg-info/requires.txt
/home/harry/cmu/capstone/calibration_ws/install/handeye_realsense/lib/python3.10/site-packages/handeye_realsense-0.0.0-py3.10.egg-info/entry_points.txt
/home/harry/cmu/capstone/calibration_ws/install/handeye_realsense/lib/python3.10/site-packages/handeye_realsense-0.0.0-py3.10.egg-info/top_level.txt
/home/harry/cmu/capstone/calibration_ws/install/handeye_realsense/lib/python3.10/site-packages/handeye_realsense-0.0.0-py3.10.egg-info/dependency_links.txt
/home/harry/cmu/capstone/calibration_ws/install/handeye_realsense/lib/python3.10/site-packages/handeye_realsense-0.0.0-py3.10.egg-info/zip-safe
/home/harry/cmu/capstone/calibration_ws/install/handeye_realsense/lib/handeye_realsense/aruco
/home/harry/cmu/capstone/calibration_ws/install/handeye_realsense/lib/handeye_realsense/eye2hand
/home/harry/cmu/capstone/calibration_ws/install/handeye_realsense/lib/handeye_realsense/handeye
/home/harry/cmu/capstone/calibration_ws/install/handeye_realsense/lib/handeye_realsense/joint_positions
/home/harry/cmu/capstone/calibration_ws/install/handeye_realsense/lib/handeye_realsense/robot
