[0.049s] Invoking command in '/home/harry/cmu/capstone/calibration_ws/build/lbr_fri_idl': CMAKE_PREFIX_PATH=/home/harry/cmu/capstone/calibration_ws/install/fri_client_sdk:/home/harry/cmu/capstone/calibration_ws/install/med7_moveit_config:/home/harry/cmu/capstone/calibration_ws/install/med14_moveit_config:/home/harry/cmu/capstone/calibration_ws/install/lbr_fri_ros2_stack:/home/harry/cmu/capstone/calibration_ws/install/lbr_demos_cpp:/home/harry/cmu/capstone/calibration_ws/install/lbr_bringup:/home/harry/cmu/capstone/calibration_ws/install/lbr_ros2_control:/home/harry/cmu/capstone/calibration_ws/install/lbr_moveit_cpp:/home/harry/cmu/capstone/calibration_ws/install/lbr_demos_advanced_cpp:/home/harry/cmu/capstone/calibration_ws/install/lbr_fri_ros2:/home/harry/cmu/capstone/calibration_ws/install/lbr_fri_idl:/home/harry/cmu/capstone/calibration_ws/install/iiwa7_moveit_config:/home/harry/cmu/capstone/calibration_ws/install/iiwa14_moveit_config:/home/harry/cmu/capstone/calibration_ws/install/lbr_description:/home/harry/cmu/capstone/calibration_ws/lbr-stack/install/fri_client_sdk:/home/harry/cmu/capstone/calibration_ws/install/lbr_demos_py:/home/harry/cmu/capstone/calibration_ws/install/lbr_moveit:/home/harry/cmu/capstone/calibration_ws/install/lbr_demos_advanced_py:/home/harry/cmu/capstone/calibration_ws/install/handeye_realsense:/home/harry/cmu/capstone/calibration_ws/install/handeye_ak:/home/harry/cmu/capstone/calibration_ws/install/camera_calibration:/home/harry/cmu/capstone/calibration_ws/handeye_calibration_ws/src/install/handeye_realsense:/home/harry/cmu/capstone/calibration_ws/handeye_calibration_ws/src/install/handeye_ak:/home/harry/cmu/capstone/calibration_ws/handeye_calibration_ws/src/install/camera_calibration:/opt/ros/humble LD_LIBRARY_PATH=/home/harry/cmu/capstone/calibration_ws/install/fri_client_sdk/lib:/home/harry/cmu/capstone/calibration_ws/install/lbr_ros2_control/lib:/home/harry/cmu/capstone/calibration_ws/install/lbr_demos_advanced_cpp/lib:/home/harry/cmu/capstone/calibration_ws/install/lbr_fri_ros2/lib:/home/harry/cmu/capstone/calibration_ws/install/lbr_fri_idl/lib:/home/harry/cmu/capstone/calibration_ws/lbr-stack/install/fri_client_sdk/lib:/usr/lib/x86_64-linux-gnu/gazebo-11/plugins:/opt/ros/humble/opt/rviz_ogre_vendor/lib:/opt/ros/humble/lib/x86_64-linux-gnu:/opt/ros/humble/lib /usr/bin/cmake --build /home/harry/cmu/capstone/calibration_ws/build/lbr_fri_idl -- -j16 -l16
[0.119s] [  1%] Built target lbr_fri_idl__cpp
[0.128s] [ 11%] Built target lbr_fri_idl__rosidl_generator_c
[0.128s] [ 14%] Built target gtest_main
[0.128s] [ 17%] Built target gtest
[0.130s] [ 17%] Built target ament_cmake_python_symlink_lbr_fri_idl
[0.163s] [ 39%] Built target lbr_fri_idl__rosidl_typesupport_fastrtps_cpp
[0.163s] [ 40%] Built target lbr_fri_idl__rosidl_typesupport_introspection_cpp
[0.163s] [ 47%] Built target lbr_fri_idl__rosidl_typesupport_cpp
[0.163s] [ 57%] Built target lbr_fri_idl__rosidl_typesupport_fastrtps_c
[0.164s] [ 68%] Built target lbr_fri_idl__rosidl_typesupport_introspection_c
[0.164s] [ 78%] Built target lbr_fri_idl__rosidl_typesupport_c
[0.189s] [ 79%] Built target lbr_fri_idl
[0.190s] [ 81%] Built target lbr_fri_idl_test_command_interfaces
[0.214s] [ 82%] Built target lbr_fri_idl__py
[0.241s] [ 91%] Built target lbr_fri_idl__rosidl_generator_py
[0.267s] [100%] Built target lbr_fri_idl__rosidl_typesupport_fastrtps_c__pyext
[0.268s] [100%] Built target lbr_fri_idl__rosidl_typesupport_introspection_c__pyext
[0.268s] [100%] Built target lbr_fri_idl__rosidl_typesupport_c__pyext
[0.414s] running egg_info
[0.415s] writing lbr_fri_idl.egg-info/PKG-INFO
[0.416s] writing dependency_links to lbr_fri_idl.egg-info/dependency_links.txt
[0.416s] writing top-level names to lbr_fri_idl.egg-info/top_level.txt
[0.418s] reading manifest file 'lbr_fri_idl.egg-info/SOURCES.txt'
[0.419s] writing manifest file 'lbr_fri_idl.egg-info/SOURCES.txt'
[0.468s] [100%] Built target ament_cmake_python_build_lbr_fri_idl_egg
[0.484s] Invoked command in '/home/harry/cmu/capstone/calibration_ws/build/lbr_fri_idl' returned '0': CMAKE_PREFIX_PATH=/home/harry/cmu/capstone/calibration_ws/install/fri_client_sdk:/home/harry/cmu/capstone/calibration_ws/install/med7_moveit_config:/home/harry/cmu/capstone/calibration_ws/install/med14_moveit_config:/home/harry/cmu/capstone/calibration_ws/install/lbr_fri_ros2_stack:/home/harry/cmu/capstone/calibration_ws/install/lbr_demos_cpp:/home/harry/cmu/capstone/calibration_ws/install/lbr_bringup:/home/harry/cmu/capstone/calibration_ws/install/lbr_ros2_control:/home/harry/cmu/capstone/calibration_ws/install/lbr_moveit_cpp:/home/harry/cmu/capstone/calibration_ws/install/lbr_demos_advanced_cpp:/home/harry/cmu/capstone/calibration_ws/install/lbr_fri_ros2:/home/harry/cmu/capstone/calibration_ws/install/lbr_fri_idl:/home/harry/cmu/capstone/calibration_ws/install/iiwa7_moveit_config:/home/harry/cmu/capstone/calibration_ws/install/iiwa14_moveit_config:/home/harry/cmu/capstone/calibration_ws/install/lbr_description:/home/harry/cmu/capstone/calibration_ws/lbr-stack/install/fri_client_sdk:/home/harry/cmu/capstone/calibration_ws/install/lbr_demos_py:/home/harry/cmu/capstone/calibration_ws/install/lbr_moveit:/home/harry/cmu/capstone/calibration_ws/install/lbr_demos_advanced_py:/home/harry/cmu/capstone/calibration_ws/install/handeye_realsense:/home/harry/cmu/capstone/calibration_ws/install/handeye_ak:/home/harry/cmu/capstone/calibration_ws/install/camera_calibration:/home/harry/cmu/capstone/calibration_ws/handeye_calibration_ws/src/install/handeye_realsense:/home/harry/cmu/capstone/calibration_ws/handeye_calibration_ws/src/install/handeye_ak:/home/harry/cmu/capstone/calibration_ws/handeye_calibration_ws/src/install/camera_calibration:/opt/ros/humble LD_LIBRARY_PATH=/home/harry/cmu/capstone/calibration_ws/install/fri_client_sdk/lib:/home/harry/cmu/capstone/calibration_ws/install/lbr_ros2_control/lib:/home/harry/cmu/capstone/calibration_ws/install/lbr_demos_advanced_cpp/lib:/home/harry/cmu/capstone/calibration_ws/install/lbr_fri_ros2/lib:/home/harry/cmu/capstone/calibration_ws/install/lbr_fri_idl/lib:/home/harry/cmu/capstone/calibration_ws/lbr-stack/install/fri_client_sdk/lib:/usr/lib/x86_64-linux-gnu/gazebo-11/plugins:/opt/ros/humble/opt/rviz_ogre_vendor/lib:/opt/ros/humble/lib/x86_64-linux-gnu:/opt/ros/humble/lib /usr/bin/cmake --build /home/harry/cmu/capstone/calibration_ws/build/lbr_fri_idl -- -j16 -l16
[0.486s] Invoking command in '/home/harry/cmu/capstone/calibration_ws/build/lbr_fri_idl': CMAKE_PREFIX_PATH=/home/harry/cmu/capstone/calibration_ws/install/fri_client_sdk:/home/harry/cmu/capstone/calibration_ws/install/med7_moveit_config:/home/harry/cmu/capstone/calibration_ws/install/med14_moveit_config:/home/harry/cmu/capstone/calibration_ws/install/lbr_fri_ros2_stack:/home/harry/cmu/capstone/calibration_ws/install/lbr_demos_cpp:/home/harry/cmu/capstone/calibration_ws/install/lbr_bringup:/home/harry/cmu/capstone/calibration_ws/install/lbr_ros2_control:/home/harry/cmu/capstone/calibration_ws/install/lbr_moveit_cpp:/home/harry/cmu/capstone/calibration_ws/install/lbr_demos_advanced_cpp:/home/harry/cmu/capstone/calibration_ws/install/lbr_fri_ros2:/home/harry/cmu/capstone/calibration_ws/install/lbr_fri_idl:/home/harry/cmu/capstone/calibration_ws/install/iiwa7_moveit_config:/home/harry/cmu/capstone/calibration_ws/install/iiwa14_moveit_config:/home/harry/cmu/capstone/calibration_ws/install/lbr_description:/home/harry/cmu/capstone/calibration_ws/lbr-stack/install/fri_client_sdk:/home/harry/cmu/capstone/calibration_ws/install/lbr_demos_py:/home/harry/cmu/capstone/calibration_ws/install/lbr_moveit:/home/harry/cmu/capstone/calibration_ws/install/lbr_demos_advanced_py:/home/harry/cmu/capstone/calibration_ws/install/handeye_realsense:/home/harry/cmu/capstone/calibration_ws/install/handeye_ak:/home/harry/cmu/capstone/calibration_ws/install/camera_calibration:/home/harry/cmu/capstone/calibration_ws/handeye_calibration_ws/src/install/handeye_realsense:/home/harry/cmu/capstone/calibration_ws/handeye_calibration_ws/src/install/handeye_ak:/home/harry/cmu/capstone/calibration_ws/handeye_calibration_ws/src/install/camera_calibration:/opt/ros/humble LD_LIBRARY_PATH=/home/harry/cmu/capstone/calibration_ws/install/fri_client_sdk/lib:/home/harry/cmu/capstone/calibration_ws/install/lbr_ros2_control/lib:/home/harry/cmu/capstone/calibration_ws/install/lbr_demos_advanced_cpp/lib:/home/harry/cmu/capstone/calibration_ws/install/lbr_fri_ros2/lib:/home/harry/cmu/capstone/calibration_ws/install/lbr_fri_idl/lib:/home/harry/cmu/capstone/calibration_ws/lbr-stack/install/fri_client_sdk/lib:/usr/lib/x86_64-linux-gnu/gazebo-11/plugins:/opt/ros/humble/opt/rviz_ogre_vendor/lib:/opt/ros/humble/lib/x86_64-linux-gnu:/opt/ros/humble/lib /usr/bin/cmake --install /home/harry/cmu/capstone/calibration_ws/build/lbr_fri_idl
[0.493s] -- Install configuration: "Release"
[0.494s] -- Execute custom install script
[0.494s] -- Up-to-date symlink: /home/harry/cmu/capstone/calibration_ws/install/lbr_fri_idl/share/ament_index/resource_index/rosidl_interfaces/lbr_fri_idl
[0.495s] -- Up-to-date symlink: /home/harry/cmu/capstone/calibration_ws/install/lbr_fri_idl/include/lbr_fri_idl/lbr_fri_idl/msg/detail/lbr_command__functions.h
[0.495s] -- Up-to-date symlink: /home/harry/cmu/capstone/calibration_ws/install/lbr_fri_idl/include/lbr_fri_idl/lbr_fri_idl/msg/detail/lbr_command__struct.h
[0.495s] -- Up-to-date symlink: /home/harry/cmu/capstone/calibration_ws/install/lbr_fri_idl/include/lbr_fri_idl/lbr_fri_idl/msg/detail/lbr_command__type_support.h
[0.495s] -- Up-to-date symlink: /home/harry/cmu/capstone/calibration_ws/install/lbr_fri_idl/include/lbr_fri_idl/lbr_fri_idl/msg/detail/lbr_joint_position_command__functions.h
[0.495s] -- Up-to-date symlink: /home/harry/cmu/capstone/calibration_ws/install/lbr_fri_idl/include/lbr_fri_idl/lbr_fri_idl/msg/detail/lbr_joint_position_command__struct.h
[0.495s] -- Up-to-date symlink: /home/harry/cmu/capstone/calibration_ws/install/lbr_fri_idl/include/lbr_fri_idl/lbr_fri_idl/msg/detail/lbr_joint_position_command__type_support.h
[0.495s] -- Up-to-date symlink: /home/harry/cmu/capstone/calibration_ws/install/lbr_fri_idl/include/lbr_fri_idl/lbr_fri_idl/msg/detail/lbr_state__functions.h
[0.495s] -- Up-to-date symlink: /home/harry/cmu/capstone/calibration_ws/install/lbr_fri_idl/include/lbr_fri_idl/lbr_fri_idl/msg/detail/lbr_state__struct.h
[0.496s] -- Up-to-date symlink: /home/harry/cmu/capstone/calibration_ws/install/lbr_fri_idl/include/lbr_fri_idl/lbr_fri_idl/msg/detail/lbr_state__type_support.h
[0.496s] -- Up-to-date symlink: /home/harry/cmu/capstone/calibration_ws/install/lbr_fri_idl/include/lbr_fri_idl/lbr_fri_idl/msg/detail/lbr_torque_command__functions.h
[0.496s] -- Up-to-date symlink: /home/harry/cmu/capstone/calibration_ws/install/lbr_fri_idl/include/lbr_fri_idl/lbr_fri_idl/msg/detail/lbr_torque_command__struct.h
[0.496s] -- Up-to-date symlink: /home/harry/cmu/capstone/calibration_ws/install/lbr_fri_idl/include/lbr_fri_idl/lbr_fri_idl/msg/detail/lbr_torque_command__type_support.h
[0.496s] -- Up-to-date symlink: /home/harry/cmu/capstone/calibration_ws/install/lbr_fri_idl/include/lbr_fri_idl/lbr_fri_idl/msg/detail/lbr_wrench_command__functions.h
[0.496s] -- Up-to-date symlink: /home/harry/cmu/capstone/calibration_ws/install/lbr_fri_idl/include/lbr_fri_idl/lbr_fri_idl/msg/detail/lbr_wrench_command__struct.h
[0.496s] -- Up-to-date symlink: /home/harry/cmu/capstone/calibration_ws/install/lbr_fri_idl/include/lbr_fri_idl/lbr_fri_idl/msg/detail/lbr_wrench_command__type_support.h
[0.496s] -- Up-to-date symlink: /home/harry/cmu/capstone/calibration_ws/install/lbr_fri_idl/include/lbr_fri_idl/lbr_fri_idl/msg/lbr_command.h
[0.497s] -- Up-to-date symlink: /home/harry/cmu/capstone/calibration_ws/install/lbr_fri_idl/include/lbr_fri_idl/lbr_fri_idl/msg/lbr_joint_position_command.h
[0.497s] -- Up-to-date symlink: /home/harry/cmu/capstone/calibration_ws/install/lbr_fri_idl/include/lbr_fri_idl/lbr_fri_idl/msg/lbr_state.h
[0.497s] -- Up-to-date symlink: /home/harry/cmu/capstone/calibration_ws/install/lbr_fri_idl/include/lbr_fri_idl/lbr_fri_idl/msg/lbr_torque_command.h
[0.497s] -- Up-to-date symlink: /home/harry/cmu/capstone/calibration_ws/install/lbr_fri_idl/include/lbr_fri_idl/lbr_fri_idl/msg/lbr_wrench_command.h
[0.497s] -- Up-to-date symlink: /home/harry/cmu/capstone/calibration_ws/install/lbr_fri_idl/include/lbr_fri_idl/lbr_fri_idl/msg/rosidl_generator_c__visibility_control.h
[0.497s] -- Up-to-date symlink: /home/harry/cmu/capstone/calibration_ws/install/lbr_fri_idl/share/lbr_fri_idl/environment/library_path.sh
[0.497s] -- Up-to-date symlink: /home/harry/cmu/capstone/calibration_ws/install/lbr_fri_idl/share/lbr_fri_idl/environment/library_path.dsv
[0.498s] -- Up-to-date symlink: /home/harry/cmu/capstone/calibration_ws/install/lbr_fri_idl/include/lbr_fri_idl/lbr_fri_idl/msg/detail/lbr_command__rosidl_typesupport_fastrtps_c.h
[0.498s] -- Up-to-date symlink: /home/harry/cmu/capstone/calibration_ws/install/lbr_fri_idl/include/lbr_fri_idl/lbr_fri_idl/msg/detail/lbr_joint_position_command__rosidl_typesupport_fastrtps_c.h
[0.498s] -- Up-to-date symlink: /home/harry/cmu/capstone/calibration_ws/install/lbr_fri_idl/include/lbr_fri_idl/lbr_fri_idl/msg/detail/lbr_state__rosidl_typesupport_fastrtps_c.h
[0.498s] -- Up-to-date symlink: /home/harry/cmu/capstone/calibration_ws/install/lbr_fri_idl/include/lbr_fri_idl/lbr_fri_idl/msg/detail/lbr_torque_command__rosidl_typesupport_fastrtps_c.h
[0.498s] -- Up-to-date symlink: /home/harry/cmu/capstone/calibration_ws/install/lbr_fri_idl/include/lbr_fri_idl/lbr_fri_idl/msg/detail/lbr_wrench_command__rosidl_typesupport_fastrtps_c.h
[0.499s] -- Up-to-date symlink: /home/harry/cmu/capstone/calibration_ws/install/lbr_fri_idl/include/lbr_fri_idl/lbr_fri_idl/msg/rosidl_typesupport_fastrtps_c__visibility_control.h
[0.499s] -- Up-to-date symlink: /home/harry/cmu/capstone/calibration_ws/install/lbr_fri_idl/include/lbr_fri_idl/lbr_fri_idl/msg/detail/lbr_command__builder.hpp
[0.499s] -- Up-to-date symlink: /home/harry/cmu/capstone/calibration_ws/install/lbr_fri_idl/include/lbr_fri_idl/lbr_fri_idl/msg/detail/lbr_command__struct.hpp
[0.499s] -- Up-to-date symlink: /home/harry/cmu/capstone/calibration_ws/install/lbr_fri_idl/include/lbr_fri_idl/lbr_fri_idl/msg/detail/lbr_command__traits.hpp
[0.500s] -- Up-to-date symlink: /home/harry/cmu/capstone/calibration_ws/install/lbr_fri_idl/include/lbr_fri_idl/lbr_fri_idl/msg/detail/lbr_command__type_support.hpp
[0.500s] -- Up-to-date symlink: /home/harry/cmu/capstone/calibration_ws/install/lbr_fri_idl/include/lbr_fri_idl/lbr_fri_idl/msg/detail/lbr_joint_position_command__builder.hpp
[0.500s] -- Up-to-date symlink: /home/harry/cmu/capstone/calibration_ws/install/lbr_fri_idl/include/lbr_fri_idl/lbr_fri_idl/msg/detail/lbr_joint_position_command__struct.hpp
[0.500s] -- Up-to-date symlink: /home/harry/cmu/capstone/calibration_ws/install/lbr_fri_idl/include/lbr_fri_idl/lbr_fri_idl/msg/detail/lbr_joint_position_command__traits.hpp
[0.500s] -- Up-to-date symlink: /home/harry/cmu/capstone/calibration_ws/install/lbr_fri_idl/include/lbr_fri_idl/lbr_fri_idl/msg/detail/lbr_joint_position_command__type_support.hpp
[0.500s] -- Up-to-date symlink: /home/harry/cmu/capstone/calibration_ws/install/lbr_fri_idl/include/lbr_fri_idl/lbr_fri_idl/msg/detail/lbr_state__builder.hpp
[0.501s] -- Up-to-date symlink: /home/harry/cmu/capstone/calibration_ws/install/lbr_fri_idl/include/lbr_fri_idl/lbr_fri_idl/msg/detail/lbr_state__struct.hpp
[0.501s] -- Up-to-date symlink: /home/harry/cmu/capstone/calibration_ws/install/lbr_fri_idl/include/lbr_fri_idl/lbr_fri_idl/msg/detail/lbr_state__traits.hpp
[0.501s] -- Up-to-date symlink: /home/harry/cmu/capstone/calibration_ws/install/lbr_fri_idl/include/lbr_fri_idl/lbr_fri_idl/msg/detail/lbr_state__type_support.hpp
[0.501s] -- Up-to-date symlink: /home/harry/cmu/capstone/calibration_ws/install/lbr_fri_idl/include/lbr_fri_idl/lbr_fri_idl/msg/detail/lbr_torque_command__builder.hpp
[0.501s] -- Up-to-date symlink: /home/harry/cmu/capstone/calibration_ws/install/lbr_fri_idl/include/lbr_fri_idl/lbr_fri_idl/msg/detail/lbr_torque_command__struct.hpp
[0.501s] -- Up-to-date symlink: /home/harry/cmu/capstone/calibration_ws/install/lbr_fri_idl/include/lbr_fri_idl/lbr_fri_idl/msg/detail/lbr_torque_command__traits.hpp
[0.501s] -- Up-to-date symlink: /home/harry/cmu/capstone/calibration_ws/install/lbr_fri_idl/include/lbr_fri_idl/lbr_fri_idl/msg/detail/lbr_torque_command__type_support.hpp
[0.501s] -- Up-to-date symlink: /home/harry/cmu/capstone/calibration_ws/install/lbr_fri_idl/include/lbr_fri_idl/lbr_fri_idl/msg/detail/lbr_wrench_command__builder.hpp
[0.501s] -- Up-to-date symlink: /home/harry/cmu/capstone/calibration_ws/install/lbr_fri_idl/include/lbr_fri_idl/lbr_fri_idl/msg/detail/lbr_wrench_command__struct.hpp
[0.502s] -- Up-to-date symlink: /home/harry/cmu/capstone/calibration_ws/install/lbr_fri_idl/include/lbr_fri_idl/lbr_fri_idl/msg/detail/lbr_wrench_command__traits.hpp
[0.502s] -- Up-to-date symlink: /home/harry/cmu/capstone/calibration_ws/install/lbr_fri_idl/include/lbr_fri_idl/lbr_fri_idl/msg/detail/lbr_wrench_command__type_support.hpp
[0.502s] -- Up-to-date symlink: /home/harry/cmu/capstone/calibration_ws/install/lbr_fri_idl/include/lbr_fri_idl/lbr_fri_idl/msg/lbr_command.hpp
[0.502s] -- Up-to-date symlink: /home/harry/cmu/capstone/calibration_ws/install/lbr_fri_idl/include/lbr_fri_idl/lbr_fri_idl/msg/lbr_joint_position_command.hpp
[0.502s] -- Up-to-date symlink: /home/harry/cmu/capstone/calibration_ws/install/lbr_fri_idl/include/lbr_fri_idl/lbr_fri_idl/msg/lbr_state.hpp
[0.502s] -- Up-to-date symlink: /home/harry/cmu/capstone/calibration_ws/install/lbr_fri_idl/include/lbr_fri_idl/lbr_fri_idl/msg/lbr_torque_command.hpp
[0.502s] -- Up-to-date symlink: /home/harry/cmu/capstone/calibration_ws/install/lbr_fri_idl/include/lbr_fri_idl/lbr_fri_idl/msg/lbr_wrench_command.hpp
[0.502s] -- Up-to-date symlink: /home/harry/cmu/capstone/calibration_ws/install/lbr_fri_idl/include/lbr_fri_idl/lbr_fri_idl/msg/rosidl_generator_cpp__visibility_control.hpp
[0.503s] -- Up-to-date symlink: /home/harry/cmu/capstone/calibration_ws/install/lbr_fri_idl/include/lbr_fri_idl/lbr_fri_idl/msg/detail/lbr_command__rosidl_typesupport_fastrtps_cpp.hpp
[0.503s] -- Up-to-date symlink: /home/harry/cmu/capstone/calibration_ws/install/lbr_fri_idl/include/lbr_fri_idl/lbr_fri_idl/msg/detail/lbr_joint_position_command__rosidl_typesupport_fastrtps_cpp.hpp
[0.503s] -- Up-to-date symlink: /home/harry/cmu/capstone/calibration_ws/install/lbr_fri_idl/include/lbr_fri_idl/lbr_fri_idl/msg/detail/lbr_state__rosidl_typesupport_fastrtps_cpp.hpp
[0.503s] -- Up-to-date symlink: /home/harry/cmu/capstone/calibration_ws/install/lbr_fri_idl/include/lbr_fri_idl/lbr_fri_idl/msg/detail/lbr_torque_command__rosidl_typesupport_fastrtps_cpp.hpp
[0.503s] -- Up-to-date symlink: /home/harry/cmu/capstone/calibration_ws/install/lbr_fri_idl/include/lbr_fri_idl/lbr_fri_idl/msg/detail/lbr_wrench_command__rosidl_typesupport_fastrtps_cpp.hpp
[0.503s] -- Up-to-date symlink: /home/harry/cmu/capstone/calibration_ws/install/lbr_fri_idl/include/lbr_fri_idl/lbr_fri_idl/msg/rosidl_typesupport_fastrtps_cpp__visibility_control.h
[0.504s] -- Up-to-date symlink: /home/harry/cmu/capstone/calibration_ws/install/lbr_fri_idl/include/lbr_fri_idl/lbr_fri_idl/msg/detail/lbr_command__rosidl_typesupport_introspection_c.h
[0.504s] -- Up-to-date symlink: /home/harry/cmu/capstone/calibration_ws/install/lbr_fri_idl/include/lbr_fri_idl/lbr_fri_idl/msg/detail/lbr_joint_position_command__rosidl_typesupport_introspection_c.h
[0.504s] -- Up-to-date symlink: /home/harry/cmu/capstone/calibration_ws/install/lbr_fri_idl/include/lbr_fri_idl/lbr_fri_idl/msg/detail/lbr_state__rosidl_typesupport_introspection_c.h
[0.504s] -- Up-to-date symlink: /home/harry/cmu/capstone/calibration_ws/install/lbr_fri_idl/include/lbr_fri_idl/lbr_fri_idl/msg/detail/lbr_torque_command__rosidl_typesupport_introspection_c.h
[0.504s] -- Up-to-date symlink: /home/harry/cmu/capstone/calibration_ws/install/lbr_fri_idl/include/lbr_fri_idl/lbr_fri_idl/msg/detail/lbr_wrench_command__rosidl_typesupport_introspection_c.h
[0.504s] -- Up-to-date symlink: /home/harry/cmu/capstone/calibration_ws/install/lbr_fri_idl/include/lbr_fri_idl/lbr_fri_idl/msg/rosidl_typesupport_introspection_c__visibility_control.h
[0.505s] -- Up-to-date symlink: /home/harry/cmu/capstone/calibration_ws/install/lbr_fri_idl/include/lbr_fri_idl/lbr_fri_idl/msg/detail/lbr_command__rosidl_typesupport_introspection_cpp.hpp
[0.505s] -- Up-to-date symlink: /home/harry/cmu/capstone/calibration_ws/install/lbr_fri_idl/include/lbr_fri_idl/lbr_fri_idl/msg/detail/lbr_joint_position_command__rosidl_typesupport_introspection_cpp.hpp
[0.505s] -- Up-to-date symlink: /home/harry/cmu/capstone/calibration_ws/install/lbr_fri_idl/include/lbr_fri_idl/lbr_fri_idl/msg/detail/lbr_state__rosidl_typesupport_introspection_cpp.hpp
[0.505s] -- Up-to-date symlink: /home/harry/cmu/capstone/calibration_ws/install/lbr_fri_idl/include/lbr_fri_idl/lbr_fri_idl/msg/detail/lbr_torque_command__rosidl_typesupport_introspection_cpp.hpp
[0.505s] -- Up-to-date symlink: /home/harry/cmu/capstone/calibration_ws/install/lbr_fri_idl/include/lbr_fri_idl/lbr_fri_idl/msg/detail/lbr_wrench_command__rosidl_typesupport_introspection_cpp.hpp
[0.505s] -- Up-to-date symlink: /home/harry/cmu/capstone/calibration_ws/install/lbr_fri_idl/share/lbr_fri_idl/environment/pythonpath.sh
[0.506s] -- Up-to-date symlink: /home/harry/cmu/capstone/calibration_ws/install/lbr_fri_idl/share/lbr_fri_idl/environment/pythonpath.dsv
[0.506s] -- Up-to-date symlink: /home/harry/cmu/capstone/calibration_ws/install/lbr_fri_idl/local/lib/python3.10/dist-packages/lbr_fri_idl-1.5.0-py3.10.egg-info/PKG-INFO
[0.506s] -- Up-to-date symlink: /home/harry/cmu/capstone/calibration_ws/install/lbr_fri_idl/local/lib/python3.10/dist-packages/lbr_fri_idl-1.5.0-py3.10.egg-info/SOURCES.txt
[0.506s] -- Up-to-date symlink: /home/harry/cmu/capstone/calibration_ws/install/lbr_fri_idl/local/lib/python3.10/dist-packages/lbr_fri_idl-1.5.0-py3.10.egg-info/dependency_links.txt
[0.506s] -- Up-to-date symlink: /home/harry/cmu/capstone/calibration_ws/install/lbr_fri_idl/local/lib/python3.10/dist-packages/lbr_fri_idl-1.5.0-py3.10.egg-info/top_level.txt
[0.507s] -- Up-to-date symlink: /home/harry/cmu/capstone/calibration_ws/install/lbr_fri_idl/local/lib/python3.10/dist-packages/lbr_fri_idl/__init__.py
[0.507s] -- Up-to-date symlink: /home/harry/cmu/capstone/calibration_ws/install/lbr_fri_idl/local/lib/python3.10/dist-packages/lbr_fri_idl/_lbr_fri_idl_s.ep.rosidl_typesupport_c.c
[0.507s] -- Up-to-date symlink: /home/harry/cmu/capstone/calibration_ws/install/lbr_fri_idl/local/lib/python3.10/dist-packages/lbr_fri_idl/_lbr_fri_idl_s.ep.rosidl_typesupport_fastrtps_c.c
[0.507s] -- Up-to-date symlink: /home/harry/cmu/capstone/calibration_ws/install/lbr_fri_idl/local/lib/python3.10/dist-packages/lbr_fri_idl/_lbr_fri_idl_s.ep.rosidl_typesupport_introspection_c.c
[0.507s] -- Up-to-date symlink: /home/harry/cmu/capstone/calibration_ws/install/lbr_fri_idl/local/lib/python3.10/dist-packages/lbr_fri_idl/lbr_fri_idl_s__rosidl_typesupport_c.cpython-310-x86_64-linux-gnu.so
[0.508s] -- Up-to-date symlink: /home/harry/cmu/capstone/calibration_ws/install/lbr_fri_idl/local/lib/python3.10/dist-packages/lbr_fri_idl/lbr_fri_idl_s__rosidl_typesupport_fastrtps_c.cpython-310-x86_64-linux-gnu.so
[0.508s] -- Up-to-date symlink: /home/harry/cmu/capstone/calibration_ws/install/lbr_fri_idl/local/lib/python3.10/dist-packages/lbr_fri_idl/lbr_fri_idl_s__rosidl_typesupport_introspection_c.cpython-310-x86_64-linux-gnu.so
[0.508s] -- Up-to-date symlink: /home/harry/cmu/capstone/calibration_ws/install/lbr_fri_idl/local/lib/python3.10/dist-packages/lbr_fri_idl/liblbr_fri_idl__rosidl_generator_py.so
[0.508s] -- Up-to-date symlink: /home/harry/cmu/capstone/calibration_ws/install/lbr_fri_idl/local/lib/python3.10/dist-packages/lbr_fri_idl/msg/__init__.py
[0.508s] -- Up-to-date symlink: /home/harry/cmu/capstone/calibration_ws/install/lbr_fri_idl/local/lib/python3.10/dist-packages/lbr_fri_idl/msg/_lbr_command.py
[0.508s] -- Up-to-date symlink: /home/harry/cmu/capstone/calibration_ws/install/lbr_fri_idl/local/lib/python3.10/dist-packages/lbr_fri_idl/msg/_lbr_command_s.c
[0.508s] -- Up-to-date symlink: /home/harry/cmu/capstone/calibration_ws/install/lbr_fri_idl/local/lib/python3.10/dist-packages/lbr_fri_idl/msg/_lbr_joint_position_command.py
[0.508s] -- Up-to-date symlink: /home/harry/cmu/capstone/calibration_ws/install/lbr_fri_idl/local/lib/python3.10/dist-packages/lbr_fri_idl/msg/_lbr_joint_position_command_s.c
[0.509s] -- Up-to-date symlink: /home/harry/cmu/capstone/calibration_ws/install/lbr_fri_idl/local/lib/python3.10/dist-packages/lbr_fri_idl/msg/_lbr_state.py
[0.509s] -- Up-to-date symlink: /home/harry/cmu/capstone/calibration_ws/install/lbr_fri_idl/local/lib/python3.10/dist-packages/lbr_fri_idl/msg/_lbr_state_s.c
[0.509s] -- Up-to-date symlink: /home/harry/cmu/capstone/calibration_ws/install/lbr_fri_idl/local/lib/python3.10/dist-packages/lbr_fri_idl/msg/_lbr_torque_command.py
[0.509s] -- Up-to-date symlink: /home/harry/cmu/capstone/calibration_ws/install/lbr_fri_idl/local/lib/python3.10/dist-packages/lbr_fri_idl/msg/_lbr_torque_command_s.c
[0.509s] -- Up-to-date symlink: /home/harry/cmu/capstone/calibration_ws/install/lbr_fri_idl/local/lib/python3.10/dist-packages/lbr_fri_idl/msg/_lbr_wrench_command.py
[0.509s] -- Up-to-date symlink: /home/harry/cmu/capstone/calibration_ws/install/lbr_fri_idl/local/lib/python3.10/dist-packages/lbr_fri_idl/msg/_lbr_wrench_command_s.c
[0.509s] -- Up-to-date symlink: /home/harry/cmu/capstone/calibration_ws/install/lbr_fri_idl/local/lib/python3.10/dist-packages/lbr_fri_idl/lbr_fri_idl_s__rosidl_typesupport_fastrtps_c.cpython-310-x86_64-linux-gnu.so
[0.510s] -- Up-to-date symlink: /home/harry/cmu/capstone/calibration_ws/install/lbr_fri_idl/local/lib/python3.10/dist-packages/lbr_fri_idl/lbr_fri_idl_s__rosidl_typesupport_introspection_c.cpython-310-x86_64-linux-gnu.so
[0.510s] -- Up-to-date symlink: /home/harry/cmu/capstone/calibration_ws/install/lbr_fri_idl/local/lib/python3.10/dist-packages/lbr_fri_idl/lbr_fri_idl_s__rosidl_typesupport_c.cpython-310-x86_64-linux-gnu.so
[0.510s] -- Up-to-date symlink: /home/harry/cmu/capstone/calibration_ws/install/lbr_fri_idl/share/lbr_fri_idl/msg/LBRCommand.idl
[0.510s] -- Up-to-date symlink: /home/harry/cmu/capstone/calibration_ws/install/lbr_fri_idl/share/lbr_fri_idl/msg/LBRJointPositionCommand.idl
[0.510s] -- Up-to-date symlink: /home/harry/cmu/capstone/calibration_ws/install/lbr_fri_idl/share/lbr_fri_idl/msg/LBRState.idl
[0.510s] -- Up-to-date symlink: /home/harry/cmu/capstone/calibration_ws/install/lbr_fri_idl/share/lbr_fri_idl/msg/LBRTorqueCommand.idl
[0.511s] -- Up-to-date symlink: /home/harry/cmu/capstone/calibration_ws/install/lbr_fri_idl/share/lbr_fri_idl/msg/LBRWrenchCommand.idl
[0.511s] -- Up-to-date symlink: /home/harry/cmu/capstone/calibration_ws/install/lbr_fri_idl/share/lbr_fri_idl/msg/LBRCommand.msg
[0.511s] -- Up-to-date symlink: /home/harry/cmu/capstone/calibration_ws/install/lbr_fri_idl/share/lbr_fri_idl/msg/LBRJointPositionCommand.msg
[0.511s] -- Up-to-date symlink: /home/harry/cmu/capstone/calibration_ws/install/lbr_fri_idl/share/lbr_fri_idl/msg/LBRState.msg
[0.511s] -- Up-to-date symlink: /home/harry/cmu/capstone/calibration_ws/install/lbr_fri_idl/share/lbr_fri_idl/msg/LBRTorqueCommand.msg
[0.511s] -- Up-to-date symlink: /home/harry/cmu/capstone/calibration_ws/install/lbr_fri_idl/share/lbr_fri_idl/msg/LBRWrenchCommand.msg
[0.512s] -- Up-to-date symlink: /home/harry/cmu/capstone/calibration_ws/install/lbr_fri_idl/share/ament_index/resource_index/package_run_dependencies/lbr_fri_idl
[0.512s] -- Up-to-date symlink: /home/harry/cmu/capstone/calibration_ws/install/lbr_fri_idl/share/ament_index/resource_index/parent_prefix_path/lbr_fri_idl
[0.512s] -- Up-to-date symlink: /home/harry/cmu/capstone/calibration_ws/install/lbr_fri_idl/share/lbr_fri_idl/environment/ament_prefix_path.sh
[0.512s] -- Up-to-date symlink: /home/harry/cmu/capstone/calibration_ws/install/lbr_fri_idl/share/lbr_fri_idl/environment/ament_prefix_path.dsv
[0.512s] -- Up-to-date symlink: /home/harry/cmu/capstone/calibration_ws/install/lbr_fri_idl/share/lbr_fri_idl/environment/path.sh
[0.512s] -- Up-to-date symlink: /home/harry/cmu/capstone/calibration_ws/install/lbr_fri_idl/share/lbr_fri_idl/environment/path.dsv
[0.512s] -- Up-to-date symlink: /home/harry/cmu/capstone/calibration_ws/install/lbr_fri_idl/share/lbr_fri_idl/local_setup.bash
[0.513s] -- Up-to-date symlink: /home/harry/cmu/capstone/calibration_ws/install/lbr_fri_idl/share/lbr_fri_idl/local_setup.sh
[0.513s] -- Up-to-date symlink: /home/harry/cmu/capstone/calibration_ws/install/lbr_fri_idl/share/lbr_fri_idl/local_setup.zsh
[0.513s] -- Up-to-date symlink: /home/harry/cmu/capstone/calibration_ws/install/lbr_fri_idl/share/lbr_fri_idl/local_setup.dsv
[0.513s] -- Symlinking: /home/harry/cmu/capstone/calibration_ws/install/lbr_fri_idl/share/lbr_fri_idl/package.dsv
[0.524s] -- Up-to-date symlink: /home/harry/cmu/capstone/calibration_ws/install/lbr_fri_idl/share/ament_index/resource_index/packages/lbr_fri_idl
[0.524s] -- Up-to-date symlink: /home/harry/cmu/capstone/calibration_ws/install/lbr_fri_idl/share/lbr_fri_idl/cmake/rosidl_cmake-extras.cmake
[0.524s] -- Up-to-date symlink: /home/harry/cmu/capstone/calibration_ws/install/lbr_fri_idl/share/lbr_fri_idl/cmake/ament_cmake_export_dependencies-extras.cmake
[0.524s] -- Up-to-date symlink: /home/harry/cmu/capstone/calibration_ws/install/lbr_fri_idl/share/lbr_fri_idl/cmake/ament_cmake_export_include_directories-extras.cmake
[0.525s] -- Up-to-date symlink: /home/harry/cmu/capstone/calibration_ws/install/lbr_fri_idl/share/lbr_fri_idl/cmake/ament_cmake_export_libraries-extras.cmake
[0.525s] -- Up-to-date symlink: /home/harry/cmu/capstone/calibration_ws/install/lbr_fri_idl/share/lbr_fri_idl/cmake/ament_cmake_export_targets-extras.cmake
[0.525s] -- Up-to-date symlink: /home/harry/cmu/capstone/calibration_ws/install/lbr_fri_idl/share/lbr_fri_idl/cmake/rosidl_cmake_export_typesupport_targets-extras.cmake
[0.525s] -- Up-to-date symlink: /home/harry/cmu/capstone/calibration_ws/install/lbr_fri_idl/share/lbr_fri_idl/cmake/rosidl_cmake_export_typesupport_libraries-extras.cmake
[0.525s] -- Up-to-date symlink: /home/harry/cmu/capstone/calibration_ws/install/lbr_fri_idl/share/lbr_fri_idl/cmake/lbr_fri_idlConfig.cmake
[0.526s] -- Up-to-date symlink: /home/harry/cmu/capstone/calibration_ws/install/lbr_fri_idl/share/lbr_fri_idl/cmake/lbr_fri_idlConfig-version.cmake
[0.526s] -- Up-to-date symlink: /home/harry/cmu/capstone/calibration_ws/install/lbr_fri_idl/share/lbr_fri_idl/package.xml
[0.526s] -- Up-to-date: /home/harry/cmu/capstone/calibration_ws/install/lbr_fri_idl/lib/liblbr_fri_idl__rosidl_generator_c.so
[0.526s] -- Up-to-date: /home/harry/cmu/capstone/calibration_ws/install/lbr_fri_idl/lib/liblbr_fri_idl__rosidl_typesupport_fastrtps_c.so
[0.527s] -- Up-to-date: /home/harry/cmu/capstone/calibration_ws/install/lbr_fri_idl/lib/liblbr_fri_idl__rosidl_typesupport_fastrtps_cpp.so
[0.527s] -- Up-to-date: /home/harry/cmu/capstone/calibration_ws/install/lbr_fri_idl/lib/liblbr_fri_idl__rosidl_typesupport_introspection_c.so
[0.527s] -- Up-to-date: /home/harry/cmu/capstone/calibration_ws/install/lbr_fri_idl/lib/liblbr_fri_idl__rosidl_typesupport_c.so
[0.527s] -- Up-to-date: /home/harry/cmu/capstone/calibration_ws/install/lbr_fri_idl/lib/liblbr_fri_idl__rosidl_typesupport_introspection_cpp.so
[0.528s] -- Up-to-date: /home/harry/cmu/capstone/calibration_ws/install/lbr_fri_idl/lib/liblbr_fri_idl__rosidl_typesupport_cpp.so
[0.566s] Listing '/home/harry/cmu/capstone/calibration_ws/install/lbr_fri_idl/local/lib/python3.10/dist-packages/lbr_fri_idl'...
[0.566s] Listing '/home/harry/cmu/capstone/calibration_ws/install/lbr_fri_idl/local/lib/python3.10/dist-packages/lbr_fri_idl/msg'...
[0.570s] -- Up-to-date: /home/harry/cmu/capstone/calibration_ws/install/lbr_fri_idl/lib/liblbr_fri_idl__rosidl_generator_py.so
[0.571s] -- Up-to-date: /home/harry/cmu/capstone/calibration_ws/install/lbr_fri_idl/share/lbr_fri_idl/cmake/export_lbr_fri_idl__rosidl_generator_cExport.cmake
[0.571s] -- Up-to-date: /home/harry/cmu/capstone/calibration_ws/install/lbr_fri_idl/share/lbr_fri_idl/cmake/export_lbr_fri_idl__rosidl_generator_cExport-release.cmake
[0.571s] -- Up-to-date: /home/harry/cmu/capstone/calibration_ws/install/lbr_fri_idl/share/lbr_fri_idl/cmake/export_lbr_fri_idl__rosidl_typesupport_fastrtps_cExport.cmake
[0.571s] -- Up-to-date: /home/harry/cmu/capstone/calibration_ws/install/lbr_fri_idl/share/lbr_fri_idl/cmake/export_lbr_fri_idl__rosidl_typesupport_fastrtps_cExport-release.cmake
[0.571s] -- Up-to-date: /home/harry/cmu/capstone/calibration_ws/install/lbr_fri_idl/share/lbr_fri_idl/cmake/export_lbr_fri_idl__rosidl_generator_cppExport.cmake
[0.571s] -- Up-to-date: /home/harry/cmu/capstone/calibration_ws/install/lbr_fri_idl/share/lbr_fri_idl/cmake/export_lbr_fri_idl__rosidl_typesupport_fastrtps_cppExport.cmake
[0.571s] -- Up-to-date: /home/harry/cmu/capstone/calibration_ws/install/lbr_fri_idl/share/lbr_fri_idl/cmake/export_lbr_fri_idl__rosidl_typesupport_fastrtps_cppExport-release.cmake
[0.572s] -- Up-to-date: /home/harry/cmu/capstone/calibration_ws/install/lbr_fri_idl/share/lbr_fri_idl/cmake/lbr_fri_idl__rosidl_typesupport_introspection_cExport.cmake
[0.572s] -- Up-to-date: /home/harry/cmu/capstone/calibration_ws/install/lbr_fri_idl/share/lbr_fri_idl/cmake/lbr_fri_idl__rosidl_typesupport_introspection_cExport-release.cmake
[0.572s] -- Up-to-date: /home/harry/cmu/capstone/calibration_ws/install/lbr_fri_idl/share/lbr_fri_idl/cmake/lbr_fri_idl__rosidl_typesupport_cExport.cmake
[0.572s] -- Up-to-date: /home/harry/cmu/capstone/calibration_ws/install/lbr_fri_idl/share/lbr_fri_idl/cmake/lbr_fri_idl__rosidl_typesupport_cExport-release.cmake
[0.572s] -- Up-to-date: /home/harry/cmu/capstone/calibration_ws/install/lbr_fri_idl/share/lbr_fri_idl/cmake/lbr_fri_idl__rosidl_typesupport_introspection_cppExport.cmake
[0.572s] -- Up-to-date: /home/harry/cmu/capstone/calibration_ws/install/lbr_fri_idl/share/lbr_fri_idl/cmake/lbr_fri_idl__rosidl_typesupport_introspection_cppExport-release.cmake
[0.572s] -- Up-to-date: /home/harry/cmu/capstone/calibration_ws/install/lbr_fri_idl/share/lbr_fri_idl/cmake/lbr_fri_idl__rosidl_typesupport_cppExport.cmake
[0.572s] -- Up-to-date: /home/harry/cmu/capstone/calibration_ws/install/lbr_fri_idl/share/lbr_fri_idl/cmake/lbr_fri_idl__rosidl_typesupport_cppExport-release.cmake
[0.572s] -- Up-to-date: /home/harry/cmu/capstone/calibration_ws/install/lbr_fri_idl/share/lbr_fri_idl/cmake/export_lbr_fri_idl__rosidl_generator_pyExport.cmake
[0.572s] -- Up-to-date: /home/harry/cmu/capstone/calibration_ws/install/lbr_fri_idl/share/lbr_fri_idl/cmake/export_lbr_fri_idl__rosidl_generator_pyExport-release.cmake
[0.575s] Invoked command in '/home/harry/cmu/capstone/calibration_ws/build/lbr_fri_idl' returned '0': CMAKE_PREFIX_PATH=/home/harry/cmu/capstone/calibration_ws/install/fri_client_sdk:/home/harry/cmu/capstone/calibration_ws/install/med7_moveit_config:/home/harry/cmu/capstone/calibration_ws/install/med14_moveit_config:/home/harry/cmu/capstone/calibration_ws/install/lbr_fri_ros2_stack:/home/harry/cmu/capstone/calibration_ws/install/lbr_demos_cpp:/home/harry/cmu/capstone/calibration_ws/install/lbr_bringup:/home/harry/cmu/capstone/calibration_ws/install/lbr_ros2_control:/home/harry/cmu/capstone/calibration_ws/install/lbr_moveit_cpp:/home/harry/cmu/capstone/calibration_ws/install/lbr_demos_advanced_cpp:/home/harry/cmu/capstone/calibration_ws/install/lbr_fri_ros2:/home/harry/cmu/capstone/calibration_ws/install/lbr_fri_idl:/home/harry/cmu/capstone/calibration_ws/install/iiwa7_moveit_config:/home/harry/cmu/capstone/calibration_ws/install/iiwa14_moveit_config:/home/harry/cmu/capstone/calibration_ws/install/lbr_description:/home/harry/cmu/capstone/calibration_ws/lbr-stack/install/fri_client_sdk:/home/harry/cmu/capstone/calibration_ws/install/lbr_demos_py:/home/harry/cmu/capstone/calibration_ws/install/lbr_moveit:/home/harry/cmu/capstone/calibration_ws/install/lbr_demos_advanced_py:/home/harry/cmu/capstone/calibration_ws/install/handeye_realsense:/home/harry/cmu/capstone/calibration_ws/install/handeye_ak:/home/harry/cmu/capstone/calibration_ws/install/camera_calibration:/home/harry/cmu/capstone/calibration_ws/handeye_calibration_ws/src/install/handeye_realsense:/home/harry/cmu/capstone/calibration_ws/handeye_calibration_ws/src/install/handeye_ak:/home/harry/cmu/capstone/calibration_ws/handeye_calibration_ws/src/install/camera_calibration:/opt/ros/humble LD_LIBRARY_PATH=/home/harry/cmu/capstone/calibration_ws/install/fri_client_sdk/lib:/home/harry/cmu/capstone/calibration_ws/install/lbr_ros2_control/lib:/home/harry/cmu/capstone/calibration_ws/install/lbr_demos_advanced_cpp/lib:/home/harry/cmu/capstone/calibration_ws/install/lbr_fri_ros2/lib:/home/harry/cmu/capstone/calibration_ws/install/lbr_fri_idl/lib:/home/harry/cmu/capstone/calibration_ws/lbr-stack/install/fri_client_sdk/lib:/usr/lib/x86_64-linux-gnu/gazebo-11/plugins:/opt/ros/humble/opt/rviz_ogre_vendor/lib:/opt/ros/humble/lib/x86_64-linux-gnu:/opt/ros/humble/lib /usr/bin/cmake --install /home/harry/cmu/capstone/calibration_ws/build/lbr_fri_idl
