[1.494s] Invoking command in '/home/harry/cmu/capstone/calibration_ws/build/lbr_moveit': PYTHONPATH=/home/harry/cmu/capstone/calibration_ws/build/lbr_moveit/prefix_override:/usr/lib/python3/dist-packages/colcon_core/task/python/colcon_distutils_commands:/home/harry/cmu/capstone/calibration_ws/install/lbr_moveit/lib/python3.10/site-packages:${PYTHONPATH} /usr/bin/python3 -W ignore:setup.py install is deprecated -W ignore:easy_install command is deprecated setup.py develop --uninstall --editable --build-directory /home/harry/cmu/capstone/calibration_ws/build/lbr_moveit/build
[1.817s] running develop
[2.085s] Removing /home/harry/cmu/capstone/calibration_ws/install/lbr_moveit/lib/python3.10/site-packages/lbr-moveit.egg-link (link to .)
[2.156s] Invoked command in '/home/harry/cmu/capstone/calibration_ws/build/lbr_moveit' returned '0': PYTHONPATH=/home/harry/cmu/capstone/calibration_ws/build/lbr_moveit/prefix_override:/usr/lib/python3/dist-packages/colcon_core/task/python/colcon_distutils_commands:/home/harry/cmu/capstone/calibration_ws/install/lbr_moveit/lib/python3.10/site-packages:${PYTHONPATH} /usr/bin/python3 -W ignore:setup.py install is deprecated -W ignore:easy_install command is deprecated setup.py develop --uninstall --editable --build-directory /home/harry/cmu/capstone/calibration_ws/build/lbr_moveit/build
[2.158s] Invoking command in '/home/harry/cmu/capstone/calibration_ws/lbr-stack/src/lbr_fri_ros2_stack/lbr_demos/lbr_moveit': PYTHONPATH=/home/harry/cmu/capstone/calibration_ws/build/lbr_moveit/prefix_override:/usr/lib/python3/dist-packages/colcon_core/task/python/colcon_distutils_commands:/home/harry/cmu/capstone/calibration_ws/install/lbr_moveit/lib/python3.10/site-packages:${PYTHONPATH} /usr/bin/python3 -W ignore:setup.py install is deprecated -W ignore:easy_install command is deprecated setup.py egg_info --egg-base ../../../../../build/lbr_moveit build --build-base /home/harry/cmu/capstone/calibration_ws/build/lbr_moveit/build install --record /home/harry/cmu/capstone/calibration_ws/build/lbr_moveit/install.log --single-version-externally-managed install_data --force
[2.437s] running egg_info
[2.437s] writing ../../../../../build/lbr_moveit/lbr_moveit.egg-info/PKG-INFO
[2.438s] writing dependency_links to ../../../../../build/lbr_moveit/lbr_moveit.egg-info/dependency_links.txt
[2.438s] writing entry points to ../../../../../build/lbr_moveit/lbr_moveit.egg-info/entry_points.txt
[2.438s] writing requirements to ../../../../../build/lbr_moveit/lbr_moveit.egg-info/requires.txt
[2.438s] writing top-level names to ../../../../../build/lbr_moveit/lbr_moveit.egg-info/top_level.txt
[2.440s] reading manifest file '../../../../../build/lbr_moveit/lbr_moveit.egg-info/SOURCES.txt'
[2.441s] writing manifest file '../../../../../build/lbr_moveit/lbr_moveit.egg-info/SOURCES.txt'
[2.441s] running build
[2.441s] running build_py
[2.441s] creating /home/harry/cmu/capstone/calibration_ws/build/lbr_moveit/build
[2.441s] creating /home/harry/cmu/capstone/calibration_ws/build/lbr_moveit/build/lib
[2.441s] creating /home/harry/cmu/capstone/calibration_ws/build/lbr_moveit/build/lib/lbr_moveit
[2.442s] copying lbr_moveit/forward_keyboard_node.py -> /home/harry/cmu/capstone/calibration_ws/build/lbr_moveit/build/lib/lbr_moveit
[2.442s] copying lbr_moveit/__init__.py -> /home/harry/cmu/capstone/calibration_ws/build/lbr_moveit/build/lib/lbr_moveit
[2.442s] copying lbr_moveit/keyboard_listener.py -> /home/harry/cmu/capstone/calibration_ws/build/lbr_moveit/build/lib/lbr_moveit
[2.443s] creating /home/harry/cmu/capstone/calibration_ws/build/lbr_moveit/build/lib/scripts
[2.443s] copying scripts/forward_keyboard.py -> /home/harry/cmu/capstone/calibration_ws/build/lbr_moveit/build/lib/scripts
[2.443s] copying scripts/__init__.py -> /home/harry/cmu/capstone/calibration_ws/build/lbr_moveit/build/lib/scripts
[2.443s] running install
[2.443s] running install_lib
[2.443s] creating /home/harry/cmu/capstone/calibration_ws/install/lbr_moveit/lib/python3.10/site-packages/lbr_moveit
[2.444s] copying /home/harry/cmu/capstone/calibration_ws/build/lbr_moveit/build/lib/lbr_moveit/forward_keyboard_node.py -> /home/harry/cmu/capstone/calibration_ws/install/lbr_moveit/lib/python3.10/site-packages/lbr_moveit
[2.444s] copying /home/harry/cmu/capstone/calibration_ws/build/lbr_moveit/build/lib/lbr_moveit/__init__.py -> /home/harry/cmu/capstone/calibration_ws/install/lbr_moveit/lib/python3.10/site-packages/lbr_moveit
[2.445s] copying /home/harry/cmu/capstone/calibration_ws/build/lbr_moveit/build/lib/lbr_moveit/keyboard_listener.py -> /home/harry/cmu/capstone/calibration_ws/install/lbr_moveit/lib/python3.10/site-packages/lbr_moveit
[2.445s] creating /home/harry/cmu/capstone/calibration_ws/install/lbr_moveit/lib/python3.10/site-packages/scripts
[2.445s] copying /home/harry/cmu/capstone/calibration_ws/build/lbr_moveit/build/lib/scripts/forward_keyboard.py -> /home/harry/cmu/capstone/calibration_ws/install/lbr_moveit/lib/python3.10/site-packages/scripts
[2.445s] copying /home/harry/cmu/capstone/calibration_ws/build/lbr_moveit/build/lib/scripts/__init__.py -> /home/harry/cmu/capstone/calibration_ws/install/lbr_moveit/lib/python3.10/site-packages/scripts
[2.445s] byte-compiling /home/harry/cmu/capstone/calibration_ws/install/lbr_moveit/lib/python3.10/site-packages/lbr_moveit/forward_keyboard_node.py to forward_keyboard_node.cpython-310.pyc
[2.446s] byte-compiling /home/harry/cmu/capstone/calibration_ws/install/lbr_moveit/lib/python3.10/site-packages/lbr_moveit/__init__.py to __init__.cpython-310.pyc
[2.447s] byte-compiling /home/harry/cmu/capstone/calibration_ws/install/lbr_moveit/lib/python3.10/site-packages/lbr_moveit/keyboard_listener.py to keyboard_listener.cpython-310.pyc
[2.447s] byte-compiling /home/harry/cmu/capstone/calibration_ws/install/lbr_moveit/lib/python3.10/site-packages/scripts/forward_keyboard.py to forward_keyboard.cpython-310.pyc
[2.447s] byte-compiling /home/harry/cmu/capstone/calibration_ws/install/lbr_moveit/lib/python3.10/site-packages/scripts/__init__.py to __init__.cpython-310.pyc
[2.447s] running install_data
[2.448s] copying resource/lbr_moveit -> /home/harry/cmu/capstone/calibration_ws/install/lbr_moveit/share/ament_index/resource_index/packages
[2.448s] copying package.xml -> /home/harry/cmu/capstone/calibration_ws/install/lbr_moveit/share/lbr_moveit
[2.448s] copying config/forward_keyboard.yaml -> /home/harry/cmu/capstone/calibration_ws/install/lbr_moveit/share/lbr_moveit/config
[2.448s] copying launch/keyboard_driver.launch.py -> /home/harry/cmu/capstone/calibration_ws/install/lbr_moveit/share/lbr_moveit/launch
[2.448s] running install_egg_info
[2.451s] Copying ../../../../../build/lbr_moveit/lbr_moveit.egg-info to /home/harry/cmu/capstone/calibration_ws/install/lbr_moveit/lib/python3.10/site-packages/lbr_moveit-2.2.0-py3.10.egg-info
[2.451s] running install_scripts
[2.476s] Installing forward_keyboard script to /home/harry/cmu/capstone/calibration_ws/install/lbr_moveit/lib/lbr_moveit
[2.476s] writing list of installed files to '/home/harry/cmu/capstone/calibration_ws/build/lbr_moveit/install.log'
[2.543s] Invoked command in '/home/harry/cmu/capstone/calibration_ws/lbr-stack/src/lbr_fri_ros2_stack/lbr_demos/lbr_moveit' returned '0': PYTHONPATH=/home/harry/cmu/capstone/calibration_ws/build/lbr_moveit/prefix_override:/usr/lib/python3/dist-packages/colcon_core/task/python/colcon_distutils_commands:/home/harry/cmu/capstone/calibration_ws/install/lbr_moveit/lib/python3.10/site-packages:${PYTHONPATH} /usr/bin/python3 -W ignore:setup.py install is deprecated -W ignore:easy_install command is deprecated setup.py egg_info --egg-base ../../../../../build/lbr_moveit build --build-base /home/harry/cmu/capstone/calibration_ws/build/lbr_moveit/build install --record /home/harry/cmu/capstone/calibration_ws/build/lbr_moveit/install.log --single-version-externally-managed install_data --force
