[0.954s] Invoking command in '/home/harry/cmu/capstone/calibration_ws/handeye_calibration_ws/src/build/handeye_realsense': PYTHONPATH=/home/harry/cmu/capstone/calibration_ws/handeye_calibration_ws/src/build/handeye_realsense/prefix_override:/usr/lib/python3/dist-packages/colcon_core/task/python/colcon_distutils_commands:/home/harry/cmu/capstone/calibration_ws/handeye_calibration_ws/src/install/handeye_realsense/lib/python3.10/site-packages:${PYTHONPATH} /usr/bin/python3 -W ignore:setup.py install is deprecated -W ignore:easy_install command is deprecated setup.py develop --editable --build-directory /home/harry/cmu/capstone/calibration_ws/handeye_calibration_ws/src/build/handeye_realsense/build --no-deps symlink_data
[1.168s] running develop
[1.303s] running egg_info
[1.303s] writing handeye_realsense.egg-info/PKG-INFO
[1.303s] writing dependency_links to handeye_realsense.egg-info/dependency_links.txt
[1.304s] writing entry points to handeye_realsense.egg-info/entry_points.txt
[1.304s] writing requirements to handeye_realsense.egg-info/requires.txt
[1.304s] writing top-level names to handeye_realsense.egg-info/top_level.txt
[1.306s] reading manifest file 'handeye_realsense.egg-info/SOURCES.txt'
[1.306s] writing manifest file 'handeye_realsense.egg-info/SOURCES.txt'
[1.308s] running build_ext
[1.308s] Creating /home/harry/cmu/capstone/calibration_ws/handeye_calibration_ws/src/install/handeye_realsense/lib/python3.10/site-packages/handeye-realsense.egg-link (link to .)
[1.309s] Installing aruco script to /home/harry/cmu/capstone/calibration_ws/handeye_calibration_ws/src/install/handeye_realsense/lib/handeye_realsense
[1.309s] Installing eye2hand script to /home/harry/cmu/capstone/calibration_ws/handeye_calibration_ws/src/install/handeye_realsense/lib/handeye_realsense
[1.309s] Installing handeye script to /home/harry/cmu/capstone/calibration_ws/handeye_calibration_ws/src/install/handeye_realsense/lib/handeye_realsense
[1.310s] Installing joint_positions script to /home/harry/cmu/capstone/calibration_ws/handeye_calibration_ws/src/install/handeye_realsense/lib/handeye_realsense
[1.310s] Installing robot script to /home/harry/cmu/capstone/calibration_ws/handeye_calibration_ws/src/install/handeye_realsense/lib/handeye_realsense
[1.310s] 
[1.310s] Installed /home/harry/cmu/capstone/calibration_ws/handeye_calibration_ws/src/build/handeye_realsense
[1.310s] running symlink_data
[1.355s] Invoked command in '/home/harry/cmu/capstone/calibration_ws/handeye_calibration_ws/src/build/handeye_realsense' returned '0': PYTHONPATH=/home/harry/cmu/capstone/calibration_ws/handeye_calibration_ws/src/build/handeye_realsense/prefix_override:/usr/lib/python3/dist-packages/colcon_core/task/python/colcon_distutils_commands:/home/harry/cmu/capstone/calibration_ws/handeye_calibration_ws/src/install/handeye_realsense/lib/python3.10/site-packages:${PYTHONPATH} /usr/bin/python3 -W ignore:setup.py install is deprecated -W ignore:easy_install command is deprecated setup.py develop --editable --build-directory /home/harry/cmu/capstone/calibration_ws/handeye_calibration_ws/src/build/handeye_realsense/build --no-deps symlink_data
