[0.712s] Invoking command in '/home/harry/cmu/capstone/calibration_ws/lbr-stack/src/lbr_fri_ros2_stack/lbr_demos/lbr_demos_py': CMAKE_PREFIX_PATH=/home/harry/cmu/capstone/calibration_ws/install/lbr_bringup:/home/harry/cmu/capstone/calibration_ws/install/lbr_ros2_control:/home/harry/cmu/capstone/calibration_ws/install/lbr_fri_ros2:/home/harry/cmu/capstone/calibration_ws/install/lbr_fri_idl:/home/harry/cmu/capstone/calibration_ws/install/lbr_description:/home/harry/cmu/capstone/calibration_ws/install/fri_client_sdk:/home/harry/cmu/capstone/calibration_ws/install/med7_moveit_config:/home/harry/cmu/capstone/calibration_ws/install/med14_moveit_config:/home/harry/cmu/capstone/calibration_ws/install/lbr_fri_ros2_stack:/home/harry/cmu/capstone/calibration_ws/install/lbr_demos_cpp:/home/harry/cmu/capstone/calibration_ws/install/lbr_moveit_cpp:/home/harry/cmu/capstone/calibration_ws/install/lbr_demos_advanced_cpp:/home/harry/cmu/capstone/calibration_ws/install/iiwa7_moveit_config:/home/harry/cmu/capstone/calibration_ws/install/iiwa14_moveit_config:/home/harry/cmu/capstone/calibration_ws/lbr-stack/install/fri_client_sdk LD_LIBRARY_PATH=/home/harry/cmu/capstone/calibration_ws/install/lbr_fri_ros2/lib:/home/harry/cmu/capstone/calibration_ws/install/lbr_fri_idl/lib:/home/harry/cmu/capstone/calibration_ws/install/fri_client_sdk/lib:/home/harry/cmu/capstone/calibration_ws/install/lbr_ros2_control/lib:/home/harry/cmu/capstone/calibration_ws/install/lbr_demos_advanced_cpp/lib:/home/harry/cmu/capstone/calibration_ws/lbr-stack/install/fri_client_sdk/lib:/usr/lib/x86_64-linux-gnu/gazebo-11/plugins:/opt/ros/humble/opt/rviz_ogre_vendor/lib:/opt/ros/humble/lib/x86_64-linux-gnu:/opt/ros/humble/lib PYTHONPATH=/home/harry/cmu/capstone/calibration_ws/build/lbr_demos_py/prefix_override:/usr/lib/python3/dist-packages/colcon_core/task/python/colcon_distutils_commands:/home/harry/cmu/capstone/calibration_ws/install/lbr_demos_py/lib/python3.10/site-packages:${PYTHONPATH} /usr/bin/python3 -W ignore:setup.py install is deprecated -W ignore:easy_install command is deprecated setup.py egg_info --egg-base ../../../../../build/lbr_demos_py build --build-base /home/harry/cmu/capstone/calibration_ws/build/lbr_demos_py/build install --record /home/harry/cmu/capstone/calibration_ws/build/lbr_demos_py/install.log --single-version-externally-managed install_data
[0.951s] running egg_info
[0.952s] writing ../../../../../build/lbr_demos_py/lbr_demos_py.egg-info/PKG-INFO
[0.952s] writing dependency_links to ../../../../../build/lbr_demos_py/lbr_demos_py.egg-info/dependency_links.txt
[0.952s] writing entry points to ../../../../../build/lbr_demos_py/lbr_demos_py.egg-info/entry_points.txt
[0.952s] writing requirements to ../../../../../build/lbr_demos_py/lbr_demos_py.egg-info/requires.txt
[0.952s] writing top-level names to ../../../../../build/lbr_demos_py/lbr_demos_py.egg-info/top_level.txt
[0.954s] reading manifest file '../../../../../build/lbr_demos_py/lbr_demos_py.egg-info/SOURCES.txt'
[0.955s] writing manifest file '../../../../../build/lbr_demos_py/lbr_demos_py.egg-info/SOURCES.txt'
[0.955s] running build
[0.955s] running build_py
[0.956s] running install
[0.956s] running install_lib
[0.957s] running install_data
[0.957s] running install_egg_info
[0.959s] removing '/home/harry/cmu/capstone/calibration_ws/install/lbr_demos_py/lib/python3.10/site-packages/lbr_demos_py-2.2.0-py3.10.egg-info' (and everything under it)
[0.959s] Copying ../../../../../build/lbr_demos_py/lbr_demos_py.egg-info to /home/harry/cmu/capstone/calibration_ws/install/lbr_demos_py/lib/python3.10/site-packages/lbr_demos_py-2.2.0-py3.10.egg-info
[0.960s] running install_scripts
[0.980s] Installing joint_sine_overlay script to /home/harry/cmu/capstone/calibration_ws/install/lbr_demos_py/lib/lbr_demos_py
[0.980s] Installing joint_trajectory_client script to /home/harry/cmu/capstone/calibration_ws/install/lbr_demos_py/lib/lbr_demos_py
[0.980s] Installing torque_sine_overlay script to /home/harry/cmu/capstone/calibration_ws/install/lbr_demos_py/lib/lbr_demos_py
[0.980s] Installing wrench_sine_overlay script to /home/harry/cmu/capstone/calibration_ws/install/lbr_demos_py/lib/lbr_demos_py
[0.980s] writing list of installed files to '/home/harry/cmu/capstone/calibration_ws/build/lbr_demos_py/install.log'
[1.006s] Invoked command in '/home/harry/cmu/capstone/calibration_ws/lbr-stack/src/lbr_fri_ros2_stack/lbr_demos/lbr_demos_py' returned '0': CMAKE_PREFIX_PATH=/home/harry/cmu/capstone/calibration_ws/install/lbr_bringup:/home/harry/cmu/capstone/calibration_ws/install/lbr_ros2_control:/home/harry/cmu/capstone/calibration_ws/install/lbr_fri_ros2:/home/harry/cmu/capstone/calibration_ws/install/lbr_fri_idl:/home/harry/cmu/capstone/calibration_ws/install/lbr_description:/home/harry/cmu/capstone/calibration_ws/install/fri_client_sdk:/home/harry/cmu/capstone/calibration_ws/install/med7_moveit_config:/home/harry/cmu/capstone/calibration_ws/install/med14_moveit_config:/home/harry/cmu/capstone/calibration_ws/install/lbr_fri_ros2_stack:/home/harry/cmu/capstone/calibration_ws/install/lbr_demos_cpp:/home/harry/cmu/capstone/calibration_ws/install/lbr_moveit_cpp:/home/harry/cmu/capstone/calibration_ws/install/lbr_demos_advanced_cpp:/home/harry/cmu/capstone/calibration_ws/install/iiwa7_moveit_config:/home/harry/cmu/capstone/calibration_ws/install/iiwa14_moveit_config:/home/harry/cmu/capstone/calibration_ws/lbr-stack/install/fri_client_sdk LD_LIBRARY_PATH=/home/harry/cmu/capstone/calibration_ws/install/lbr_fri_ros2/lib:/home/harry/cmu/capstone/calibration_ws/install/lbr_fri_idl/lib:/home/harry/cmu/capstone/calibration_ws/install/fri_client_sdk/lib:/home/harry/cmu/capstone/calibration_ws/install/lbr_ros2_control/lib:/home/harry/cmu/capstone/calibration_ws/install/lbr_demos_advanced_cpp/lib:/home/harry/cmu/capstone/calibration_ws/lbr-stack/install/fri_client_sdk/lib:/usr/lib/x86_64-linux-gnu/gazebo-11/plugins:/opt/ros/humble/opt/rviz_ogre_vendor/lib:/opt/ros/humble/lib/x86_64-linux-gnu:/opt/ros/humble/lib PYTHONPATH=/home/harry/cmu/capstone/calibration_ws/build/lbr_demos_py/prefix_override:/usr/lib/python3/dist-packages/colcon_core/task/python/colcon_distutils_commands:/home/harry/cmu/capstone/calibration_ws/install/lbr_demos_py/lib/python3.10/site-packages:${PYTHONPATH} /usr/bin/python3 -W ignore:setup.py install is deprecated -W ignore:easy_install command is deprecated setup.py egg_info --egg-base ../../../../../build/lbr_demos_py build --build-base /home/harry/cmu/capstone/calibration_ws/build/lbr_demos_py/build install --record /home/harry/cmu/capstone/calibration_ws/build/lbr_demos_py/install.log --single-version-externally-managed install_data
