[0.010s] Invoking command in '/home/harry/cmu/capstone/calibration_ws/lbr-stack/build/lbr_fri_idl': CMAKE_PREFIX_PATH=/home/harry/cmu/capstone/calibration_ws/lbr-stack/install/fri_client_sdk:/home/harry/cmu/capstone/calibration_ws/install/med7_moveit_config:/home/harry/cmu/capstone/calibration_ws/install/med14_moveit_config:/home/harry/cmu/capstone/calibration_ws/install/lbr_fri_ros2_stack:/home/harry/cmu/capstone/calibration_ws/install/lbr_demos_cpp:/home/harry/cmu/capstone/calibration_ws/install/lbr_bringup:/home/harry/cmu/capstone/calibration_ws/install/lbr_ros2_control:/home/harry/cmu/capstone/calibration_ws/install/lbr_moveit_cpp:/home/harry/cmu/capstone/calibration_ws/install/lbr_demos_advanced_cpp:/home/harry/cmu/capstone/calibration_ws/install/lbr_fri_ros2:/home/harry/cmu/capstone/calibration_ws/install/lbr_fri_idl:/home/harry/cmu/capstone/calibration_ws/install/iiwa7_moveit_config:/home/harry/cmu/capstone/calibration_ws/install/iiwa14_moveit_config:/home/harry/cmu/capstone/calibration_ws/install/lbr_description:/home/harry/cmu/capstone/calibration_ws/install/fri_client_sdk:/home/harry/cmu/capstone/calibration_ws/install/lbr_demos_py:/home/harry/cmu/capstone/calibration_ws/install/lbr_moveit:/home/harry/cmu/capstone/calibration_ws/install/lbr_demos_advanced_py:/home/harry/cmu/capstone/calibration_ws/install/handeye_realsense:/home/harry/cmu/capstone/calibration_ws/install/handeye_ak:/home/harry/cmu/capstone/calibration_ws/install/camera_calibration:/home/harry/cmu/capstone/calibration_ws/handeye_calibration_ws/src/install/handeye_realsense:/opt/ros/humble LD_LIBRARY_PATH=/home/harry/cmu/capstone/calibration_ws/lbr-stack/install/fri_client_sdk/lib:/home/harry/cmu/capstone/calibration_ws/install/lbr_ros2_control/lib:/home/harry/cmu/capstone/calibration_ws/install/lbr_demos_advanced_cpp/lib:/home/harry/cmu/capstone/calibration_ws/install/lbr_fri_ros2/lib:/home/harry/cmu/capstone/calibration_ws/install/lbr_fri_idl/lib:/home/harry/cmu/capstone/calibration_ws/install/fri_client_sdk/lib:/opt/ros/humble/opt/rviz_ogre_vendor/lib:/opt/ros/humble/lib/x86_64-linux-gnu:/opt/ros/humble/lib PKG_CONFIG_PATH=/home/harry/cmu/capstone/calibration_ws/lbr-stack/install/fri_client_sdk/lib/x86_64-linux-gnu/pkgconfig:/home/harry/cmu/capstone/calibration_ws/lbr-stack/install/fri_client_sdk/lib/pkgconfig:/home/harry/cmu/capstone/calibration_ws/install/fri_client_sdk/lib/x86_64-linux-gnu/pkgconfig:/home/harry/cmu/capstone/calibration_ws/install/fri_client_sdk/lib/pkgconfig /usr/bin/cmake /home/harry/cmu/capstone/calibration_ws/lbr-stack/src/lbr_fri_idl -DAMENT_CMAKE_SYMLINK_INSTALL=1 -DCMAKE_INSTALL_PREFIX=/home/harry/cmu/capstone/calibration_ws/lbr-stack/install/lbr_fri_idl
[0.021s] -- Found ament_cmake: 1.3.11 (/opt/ros/humble/share/ament_cmake/cmake)
[0.142s] -- Override CMake install command with custom implementation using symlinks instead of copying resources
[0.149s] -- Found builtin_interfaces: 1.2.1 (/opt/ros/humble/share/builtin_interfaces/cmake)
[0.169s] -- Found rosidl_generator_c: 3.1.6 (/opt/ros/humble/share/rosidl_generator_c/cmake)
[0.171s] -- Found rosidl_adapter: 3.1.6 (/opt/ros/humble/share/rosidl_adapter/cmake)
[0.175s] -- Found rosidl_generator_cpp: 3.1.6 (/opt/ros/humble/share/rosidl_generator_cpp/cmake)
[0.182s] -- Using all available rosidl_typesupport_c: rosidl_typesupport_fastrtps_c;rosidl_typesupport_introspection_c
[0.191s] -- Using all available rosidl_typesupport_cpp: rosidl_typesupport_fastrtps_cpp;rosidl_typesupport_introspection_cpp
[0.199s] -- Found rosidl_default_generators: 1.2.0 (/opt/ros/humble/share/rosidl_default_generators/cmake)
[0.295s] [31mCMake Error at /opt/ros/humble/share/rosidl_adapter/cmake/rosidl_adapt_interfaces.cmake:59 (message):
[0.295s]   execute_process(/home/harry/miniconda3/bin/python3 -m rosidl_adapter
[0.295s]   --package-name lbr_fri_idl --arguments-file
[0.295s]   /home/harry/cmu/capstone/calibration_ws/lbr-stack/build/lbr_fri_idl/rosidl_adapter__arguments__lbr_fri_idl.json
[0.295s]   --output-dir
[0.295s]   /home/harry/cmu/capstone/calibration_ws/lbr-stack/build/lbr_fri_idl/rosidl_adapter/lbr_fri_idl
[0.295s]   --output-file
[0.296s]   /home/harry/cmu/capstone/calibration_ws/lbr-stack/build/lbr_fri_idl/rosidl_adapter/lbr_fri_idl.idls)
[0.296s]   returned error code 1:
[0.296s] 
[0.296s]   Traceback (most recent call last):
[0.296s] 
[0.296s]     File "<frozen runpy>", line 198, in _run_module_as_main
[0.296s]     File "<frozen runpy>", line 88, in _run_code
[0.296s]     File "/opt/ros/humble/local/lib/python3.10/dist-packages/rosidl_adapter/__main__.py", line 19, in <module>
[0.296s]       sys.exit(main())
[0.296s]                ^^^^^^
[0.296s]     File "/opt/ros/humble/local/lib/python3.10/dist-packages/rosidl_adapter/main.py", line 53, in main
[0.296s]       abs_idl_file = convert_to_idl(
[0.296s]                      ^^^^^^^^^^^^^^^
[0.296s]     File "/opt/ros/humble/local/lib/python3.10/dist-packages/rosidl_adapter/__init__.py", line 18, in convert_to_idl
[0.296s]       from rosidl_adapter.msg import convert_msg_to_idl
[0.296s]     File "/opt/ros/humble/local/lib/python3.10/dist-packages/rosidl_adapter/msg/__init__.py", line 16, in <module>
[0.296s]       from rosidl_adapter.resource import expand_template
[0.296s]     File "/opt/ros/humble/local/lib/python3.10/dist-packages/rosidl_adapter/resource/__init__.py", line 19, in <module>
[0.296s]       import em
[0.296s] 
[0.297s]   ModuleNotFoundError: No module named 'em'
[0.297s] 
[0.297s] Call Stack (most recent call first):
[0.297s]   /opt/ros/humble/share/rosidl_cmake/cmake/rosidl_generate_interfaces.cmake:130 (rosidl_adapt_interfaces)
[0.297s]   CMakeLists.txt:22 (rosidl_generate_interfaces)
[0.297s] 
[0.297s] [0m
[0.297s] -- Configuring incomplete, errors occurred!
[0.297s] See also "/home/harry/cmu/capstone/calibration_ws/lbr-stack/build/lbr_fri_idl/CMakeFiles/CMakeOutput.log".
