[0.854s] Invoking command in '/home/harry/cmu/capstone/calibration_ws/build/lbr_moveit_cpp': CMAKE_PREFIX_PATH=${CMAKE_PREFIX_PATH}:/home/harry/cmu/capstone/calibration_ws/install/lbr_demos_py:/home/harry/cmu/capstone/calibration_ws/install/lbr_moveit:/home/harry/cmu/capstone/calibration_ws/install/lbr_demos_advanced_py:/home/harry/cmu/capstone/calibration_ws/install/handeye_realsense:/home/harry/cmu/capstone/calibration_ws/install/handeye_ak:/home/harry/cmu/capstone/calibration_ws/install/camera_calibration:/home/harry/cmu/capstone/calibration_ws/handeye_calibration_ws/src/install/handeye_realsense:/opt/ros/humble /usr/bin/cmake --build /home/harry/cmu/capstone/calibration_ws/build/lbr_moveit_cpp -- -j16 -l16
[0.883s] -- Found ament_cmake: 1.3.11 (/opt/ros/humble/share/ament_cmake/cmake)
[1.048s] -- Override CMake install command with custom implementation using symlinks instead of copying resources
[1.054s] -- Found geometry_msgs: 4.2.4 (/opt/ros/humble/share/geometry_msgs/cmake)
[1.083s] -- Found rosidl_generator_c: 3.1.6 (/opt/ros/humble/share/rosidl_generator_c/cmake)
[1.086s] -- Found rosidl_adapter: 3.1.6 (/opt/ros/humble/share/rosidl_adapter/cmake)
[1.092s] -- Found rosidl_generator_cpp: 3.1.6 (/opt/ros/humble/share/rosidl_generator_cpp/cmake)
[1.101s] -- Using all available rosidl_typesupport_c: rosidl_typesupport_fastrtps_c;rosidl_typesupport_introspection_c
[1.113s] -- Using all available rosidl_typesupport_cpp: rosidl_typesupport_fastrtps_cpp;rosidl_typesupport_introspection_cpp
[1.144s] -- Found moveit_ros_planning_interface: 2.5.8 (/opt/ros/humble/share/moveit_ros_planning_interface/cmake)
[1.153s] -- Found Boost: /usr/lib/x86_64-linux-gnu/cmake/Boost-1.74.0/BoostConfig.cmake (found version "1.74.0") found components: date_time filesystem program_options system thread 
[1.279s] -- Found Boost: /usr/lib/x86_64-linux-gnu/cmake/Boost-1.74.0/BoostConfig.cmake (found version "1.74.0") found components: chrono date_time filesystem iostreams program_options regex serialization system thread 
[1.306s] -- Found parameter_traits: 0.4.0 (/opt/ros/humble/share/parameter_traits/cmake)
[1.329s] -- Found rmw_implementation_cmake: 6.1.2 (/opt/ros/humble/share/rmw_implementation_cmake/cmake)
[1.330s] -- Found rmw_fastrtps_cpp: 6.2.7 (/opt/ros/humble/share/rmw_fastrtps_cpp/cmake)
[1.443s] -- Using RMW implementation 'rmw_fastrtps_cpp' as default
[1.481s] -- Found rclcpp_lifecycle: 16.0.11 (/opt/ros/humble/share/rclcpp_lifecycle/cmake)
[1.498s] -- Found Boost: /usr/lib/x86_64-linux-gnu/cmake/Boost-1.74.0/BoostConfig.cmake (found version "1.74.0") found components: filesystem 
[1.536s] -- library: /usr/lib/x86_64-linux-gnu/libcurl.so
[1.558s] -- Ensuring Eigen3 include directory is part of orocos-kdl CMake target
[1.652s] -- Found Boost: /usr/lib/x86_64-linux-gnu/cmake/Boost-1.74.0/BoostConfig.cmake (found version "1.74.0") found components: system filesystem date_time program_options thread chrono 
[1.674s] -- Found Boost: /usr/lib/x86_64-linux-gnu/cmake/Boost-1.74.0/BoostConfig.cmake (found version "1.74.0") found components: thread system filesystem regex date_time program_options 
[1.690s] -- Found Boost: /usr/lib/x86_64-linux-gnu/cmake/Boost-1.74.0/BoostConfig.cmake (found version "1.74.0") found components: system filesystem date_time program_options thread 
[1.772s] -- Configuring done
[1.794s] -- Generating done
[1.800s] -- Build files have been written to: /home/harry/cmu/capstone/calibration_ws/build/lbr_moveit_cpp
[1.830s] [35m[1mConsolidate compiler generated dependencies of target hello_moveit[0m
[1.852s] [100%] Built target hello_moveit
[1.862s] Invoked command in '/home/harry/cmu/capstone/calibration_ws/build/lbr_moveit_cpp' returned '0': CMAKE_PREFIX_PATH=${CMAKE_PREFIX_PATH}:/home/harry/cmu/capstone/calibration_ws/install/lbr_demos_py:/home/harry/cmu/capstone/calibration_ws/install/lbr_moveit:/home/harry/cmu/capstone/calibration_ws/install/lbr_demos_advanced_py:/home/harry/cmu/capstone/calibration_ws/install/handeye_realsense:/home/harry/cmu/capstone/calibration_ws/install/handeye_ak:/home/harry/cmu/capstone/calibration_ws/install/camera_calibration:/home/harry/cmu/capstone/calibration_ws/handeye_calibration_ws/src/install/handeye_realsense:/opt/ros/humble /usr/bin/cmake --build /home/harry/cmu/capstone/calibration_ws/build/lbr_moveit_cpp -- -j16 -l16
[1.864s] Invoking command in '/home/harry/cmu/capstone/calibration_ws/build/lbr_moveit_cpp': CMAKE_PREFIX_PATH=${CMAKE_PREFIX_PATH}:/home/harry/cmu/capstone/calibration_ws/install/lbr_demos_py:/home/harry/cmu/capstone/calibration_ws/install/lbr_moveit:/home/harry/cmu/capstone/calibration_ws/install/lbr_demos_advanced_py:/home/harry/cmu/capstone/calibration_ws/install/handeye_realsense:/home/harry/cmu/capstone/calibration_ws/install/handeye_ak:/home/harry/cmu/capstone/calibration_ws/install/camera_calibration:/home/harry/cmu/capstone/calibration_ws/handeye_calibration_ws/src/install/handeye_realsense:/opt/ros/humble /usr/bin/cmake --install /home/harry/cmu/capstone/calibration_ws/build/lbr_moveit_cpp
[1.870s] -- Install configuration: "Release"
[1.870s] -- Execute custom install script
[1.871s] -- Up-to-date symlink: /home/harry/cmu/capstone/calibration_ws/install/lbr_moveit_cpp/share/lbr_moveit_cpp/launch/hello_moveit.launch.py
[1.871s] -- Up-to-date symlink: /home/harry/cmu/capstone/calibration_ws/install/lbr_moveit_cpp/lib/lbr_moveit_cpp/hello_moveit
[1.871s] -- Up-to-date symlink: /home/harry/cmu/capstone/calibration_ws/install/lbr_moveit_cpp/share/ament_index/resource_index/package_run_dependencies/lbr_moveit_cpp
[1.871s] -- Up-to-date symlink: /home/harry/cmu/capstone/calibration_ws/install/lbr_moveit_cpp/share/ament_index/resource_index/parent_prefix_path/lbr_moveit_cpp
[1.871s] -- Up-to-date symlink: /home/harry/cmu/capstone/calibration_ws/install/lbr_moveit_cpp/share/lbr_moveit_cpp/environment/ament_prefix_path.sh
[1.871s] -- Up-to-date symlink: /home/harry/cmu/capstone/calibration_ws/install/lbr_moveit_cpp/share/lbr_moveit_cpp/environment/ament_prefix_path.dsv
[1.872s] -- Up-to-date symlink: /home/harry/cmu/capstone/calibration_ws/install/lbr_moveit_cpp/share/lbr_moveit_cpp/environment/path.sh
[1.872s] -- Up-to-date symlink: /home/harry/cmu/capstone/calibration_ws/install/lbr_moveit_cpp/share/lbr_moveit_cpp/environment/path.dsv
[1.872s] -- Up-to-date symlink: /home/harry/cmu/capstone/calibration_ws/install/lbr_moveit_cpp/share/lbr_moveit_cpp/local_setup.bash
[1.872s] -- Up-to-date symlink: /home/harry/cmu/capstone/calibration_ws/install/lbr_moveit_cpp/share/lbr_moveit_cpp/local_setup.sh
[1.872s] -- Up-to-date symlink: /home/harry/cmu/capstone/calibration_ws/install/lbr_moveit_cpp/share/lbr_moveit_cpp/local_setup.zsh
[1.872s] -- Up-to-date symlink: /home/harry/cmu/capstone/calibration_ws/install/lbr_moveit_cpp/share/lbr_moveit_cpp/local_setup.dsv
[1.872s] -- Symlinking: /home/harry/cmu/capstone/calibration_ws/install/lbr_moveit_cpp/share/lbr_moveit_cpp/package.dsv
[1.881s] -- Up-to-date symlink: /home/harry/cmu/capstone/calibration_ws/install/lbr_moveit_cpp/share/ament_index/resource_index/packages/lbr_moveit_cpp
[1.881s] -- Up-to-date symlink: /home/harry/cmu/capstone/calibration_ws/install/lbr_moveit_cpp/share/lbr_moveit_cpp/cmake/lbr_moveit_cppConfig.cmake
[1.881s] -- Up-to-date symlink: /home/harry/cmu/capstone/calibration_ws/install/lbr_moveit_cpp/share/lbr_moveit_cpp/cmake/lbr_moveit_cppConfig-version.cmake
[1.881s] -- Up-to-date symlink: /home/harry/cmu/capstone/calibration_ws/install/lbr_moveit_cpp/share/lbr_moveit_cpp/package.xml
[1.883s] Invoked command in '/home/harry/cmu/capstone/calibration_ws/build/lbr_moveit_cpp' returned '0': CMAKE_PREFIX_PATH=${CMAKE_PREFIX_PATH}:/home/harry/cmu/capstone/calibration_ws/install/lbr_demos_py:/home/harry/cmu/capstone/calibration_ws/install/lbr_moveit:/home/harry/cmu/capstone/calibration_ws/install/lbr_demos_advanced_py:/home/harry/cmu/capstone/calibration_ws/install/handeye_realsense:/home/harry/cmu/capstone/calibration_ws/install/handeye_ak:/home/harry/cmu/capstone/calibration_ws/install/camera_calibration:/home/harry/cmu/capstone/calibration_ws/handeye_calibration_ws/src/install/handeye_realsense:/opt/ros/humble /usr/bin/cmake --install /home/harry/cmu/capstone/calibration_ws/build/lbr_moveit_cpp
