[0.012s] Invoking command in '/home/harry/cmu/capstone/calibration_ws/lbr-stack/src/build/lbr_demos_advanced_cpp': AMENT_PREFIX_PATH=/home/harry/cmu/capstone/calibration_ws/lbr-stack/src/install/lbr_fri_ros2:/home/harry/cmu/capstone/calibration_ws/lbr-stack/src/install/lbr_fri_idl:/home/harry/cmu/capstone/calibration_ws/lbr-stack/src/install/lbr_description:${AMENT_PREFIX_PATH} CMAKE_PREFIX_PATH=/home/harry/cmu/capstone/calibration_ws/lbr-stack/src/install/lbr_fri_ros2:/home/harry/cmu/capstone/calibration_ws/lbr-stack/src/install/lbr_fri_idl:/home/harry/cmu/capstone/calibration_ws/lbr-stack/src/install/lbr_description:/home/harry/cmu/capstone/calibration_ws/lbr-stack/src/install/fri_client_sdk:/opt/ros/humble LD_LIBRARY_PATH=/home/harry/cmu/capstone/calibration_ws/lbr-stack/src/install/lbr_fri_ros2/lib:/home/harry/cmu/capstone/calibration_ws/lbr-stack/src/install/lbr_fri_idl/lib:/home/harry/cmu/capstone/calibration_ws/lbr-stack/src/install/fri_client_sdk/lib:${LD_LIBRARY_PATH} PKG_CONFIG_PATH=/home/harry/cmu/capstone/calibration_ws/lbr-stack/src/install/fri_client_sdk/lib/x86_64-linux-gnu/pkgconfig:/home/harry/cmu/capstone/calibration_ws/lbr-stack/src/install/fri_client_sdk/lib/pkgconfig PYTHONPATH=/home/harry/cmu/capstone/calibration_ws/lbr-stack/src/install/lbr_fri_idl/local/lib/python3.10/dist-packages:${PYTHONPATH} /usr/bin/cmake --build /home/harry/cmu/capstone/calibration_ws/lbr-stack/src/build/lbr_demos_advanced_cpp -- -j16 -l16
[0.053s] [35m[1mConsolidate compiler generated dependencies of target pose_control[0m
[0.053s] [35m[1mConsolidate compiler generated dependencies of target pose_planning[0m
[0.053s] [35m[1mConsolidate compiler generated dependencies of target pose_planning_component[0m
[0.053s] [35m[1mConsolidate compiler generated dependencies of target pose_control_component[0m
[0.071s] [ 75%] Built target pose_planning
[0.071s] [ 75%] Built target pose_planning_component
[0.071s] [ 75%] Built target pose_control
[0.072s] [100%] Built target pose_control_component
[0.229s] Invoked command in '/home/harry/cmu/capstone/calibration_ws/lbr-stack/src/build/lbr_demos_advanced_cpp' returned '0': AMENT_PREFIX_PATH=/home/harry/cmu/capstone/calibration_ws/lbr-stack/src/install/lbr_fri_ros2:/home/harry/cmu/capstone/calibration_ws/lbr-stack/src/install/lbr_fri_idl:/home/harry/cmu/capstone/calibration_ws/lbr-stack/src/install/lbr_description:${AMENT_PREFIX_PATH} CMAKE_PREFIX_PATH=/home/harry/cmu/capstone/calibration_ws/lbr-stack/src/install/lbr_fri_ros2:/home/harry/cmu/capstone/calibration_ws/lbr-stack/src/install/lbr_fri_idl:/home/harry/cmu/capstone/calibration_ws/lbr-stack/src/install/lbr_description:/home/harry/cmu/capstone/calibration_ws/lbr-stack/src/install/fri_client_sdk:/opt/ros/humble LD_LIBRARY_PATH=/home/harry/cmu/capstone/calibration_ws/lbr-stack/src/install/lbr_fri_ros2/lib:/home/harry/cmu/capstone/calibration_ws/lbr-stack/src/install/lbr_fri_idl/lib:/home/harry/cmu/capstone/calibration_ws/lbr-stack/src/install/fri_client_sdk/lib:${LD_LIBRARY_PATH} PKG_CONFIG_PATH=/home/harry/cmu/capstone/calibration_ws/lbr-stack/src/install/fri_client_sdk/lib/x86_64-linux-gnu/pkgconfig:/home/harry/cmu/capstone/calibration_ws/lbr-stack/src/install/fri_client_sdk/lib/pkgconfig PYTHONPATH=/home/harry/cmu/capstone/calibration_ws/lbr-stack/src/install/lbr_fri_idl/local/lib/python3.10/dist-packages:${PYTHONPATH} /usr/bin/cmake --build /home/harry/cmu/capstone/calibration_ws/lbr-stack/src/build/lbr_demos_advanced_cpp -- -j16 -l16
[0.230s] Invoking command in '/home/harry/cmu/capstone/calibration_ws/lbr-stack/src/build/lbr_demos_advanced_cpp': AMENT_PREFIX_PATH=/home/harry/cmu/capstone/calibration_ws/lbr-stack/src/install/lbr_fri_ros2:/home/harry/cmu/capstone/calibration_ws/lbr-stack/src/install/lbr_fri_idl:/home/harry/cmu/capstone/calibration_ws/lbr-stack/src/install/lbr_description:${AMENT_PREFIX_PATH} CMAKE_PREFIX_PATH=/home/harry/cmu/capstone/calibration_ws/lbr-stack/src/install/lbr_fri_ros2:/home/harry/cmu/capstone/calibration_ws/lbr-stack/src/install/lbr_fri_idl:/home/harry/cmu/capstone/calibration_ws/lbr-stack/src/install/lbr_description:/home/harry/cmu/capstone/calibration_ws/lbr-stack/src/install/fri_client_sdk:/opt/ros/humble LD_LIBRARY_PATH=/home/harry/cmu/capstone/calibration_ws/lbr-stack/src/install/lbr_fri_ros2/lib:/home/harry/cmu/capstone/calibration_ws/lbr-stack/src/install/lbr_fri_idl/lib:/home/harry/cmu/capstone/calibration_ws/lbr-stack/src/install/fri_client_sdk/lib:${LD_LIBRARY_PATH} PKG_CONFIG_PATH=/home/harry/cmu/capstone/calibration_ws/lbr-stack/src/install/fri_client_sdk/lib/x86_64-linux-gnu/pkgconfig:/home/harry/cmu/capstone/calibration_ws/lbr-stack/src/install/fri_client_sdk/lib/pkgconfig PYTHONPATH=/home/harry/cmu/capstone/calibration_ws/lbr-stack/src/install/lbr_fri_idl/local/lib/python3.10/dist-packages:${PYTHONPATH} /usr/bin/cmake --install /home/harry/cmu/capstone/calibration_ws/lbr-stack/src/build/lbr_demos_advanced_cpp
[0.236s] -- Install configuration: "Release"
[0.237s] -- Execute custom install script
[0.237s] -- Up-to-date symlink: /home/harry/cmu/capstone/calibration_ws/lbr-stack/src/install/lbr_demos_advanced_cpp/lib/lbr_demos_advanced_cpp/pose_planning
[0.237s] -- Up-to-date symlink: /home/harry/cmu/capstone/calibration_ws/lbr-stack/src/install/lbr_demos_advanced_cpp/lib/lbr_demos_advanced_cpp/pose_control
[0.238s] -- Up-to-date symlink: /home/harry/cmu/capstone/calibration_ws/lbr-stack/src/install/lbr_demos_advanced_cpp/lib/libpose_planning_component.so
[0.238s] -- Up-to-date symlink: /home/harry/cmu/capstone/calibration_ws/lbr-stack/src/install/lbr_demos_advanced_cpp/lib/libpose_control_component.so
[0.238s] -- Up-to-date symlink: /home/harry/cmu/capstone/calibration_ws/lbr-stack/src/install/lbr_demos_advanced_cpp/share/lbr_demos_advanced_cpp/config/lbr_system_config.yaml
[0.238s] -- Up-to-date symlink: /home/harry/cmu/capstone/calibration_ws/lbr-stack/src/install/lbr_demos_advanced_cpp/share/ament_index/resource_index/package_run_dependencies/lbr_demos_advanced_cpp
[0.238s] -- Up-to-date symlink: /home/harry/cmu/capstone/calibration_ws/lbr-stack/src/install/lbr_demos_advanced_cpp/share/ament_index/resource_index/parent_prefix_path/lbr_demos_advanced_cpp
[0.239s] -- Up-to-date symlink: /home/harry/cmu/capstone/calibration_ws/lbr-stack/src/install/lbr_demos_advanced_cpp/share/lbr_demos_advanced_cpp/environment/ament_prefix_path.sh
[0.239s] -- Up-to-date symlink: /home/harry/cmu/capstone/calibration_ws/lbr-stack/src/install/lbr_demos_advanced_cpp/share/lbr_demos_advanced_cpp/environment/ament_prefix_path.dsv
[0.239s] -- Up-to-date symlink: /home/harry/cmu/capstone/calibration_ws/lbr-stack/src/install/lbr_demos_advanced_cpp/share/lbr_demos_advanced_cpp/environment/path.sh
[0.239s] -- Up-to-date symlink: /home/harry/cmu/capstone/calibration_ws/lbr-stack/src/install/lbr_demos_advanced_cpp/share/lbr_demos_advanced_cpp/environment/path.dsv
[0.239s] -- Up-to-date symlink: /home/harry/cmu/capstone/calibration_ws/lbr-stack/src/install/lbr_demos_advanced_cpp/share/lbr_demos_advanced_cpp/local_setup.bash
[0.239s] -- Up-to-date symlink: /home/harry/cmu/capstone/calibration_ws/lbr-stack/src/install/lbr_demos_advanced_cpp/share/lbr_demos_advanced_cpp/local_setup.sh
[0.239s] -- Up-to-date symlink: /home/harry/cmu/capstone/calibration_ws/lbr-stack/src/install/lbr_demos_advanced_cpp/share/lbr_demos_advanced_cpp/local_setup.zsh
[0.240s] -- Up-to-date symlink: /home/harry/cmu/capstone/calibration_ws/lbr-stack/src/install/lbr_demos_advanced_cpp/share/lbr_demos_advanced_cpp/local_setup.dsv
[0.240s] -- Symlinking: /home/harry/cmu/capstone/calibration_ws/lbr-stack/src/install/lbr_demos_advanced_cpp/share/lbr_demos_advanced_cpp/package.dsv
[0.248s] -- Up-to-date symlink: /home/harry/cmu/capstone/calibration_ws/lbr-stack/src/install/lbr_demos_advanced_cpp/share/ament_index/resource_index/packages/lbr_demos_advanced_cpp
[0.249s] -- Up-to-date symlink: /home/harry/cmu/capstone/calibration_ws/lbr-stack/src/install/lbr_demos_advanced_cpp/share/ament_index/resource_index/rclcpp_components/lbr_demos_advanced_cpp
[0.249s] -- Up-to-date symlink: /home/harry/cmu/capstone/calibration_ws/lbr-stack/src/install/lbr_demos_advanced_cpp/share/lbr_demos_advanced_cpp/cmake/lbr_demos_advanced_cppConfig.cmake
[0.249s] -- Up-to-date symlink: /home/harry/cmu/capstone/calibration_ws/lbr-stack/src/install/lbr_demos_advanced_cpp/share/lbr_demos_advanced_cpp/cmake/lbr_demos_advanced_cppConfig-version.cmake
[0.249s] -- Up-to-date symlink: /home/harry/cmu/capstone/calibration_ws/lbr-stack/src/install/lbr_demos_advanced_cpp/share/lbr_demos_advanced_cpp/package.xml
[0.251s] Invoked command in '/home/harry/cmu/capstone/calibration_ws/lbr-stack/src/build/lbr_demos_advanced_cpp' returned '0': AMENT_PREFIX_PATH=/home/harry/cmu/capstone/calibration_ws/lbr-stack/src/install/lbr_fri_ros2:/home/harry/cmu/capstone/calibration_ws/lbr-stack/src/install/lbr_fri_idl:/home/harry/cmu/capstone/calibration_ws/lbr-stack/src/install/lbr_description:${AMENT_PREFIX_PATH} CMAKE_PREFIX_PATH=/home/harry/cmu/capstone/calibration_ws/lbr-stack/src/install/lbr_fri_ros2:/home/harry/cmu/capstone/calibration_ws/lbr-stack/src/install/lbr_fri_idl:/home/harry/cmu/capstone/calibration_ws/lbr-stack/src/install/lbr_description:/home/harry/cmu/capstone/calibration_ws/lbr-stack/src/install/fri_client_sdk:/opt/ros/humble LD_LIBRARY_PATH=/home/harry/cmu/capstone/calibration_ws/lbr-stack/src/install/lbr_fri_ros2/lib:/home/harry/cmu/capstone/calibration_ws/lbr-stack/src/install/lbr_fri_idl/lib:/home/harry/cmu/capstone/calibration_ws/lbr-stack/src/install/fri_client_sdk/lib:${LD_LIBRARY_PATH} PKG_CONFIG_PATH=/home/harry/cmu/capstone/calibration_ws/lbr-stack/src/install/fri_client_sdk/lib/x86_64-linux-gnu/pkgconfig:/home/harry/cmu/capstone/calibration_ws/lbr-stack/src/install/fri_client_sdk/lib/pkgconfig PYTHONPATH=/home/harry/cmu/capstone/calibration_ws/lbr-stack/src/install/lbr_fri_idl/local/lib/python3.10/dist-packages:${PYTHONPATH} /usr/bin/cmake --install /home/harry/cmu/capstone/calibration_ws/lbr-stack/src/build/lbr_demos_advanced_cpp
