[1.546s] Invoking command in '/home/harry/cmu/capstone/calibration_ws/handeye_calibration_ws/src/handeye_calibration_ros2/camera_calibration': PYTHONPATH=/home/harry/cmu/capstone/calibration_ws/build/camera_calibration/prefix_override:/usr/lib/python3/dist-packages/colcon_core/task/python/colcon_distutils_commands:/home/harry/cmu/capstone/calibration_ws/install/camera_calibration/lib/python3.10/site-packages:${PYTHONPATH} /usr/bin/python3 -W ignore:setup.py install is deprecated -W ignore:easy_install command is deprecated setup.py egg_info --egg-base ../../../../build/camera_calibration build --build-base /home/harry/cmu/capstone/calibration_ws/build/camera_calibration/build install --record /home/harry/cmu/capstone/calibration_ws/build/camera_calibration/install.log --single-version-externally-managed install_data
[1.825s] running egg_info
[1.825s] writing ../../../../build/camera_calibration/camera_calibration.egg-info/PKG-INFO
[1.825s] writing dependency_links to ../../../../build/camera_calibration/camera_calibration.egg-info/dependency_links.txt
[1.825s] writing entry points to ../../../../build/camera_calibration/camera_calibration.egg-info/entry_points.txt
[1.825s] writing requirements to ../../../../build/camera_calibration/camera_calibration.egg-info/requires.txt
[1.826s] writing top-level names to ../../../../build/camera_calibration/camera_calibration.egg-info/top_level.txt
[1.827s] reading manifest file '../../../../build/camera_calibration/camera_calibration.egg-info/SOURCES.txt'
[1.827s] adding license file 'LICENSE'
[1.828s] writing manifest file '../../../../build/camera_calibration/camera_calibration.egg-info/SOURCES.txt'
[1.828s] running build
[1.828s] running build_py
[1.829s] running install
[1.829s] running install_lib
[1.831s] running install_data
[1.831s] running install_egg_info
[1.833s] removing '/home/harry/cmu/capstone/calibration_ws/install/camera_calibration/lib/python3.10/site-packages/camera_calibration-0.0.0-py3.10.egg-info' (and everything under it)
[1.833s] Copying ../../../../build/camera_calibration/camera_calibration.egg-info to /home/harry/cmu/capstone/calibration_ws/install/camera_calibration/lib/python3.10/site-packages/camera_calibration-0.0.0-py3.10.egg-info
[1.835s] running install_scripts
[1.861s] writing list of installed files to '/home/harry/cmu/capstone/calibration_ws/build/camera_calibration/install.log'
[2.201s] Invoked command in '/home/harry/cmu/capstone/calibration_ws/handeye_calibration_ws/src/handeye_calibration_ros2/camera_calibration' returned '0': PYTHONPATH=/home/harry/cmu/capstone/calibration_ws/build/camera_calibration/prefix_override:/usr/lib/python3/dist-packages/colcon_core/task/python/colcon_distutils_commands:/home/harry/cmu/capstone/calibration_ws/install/camera_calibration/lib/python3.10/site-packages:${PYTHONPATH} /usr/bin/python3 -W ignore:setup.py install is deprecated -W ignore:easy_install command is deprecated setup.py egg_info --egg-base ../../../../build/camera_calibration build --build-base /home/harry/cmu/capstone/calibration_ws/build/camera_calibration/build install --record /home/harry/cmu/capstone/calibration_ws/build/camera_calibration/install.log --single-version-externally-managed install_data
