[0.015s] Invoking command in '/home/harry/cmu/capstone/calibration_ws/lbr-stack/src/build/iiwa14_moveit_config': AMENT_PREFIX_PATH=/home/harry/cmu/capstone/calibration_ws/lbr-stack/src/install/lbr_description:${AMENT_PREFIX_PATH} CMAKE_PREFIX_PATH=/home/harry/cmu/capstone/calibration_ws/lbr-stack/src/install/lbr_description:/opt/ros/humble /usr/bin/cmake /home/harry/cmu/capstone/calibration_ws/lbr-stack/src/lbr_fri_ros2_stack/lbr_moveit_config/iiwa14_moveit_config -DAMENT_CMAKE_SYMLINK_INSTALL=1 -DCMAKE_INSTALL_PREFIX=/home/harry/cmu/capstone/calibration_ws/lbr-stack/src/install/iiwa14_moveit_config
[0.066s] -- The C compiler identification is GNU 11.4.0
[0.121s] -- The CXX compiler identification is GNU 11.4.0
[0.128s] -- Detecting C compiler ABI info
[0.195s] -- Detecting C compiler ABI info - done
[0.202s] -- Check for working C compiler: /usr/bin/cc - skipped
[0.202s] -- Detecting C compile features
[0.203s] -- Detecting C compile features - done
[0.205s] -- Detecting CXX compiler ABI info
[0.276s] -- Detecting CXX compiler ABI info - done
[0.282s] -- Check for working CXX compiler: /usr/bin/c++ - skipped
[0.282s] -- Detecting CXX compile features
[0.282s] -- Detecting CXX compile features - done
[0.285s] -- Found ament_cmake: 1.3.11 (/opt/ros/humble/share/ament_cmake/cmake)
[0.416s] -- Found Python3: /usr/bin/python3 (found version "3.10.12") found components: Interpreter 
[0.472s] -- Override CMake install command with custom implementation using symlinks instead of copying resources
[0.595s] -- Configuring done
[0.598s] -- Generating done
[0.601s] -- Build files have been written to: /home/harry/cmu/capstone/calibration_ws/lbr-stack/src/build/iiwa14_moveit_config
[0.611s] Invoked command in '/home/harry/cmu/capstone/calibration_ws/lbr-stack/src/build/iiwa14_moveit_config' returned '0': AMENT_PREFIX_PATH=/home/harry/cmu/capstone/calibration_ws/lbr-stack/src/install/lbr_description:${AMENT_PREFIX_PATH} CMAKE_PREFIX_PATH=/home/harry/cmu/capstone/calibration_ws/lbr-stack/src/install/lbr_description:/opt/ros/humble /usr/bin/cmake /home/harry/cmu/capstone/calibration_ws/lbr-stack/src/lbr_fri_ros2_stack/lbr_moveit_config/iiwa14_moveit_config -DAMENT_CMAKE_SYMLINK_INSTALL=1 -DCMAKE_INSTALL_PREFIX=/home/harry/cmu/capstone/calibration_ws/lbr-stack/src/install/iiwa14_moveit_config
[0.612s] Invoking command in '/home/harry/cmu/capstone/calibration_ws/lbr-stack/src/build/iiwa14_moveit_config': AMENT_PREFIX_PATH=/home/harry/cmu/capstone/calibration_ws/lbr-stack/src/install/lbr_description:${AMENT_PREFIX_PATH} CMAKE_PREFIX_PATH=/home/harry/cmu/capstone/calibration_ws/lbr-stack/src/install/lbr_description:/opt/ros/humble /usr/bin/cmake --build /home/harry/cmu/capstone/calibration_ws/lbr-stack/src/build/iiwa14_moveit_config -- -j16 -l16
[0.657s] Invoked command in '/home/harry/cmu/capstone/calibration_ws/lbr-stack/src/build/iiwa14_moveit_config' returned '0': AMENT_PREFIX_PATH=/home/harry/cmu/capstone/calibration_ws/lbr-stack/src/install/lbr_description:${AMENT_PREFIX_PATH} CMAKE_PREFIX_PATH=/home/harry/cmu/capstone/calibration_ws/lbr-stack/src/install/lbr_description:/opt/ros/humble /usr/bin/cmake --build /home/harry/cmu/capstone/calibration_ws/lbr-stack/src/build/iiwa14_moveit_config -- -j16 -l16
[0.660s] Invoking command in '/home/harry/cmu/capstone/calibration_ws/lbr-stack/src/build/iiwa14_moveit_config': AMENT_PREFIX_PATH=/home/harry/cmu/capstone/calibration_ws/lbr-stack/src/install/lbr_description:${AMENT_PREFIX_PATH} CMAKE_PREFIX_PATH=/home/harry/cmu/capstone/calibration_ws/lbr-stack/src/install/lbr_description:/opt/ros/humble /usr/bin/cmake --install /home/harry/cmu/capstone/calibration_ws/lbr-stack/src/build/iiwa14_moveit_config
[0.668s] -- Install configuration: ""
[0.669s] -- Execute custom install script
[0.669s] -- Symlinking: /home/harry/cmu/capstone/calibration_ws/lbr-stack/src/install/iiwa14_moveit_config/share/ament_index/resource_index/package_run_dependencies/iiwa14_moveit_config
[0.683s] -- Symlinking: /home/harry/cmu/capstone/calibration_ws/lbr-stack/src/install/iiwa14_moveit_config/share/ament_index/resource_index/parent_prefix_path/iiwa14_moveit_config
[0.695s] -- Symlinking: /home/harry/cmu/capstone/calibration_ws/lbr-stack/src/install/iiwa14_moveit_config/share/iiwa14_moveit_config/environment/ament_prefix_path.sh
[0.707s] -- Symlinking: /home/harry/cmu/capstone/calibration_ws/lbr-stack/src/install/iiwa14_moveit_config/share/iiwa14_moveit_config/environment/ament_prefix_path.dsv
[0.718s] -- Symlinking: /home/harry/cmu/capstone/calibration_ws/lbr-stack/src/install/iiwa14_moveit_config/share/iiwa14_moveit_config/environment/path.sh
[0.731s] -- Symlinking: /home/harry/cmu/capstone/calibration_ws/lbr-stack/src/install/iiwa14_moveit_config/share/iiwa14_moveit_config/environment/path.dsv
[0.743s] -- Symlinking: /home/harry/cmu/capstone/calibration_ws/lbr-stack/src/install/iiwa14_moveit_config/share/iiwa14_moveit_config/local_setup.bash
[0.754s] -- Symlinking: /home/harry/cmu/capstone/calibration_ws/lbr-stack/src/install/iiwa14_moveit_config/share/iiwa14_moveit_config/local_setup.sh
[0.767s] -- Symlinking: /home/harry/cmu/capstone/calibration_ws/lbr-stack/src/install/iiwa14_moveit_config/share/iiwa14_moveit_config/local_setup.zsh
[0.779s] -- Symlinking: /home/harry/cmu/capstone/calibration_ws/lbr-stack/src/install/iiwa14_moveit_config/share/iiwa14_moveit_config/local_setup.dsv
[0.790s] -- Symlinking: /home/harry/cmu/capstone/calibration_ws/lbr-stack/src/install/iiwa14_moveit_config/share/iiwa14_moveit_config/package.dsv
[0.802s] -- Symlinking: /home/harry/cmu/capstone/calibration_ws/lbr-stack/src/install/iiwa14_moveit_config/share/ament_index/resource_index/packages/iiwa14_moveit_config
[0.815s] -- Symlinking: /home/harry/cmu/capstone/calibration_ws/lbr-stack/src/install/iiwa14_moveit_config/share/iiwa14_moveit_config/cmake/iiwa14_moveit_configConfig.cmake
[0.828s] -- Symlinking: /home/harry/cmu/capstone/calibration_ws/lbr-stack/src/install/iiwa14_moveit_config/share/iiwa14_moveit_config/cmake/iiwa14_moveit_configConfig-version.cmake
[0.839s] -- Symlinking: /home/harry/cmu/capstone/calibration_ws/lbr-stack/src/install/iiwa14_moveit_config/share/iiwa14_moveit_config/package.xml
[0.848s] -- Symlinking: /home/harry/cmu/capstone/calibration_ws/lbr-stack/src/install/iiwa14_moveit_config/share/iiwa14_moveit_config/launch/move_group.launch.py
[0.857s] -- Symlinking: /home/harry/cmu/capstone/calibration_ws/lbr-stack/src/install/iiwa14_moveit_config/share/iiwa14_moveit_config/launch/moveit_rviz.launch.py
[0.867s] -- Symlinking: /home/harry/cmu/capstone/calibration_ws/lbr-stack/src/install/iiwa14_moveit_config/share/iiwa14_moveit_config/launch/setup_assistant.launch.py
[0.878s] -- Symlinking: /home/harry/cmu/capstone/calibration_ws/lbr-stack/src/install/iiwa14_moveit_config/share/iiwa14_moveit_config/config/iiwa14.srdf
[0.889s] -- Symlinking: /home/harry/cmu/capstone/calibration_ws/lbr-stack/src/install/iiwa14_moveit_config/share/iiwa14_moveit_config/config/joint_limits.yaml
[0.898s] -- Symlinking: /home/harry/cmu/capstone/calibration_ws/lbr-stack/src/install/iiwa14_moveit_config/share/iiwa14_moveit_config/config/kinematics.yaml
[0.907s] -- Symlinking: /home/harry/cmu/capstone/calibration_ws/lbr-stack/src/install/iiwa14_moveit_config/share/iiwa14_moveit_config/config/moveit.rviz
[0.918s] -- Symlinking: /home/harry/cmu/capstone/calibration_ws/lbr-stack/src/install/iiwa14_moveit_config/share/iiwa14_moveit_config/config/moveit_controllers.yaml
[0.928s] -- Symlinking: /home/harry/cmu/capstone/calibration_ws/lbr-stack/src/install/iiwa14_moveit_config/share/iiwa14_moveit_config/config/pilz_cartesian_limits.yaml
[0.939s] -- Symlinking: /home/harry/cmu/capstone/calibration_ws/lbr-stack/src/install/iiwa14_moveit_config/share/iiwa14_moveit_config/.setup_assistant
[0.962s] Invoked command in '/home/harry/cmu/capstone/calibration_ws/lbr-stack/src/build/iiwa14_moveit_config' returned '0': AMENT_PREFIX_PATH=/home/harry/cmu/capstone/calibration_ws/lbr-stack/src/install/lbr_description:${AMENT_PREFIX_PATH} CMAKE_PREFIX_PATH=/home/harry/cmu/capstone/calibration_ws/lbr-stack/src/install/lbr_description:/opt/ros/humble /usr/bin/cmake --install /home/harry/cmu/capstone/calibration_ws/lbr-stack/src/build/iiwa14_moveit_config
