[0.015s] Invoking command in '/home/harry/cmu/capstone/calibration_ws/build/lbr_fri_ros2': CMAKE_PREFIX_PATH=/home/harry/cmu/capstone/calibration_ws/install/lbr_fri_idl:/home/harry/cmu/capstone/calibration_ws/install/lbr_description:/home/harry/cmu/capstone/calibration_ws/install/fri_client_sdk:/home/harry/cmu/capstone/calibration_ws/install/med7_moveit_config:/home/harry/cmu/capstone/calibration_ws/install/med14_moveit_config:/home/harry/cmu/capstone/calibration_ws/install/lbr_fri_ros2_stack:/home/harry/cmu/capstone/calibration_ws/install/lbr_demos_cpp:/home/harry/cmu/capstone/calibration_ws/install/lbr_bringup:/home/harry/cmu/capstone/calibration_ws/install/lbr_ros2_control:/home/harry/cmu/capstone/calibration_ws/install/lbr_moveit_cpp:/home/harry/cmu/capstone/calibration_ws/install/lbr_demos_advanced_cpp:/home/harry/cmu/capstone/calibration_ws/install/lbr_fri_ros2:/home/harry/cmu/capstone/calibration_ws/install/iiwa7_moveit_config:/home/harry/cmu/capstone/calibration_ws/install/iiwa14_moveit_config:/home/harry/cmu/capstone/calibration_ws/lbr-stack/install/fri_client_sdk:/home/harry/cmu/capstone/calibration_ws/install/lbr_demos_py:/home/harry/cmu/capstone/calibration_ws/install/lbr_moveit:/home/harry/cmu/capstone/calibration_ws/install/lbr_demos_advanced_py:/home/harry/cmu/capstone/calibration_ws/install/handeye_realsense:/home/harry/cmu/capstone/calibration_ws/install/handeye_ak:/home/harry/cmu/capstone/calibration_ws/install/camera_calibration:/home/harry/cmu/capstone/calibration_ws/handeye_calibration_ws/src/install/handeye_realsense:/opt/ros/humble LD_LIBRARY_PATH=/home/harry/cmu/capstone/calibration_ws/install/lbr_fri_idl/lib:/home/harry/cmu/capstone/calibration_ws/install/fri_client_sdk/lib:/home/harry/cmu/capstone/calibration_ws/install/lbr_ros2_control/lib:/home/harry/cmu/capstone/calibration_ws/install/lbr_demos_advanced_cpp/lib:/home/harry/cmu/capstone/calibration_ws/install/lbr_fri_ros2/lib:/home/harry/cmu/capstone/calibration_ws/lbr-stack/install/fri_client_sdk/lib:/opt/ros/humble/opt/rviz_ogre_vendor/lib:/opt/ros/humble/lib/x86_64-linux-gnu:/opt/ros/humble/lib /usr/bin/cmake --build /home/harry/cmu/capstone/calibration_ws/build/lbr_fri_ros2 -- -j16 -l16
[0.043s] -- Found ament_cmake: 1.3.11 (/opt/ros/humble/share/ament_cmake/cmake)
[0.168s] -- Override CMake install command with custom implementation using symlinks instead of copying resources
[0.175s] -- Found eigen3_cmake_module: 0.1.1 (/opt/ros/humble/share/eigen3_cmake_module/cmake)
[0.176s] -- Found geometry_msgs: 4.2.4 (/opt/ros/humble/share/geometry_msgs/cmake)
[0.199s] -- Found rosidl_generator_c: 3.1.6 (/opt/ros/humble/share/rosidl_generator_c/cmake)
[0.201s] -- Found rosidl_adapter: 3.1.6 (/opt/ros/humble/share/rosidl_adapter/cmake)
[0.206s] -- Found rosidl_generator_cpp: 3.1.6 (/opt/ros/humble/share/rosidl_generator_cpp/cmake)
[0.214s] -- Using all available rosidl_typesupport_c: rosidl_typesupport_fastrtps_c;rosidl_typesupport_introspection_c
[0.225s] -- Using all available rosidl_typesupport_cpp: rosidl_typesupport_fastrtps_cpp;rosidl_typesupport_introspection_cpp
[0.253s] -- Found kdl_parser: 2.6.4 (/opt/ros/humble/share/kdl_parser/cmake)
[0.256s] -- Ensuring Eigen3 include directory is part of orocos-kdl CMake target
[0.257s] -- Found lbr_fri_idl: 1.5.0 (/home/harry/cmu/capstone/calibration_ws/install/lbr_fri_idl/share/lbr_fri_idl/cmake)
[0.266s] -- Found rclcpp: 16.0.11 (/opt/ros/humble/share/rclcpp/cmake)
[0.285s] -- Found rmw_implementation_cmake: 6.1.2 (/opt/ros/humble/share/rmw_implementation_cmake/cmake)
[0.287s] -- Found rmw_fastrtps_cpp: 6.2.7 (/opt/ros/humble/share/rmw_fastrtps_cpp/cmake)
[0.391s] -- Using RMW implementation 'rmw_fastrtps_cpp' as default
[0.418s] -- Found realtime_tools: 2.11.0 (/opt/ros/humble/share/realtime_tools/cmake)
[0.441s] -- Found urdf: 2.6.1 (/opt/ros/humble/share/urdf/cmake)
[0.464s] -- Found ament_cmake_gtest: 1.3.11 (/opt/ros/humble/share/ament_cmake_gtest/cmake)
[0.465s] -- Found gtest sources under '/opt/ros/humble/src/gtest_vendor': C++ tests using 'Google Test' will be built
[0.521s] -- Configuring done
[0.539s] -- Generating done
[0.545s] -- Build files have been written to: /home/harry/cmu/capstone/calibration_ws/build/lbr_fri_ros2
[0.572s] [35m[1mConsolidate compiler generated dependencies of target gtest_main[0m
[0.572s] [35m[1mConsolidate compiler generated dependencies of target gtest[0m
[0.575s] [35m[1mConsolidate compiler generated dependencies of target lbr_fri_ros2[0m
[0.585s] [ 10%] Built target gtest
[0.585s] [ 20%] Built target gtest_main
[0.600s] [ 90%] Built target lbr_fri_ros2
[0.609s] [35m[1mConsolidate compiler generated dependencies of target test_command_interfaces[0m
[0.622s] [100%] Built target test_command_interfaces
[0.632s] Invoked command in '/home/harry/cmu/capstone/calibration_ws/build/lbr_fri_ros2' returned '0': CMAKE_PREFIX_PATH=/home/harry/cmu/capstone/calibration_ws/install/lbr_fri_idl:/home/harry/cmu/capstone/calibration_ws/install/lbr_description:/home/harry/cmu/capstone/calibration_ws/install/fri_client_sdk:/home/harry/cmu/capstone/calibration_ws/install/med7_moveit_config:/home/harry/cmu/capstone/calibration_ws/install/med14_moveit_config:/home/harry/cmu/capstone/calibration_ws/install/lbr_fri_ros2_stack:/home/harry/cmu/capstone/calibration_ws/install/lbr_demos_cpp:/home/harry/cmu/capstone/calibration_ws/install/lbr_bringup:/home/harry/cmu/capstone/calibration_ws/install/lbr_ros2_control:/home/harry/cmu/capstone/calibration_ws/install/lbr_moveit_cpp:/home/harry/cmu/capstone/calibration_ws/install/lbr_demos_advanced_cpp:/home/harry/cmu/capstone/calibration_ws/install/lbr_fri_ros2:/home/harry/cmu/capstone/calibration_ws/install/iiwa7_moveit_config:/home/harry/cmu/capstone/calibration_ws/install/iiwa14_moveit_config:/home/harry/cmu/capstone/calibration_ws/lbr-stack/install/fri_client_sdk:/home/harry/cmu/capstone/calibration_ws/install/lbr_demos_py:/home/harry/cmu/capstone/calibration_ws/install/lbr_moveit:/home/harry/cmu/capstone/calibration_ws/install/lbr_demos_advanced_py:/home/harry/cmu/capstone/calibration_ws/install/handeye_realsense:/home/harry/cmu/capstone/calibration_ws/install/handeye_ak:/home/harry/cmu/capstone/calibration_ws/install/camera_calibration:/home/harry/cmu/capstone/calibration_ws/handeye_calibration_ws/src/install/handeye_realsense:/opt/ros/humble LD_LIBRARY_PATH=/home/harry/cmu/capstone/calibration_ws/install/lbr_fri_idl/lib:/home/harry/cmu/capstone/calibration_ws/install/fri_client_sdk/lib:/home/harry/cmu/capstone/calibration_ws/install/lbr_ros2_control/lib:/home/harry/cmu/capstone/calibration_ws/install/lbr_demos_advanced_cpp/lib:/home/harry/cmu/capstone/calibration_ws/install/lbr_fri_ros2/lib:/home/harry/cmu/capstone/calibration_ws/lbr-stack/install/fri_client_sdk/lib:/opt/ros/humble/opt/rviz_ogre_vendor/lib:/opt/ros/humble/lib/x86_64-linux-gnu:/opt/ros/humble/lib /usr/bin/cmake --build /home/harry/cmu/capstone/calibration_ws/build/lbr_fri_ros2 -- -j16 -l16
[0.634s] Invoking command in '/home/harry/cmu/capstone/calibration_ws/build/lbr_fri_ros2': CMAKE_PREFIX_PATH=/home/harry/cmu/capstone/calibration_ws/install/lbr_fri_idl:/home/harry/cmu/capstone/calibration_ws/install/lbr_description:/home/harry/cmu/capstone/calibration_ws/install/fri_client_sdk:/home/harry/cmu/capstone/calibration_ws/install/med7_moveit_config:/home/harry/cmu/capstone/calibration_ws/install/med14_moveit_config:/home/harry/cmu/capstone/calibration_ws/install/lbr_fri_ros2_stack:/home/harry/cmu/capstone/calibration_ws/install/lbr_demos_cpp:/home/harry/cmu/capstone/calibration_ws/install/lbr_bringup:/home/harry/cmu/capstone/calibration_ws/install/lbr_ros2_control:/home/harry/cmu/capstone/calibration_ws/install/lbr_moveit_cpp:/home/harry/cmu/capstone/calibration_ws/install/lbr_demos_advanced_cpp:/home/harry/cmu/capstone/calibration_ws/install/lbr_fri_ros2:/home/harry/cmu/capstone/calibration_ws/install/iiwa7_moveit_config:/home/harry/cmu/capstone/calibration_ws/install/iiwa14_moveit_config:/home/harry/cmu/capstone/calibration_ws/lbr-stack/install/fri_client_sdk:/home/harry/cmu/capstone/calibration_ws/install/lbr_demos_py:/home/harry/cmu/capstone/calibration_ws/install/lbr_moveit:/home/harry/cmu/capstone/calibration_ws/install/lbr_demos_advanced_py:/home/harry/cmu/capstone/calibration_ws/install/handeye_realsense:/home/harry/cmu/capstone/calibration_ws/install/handeye_ak:/home/harry/cmu/capstone/calibration_ws/install/camera_calibration:/home/harry/cmu/capstone/calibration_ws/handeye_calibration_ws/src/install/handeye_realsense:/opt/ros/humble LD_LIBRARY_PATH=/home/harry/cmu/capstone/calibration_ws/install/lbr_fri_idl/lib:/home/harry/cmu/capstone/calibration_ws/install/fri_client_sdk/lib:/home/harry/cmu/capstone/calibration_ws/install/lbr_ros2_control/lib:/home/harry/cmu/capstone/calibration_ws/install/lbr_demos_advanced_cpp/lib:/home/harry/cmu/capstone/calibration_ws/install/lbr_fri_ros2/lib:/home/harry/cmu/capstone/calibration_ws/lbr-stack/install/fri_client_sdk/lib:/opt/ros/humble/opt/rviz_ogre_vendor/lib:/opt/ros/humble/lib/x86_64-linux-gnu:/opt/ros/humble/lib /usr/bin/cmake --install /home/harry/cmu/capstone/calibration_ws/build/lbr_fri_ros2
[0.640s] -- Install configuration: "Release"
[0.640s] -- Execute custom install script
[0.640s] -- Up-to-date symlink: /home/harry/cmu/capstone/calibration_ws/install/lbr_fri_ros2/share/lbr_fri_ros2/environment/library_path.sh
[0.640s] -- Up-to-date symlink: /home/harry/cmu/capstone/calibration_ws/install/lbr_fri_ros2/share/lbr_fri_ros2/environment/library_path.dsv
[0.641s] -- Up-to-date symlink: /home/harry/cmu/capstone/calibration_ws/install/lbr_fri_ros2/include/lbr_fri_ros2/app.hpp
[0.641s] -- Up-to-date symlink: /home/harry/cmu/capstone/calibration_ws/install/lbr_fri_ros2/include/lbr_fri_ros2/async_client.hpp
[0.641s] -- Up-to-date symlink: /home/harry/cmu/capstone/calibration_ws/install/lbr_fri_ros2/include/lbr_fri_ros2/command_guard.hpp
[0.641s] -- Up-to-date symlink: /home/harry/cmu/capstone/calibration_ws/install/lbr_fri_ros2/include/lbr_fri_ros2/control.hpp
[0.641s] -- Up-to-date symlink: /home/harry/cmu/capstone/calibration_ws/install/lbr_fri_ros2/include/lbr_fri_ros2/filters.hpp
[0.641s] -- Up-to-date symlink: /home/harry/cmu/capstone/calibration_ws/install/lbr_fri_ros2/include/lbr_fri_ros2/formatting.hpp
[0.641s] -- Up-to-date symlink: /home/harry/cmu/capstone/calibration_ws/install/lbr_fri_ros2/include/lbr_fri_ros2/ft_estimator.hpp
[0.641s] -- Up-to-date symlink: /home/harry/cmu/capstone/calibration_ws/install/lbr_fri_ros2/include/lbr_fri_ros2/interfaces/base_command.hpp
[0.641s] -- Up-to-date symlink: /home/harry/cmu/capstone/calibration_ws/install/lbr_fri_ros2/include/lbr_fri_ros2/interfaces/position_command.hpp
[0.642s] -- Up-to-date symlink: /home/harry/cmu/capstone/calibration_ws/install/lbr_fri_ros2/include/lbr_fri_ros2/interfaces/state.hpp
[0.642s] -- Up-to-date symlink: /home/harry/cmu/capstone/calibration_ws/install/lbr_fri_ros2/include/lbr_fri_ros2/interfaces/torque_command.hpp
[0.642s] -- Up-to-date symlink: /home/harry/cmu/capstone/calibration_ws/install/lbr_fri_ros2/include/lbr_fri_ros2/interfaces/wrench_command.hpp
[0.642s] -- Up-to-date symlink: /home/harry/cmu/capstone/calibration_ws/install/lbr_fri_ros2/include/lbr_fri_ros2/kinematics.hpp
[0.642s] -- Up-to-date symlink: /home/harry/cmu/capstone/calibration_ws/install/lbr_fri_ros2/include/lbr_fri_ros2/pinv.hpp
[0.642s] -- Up-to-date symlink: /home/harry/cmu/capstone/calibration_ws/install/lbr_fri_ros2/include/lbr_fri_ros2/types.hpp
[0.642s] -- Up-to-date symlink: /home/harry/cmu/capstone/calibration_ws/install/lbr_fri_ros2/include/lbr_fri_ros2/utils.hpp
[0.642s] -- Up-to-date symlink: /home/harry/cmu/capstone/calibration_ws/install/lbr_fri_ros2/include/lbr_fri_ros2/worker.hpp
[0.642s] -- Up-to-date symlink: /home/harry/cmu/capstone/calibration_ws/install/lbr_fri_ros2/share/ament_index/resource_index/package_run_dependencies/lbr_fri_ros2
[0.642s] -- Up-to-date symlink: /home/harry/cmu/capstone/calibration_ws/install/lbr_fri_ros2/share/ament_index/resource_index/parent_prefix_path/lbr_fri_ros2
[0.643s] -- Up-to-date symlink: /home/harry/cmu/capstone/calibration_ws/install/lbr_fri_ros2/share/lbr_fri_ros2/environment/ament_prefix_path.sh
[0.643s] -- Up-to-date symlink: /home/harry/cmu/capstone/calibration_ws/install/lbr_fri_ros2/share/lbr_fri_ros2/environment/ament_prefix_path.dsv
[0.643s] -- Up-to-date symlink: /home/harry/cmu/capstone/calibration_ws/install/lbr_fri_ros2/share/lbr_fri_ros2/environment/path.sh
[0.643s] -- Up-to-date symlink: /home/harry/cmu/capstone/calibration_ws/install/lbr_fri_ros2/share/lbr_fri_ros2/environment/path.dsv
[0.643s] -- Up-to-date symlink: /home/harry/cmu/capstone/calibration_ws/install/lbr_fri_ros2/share/lbr_fri_ros2/local_setup.bash
[0.643s] -- Up-to-date symlink: /home/harry/cmu/capstone/calibration_ws/install/lbr_fri_ros2/share/lbr_fri_ros2/local_setup.sh
[0.643s] -- Up-to-date symlink: /home/harry/cmu/capstone/calibration_ws/install/lbr_fri_ros2/share/lbr_fri_ros2/local_setup.zsh
[0.643s] -- Up-to-date symlink: /home/harry/cmu/capstone/calibration_ws/install/lbr_fri_ros2/share/lbr_fri_ros2/local_setup.dsv
[0.643s] -- Symlinking: /home/harry/cmu/capstone/calibration_ws/install/lbr_fri_ros2/share/lbr_fri_ros2/package.dsv
[0.651s] -- Up-to-date symlink: /home/harry/cmu/capstone/calibration_ws/install/lbr_fri_ros2/share/ament_index/resource_index/packages/lbr_fri_ros2
[0.651s] -- Up-to-date symlink: /home/harry/cmu/capstone/calibration_ws/install/lbr_fri_ros2/share/lbr_fri_ros2/cmake/ament_cmake_export_targets-extras.cmake
[0.651s] -- Up-to-date symlink: /home/harry/cmu/capstone/calibration_ws/install/lbr_fri_ros2/share/lbr_fri_ros2/cmake/ament_cmake_export_dependencies-extras.cmake
[0.651s] -- Up-to-date symlink: /home/harry/cmu/capstone/calibration_ws/install/lbr_fri_ros2/share/lbr_fri_ros2/cmake/lbr_fri_ros2Config.cmake
[0.652s] -- Up-to-date symlink: /home/harry/cmu/capstone/calibration_ws/install/lbr_fri_ros2/share/lbr_fri_ros2/cmake/lbr_fri_ros2Config-version.cmake
[0.652s] -- Up-to-date symlink: /home/harry/cmu/capstone/calibration_ws/install/lbr_fri_ros2/share/lbr_fri_ros2/package.xml
[0.652s] -- Up-to-date: /home/harry/cmu/capstone/calibration_ws/install/lbr_fri_ros2/lib/liblbr_fri_ros2.so
[0.652s] -- Up-to-date: /home/harry/cmu/capstone/calibration_ws/install/lbr_fri_ros2/share/lbr_fri_ros2/cmake/lbr_fri_ros2_exportExport.cmake
[0.652s] -- Up-to-date: /home/harry/cmu/capstone/calibration_ws/install/lbr_fri_ros2/share/lbr_fri_ros2/cmake/lbr_fri_ros2_exportExport-release.cmake
[0.654s] Invoked command in '/home/harry/cmu/capstone/calibration_ws/build/lbr_fri_ros2' returned '0': CMAKE_PREFIX_PATH=/home/harry/cmu/capstone/calibration_ws/install/lbr_fri_idl:/home/harry/cmu/capstone/calibration_ws/install/lbr_description:/home/harry/cmu/capstone/calibration_ws/install/fri_client_sdk:/home/harry/cmu/capstone/calibration_ws/install/med7_moveit_config:/home/harry/cmu/capstone/calibration_ws/install/med14_moveit_config:/home/harry/cmu/capstone/calibration_ws/install/lbr_fri_ros2_stack:/home/harry/cmu/capstone/calibration_ws/install/lbr_demos_cpp:/home/harry/cmu/capstone/calibration_ws/install/lbr_bringup:/home/harry/cmu/capstone/calibration_ws/install/lbr_ros2_control:/home/harry/cmu/capstone/calibration_ws/install/lbr_moveit_cpp:/home/harry/cmu/capstone/calibration_ws/install/lbr_demos_advanced_cpp:/home/harry/cmu/capstone/calibration_ws/install/lbr_fri_ros2:/home/harry/cmu/capstone/calibration_ws/install/iiwa7_moveit_config:/home/harry/cmu/capstone/calibration_ws/install/iiwa14_moveit_config:/home/harry/cmu/capstone/calibration_ws/lbr-stack/install/fri_client_sdk:/home/harry/cmu/capstone/calibration_ws/install/lbr_demos_py:/home/harry/cmu/capstone/calibration_ws/install/lbr_moveit:/home/harry/cmu/capstone/calibration_ws/install/lbr_demos_advanced_py:/home/harry/cmu/capstone/calibration_ws/install/handeye_realsense:/home/harry/cmu/capstone/calibration_ws/install/handeye_ak:/home/harry/cmu/capstone/calibration_ws/install/camera_calibration:/home/harry/cmu/capstone/calibration_ws/handeye_calibration_ws/src/install/handeye_realsense:/opt/ros/humble LD_LIBRARY_PATH=/home/harry/cmu/capstone/calibration_ws/install/lbr_fri_idl/lib:/home/harry/cmu/capstone/calibration_ws/install/fri_client_sdk/lib:/home/harry/cmu/capstone/calibration_ws/install/lbr_ros2_control/lib:/home/harry/cmu/capstone/calibration_ws/install/lbr_demos_advanced_cpp/lib:/home/harry/cmu/capstone/calibration_ws/install/lbr_fri_ros2/lib:/home/harry/cmu/capstone/calibration_ws/lbr-stack/install/fri_client_sdk/lib:/opt/ros/humble/opt/rviz_ogre_vendor/lib:/opt/ros/humble/lib/x86_64-linux-gnu:/opt/ros/humble/lib /usr/bin/cmake --install /home/harry/cmu/capstone/calibration_ws/build/lbr_fri_ros2
