[0.015s] Invoking command in '/home/harry/cmu/capstone/calibration_ws/lbr-stack/src/build/med7_moveit_config': AMENT_PREFIX_PATH=/home/harry/cmu/capstone/calibration_ws/lbr-stack/src/install/lbr_description:${AMENT_PREFIX_PATH} CMAKE_PREFIX_PATH=/home/harry/cmu/capstone/calibration_ws/lbr-stack/src/install/lbr_description:/opt/ros/humble /usr/bin/cmake /home/harry/cmu/capstone/calibration_ws/lbr-stack/src/lbr_fri_ros2_stack/lbr_moveit_config/med7_moveit_config -DAMENT_CMAKE_SYMLINK_INSTALL=1 -DCMAKE_INSTALL_PREFIX=/home/harry/cmu/capstone/calibration_ws/lbr-stack/src/install/med7_moveit_config
[0.064s] -- The C compiler identification is GNU 11.4.0
[0.115s] -- The CXX compiler identification is GNU 11.4.0
[0.122s] -- Detecting C compiler ABI info
[0.186s] -- Detecting C compiler ABI info - done
[0.192s] -- Check for working C compiler: /usr/bin/cc - skipped
[0.192s] -- Detecting C compile features
[0.192s] -- Detecting C compile features - done
[0.195s] -- Detecting CXX compiler ABI info
[0.269s] -- Detecting CXX compiler ABI info - done
[0.275s] -- Check for working CXX compiler: /usr/bin/c++ - skipped
[0.276s] -- Detecting CXX compile features
[0.276s] -- Detecting CXX compile features - done
[0.278s] -- Found ament_cmake: 1.3.11 (/opt/ros/humble/share/ament_cmake/cmake)
[0.412s] -- Found Python3: /usr/bin/python3 (found version "3.10.12") found components: Interpreter 
[0.470s] -- Override CMake install command with custom implementation using symlinks instead of copying resources
[0.589s] -- Configuring done
[0.593s] -- Generating done
[0.595s] -- Build files have been written to: /home/harry/cmu/capstone/calibration_ws/lbr-stack/src/build/med7_moveit_config
[0.605s] Invoked command in '/home/harry/cmu/capstone/calibration_ws/lbr-stack/src/build/med7_moveit_config' returned '0': AMENT_PREFIX_PATH=/home/harry/cmu/capstone/calibration_ws/lbr-stack/src/install/lbr_description:${AMENT_PREFIX_PATH} CMAKE_PREFIX_PATH=/home/harry/cmu/capstone/calibration_ws/lbr-stack/src/install/lbr_description:/opt/ros/humble /usr/bin/cmake /home/harry/cmu/capstone/calibration_ws/lbr-stack/src/lbr_fri_ros2_stack/lbr_moveit_config/med7_moveit_config -DAMENT_CMAKE_SYMLINK_INSTALL=1 -DCMAKE_INSTALL_PREFIX=/home/harry/cmu/capstone/calibration_ws/lbr-stack/src/install/med7_moveit_config
[0.607s] Invoking command in '/home/harry/cmu/capstone/calibration_ws/lbr-stack/src/build/med7_moveit_config': AMENT_PREFIX_PATH=/home/harry/cmu/capstone/calibration_ws/lbr-stack/src/install/lbr_description:${AMENT_PREFIX_PATH} CMAKE_PREFIX_PATH=/home/harry/cmu/capstone/calibration_ws/lbr-stack/src/install/lbr_description:/opt/ros/humble /usr/bin/cmake --build /home/harry/cmu/capstone/calibration_ws/lbr-stack/src/build/med7_moveit_config -- -j16 -l16
[0.653s] Invoked command in '/home/harry/cmu/capstone/calibration_ws/lbr-stack/src/build/med7_moveit_config' returned '0': AMENT_PREFIX_PATH=/home/harry/cmu/capstone/calibration_ws/lbr-stack/src/install/lbr_description:${AMENT_PREFIX_PATH} CMAKE_PREFIX_PATH=/home/harry/cmu/capstone/calibration_ws/lbr-stack/src/install/lbr_description:/opt/ros/humble /usr/bin/cmake --build /home/harry/cmu/capstone/calibration_ws/lbr-stack/src/build/med7_moveit_config -- -j16 -l16
[0.655s] Invoking command in '/home/harry/cmu/capstone/calibration_ws/lbr-stack/src/build/med7_moveit_config': AMENT_PREFIX_PATH=/home/harry/cmu/capstone/calibration_ws/lbr-stack/src/install/lbr_description:${AMENT_PREFIX_PATH} CMAKE_PREFIX_PATH=/home/harry/cmu/capstone/calibration_ws/lbr-stack/src/install/lbr_description:/opt/ros/humble /usr/bin/cmake --install /home/harry/cmu/capstone/calibration_ws/lbr-stack/src/build/med7_moveit_config
[0.664s] -- Install configuration: ""
[0.664s] -- Execute custom install script
[0.665s] -- Symlinking: /home/harry/cmu/capstone/calibration_ws/lbr-stack/src/install/med7_moveit_config/share/ament_index/resource_index/package_run_dependencies/med7_moveit_config
[0.676s] -- Symlinking: /home/harry/cmu/capstone/calibration_ws/lbr-stack/src/install/med7_moveit_config/share/ament_index/resource_index/parent_prefix_path/med7_moveit_config
[0.688s] -- Symlinking: /home/harry/cmu/capstone/calibration_ws/lbr-stack/src/install/med7_moveit_config/share/med7_moveit_config/environment/ament_prefix_path.sh
[0.699s] -- Symlinking: /home/harry/cmu/capstone/calibration_ws/lbr-stack/src/install/med7_moveit_config/share/med7_moveit_config/environment/ament_prefix_path.dsv
[0.709s] -- Symlinking: /home/harry/cmu/capstone/calibration_ws/lbr-stack/src/install/med7_moveit_config/share/med7_moveit_config/environment/path.sh
[0.722s] -- Symlinking: /home/harry/cmu/capstone/calibration_ws/lbr-stack/src/install/med7_moveit_config/share/med7_moveit_config/environment/path.dsv
[0.734s] -- Symlinking: /home/harry/cmu/capstone/calibration_ws/lbr-stack/src/install/med7_moveit_config/share/med7_moveit_config/local_setup.bash
[0.746s] -- Symlinking: /home/harry/cmu/capstone/calibration_ws/lbr-stack/src/install/med7_moveit_config/share/med7_moveit_config/local_setup.sh
[0.759s] -- Symlinking: /home/harry/cmu/capstone/calibration_ws/lbr-stack/src/install/med7_moveit_config/share/med7_moveit_config/local_setup.zsh
[0.771s] -- Symlinking: /home/harry/cmu/capstone/calibration_ws/lbr-stack/src/install/med7_moveit_config/share/med7_moveit_config/local_setup.dsv
[0.782s] -- Symlinking: /home/harry/cmu/capstone/calibration_ws/lbr-stack/src/install/med7_moveit_config/share/med7_moveit_config/package.dsv
[0.794s] -- Symlinking: /home/harry/cmu/capstone/calibration_ws/lbr-stack/src/install/med7_moveit_config/share/ament_index/resource_index/packages/med7_moveit_config
[0.807s] -- Symlinking: /home/harry/cmu/capstone/calibration_ws/lbr-stack/src/install/med7_moveit_config/share/med7_moveit_config/cmake/med7_moveit_configConfig.cmake
[0.819s] -- Symlinking: /home/harry/cmu/capstone/calibration_ws/lbr-stack/src/install/med7_moveit_config/share/med7_moveit_config/cmake/med7_moveit_configConfig-version.cmake
[0.829s] -- Symlinking: /home/harry/cmu/capstone/calibration_ws/lbr-stack/src/install/med7_moveit_config/share/med7_moveit_config/package.xml
[0.840s] -- Symlinking: /home/harry/cmu/capstone/calibration_ws/lbr-stack/src/install/med7_moveit_config/share/med7_moveit_config/launch/move_group.launch.py
[0.849s] -- Symlinking: /home/harry/cmu/capstone/calibration_ws/lbr-stack/src/install/med7_moveit_config/share/med7_moveit_config/launch/moveit_rviz.launch.py
[0.859s] -- Symlinking: /home/harry/cmu/capstone/calibration_ws/lbr-stack/src/install/med7_moveit_config/share/med7_moveit_config/launch/setup_assistant.launch.py
[0.869s] -- Symlinking: /home/harry/cmu/capstone/calibration_ws/lbr-stack/src/install/med7_moveit_config/share/med7_moveit_config/config/joint_limits.yaml
[0.880s] -- Symlinking: /home/harry/cmu/capstone/calibration_ws/lbr-stack/src/install/med7_moveit_config/share/med7_moveit_config/config/kinematics.yaml
[0.890s] -- Symlinking: /home/harry/cmu/capstone/calibration_ws/lbr-stack/src/install/med7_moveit_config/share/med7_moveit_config/config/med7.srdf
[0.900s] -- Symlinking: /home/harry/cmu/capstone/calibration_ws/lbr-stack/src/install/med7_moveit_config/share/med7_moveit_config/config/moveit.rviz
[0.911s] -- Symlinking: /home/harry/cmu/capstone/calibration_ws/lbr-stack/src/install/med7_moveit_config/share/med7_moveit_config/config/moveit_controllers.yaml
[0.922s] -- Symlinking: /home/harry/cmu/capstone/calibration_ws/lbr-stack/src/install/med7_moveit_config/share/med7_moveit_config/config/pilz_cartesian_limits.yaml
[0.932s] -- Symlinking: /home/harry/cmu/capstone/calibration_ws/lbr-stack/src/install/med7_moveit_config/share/med7_moveit_config/.setup_assistant
[0.965s] Invoked command in '/home/harry/cmu/capstone/calibration_ws/lbr-stack/src/build/med7_moveit_config' returned '0': AMENT_PREFIX_PATH=/home/harry/cmu/capstone/calibration_ws/lbr-stack/src/install/lbr_description:${AMENT_PREFIX_PATH} CMAKE_PREFIX_PATH=/home/harry/cmu/capstone/calibration_ws/lbr-stack/src/install/lbr_description:/opt/ros/humble /usr/bin/cmake --install /home/harry/cmu/capstone/calibration_ws/lbr-stack/src/build/med7_moveit_config
