[0.491s] Invoking command in '/home/harry/cmu/capstone/calibration_ws/lbr-stack/src/build/lbr_demos_advanced_py': AMENT_PREFIX_PATH=/home/harry/cmu/capstone/calibration_ws/lbr-stack/src/install/lbr_fri_ros2:/home/harry/cmu/capstone/calibration_ws/lbr-stack/src/install/lbr_fri_idl:/home/harry/cmu/capstone/calibration_ws/lbr-stack/src/install/lbr_description:${AMENT_PREFIX_PATH} CMAKE_PREFIX_PATH=/home/harry/cmu/capstone/calibration_ws/lbr-stack/src/install/lbr_fri_ros2:/home/harry/cmu/capstone/calibration_ws/lbr-stack/src/install/lbr_fri_idl:/home/harry/cmu/capstone/calibration_ws/lbr-stack/src/install/lbr_description:/home/harry/cmu/capstone/calibration_ws/lbr-stack/src/install/fri_client_sdk LD_LIBRARY_PATH=/home/harry/cmu/capstone/calibration_ws/lbr-stack/src/install/lbr_fri_ros2/lib:/home/harry/cmu/capstone/calibration_ws/lbr-stack/src/install/lbr_fri_idl/lib:/home/harry/cmu/capstone/calibration_ws/lbr-stack/src/install/fri_client_sdk/lib:${LD_LIBRARY_PATH} PKG_CONFIG_PATH=/home/harry/cmu/capstone/calibration_ws/lbr-stack/src/install/fri_client_sdk/lib/x86_64-linux-gnu/pkgconfig:/home/harry/cmu/capstone/calibration_ws/lbr-stack/src/install/fri_client_sdk/lib/pkgconfig PYTHONPATH=/home/harry/cmu/capstone/calibration_ws/lbr-stack/src/build/lbr_demos_advanced_py/prefix_override:/usr/lib/python3/dist-packages/colcon_core/task/python/colcon_distutils_commands:/home/harry/cmu/capstone/calibration_ws/lbr-stack/src/install/lbr_demos_advanced_py/lib/python3.10/site-packages:/home/harry/cmu/capstone/calibration_ws/lbr-stack/src/install/lbr_fri_idl/local/lib/python3.10/dist-packages:${PYTHONPATH} /usr/bin/python3 -W ignore:setup.py install is deprecated -W ignore:easy_install command is deprecated setup.py develop --editable --build-directory /home/harry/cmu/capstone/calibration_ws/lbr-stack/src/build/lbr_demos_advanced_py/build --no-deps symlink_data
[0.683s] running develop
[0.804s] running egg_info
[0.804s] creating lbr_demos_advanced_py.egg-info
[0.804s] writing lbr_demos_advanced_py.egg-info/PKG-INFO
[0.804s] writing dependency_links to lbr_demos_advanced_py.egg-info/dependency_links.txt
[0.804s] writing entry points to lbr_demos_advanced_py.egg-info/entry_points.txt
[0.804s] writing requirements to lbr_demos_advanced_py.egg-info/requires.txt
[0.804s] writing top-level names to lbr_demos_advanced_py.egg-info/top_level.txt
[0.805s] writing manifest file 'lbr_demos_advanced_py.egg-info/SOURCES.txt'
[0.806s] reading manifest file 'lbr_demos_advanced_py.egg-info/SOURCES.txt'
[0.806s] writing manifest file 'lbr_demos_advanced_py.egg-info/SOURCES.txt'
[0.807s] running build_ext
[0.808s] Creating /home/harry/cmu/capstone/calibration_ws/lbr-stack/src/install/lbr_demos_advanced_py/lib/python3.10/site-packages/lbr-demos-advanced-py.egg-link (link to .)
[0.808s] Installing admittance_control script to /home/harry/cmu/capstone/calibration_ws/lbr-stack/src/install/lbr_demos_advanced_py/lib/lbr_demos_advanced_py
[0.808s] Installing admittance_rcm_control script to /home/harry/cmu/capstone/calibration_ws/lbr-stack/src/install/lbr_demos_advanced_py/lib/lbr_demos_advanced_py
[0.808s] 
[0.809s] Installed /home/harry/cmu/capstone/calibration_ws/lbr-stack/src/build/lbr_demos_advanced_py
[0.809s] running symlink_data
[0.809s] creating /home/harry/cmu/capstone/calibration_ws/lbr-stack/src/install/lbr_demos_advanced_py/share/ament_index
[0.809s] creating /home/harry/cmu/capstone/calibration_ws/lbr-stack/src/install/lbr_demos_advanced_py/share/ament_index/resource_index
[0.809s] creating /home/harry/cmu/capstone/calibration_ws/lbr-stack/src/install/lbr_demos_advanced_py/share/ament_index/resource_index/packages
[0.809s] symbolically linking /home/harry/cmu/capstone/calibration_ws/lbr-stack/src/build/lbr_demos_advanced_py/resource/lbr_demos_advanced_py -> /home/harry/cmu/capstone/calibration_ws/lbr-stack/src/install/lbr_demos_advanced_py/share/ament_index/resource_index/packages
[0.809s] symbolically linking /home/harry/cmu/capstone/calibration_ws/lbr-stack/src/build/lbr_demos_advanced_py/package.xml -> /home/harry/cmu/capstone/calibration_ws/lbr-stack/src/install/lbr_demos_advanced_py/share/lbr_demos_advanced_py
[0.809s] creating /home/harry/cmu/capstone/calibration_ws/lbr-stack/src/install/lbr_demos_advanced_py/share/lbr_demos_advanced_py/config
[0.809s] symbolically linking /home/harry/cmu/capstone/calibration_ws/lbr-stack/src/build/lbr_demos_advanced_py/config/admittance_control.yaml -> /home/harry/cmu/capstone/calibration_ws/lbr-stack/src/install/lbr_demos_advanced_py/share/lbr_demos_advanced_py/config
[0.809s] symbolically linking /home/harry/cmu/capstone/calibration_ws/lbr-stack/src/build/lbr_demos_advanced_py/config/admittance_rcm_control.yaml -> /home/harry/cmu/capstone/calibration_ws/lbr-stack/src/install/lbr_demos_advanced_py/share/lbr_demos_advanced_py/config
[0.837s] Invoked command in '/home/harry/cmu/capstone/calibration_ws/lbr-stack/src/build/lbr_demos_advanced_py' returned '0': AMENT_PREFIX_PATH=/home/harry/cmu/capstone/calibration_ws/lbr-stack/src/install/lbr_fri_ros2:/home/harry/cmu/capstone/calibration_ws/lbr-stack/src/install/lbr_fri_idl:/home/harry/cmu/capstone/calibration_ws/lbr-stack/src/install/lbr_description:${AMENT_PREFIX_PATH} CMAKE_PREFIX_PATH=/home/harry/cmu/capstone/calibration_ws/lbr-stack/src/install/lbr_fri_ros2:/home/harry/cmu/capstone/calibration_ws/lbr-stack/src/install/lbr_fri_idl:/home/harry/cmu/capstone/calibration_ws/lbr-stack/src/install/lbr_description:/home/harry/cmu/capstone/calibration_ws/lbr-stack/src/install/fri_client_sdk LD_LIBRARY_PATH=/home/harry/cmu/capstone/calibration_ws/lbr-stack/src/install/lbr_fri_ros2/lib:/home/harry/cmu/capstone/calibration_ws/lbr-stack/src/install/lbr_fri_idl/lib:/home/harry/cmu/capstone/calibration_ws/lbr-stack/src/install/fri_client_sdk/lib:${LD_LIBRARY_PATH} PKG_CONFIG_PATH=/home/harry/cmu/capstone/calibration_ws/lbr-stack/src/install/fri_client_sdk/lib/x86_64-linux-gnu/pkgconfig:/home/harry/cmu/capstone/calibration_ws/lbr-stack/src/install/fri_client_sdk/lib/pkgconfig PYTHONPATH=/home/harry/cmu/capstone/calibration_ws/lbr-stack/src/build/lbr_demos_advanced_py/prefix_override:/usr/lib/python3/dist-packages/colcon_core/task/python/colcon_distutils_commands:/home/harry/cmu/capstone/calibration_ws/lbr-stack/src/install/lbr_demos_advanced_py/lib/python3.10/site-packages:/home/harry/cmu/capstone/calibration_ws/lbr-stack/src/install/lbr_fri_idl/local/lib/python3.10/dist-packages:${PYTHONPATH} /usr/bin/python3 -W ignore:setup.py install is deprecated -W ignore:easy_install command is deprecated setup.py develop --editable --build-directory /home/harry/cmu/capstone/calibration_ws/lbr-stack/src/build/lbr_demos_advanced_py/build --no-deps symlink_data
