[0.011s] Invoking command in '/home/harry/cmu/capstone/calibration_ws/build/lbr_fri_idl': CMAKE_PREFIX_PATH=/home/harry/cmu/capstone/calibration_ws/install/fri_client_sdk:/home/harry/cmu/capstone/calibration_ws/install/med7_moveit_config:/home/harry/cmu/capstone/calibration_ws/install/med14_moveit_config:/home/harry/cmu/capstone/calibration_ws/install/lbr_fri_ros2_stack:/home/harry/cmu/capstone/calibration_ws/install/lbr_demos_cpp:/home/harry/cmu/capstone/calibration_ws/install/lbr_bringup:/home/harry/cmu/capstone/calibration_ws/install/lbr_ros2_control:/home/harry/cmu/capstone/calibration_ws/install/lbr_moveit_cpp:/home/harry/cmu/capstone/calibration_ws/install/lbr_demos_advanced_cpp:/home/harry/cmu/capstone/calibration_ws/install/lbr_fri_ros2:/home/harry/cmu/capstone/calibration_ws/install/lbr_fri_idl:/home/harry/cmu/capstone/calibration_ws/install/iiwa7_moveit_config:/home/harry/cmu/capstone/calibration_ws/install/iiwa14_moveit_config:/home/harry/cmu/capstone/calibration_ws/install/lbr_description:/home/harry/cmu/capstone/calibration_ws/lbr-stack/install/fri_client_sdk:/home/harry/cmu/capstone/calibration_ws/install/lbr_demos_py:/home/harry/cmu/capstone/calibration_ws/install/lbr_moveit:/home/harry/cmu/capstone/calibration_ws/install/lbr_demos_advanced_py:/home/harry/cmu/capstone/calibration_ws/install/handeye_realsense:/home/harry/cmu/capstone/calibration_ws/install/handeye_ak:/home/harry/cmu/capstone/calibration_ws/install/camera_calibration:/home/harry/cmu/capstone/calibration_ws/handeye_calibration_ws/src/install/handeye_realsense:/home/harry/cmu/capstone/calibration_ws/handeye_calibration_ws/src/install/handeye_ak:/home/harry/cmu/capstone/calibration_ws/handeye_calibration_ws/src/install/camera_calibration:/opt/ros/humble LD_LIBRARY_PATH=/home/harry/cmu/capstone/calibration_ws/install/fri_client_sdk/lib:/home/harry/cmu/capstone/calibration_ws/install/lbr_ros2_control/lib:/home/harry/cmu/capstone/calibration_ws/install/lbr_demos_advanced_cpp/lib:/home/harry/cmu/capstone/calibration_ws/install/lbr_fri_ros2/lib:/home/harry/cmu/capstone/calibration_ws/install/lbr_fri_idl/lib:/home/harry/cmu/capstone/calibration_ws/lbr-stack/install/fri_client_sdk/lib:/usr/lib/x86_64-linux-gnu/gazebo-11/plugins:/opt/ros/humble/opt/rviz_ogre_vendor/lib:/opt/ros/humble/lib/x86_64-linux-gnu:/opt/ros/humble/lib /usr/bin/cmake /home/harry/cmu/capstone/calibration_ws/lbr-stack/src/lbr_fri_idl -DCMAKE_INSTALL_PREFIX=/home/harry/cmu/capstone/calibration_ws/install/lbr_fri_idl
[0.025s] -- Found ament_cmake: 1.3.11 (/opt/ros/humble/share/ament_cmake/cmake)
[0.162s] -- Override CMake install command with custom implementation using symlinks instead of copying resources
[0.171s] -- Found builtin_interfaces: 1.2.1 (/opt/ros/humble/share/builtin_interfaces/cmake)
[0.201s] -- Found rosidl_generator_c: 3.1.6 (/opt/ros/humble/share/rosidl_generator_c/cmake)
[0.203s] -- Found rosidl_adapter: 3.1.6 (/opt/ros/humble/share/rosidl_adapter/cmake)
[0.208s] -- Found rosidl_generator_cpp: 3.1.6 (/opt/ros/humble/share/rosidl_generator_cpp/cmake)
[0.216s] -- Using all available rosidl_typesupport_c: rosidl_typesupport_fastrtps_c;rosidl_typesupport_introspection_c
[0.227s] -- Using all available rosidl_typesupport_cpp: rosidl_typesupport_fastrtps_cpp;rosidl_typesupport_introspection_cpp
[0.238s] -- Found rosidl_default_generators: 1.2.0 (/opt/ros/humble/share/rosidl_default_generators/cmake)
[0.570s] -- Found ament_cmake_cppcheck: 0.12.11 (/opt/ros/humble/share/ament_cmake_cppcheck/cmake)
[0.571s] -- Found ament_cmake_cpplint: 0.12.11 (/opt/ros/humble/share/ament_cmake_cpplint/cmake)
[0.572s] -- Found ament_cmake_uncrustify: 0.12.11 (/opt/ros/humble/share/ament_cmake_uncrustify/cmake)
[0.574s] -- Found ament_cmake_ros: 0.10.0 (/opt/ros/humble/share/ament_cmake_ros/cmake)
[1.022s] -- Using all available rosidl_typesupport_c: rosidl_typesupport_fastrtps_c;rosidl_typesupport_introspection_c
[1.197s] -- Using all available rosidl_typesupport_cpp: rosidl_typesupport_fastrtps_cpp;rosidl_typesupport_introspection_cpp
[1.228s] -- Found python_cmake_module: 0.10.0 (/opt/ros/humble/share/python_cmake_module/cmake)
[1.257s] -- Using PYTHON_EXECUTABLE: /usr/bin/python3
[1.257s] -- Using PYTHON_INCLUDE_DIRS: /usr/include/python3.10
[1.257s] -- Using PYTHON_LIBRARIES: /usr/lib/x86_64-linux-gnu/libpython3.10.so
[1.277s] -- Found ament_cmake_flake8: 0.12.11 (/opt/ros/humble/share/ament_cmake_flake8/cmake)
[1.278s] -- Found ament_cmake_pep257: 0.12.11 (/opt/ros/humble/share/ament_cmake_pep257/cmake)
[1.281s] -- Found gtest sources under '/opt/ros/humble/src/gtest_vendor': C++ tests using 'Google Test' will be built
[1.294s] -- Configuring done
[1.341s] -- Generating done
[1.355s] -- Build files have been written to: /home/harry/cmu/capstone/calibration_ws/build/lbr_fri_idl
[1.368s] Invoked command in '/home/harry/cmu/capstone/calibration_ws/build/lbr_fri_idl' returned '0': CMAKE_PREFIX_PATH=/home/harry/cmu/capstone/calibration_ws/install/fri_client_sdk:/home/harry/cmu/capstone/calibration_ws/install/med7_moveit_config:/home/harry/cmu/capstone/calibration_ws/install/med14_moveit_config:/home/harry/cmu/capstone/calibration_ws/install/lbr_fri_ros2_stack:/home/harry/cmu/capstone/calibration_ws/install/lbr_demos_cpp:/home/harry/cmu/capstone/calibration_ws/install/lbr_bringup:/home/harry/cmu/capstone/calibration_ws/install/lbr_ros2_control:/home/harry/cmu/capstone/calibration_ws/install/lbr_moveit_cpp:/home/harry/cmu/capstone/calibration_ws/install/lbr_demos_advanced_cpp:/home/harry/cmu/capstone/calibration_ws/install/lbr_fri_ros2:/home/harry/cmu/capstone/calibration_ws/install/lbr_fri_idl:/home/harry/cmu/capstone/calibration_ws/install/iiwa7_moveit_config:/home/harry/cmu/capstone/calibration_ws/install/iiwa14_moveit_config:/home/harry/cmu/capstone/calibration_ws/install/lbr_description:/home/harry/cmu/capstone/calibration_ws/lbr-stack/install/fri_client_sdk:/home/harry/cmu/capstone/calibration_ws/install/lbr_demos_py:/home/harry/cmu/capstone/calibration_ws/install/lbr_moveit:/home/harry/cmu/capstone/calibration_ws/install/lbr_demos_advanced_py:/home/harry/cmu/capstone/calibration_ws/install/handeye_realsense:/home/harry/cmu/capstone/calibration_ws/install/handeye_ak:/home/harry/cmu/capstone/calibration_ws/install/camera_calibration:/home/harry/cmu/capstone/calibration_ws/handeye_calibration_ws/src/install/handeye_realsense:/home/harry/cmu/capstone/calibration_ws/handeye_calibration_ws/src/install/handeye_ak:/home/harry/cmu/capstone/calibration_ws/handeye_calibration_ws/src/install/camera_calibration:/opt/ros/humble LD_LIBRARY_PATH=/home/harry/cmu/capstone/calibration_ws/install/fri_client_sdk/lib:/home/harry/cmu/capstone/calibration_ws/install/lbr_ros2_control/lib:/home/harry/cmu/capstone/calibration_ws/install/lbr_demos_advanced_cpp/lib:/home/harry/cmu/capstone/calibration_ws/install/lbr_fri_ros2/lib:/home/harry/cmu/capstone/calibration_ws/install/lbr_fri_idl/lib:/home/harry/cmu/capstone/calibration_ws/lbr-stack/install/fri_client_sdk/lib:/usr/lib/x86_64-linux-gnu/gazebo-11/plugins:/opt/ros/humble/opt/rviz_ogre_vendor/lib:/opt/ros/humble/lib/x86_64-linux-gnu:/opt/ros/humble/lib /usr/bin/cmake /home/harry/cmu/capstone/calibration_ws/lbr-stack/src/lbr_fri_idl -DCMAKE_INSTALL_PREFIX=/home/harry/cmu/capstone/calibration_ws/install/lbr_fri_idl
[1.369s] Invoking command in '/home/harry/cmu/capstone/calibration_ws/build/lbr_fri_idl': CMAKE_PREFIX_PATH=/home/harry/cmu/capstone/calibration_ws/install/fri_client_sdk:/home/harry/cmu/capstone/calibration_ws/install/med7_moveit_config:/home/harry/cmu/capstone/calibration_ws/install/med14_moveit_config:/home/harry/cmu/capstone/calibration_ws/install/lbr_fri_ros2_stack:/home/harry/cmu/capstone/calibration_ws/install/lbr_demos_cpp:/home/harry/cmu/capstone/calibration_ws/install/lbr_bringup:/home/harry/cmu/capstone/calibration_ws/install/lbr_ros2_control:/home/harry/cmu/capstone/calibration_ws/install/lbr_moveit_cpp:/home/harry/cmu/capstone/calibration_ws/install/lbr_demos_advanced_cpp:/home/harry/cmu/capstone/calibration_ws/install/lbr_fri_ros2:/home/harry/cmu/capstone/calibration_ws/install/lbr_fri_idl:/home/harry/cmu/capstone/calibration_ws/install/iiwa7_moveit_config:/home/harry/cmu/capstone/calibration_ws/install/iiwa14_moveit_config:/home/harry/cmu/capstone/calibration_ws/install/lbr_description:/home/harry/cmu/capstone/calibration_ws/lbr-stack/install/fri_client_sdk:/home/harry/cmu/capstone/calibration_ws/install/lbr_demos_py:/home/harry/cmu/capstone/calibration_ws/install/lbr_moveit:/home/harry/cmu/capstone/calibration_ws/install/lbr_demos_advanced_py:/home/harry/cmu/capstone/calibration_ws/install/handeye_realsense:/home/harry/cmu/capstone/calibration_ws/install/handeye_ak:/home/harry/cmu/capstone/calibration_ws/install/camera_calibration:/home/harry/cmu/capstone/calibration_ws/handeye_calibration_ws/src/install/handeye_realsense:/home/harry/cmu/capstone/calibration_ws/handeye_calibration_ws/src/install/handeye_ak:/home/harry/cmu/capstone/calibration_ws/handeye_calibration_ws/src/install/camera_calibration:/opt/ros/humble LD_LIBRARY_PATH=/home/harry/cmu/capstone/calibration_ws/install/fri_client_sdk/lib:/home/harry/cmu/capstone/calibration_ws/install/lbr_ros2_control/lib:/home/harry/cmu/capstone/calibration_ws/install/lbr_demos_advanced_cpp/lib:/home/harry/cmu/capstone/calibration_ws/install/lbr_fri_ros2/lib:/home/harry/cmu/capstone/calibration_ws/install/lbr_fri_idl/lib:/home/harry/cmu/capstone/calibration_ws/lbr-stack/install/fri_client_sdk/lib:/usr/lib/x86_64-linux-gnu/gazebo-11/plugins:/opt/ros/humble/opt/rviz_ogre_vendor/lib:/opt/ros/humble/lib/x86_64-linux-gnu:/opt/ros/humble/lib /usr/bin/cmake --build /home/harry/cmu/capstone/calibration_ws/build/lbr_fri_idl -- -j16 -l16
[1.416s] [35m[1mConsolidate compiler generated dependencies of target gtest_main[0m
[1.416s] [35m[1mConsolidate compiler generated dependencies of target gtest[0m
[1.417s] [35m[1mConsolidate compiler generated dependencies of target lbr_fri_idl__rosidl_generator_c[0m
[1.429s] [  1%] Built target lbr_fri_idl__cpp
[1.432s] [ 11%] Built target lbr_fri_idl__rosidl_generator_c
[1.435s] [ 14%] Built target gtest
[1.436s] [ 17%] Built target gtest_main
[1.442s] [ 17%] Built target ament_cmake_python_symlink_lbr_fri_idl
[1.448s] [35m[1mConsolidate compiler generated dependencies of target lbr_fri_idl__rosidl_typesupport_introspection_cpp[0m
[1.448s] [35m[1mConsolidate compiler generated dependencies of target lbr_fri_idl__rosidl_typesupport_cpp[0m
[1.448s] [35m[1mConsolidate compiler generated dependencies of target lbr_fri_idl__rosidl_typesupport_fastrtps_cpp[0m
[1.449s] [35m[1mConsolidate compiler generated dependencies of target lbr_fri_idl__rosidl_typesupport_c[0m
[1.449s] [35m[1mConsolidate compiler generated dependencies of target lbr_fri_idl__rosidl_typesupport_introspection_c[0m
[1.450s] [35m[1mConsolidate compiler generated dependencies of target lbr_fri_idl__rosidl_typesupport_fastrtps_c[0m
[1.472s] [ 27%] Built target lbr_fri_idl__rosidl_typesupport_c
[1.473s] [ 37%] Built target lbr_fri_idl__rosidl_typesupport_introspection_c
[1.474s] [ 47%] Built target lbr_fri_idl__rosidl_typesupport_introspection_cpp
[1.475s] [ 57%] Built target lbr_fri_idl__rosidl_typesupport_cpp
[1.475s] [ 68%] Built target lbr_fri_idl__rosidl_typesupport_fastrtps_cpp
[1.478s] [ 78%] Built target lbr_fri_idl__rosidl_typesupport_fastrtps_c
[1.490s] [35m[1mConsolidate compiler generated dependencies of target lbr_fri_idl_test_command_interfaces[0m
[1.503s] [ 78%] Built target lbr_fri_idl
[1.506s] [ 81%] Built target lbr_fri_idl_test_command_interfaces
[1.534s] [ 82%] Built target lbr_fri_idl__py
[1.557s] [35m[1mConsolidate compiler generated dependencies of target lbr_fri_idl__rosidl_generator_py[0m
[1.581s] [ 91%] Built target lbr_fri_idl__rosidl_generator_py
[1.594s] [35m[1mConsolidate compiler generated dependencies of target lbr_fri_idl__rosidl_typesupport_c__pyext[0m
[1.594s] [35m[1mConsolidate compiler generated dependencies of target lbr_fri_idl__rosidl_typesupport_introspection_c__pyext[0m
[1.595s] [35m[1mConsolidate compiler generated dependencies of target lbr_fri_idl__rosidl_typesupport_fastrtps_c__pyext[0m
[1.610s] [100%] Built target lbr_fri_idl__rosidl_typesupport_introspection_c__pyext
[1.610s] [100%] Built target lbr_fri_idl__rosidl_typesupport_fastrtps_c__pyext
[1.610s] [100%] Built target lbr_fri_idl__rosidl_typesupport_c__pyext
[1.735s] running egg_info
[1.735s] writing lbr_fri_idl.egg-info/PKG-INFO
[1.736s] writing dependency_links to lbr_fri_idl.egg-info/dependency_links.txt
[1.736s] writing top-level names to lbr_fri_idl.egg-info/top_level.txt
[1.737s] reading manifest file 'lbr_fri_idl.egg-info/SOURCES.txt'
[1.738s] writing manifest file 'lbr_fri_idl.egg-info/SOURCES.txt'
[1.761s] [100%] Built target ament_cmake_python_build_lbr_fri_idl_egg
[1.773s] Invoked command in '/home/harry/cmu/capstone/calibration_ws/build/lbr_fri_idl' returned '0': CMAKE_PREFIX_PATH=/home/harry/cmu/capstone/calibration_ws/install/fri_client_sdk:/home/harry/cmu/capstone/calibration_ws/install/med7_moveit_config:/home/harry/cmu/capstone/calibration_ws/install/med14_moveit_config:/home/harry/cmu/capstone/calibration_ws/install/lbr_fri_ros2_stack:/home/harry/cmu/capstone/calibration_ws/install/lbr_demos_cpp:/home/harry/cmu/capstone/calibration_ws/install/lbr_bringup:/home/harry/cmu/capstone/calibration_ws/install/lbr_ros2_control:/home/harry/cmu/capstone/calibration_ws/install/lbr_moveit_cpp:/home/harry/cmu/capstone/calibration_ws/install/lbr_demos_advanced_cpp:/home/harry/cmu/capstone/calibration_ws/install/lbr_fri_ros2:/home/harry/cmu/capstone/calibration_ws/install/lbr_fri_idl:/home/harry/cmu/capstone/calibration_ws/install/iiwa7_moveit_config:/home/harry/cmu/capstone/calibration_ws/install/iiwa14_moveit_config:/home/harry/cmu/capstone/calibration_ws/install/lbr_description:/home/harry/cmu/capstone/calibration_ws/lbr-stack/install/fri_client_sdk:/home/harry/cmu/capstone/calibration_ws/install/lbr_demos_py:/home/harry/cmu/capstone/calibration_ws/install/lbr_moveit:/home/harry/cmu/capstone/calibration_ws/install/lbr_demos_advanced_py:/home/harry/cmu/capstone/calibration_ws/install/handeye_realsense:/home/harry/cmu/capstone/calibration_ws/install/handeye_ak:/home/harry/cmu/capstone/calibration_ws/install/camera_calibration:/home/harry/cmu/capstone/calibration_ws/handeye_calibration_ws/src/install/handeye_realsense:/home/harry/cmu/capstone/calibration_ws/handeye_calibration_ws/src/install/handeye_ak:/home/harry/cmu/capstone/calibration_ws/handeye_calibration_ws/src/install/camera_calibration:/opt/ros/humble LD_LIBRARY_PATH=/home/harry/cmu/capstone/calibration_ws/install/fri_client_sdk/lib:/home/harry/cmu/capstone/calibration_ws/install/lbr_ros2_control/lib:/home/harry/cmu/capstone/calibration_ws/install/lbr_demos_advanced_cpp/lib:/home/harry/cmu/capstone/calibration_ws/install/lbr_fri_ros2/lib:/home/harry/cmu/capstone/calibration_ws/install/lbr_fri_idl/lib:/home/harry/cmu/capstone/calibration_ws/lbr-stack/install/fri_client_sdk/lib:/usr/lib/x86_64-linux-gnu/gazebo-11/plugins:/opt/ros/humble/opt/rviz_ogre_vendor/lib:/opt/ros/humble/lib/x86_64-linux-gnu:/opt/ros/humble/lib /usr/bin/cmake --build /home/harry/cmu/capstone/calibration_ws/build/lbr_fri_idl -- -j16 -l16
[1.774s] Invoking command in '/home/harry/cmu/capstone/calibration_ws/build/lbr_fri_idl': CMAKE_PREFIX_PATH=/home/harry/cmu/capstone/calibration_ws/install/fri_client_sdk:/home/harry/cmu/capstone/calibration_ws/install/med7_moveit_config:/home/harry/cmu/capstone/calibration_ws/install/med14_moveit_config:/home/harry/cmu/capstone/calibration_ws/install/lbr_fri_ros2_stack:/home/harry/cmu/capstone/calibration_ws/install/lbr_demos_cpp:/home/harry/cmu/capstone/calibration_ws/install/lbr_bringup:/home/harry/cmu/capstone/calibration_ws/install/lbr_ros2_control:/home/harry/cmu/capstone/calibration_ws/install/lbr_moveit_cpp:/home/harry/cmu/capstone/calibration_ws/install/lbr_demos_advanced_cpp:/home/harry/cmu/capstone/calibration_ws/install/lbr_fri_ros2:/home/harry/cmu/capstone/calibration_ws/install/lbr_fri_idl:/home/harry/cmu/capstone/calibration_ws/install/iiwa7_moveit_config:/home/harry/cmu/capstone/calibration_ws/install/iiwa14_moveit_config:/home/harry/cmu/capstone/calibration_ws/install/lbr_description:/home/harry/cmu/capstone/calibration_ws/lbr-stack/install/fri_client_sdk:/home/harry/cmu/capstone/calibration_ws/install/lbr_demos_py:/home/harry/cmu/capstone/calibration_ws/install/lbr_moveit:/home/harry/cmu/capstone/calibration_ws/install/lbr_demos_advanced_py:/home/harry/cmu/capstone/calibration_ws/install/handeye_realsense:/home/harry/cmu/capstone/calibration_ws/install/handeye_ak:/home/harry/cmu/capstone/calibration_ws/install/camera_calibration:/home/harry/cmu/capstone/calibration_ws/handeye_calibration_ws/src/install/handeye_realsense:/home/harry/cmu/capstone/calibration_ws/handeye_calibration_ws/src/install/handeye_ak:/home/harry/cmu/capstone/calibration_ws/handeye_calibration_ws/src/install/camera_calibration:/opt/ros/humble LD_LIBRARY_PATH=/home/harry/cmu/capstone/calibration_ws/install/fri_client_sdk/lib:/home/harry/cmu/capstone/calibration_ws/install/lbr_ros2_control/lib:/home/harry/cmu/capstone/calibration_ws/install/lbr_demos_advanced_cpp/lib:/home/harry/cmu/capstone/calibration_ws/install/lbr_fri_ros2/lib:/home/harry/cmu/capstone/calibration_ws/install/lbr_fri_idl/lib:/home/harry/cmu/capstone/calibration_ws/lbr-stack/install/fri_client_sdk/lib:/usr/lib/x86_64-linux-gnu/gazebo-11/plugins:/opt/ros/humble/opt/rviz_ogre_vendor/lib:/opt/ros/humble/lib/x86_64-linux-gnu:/opt/ros/humble/lib /usr/bin/cmake --install /home/harry/cmu/capstone/calibration_ws/build/lbr_fri_idl
[1.781s] -- Install configuration: "Release"
[1.782s] -- Execute custom install script
[1.782s] -- Up-to-date symlink: /home/harry/cmu/capstone/calibration_ws/install/lbr_fri_idl/share/ament_index/resource_index/rosidl_interfaces/lbr_fri_idl
[1.783s] -- Up-to-date symlink: /home/harry/cmu/capstone/calibration_ws/install/lbr_fri_idl/include/lbr_fri_idl/lbr_fri_idl/msg/detail/lbr_command__functions.h
[1.783s] -- Up-to-date symlink: /home/harry/cmu/capstone/calibration_ws/install/lbr_fri_idl/include/lbr_fri_idl/lbr_fri_idl/msg/detail/lbr_command__struct.h
[1.783s] -- Up-to-date symlink: /home/harry/cmu/capstone/calibration_ws/install/lbr_fri_idl/include/lbr_fri_idl/lbr_fri_idl/msg/detail/lbr_command__type_support.h
[1.783s] -- Up-to-date symlink: /home/harry/cmu/capstone/calibration_ws/install/lbr_fri_idl/include/lbr_fri_idl/lbr_fri_idl/msg/detail/lbr_joint_position_command__functions.h
[1.783s] -- Up-to-date symlink: /home/harry/cmu/capstone/calibration_ws/install/lbr_fri_idl/include/lbr_fri_idl/lbr_fri_idl/msg/detail/lbr_joint_position_command__struct.h
[1.783s] -- Up-to-date symlink: /home/harry/cmu/capstone/calibration_ws/install/lbr_fri_idl/include/lbr_fri_idl/lbr_fri_idl/msg/detail/lbr_joint_position_command__type_support.h
[1.783s] -- Up-to-date symlink: /home/harry/cmu/capstone/calibration_ws/install/lbr_fri_idl/include/lbr_fri_idl/lbr_fri_idl/msg/detail/lbr_state__functions.h
[1.783s] -- Up-to-date symlink: /home/harry/cmu/capstone/calibration_ws/install/lbr_fri_idl/include/lbr_fri_idl/lbr_fri_idl/msg/detail/lbr_state__struct.h
[1.783s] -- Up-to-date symlink: /home/harry/cmu/capstone/calibration_ws/install/lbr_fri_idl/include/lbr_fri_idl/lbr_fri_idl/msg/detail/lbr_state__type_support.h
[1.783s] -- Up-to-date symlink: /home/harry/cmu/capstone/calibration_ws/install/lbr_fri_idl/include/lbr_fri_idl/lbr_fri_idl/msg/detail/lbr_torque_command__functions.h
[1.784s] -- Up-to-date symlink: /home/harry/cmu/capstone/calibration_ws/install/lbr_fri_idl/include/lbr_fri_idl/lbr_fri_idl/msg/detail/lbr_torque_command__struct.h
[1.784s] -- Up-to-date symlink: /home/harry/cmu/capstone/calibration_ws/install/lbr_fri_idl/include/lbr_fri_idl/lbr_fri_idl/msg/detail/lbr_torque_command__type_support.h
[1.784s] -- Up-to-date symlink: /home/harry/cmu/capstone/calibration_ws/install/lbr_fri_idl/include/lbr_fri_idl/lbr_fri_idl/msg/detail/lbr_wrench_command__functions.h
[1.784s] -- Up-to-date symlink: /home/harry/cmu/capstone/calibration_ws/install/lbr_fri_idl/include/lbr_fri_idl/lbr_fri_idl/msg/detail/lbr_wrench_command__struct.h
[1.784s] -- Up-to-date symlink: /home/harry/cmu/capstone/calibration_ws/install/lbr_fri_idl/include/lbr_fri_idl/lbr_fri_idl/msg/detail/lbr_wrench_command__type_support.h
[1.784s] -- Up-to-date symlink: /home/harry/cmu/capstone/calibration_ws/install/lbr_fri_idl/include/lbr_fri_idl/lbr_fri_idl/msg/lbr_command.h
[1.784s] -- Up-to-date symlink: /home/harry/cmu/capstone/calibration_ws/install/lbr_fri_idl/include/lbr_fri_idl/lbr_fri_idl/msg/lbr_joint_position_command.h
[1.784s] -- Up-to-date symlink: /home/harry/cmu/capstone/calibration_ws/install/lbr_fri_idl/include/lbr_fri_idl/lbr_fri_idl/msg/lbr_state.h
[1.784s] -- Up-to-date symlink: /home/harry/cmu/capstone/calibration_ws/install/lbr_fri_idl/include/lbr_fri_idl/lbr_fri_idl/msg/lbr_torque_command.h
[1.784s] -- Up-to-date symlink: /home/harry/cmu/capstone/calibration_ws/install/lbr_fri_idl/include/lbr_fri_idl/lbr_fri_idl/msg/lbr_wrench_command.h
[1.785s] -- Up-to-date symlink: /home/harry/cmu/capstone/calibration_ws/install/lbr_fri_idl/include/lbr_fri_idl/lbr_fri_idl/msg/rosidl_generator_c__visibility_control.h
[1.785s] -- Up-to-date symlink: /home/harry/cmu/capstone/calibration_ws/install/lbr_fri_idl/share/lbr_fri_idl/environment/library_path.sh
[1.785s] -- Up-to-date symlink: /home/harry/cmu/capstone/calibration_ws/install/lbr_fri_idl/share/lbr_fri_idl/environment/library_path.dsv
[1.785s] -- Up-to-date symlink: /home/harry/cmu/capstone/calibration_ws/install/lbr_fri_idl/include/lbr_fri_idl/lbr_fri_idl/msg/detail/lbr_command__rosidl_typesupport_fastrtps_c.h
[1.785s] -- Up-to-date symlink: /home/harry/cmu/capstone/calibration_ws/install/lbr_fri_idl/include/lbr_fri_idl/lbr_fri_idl/msg/detail/lbr_joint_position_command__rosidl_typesupport_fastrtps_c.h
[1.785s] -- Up-to-date symlink: /home/harry/cmu/capstone/calibration_ws/install/lbr_fri_idl/include/lbr_fri_idl/lbr_fri_idl/msg/detail/lbr_state__rosidl_typesupport_fastrtps_c.h
[1.786s] -- Up-to-date symlink: /home/harry/cmu/capstone/calibration_ws/install/lbr_fri_idl/include/lbr_fri_idl/lbr_fri_idl/msg/detail/lbr_torque_command__rosidl_typesupport_fastrtps_c.h
[1.786s] -- Up-to-date symlink: /home/harry/cmu/capstone/calibration_ws/install/lbr_fri_idl/include/lbr_fri_idl/lbr_fri_idl/msg/detail/lbr_wrench_command__rosidl_typesupport_fastrtps_c.h
[1.786s] -- Up-to-date symlink: /home/harry/cmu/capstone/calibration_ws/install/lbr_fri_idl/include/lbr_fri_idl/lbr_fri_idl/msg/rosidl_typesupport_fastrtps_c__visibility_control.h
[1.786s] -- Up-to-date symlink: /home/harry/cmu/capstone/calibration_ws/install/lbr_fri_idl/include/lbr_fri_idl/lbr_fri_idl/msg/detail/lbr_command__builder.hpp
[1.786s] -- Up-to-date symlink: /home/harry/cmu/capstone/calibration_ws/install/lbr_fri_idl/include/lbr_fri_idl/lbr_fri_idl/msg/detail/lbr_command__struct.hpp
[1.787s] -- Up-to-date symlink: /home/harry/cmu/capstone/calibration_ws/install/lbr_fri_idl/include/lbr_fri_idl/lbr_fri_idl/msg/detail/lbr_command__traits.hpp
[1.787s] -- Up-to-date symlink: /home/harry/cmu/capstone/calibration_ws/install/lbr_fri_idl/include/lbr_fri_idl/lbr_fri_idl/msg/detail/lbr_command__type_support.hpp
[1.787s] -- Up-to-date symlink: /home/harry/cmu/capstone/calibration_ws/install/lbr_fri_idl/include/lbr_fri_idl/lbr_fri_idl/msg/detail/lbr_joint_position_command__builder.hpp
[1.787s] -- Up-to-date symlink: /home/harry/cmu/capstone/calibration_ws/install/lbr_fri_idl/include/lbr_fri_idl/lbr_fri_idl/msg/detail/lbr_joint_position_command__struct.hpp
[1.787s] -- Up-to-date symlink: /home/harry/cmu/capstone/calibration_ws/install/lbr_fri_idl/include/lbr_fri_idl/lbr_fri_idl/msg/detail/lbr_joint_position_command__traits.hpp
[1.787s] -- Up-to-date symlink: /home/harry/cmu/capstone/calibration_ws/install/lbr_fri_idl/include/lbr_fri_idl/lbr_fri_idl/msg/detail/lbr_joint_position_command__type_support.hpp
[1.788s] -- Up-to-date symlink: /home/harry/cmu/capstone/calibration_ws/install/lbr_fri_idl/include/lbr_fri_idl/lbr_fri_idl/msg/detail/lbr_state__builder.hpp
[1.788s] -- Up-to-date symlink: /home/harry/cmu/capstone/calibration_ws/install/lbr_fri_idl/include/lbr_fri_idl/lbr_fri_idl/msg/detail/lbr_state__struct.hpp
[1.788s] -- Up-to-date symlink: /home/harry/cmu/capstone/calibration_ws/install/lbr_fri_idl/include/lbr_fri_idl/lbr_fri_idl/msg/detail/lbr_state__traits.hpp
[1.788s] -- Up-to-date symlink: /home/harry/cmu/capstone/calibration_ws/install/lbr_fri_idl/include/lbr_fri_idl/lbr_fri_idl/msg/detail/lbr_state__type_support.hpp
[1.788s] -- Up-to-date symlink: /home/harry/cmu/capstone/calibration_ws/install/lbr_fri_idl/include/lbr_fri_idl/lbr_fri_idl/msg/detail/lbr_torque_command__builder.hpp
[1.788s] -- Up-to-date symlink: /home/harry/cmu/capstone/calibration_ws/install/lbr_fri_idl/include/lbr_fri_idl/lbr_fri_idl/msg/detail/lbr_torque_command__struct.hpp
[1.788s] -- Up-to-date symlink: /home/harry/cmu/capstone/calibration_ws/install/lbr_fri_idl/include/lbr_fri_idl/lbr_fri_idl/msg/detail/lbr_torque_command__traits.hpp
[1.789s] -- Up-to-date symlink: /home/harry/cmu/capstone/calibration_ws/install/lbr_fri_idl/include/lbr_fri_idl/lbr_fri_idl/msg/detail/lbr_torque_command__type_support.hpp
[1.789s] -- Up-to-date symlink: /home/harry/cmu/capstone/calibration_ws/install/lbr_fri_idl/include/lbr_fri_idl/lbr_fri_idl/msg/detail/lbr_wrench_command__builder.hpp
[1.789s] -- Up-to-date symlink: /home/harry/cmu/capstone/calibration_ws/install/lbr_fri_idl/include/lbr_fri_idl/lbr_fri_idl/msg/detail/lbr_wrench_command__struct.hpp
[1.789s] -- Up-to-date symlink: /home/harry/cmu/capstone/calibration_ws/install/lbr_fri_idl/include/lbr_fri_idl/lbr_fri_idl/msg/detail/lbr_wrench_command__traits.hpp
[1.789s] -- Up-to-date symlink: /home/harry/cmu/capstone/calibration_ws/install/lbr_fri_idl/include/lbr_fri_idl/lbr_fri_idl/msg/detail/lbr_wrench_command__type_support.hpp
[1.789s] -- Up-to-date symlink: /home/harry/cmu/capstone/calibration_ws/install/lbr_fri_idl/include/lbr_fri_idl/lbr_fri_idl/msg/lbr_command.hpp
[1.789s] -- Up-to-date symlink: /home/harry/cmu/capstone/calibration_ws/install/lbr_fri_idl/include/lbr_fri_idl/lbr_fri_idl/msg/lbr_joint_position_command.hpp
[1.790s] -- Up-to-date symlink: /home/harry/cmu/capstone/calibration_ws/install/lbr_fri_idl/include/lbr_fri_idl/lbr_fri_idl/msg/lbr_state.hpp
[1.790s] -- Up-to-date symlink: /home/harry/cmu/capstone/calibration_ws/install/lbr_fri_idl/include/lbr_fri_idl/lbr_fri_idl/msg/lbr_torque_command.hpp
[1.790s] -- Up-to-date symlink: /home/harry/cmu/capstone/calibration_ws/install/lbr_fri_idl/include/lbr_fri_idl/lbr_fri_idl/msg/lbr_wrench_command.hpp
[1.790s] -- Up-to-date symlink: /home/harry/cmu/capstone/calibration_ws/install/lbr_fri_idl/include/lbr_fri_idl/lbr_fri_idl/msg/rosidl_generator_cpp__visibility_control.hpp
[1.790s] -- Up-to-date symlink: /home/harry/cmu/capstone/calibration_ws/install/lbr_fri_idl/include/lbr_fri_idl/lbr_fri_idl/msg/detail/lbr_command__rosidl_typesupport_fastrtps_cpp.hpp
[1.790s] -- Up-to-date symlink: /home/harry/cmu/capstone/calibration_ws/install/lbr_fri_idl/include/lbr_fri_idl/lbr_fri_idl/msg/detail/lbr_joint_position_command__rosidl_typesupport_fastrtps_cpp.hpp
[1.791s] -- Up-to-date symlink: /home/harry/cmu/capstone/calibration_ws/install/lbr_fri_idl/include/lbr_fri_idl/lbr_fri_idl/msg/detail/lbr_state__rosidl_typesupport_fastrtps_cpp.hpp
[1.791s] -- Up-to-date symlink: /home/harry/cmu/capstone/calibration_ws/install/lbr_fri_idl/include/lbr_fri_idl/lbr_fri_idl/msg/detail/lbr_torque_command__rosidl_typesupport_fastrtps_cpp.hpp
[1.791s] -- Up-to-date symlink: /home/harry/cmu/capstone/calibration_ws/install/lbr_fri_idl/include/lbr_fri_idl/lbr_fri_idl/msg/detail/lbr_wrench_command__rosidl_typesupport_fastrtps_cpp.hpp
[1.791s] -- Up-to-date symlink: /home/harry/cmu/capstone/calibration_ws/install/lbr_fri_idl/include/lbr_fri_idl/lbr_fri_idl/msg/rosidl_typesupport_fastrtps_cpp__visibility_control.h
[1.791s] -- Up-to-date symlink: /home/harry/cmu/capstone/calibration_ws/install/lbr_fri_idl/include/lbr_fri_idl/lbr_fri_idl/msg/detail/lbr_command__rosidl_typesupport_introspection_c.h
[1.791s] -- Up-to-date symlink: /home/harry/cmu/capstone/calibration_ws/install/lbr_fri_idl/include/lbr_fri_idl/lbr_fri_idl/msg/detail/lbr_joint_position_command__rosidl_typesupport_introspection_c.h
[1.791s] -- Up-to-date symlink: /home/harry/cmu/capstone/calibration_ws/install/lbr_fri_idl/include/lbr_fri_idl/lbr_fri_idl/msg/detail/lbr_state__rosidl_typesupport_introspection_c.h
[1.791s] -- Up-to-date symlink: /home/harry/cmu/capstone/calibration_ws/install/lbr_fri_idl/include/lbr_fri_idl/lbr_fri_idl/msg/detail/lbr_torque_command__rosidl_typesupport_introspection_c.h
[1.792s] -- Up-to-date symlink: /home/harry/cmu/capstone/calibration_ws/install/lbr_fri_idl/include/lbr_fri_idl/lbr_fri_idl/msg/detail/lbr_wrench_command__rosidl_typesupport_introspection_c.h
[1.792s] -- Up-to-date symlink: /home/harry/cmu/capstone/calibration_ws/install/lbr_fri_idl/include/lbr_fri_idl/lbr_fri_idl/msg/rosidl_typesupport_introspection_c__visibility_control.h
[1.792s] -- Up-to-date symlink: /home/harry/cmu/capstone/calibration_ws/install/lbr_fri_idl/include/lbr_fri_idl/lbr_fri_idl/msg/detail/lbr_command__rosidl_typesupport_introspection_cpp.hpp
[1.792s] -- Up-to-date symlink: /home/harry/cmu/capstone/calibration_ws/install/lbr_fri_idl/include/lbr_fri_idl/lbr_fri_idl/msg/detail/lbr_joint_position_command__rosidl_typesupport_introspection_cpp.hpp
[1.792s] -- Up-to-date symlink: /home/harry/cmu/capstone/calibration_ws/install/lbr_fri_idl/include/lbr_fri_idl/lbr_fri_idl/msg/detail/lbr_state__rosidl_typesupport_introspection_cpp.hpp
[1.792s] -- Up-to-date symlink: /home/harry/cmu/capstone/calibration_ws/install/lbr_fri_idl/include/lbr_fri_idl/lbr_fri_idl/msg/detail/lbr_torque_command__rosidl_typesupport_introspection_cpp.hpp
[1.792s] -- Up-to-date symlink: /home/harry/cmu/capstone/calibration_ws/install/lbr_fri_idl/include/lbr_fri_idl/lbr_fri_idl/msg/detail/lbr_wrench_command__rosidl_typesupport_introspection_cpp.hpp
[1.793s] -- Up-to-date symlink: /home/harry/cmu/capstone/calibration_ws/install/lbr_fri_idl/share/lbr_fri_idl/environment/pythonpath.sh
[1.793s] -- Up-to-date symlink: /home/harry/cmu/capstone/calibration_ws/install/lbr_fri_idl/share/lbr_fri_idl/environment/pythonpath.dsv
[1.793s] -- Up-to-date symlink: /home/harry/cmu/capstone/calibration_ws/install/lbr_fri_idl/local/lib/python3.10/dist-packages/lbr_fri_idl-1.5.0-py3.10.egg-info/PKG-INFO
[1.793s] -- Up-to-date symlink: /home/harry/cmu/capstone/calibration_ws/install/lbr_fri_idl/local/lib/python3.10/dist-packages/lbr_fri_idl-1.5.0-py3.10.egg-info/SOURCES.txt
[1.793s] -- Up-to-date symlink: /home/harry/cmu/capstone/calibration_ws/install/lbr_fri_idl/local/lib/python3.10/dist-packages/lbr_fri_idl-1.5.0-py3.10.egg-info/dependency_links.txt
[1.793s] -- Up-to-date symlink: /home/harry/cmu/capstone/calibration_ws/install/lbr_fri_idl/local/lib/python3.10/dist-packages/lbr_fri_idl-1.5.0-py3.10.egg-info/top_level.txt
[1.794s] -- Up-to-date symlink: /home/harry/cmu/capstone/calibration_ws/install/lbr_fri_idl/local/lib/python3.10/dist-packages/lbr_fri_idl/__init__.py
[1.794s] -- Up-to-date symlink: /home/harry/cmu/capstone/calibration_ws/install/lbr_fri_idl/local/lib/python3.10/dist-packages/lbr_fri_idl/_lbr_fri_idl_s.ep.rosidl_typesupport_c.c
[1.794s] -- Up-to-date symlink: /home/harry/cmu/capstone/calibration_ws/install/lbr_fri_idl/local/lib/python3.10/dist-packages/lbr_fri_idl/_lbr_fri_idl_s.ep.rosidl_typesupport_fastrtps_c.c
[1.794s] -- Up-to-date symlink: /home/harry/cmu/capstone/calibration_ws/install/lbr_fri_idl/local/lib/python3.10/dist-packages/lbr_fri_idl/_lbr_fri_idl_s.ep.rosidl_typesupport_introspection_c.c
[1.794s] -- Up-to-date symlink: /home/harry/cmu/capstone/calibration_ws/install/lbr_fri_idl/local/lib/python3.10/dist-packages/lbr_fri_idl/lbr_fri_idl_s__rosidl_typesupport_c.cpython-310-x86_64-linux-gnu.so
[1.794s] -- Up-to-date symlink: /home/harry/cmu/capstone/calibration_ws/install/lbr_fri_idl/local/lib/python3.10/dist-packages/lbr_fri_idl/lbr_fri_idl_s__rosidl_typesupport_fastrtps_c.cpython-310-x86_64-linux-gnu.so
[1.794s] -- Up-to-date symlink: /home/harry/cmu/capstone/calibration_ws/install/lbr_fri_idl/local/lib/python3.10/dist-packages/lbr_fri_idl/lbr_fri_idl_s__rosidl_typesupport_introspection_c.cpython-310-x86_64-linux-gnu.so
[1.794s] -- Up-to-date symlink: /home/harry/cmu/capstone/calibration_ws/install/lbr_fri_idl/local/lib/python3.10/dist-packages/lbr_fri_idl/liblbr_fri_idl__rosidl_generator_py.so
[1.795s] -- Up-to-date symlink: /home/harry/cmu/capstone/calibration_ws/install/lbr_fri_idl/local/lib/python3.10/dist-packages/lbr_fri_idl/msg/__init__.py
[1.795s] -- Up-to-date symlink: /home/harry/cmu/capstone/calibration_ws/install/lbr_fri_idl/local/lib/python3.10/dist-packages/lbr_fri_idl/msg/_lbr_command.py
[1.795s] -- Up-to-date symlink: /home/harry/cmu/capstone/calibration_ws/install/lbr_fri_idl/local/lib/python3.10/dist-packages/lbr_fri_idl/msg/_lbr_command_s.c
[1.795s] -- Up-to-date symlink: /home/harry/cmu/capstone/calibration_ws/install/lbr_fri_idl/local/lib/python3.10/dist-packages/lbr_fri_idl/msg/_lbr_joint_position_command.py
[1.795s] -- Up-to-date symlink: /home/harry/cmu/capstone/calibration_ws/install/lbr_fri_idl/local/lib/python3.10/dist-packages/lbr_fri_idl/msg/_lbr_joint_position_command_s.c
[1.795s] -- Up-to-date symlink: /home/harry/cmu/capstone/calibration_ws/install/lbr_fri_idl/local/lib/python3.10/dist-packages/lbr_fri_idl/msg/_lbr_state.py
[1.795s] -- Up-to-date symlink: /home/harry/cmu/capstone/calibration_ws/install/lbr_fri_idl/local/lib/python3.10/dist-packages/lbr_fri_idl/msg/_lbr_state_s.c
[1.795s] -- Up-to-date symlink: /home/harry/cmu/capstone/calibration_ws/install/lbr_fri_idl/local/lib/python3.10/dist-packages/lbr_fri_idl/msg/_lbr_torque_command.py
[1.795s] -- Up-to-date symlink: /home/harry/cmu/capstone/calibration_ws/install/lbr_fri_idl/local/lib/python3.10/dist-packages/lbr_fri_idl/msg/_lbr_torque_command_s.c
[1.795s] -- Up-to-date symlink: /home/harry/cmu/capstone/calibration_ws/install/lbr_fri_idl/local/lib/python3.10/dist-packages/lbr_fri_idl/msg/_lbr_wrench_command.py
[1.796s] -- Up-to-date symlink: /home/harry/cmu/capstone/calibration_ws/install/lbr_fri_idl/local/lib/python3.10/dist-packages/lbr_fri_idl/msg/_lbr_wrench_command_s.c
[1.796s] -- Up-to-date symlink: /home/harry/cmu/capstone/calibration_ws/install/lbr_fri_idl/local/lib/python3.10/dist-packages/lbr_fri_idl/lbr_fri_idl_s__rosidl_typesupport_fastrtps_c.cpython-310-x86_64-linux-gnu.so
[1.796s] -- Up-to-date symlink: /home/harry/cmu/capstone/calibration_ws/install/lbr_fri_idl/local/lib/python3.10/dist-packages/lbr_fri_idl/lbr_fri_idl_s__rosidl_typesupport_introspection_c.cpython-310-x86_64-linux-gnu.so
[1.796s] -- Up-to-date symlink: /home/harry/cmu/capstone/calibration_ws/install/lbr_fri_idl/local/lib/python3.10/dist-packages/lbr_fri_idl/lbr_fri_idl_s__rosidl_typesupport_c.cpython-310-x86_64-linux-gnu.so
[1.796s] -- Up-to-date symlink: /home/harry/cmu/capstone/calibration_ws/install/lbr_fri_idl/share/lbr_fri_idl/msg/LBRCommand.idl
[1.796s] -- Up-to-date symlink: /home/harry/cmu/capstone/calibration_ws/install/lbr_fri_idl/share/lbr_fri_idl/msg/LBRJointPositionCommand.idl
[1.797s] -- Up-to-date symlink: /home/harry/cmu/capstone/calibration_ws/install/lbr_fri_idl/share/lbr_fri_idl/msg/LBRState.idl
[1.797s] -- Up-to-date symlink: /home/harry/cmu/capstone/calibration_ws/install/lbr_fri_idl/share/lbr_fri_idl/msg/LBRTorqueCommand.idl
[1.797s] -- Up-to-date symlink: /home/harry/cmu/capstone/calibration_ws/install/lbr_fri_idl/share/lbr_fri_idl/msg/LBRWrenchCommand.idl
[1.797s] -- Up-to-date symlink: /home/harry/cmu/capstone/calibration_ws/install/lbr_fri_idl/share/lbr_fri_idl/msg/LBRCommand.msg
[1.797s] -- Up-to-date symlink: /home/harry/cmu/capstone/calibration_ws/install/lbr_fri_idl/share/lbr_fri_idl/msg/LBRJointPositionCommand.msg
[1.797s] -- Up-to-date symlink: /home/harry/cmu/capstone/calibration_ws/install/lbr_fri_idl/share/lbr_fri_idl/msg/LBRState.msg
[1.797s] -- Up-to-date symlink: /home/harry/cmu/capstone/calibration_ws/install/lbr_fri_idl/share/lbr_fri_idl/msg/LBRTorqueCommand.msg
[1.797s] -- Up-to-date symlink: /home/harry/cmu/capstone/calibration_ws/install/lbr_fri_idl/share/lbr_fri_idl/msg/LBRWrenchCommand.msg
[1.798s] -- Up-to-date symlink: /home/harry/cmu/capstone/calibration_ws/install/lbr_fri_idl/share/ament_index/resource_index/package_run_dependencies/lbr_fri_idl
[1.798s] -- Up-to-date symlink: /home/harry/cmu/capstone/calibration_ws/install/lbr_fri_idl/share/ament_index/resource_index/parent_prefix_path/lbr_fri_idl
[1.798s] -- Up-to-date symlink: /home/harry/cmu/capstone/calibration_ws/install/lbr_fri_idl/share/lbr_fri_idl/environment/ament_prefix_path.sh
[1.798s] -- Up-to-date symlink: /home/harry/cmu/capstone/calibration_ws/install/lbr_fri_idl/share/lbr_fri_idl/environment/ament_prefix_path.dsv
[1.798s] -- Up-to-date symlink: /home/harry/cmu/capstone/calibration_ws/install/lbr_fri_idl/share/lbr_fri_idl/environment/path.sh
[1.798s] -- Up-to-date symlink: /home/harry/cmu/capstone/calibration_ws/install/lbr_fri_idl/share/lbr_fri_idl/environment/path.dsv
[1.798s] -- Up-to-date symlink: /home/harry/cmu/capstone/calibration_ws/install/lbr_fri_idl/share/lbr_fri_idl/local_setup.bash
[1.798s] -- Up-to-date symlink: /home/harry/cmu/capstone/calibration_ws/install/lbr_fri_idl/share/lbr_fri_idl/local_setup.sh
[1.799s] -- Up-to-date symlink: /home/harry/cmu/capstone/calibration_ws/install/lbr_fri_idl/share/lbr_fri_idl/local_setup.zsh
[1.799s] -- Up-to-date symlink: /home/harry/cmu/capstone/calibration_ws/install/lbr_fri_idl/share/lbr_fri_idl/local_setup.dsv
[1.799s] -- Symlinking: /home/harry/cmu/capstone/calibration_ws/install/lbr_fri_idl/share/lbr_fri_idl/package.dsv
[1.807s] -- Up-to-date symlink: /home/harry/cmu/capstone/calibration_ws/install/lbr_fri_idl/share/ament_index/resource_index/packages/lbr_fri_idl
[1.808s] -- Up-to-date symlink: /home/harry/cmu/capstone/calibration_ws/install/lbr_fri_idl/share/lbr_fri_idl/cmake/rosidl_cmake-extras.cmake
[1.808s] -- Up-to-date symlink: /home/harry/cmu/capstone/calibration_ws/install/lbr_fri_idl/share/lbr_fri_idl/cmake/ament_cmake_export_dependencies-extras.cmake
[1.808s] -- Up-to-date symlink: /home/harry/cmu/capstone/calibration_ws/install/lbr_fri_idl/share/lbr_fri_idl/cmake/ament_cmake_export_include_directories-extras.cmake
[1.808s] -- Up-to-date symlink: /home/harry/cmu/capstone/calibration_ws/install/lbr_fri_idl/share/lbr_fri_idl/cmake/ament_cmake_export_libraries-extras.cmake
[1.808s] -- Up-to-date symlink: /home/harry/cmu/capstone/calibration_ws/install/lbr_fri_idl/share/lbr_fri_idl/cmake/ament_cmake_export_targets-extras.cmake
[1.809s] -- Up-to-date symlink: /home/harry/cmu/capstone/calibration_ws/install/lbr_fri_idl/share/lbr_fri_idl/cmake/rosidl_cmake_export_typesupport_targets-extras.cmake
[1.809s] -- Up-to-date symlink: /home/harry/cmu/capstone/calibration_ws/install/lbr_fri_idl/share/lbr_fri_idl/cmake/rosidl_cmake_export_typesupport_libraries-extras.cmake
[1.809s] -- Up-to-date symlink: /home/harry/cmu/capstone/calibration_ws/install/lbr_fri_idl/share/lbr_fri_idl/cmake/lbr_fri_idlConfig.cmake
[1.809s] -- Up-to-date symlink: /home/harry/cmu/capstone/calibration_ws/install/lbr_fri_idl/share/lbr_fri_idl/cmake/lbr_fri_idlConfig-version.cmake
[1.809s] -- Up-to-date symlink: /home/harry/cmu/capstone/calibration_ws/install/lbr_fri_idl/share/lbr_fri_idl/package.xml
[1.809s] -- Up-to-date: /home/harry/cmu/capstone/calibration_ws/install/lbr_fri_idl/lib/liblbr_fri_idl__rosidl_generator_c.so
[1.809s] -- Up-to-date: /home/harry/cmu/capstone/calibration_ws/install/lbr_fri_idl/lib/liblbr_fri_idl__rosidl_typesupport_fastrtps_c.so
[1.810s] -- Up-to-date: /home/harry/cmu/capstone/calibration_ws/install/lbr_fri_idl/lib/liblbr_fri_idl__rosidl_typesupport_fastrtps_cpp.so
[1.810s] -- Up-to-date: /home/harry/cmu/capstone/calibration_ws/install/lbr_fri_idl/lib/liblbr_fri_idl__rosidl_typesupport_introspection_c.so
[1.810s] -- Up-to-date: /home/harry/cmu/capstone/calibration_ws/install/lbr_fri_idl/lib/liblbr_fri_idl__rosidl_typesupport_c.so
[1.811s] -- Up-to-date: /home/harry/cmu/capstone/calibration_ws/install/lbr_fri_idl/lib/liblbr_fri_idl__rosidl_typesupport_introspection_cpp.so
[1.811s] -- Up-to-date: /home/harry/cmu/capstone/calibration_ws/install/lbr_fri_idl/lib/liblbr_fri_idl__rosidl_typesupport_cpp.so
[1.846s] Listing '/home/harry/cmu/capstone/calibration_ws/install/lbr_fri_idl/local/lib/python3.10/dist-packages/lbr_fri_idl'...
[1.846s] Compiling '/home/harry/cmu/capstone/calibration_ws/install/lbr_fri_idl/local/lib/python3.10/dist-packages/lbr_fri_idl/__init__.py'...
[1.846s] Listing '/home/harry/cmu/capstone/calibration_ws/install/lbr_fri_idl/local/lib/python3.10/dist-packages/lbr_fri_idl/msg'...
[1.850s] -- Up-to-date: /home/harry/cmu/capstone/calibration_ws/install/lbr_fri_idl/lib/liblbr_fri_idl__rosidl_generator_py.so
[1.850s] -- Up-to-date: /home/harry/cmu/capstone/calibration_ws/install/lbr_fri_idl/share/lbr_fri_idl/cmake/export_lbr_fri_idl__rosidl_generator_cExport.cmake
[1.850s] -- Up-to-date: /home/harry/cmu/capstone/calibration_ws/install/lbr_fri_idl/share/lbr_fri_idl/cmake/export_lbr_fri_idl__rosidl_generator_cExport-release.cmake
[1.850s] -- Up-to-date: /home/harry/cmu/capstone/calibration_ws/install/lbr_fri_idl/share/lbr_fri_idl/cmake/export_lbr_fri_idl__rosidl_typesupport_fastrtps_cExport.cmake
[1.850s] -- Up-to-date: /home/harry/cmu/capstone/calibration_ws/install/lbr_fri_idl/share/lbr_fri_idl/cmake/export_lbr_fri_idl__rosidl_typesupport_fastrtps_cExport-release.cmake
[1.850s] -- Up-to-date: /home/harry/cmu/capstone/calibration_ws/install/lbr_fri_idl/share/lbr_fri_idl/cmake/export_lbr_fri_idl__rosidl_generator_cppExport.cmake
[1.850s] -- Up-to-date: /home/harry/cmu/capstone/calibration_ws/install/lbr_fri_idl/share/lbr_fri_idl/cmake/export_lbr_fri_idl__rosidl_typesupport_fastrtps_cppExport.cmake
[1.850s] -- Up-to-date: /home/harry/cmu/capstone/calibration_ws/install/lbr_fri_idl/share/lbr_fri_idl/cmake/export_lbr_fri_idl__rosidl_typesupport_fastrtps_cppExport-release.cmake
[1.851s] -- Up-to-date: /home/harry/cmu/capstone/calibration_ws/install/lbr_fri_idl/share/lbr_fri_idl/cmake/lbr_fri_idl__rosidl_typesupport_introspection_cExport.cmake
[1.851s] -- Up-to-date: /home/harry/cmu/capstone/calibration_ws/install/lbr_fri_idl/share/lbr_fri_idl/cmake/lbr_fri_idl__rosidl_typesupport_introspection_cExport-release.cmake
[1.851s] -- Up-to-date: /home/harry/cmu/capstone/calibration_ws/install/lbr_fri_idl/share/lbr_fri_idl/cmake/lbr_fri_idl__rosidl_typesupport_cExport.cmake
[1.851s] -- Up-to-date: /home/harry/cmu/capstone/calibration_ws/install/lbr_fri_idl/share/lbr_fri_idl/cmake/lbr_fri_idl__rosidl_typesupport_cExport-release.cmake
[1.851s] -- Up-to-date: /home/harry/cmu/capstone/calibration_ws/install/lbr_fri_idl/share/lbr_fri_idl/cmake/lbr_fri_idl__rosidl_typesupport_introspection_cppExport.cmake
[1.851s] -- Up-to-date: /home/harry/cmu/capstone/calibration_ws/install/lbr_fri_idl/share/lbr_fri_idl/cmake/lbr_fri_idl__rosidl_typesupport_introspection_cppExport-release.cmake
[1.851s] -- Up-to-date: /home/harry/cmu/capstone/calibration_ws/install/lbr_fri_idl/share/lbr_fri_idl/cmake/lbr_fri_idl__rosidl_typesupport_cppExport.cmake
[1.851s] -- Up-to-date: /home/harry/cmu/capstone/calibration_ws/install/lbr_fri_idl/share/lbr_fri_idl/cmake/lbr_fri_idl__rosidl_typesupport_cppExport-release.cmake
[1.851s] -- Up-to-date: /home/harry/cmu/capstone/calibration_ws/install/lbr_fri_idl/share/lbr_fri_idl/cmake/export_lbr_fri_idl__rosidl_generator_pyExport.cmake
[1.851s] -- Up-to-date: /home/harry/cmu/capstone/calibration_ws/install/lbr_fri_idl/share/lbr_fri_idl/cmake/export_lbr_fri_idl__rosidl_generator_pyExport-release.cmake
[1.853s] Invoked command in '/home/harry/cmu/capstone/calibration_ws/build/lbr_fri_idl' returned '0': CMAKE_PREFIX_PATH=/home/harry/cmu/capstone/calibration_ws/install/fri_client_sdk:/home/harry/cmu/capstone/calibration_ws/install/med7_moveit_config:/home/harry/cmu/capstone/calibration_ws/install/med14_moveit_config:/home/harry/cmu/capstone/calibration_ws/install/lbr_fri_ros2_stack:/home/harry/cmu/capstone/calibration_ws/install/lbr_demos_cpp:/home/harry/cmu/capstone/calibration_ws/install/lbr_bringup:/home/harry/cmu/capstone/calibration_ws/install/lbr_ros2_control:/home/harry/cmu/capstone/calibration_ws/install/lbr_moveit_cpp:/home/harry/cmu/capstone/calibration_ws/install/lbr_demos_advanced_cpp:/home/harry/cmu/capstone/calibration_ws/install/lbr_fri_ros2:/home/harry/cmu/capstone/calibration_ws/install/lbr_fri_idl:/home/harry/cmu/capstone/calibration_ws/install/iiwa7_moveit_config:/home/harry/cmu/capstone/calibration_ws/install/iiwa14_moveit_config:/home/harry/cmu/capstone/calibration_ws/install/lbr_description:/home/harry/cmu/capstone/calibration_ws/lbr-stack/install/fri_client_sdk:/home/harry/cmu/capstone/calibration_ws/install/lbr_demos_py:/home/harry/cmu/capstone/calibration_ws/install/lbr_moveit:/home/harry/cmu/capstone/calibration_ws/install/lbr_demos_advanced_py:/home/harry/cmu/capstone/calibration_ws/install/handeye_realsense:/home/harry/cmu/capstone/calibration_ws/install/handeye_ak:/home/harry/cmu/capstone/calibration_ws/install/camera_calibration:/home/harry/cmu/capstone/calibration_ws/handeye_calibration_ws/src/install/handeye_realsense:/home/harry/cmu/capstone/calibration_ws/handeye_calibration_ws/src/install/handeye_ak:/home/harry/cmu/capstone/calibration_ws/handeye_calibration_ws/src/install/camera_calibration:/opt/ros/humble LD_LIBRARY_PATH=/home/harry/cmu/capstone/calibration_ws/install/fri_client_sdk/lib:/home/harry/cmu/capstone/calibration_ws/install/lbr_ros2_control/lib:/home/harry/cmu/capstone/calibration_ws/install/lbr_demos_advanced_cpp/lib:/home/harry/cmu/capstone/calibration_ws/install/lbr_fri_ros2/lib:/home/harry/cmu/capstone/calibration_ws/install/lbr_fri_idl/lib:/home/harry/cmu/capstone/calibration_ws/lbr-stack/install/fri_client_sdk/lib:/usr/lib/x86_64-linux-gnu/gazebo-11/plugins:/opt/ros/humble/opt/rviz_ogre_vendor/lib:/opt/ros/humble/lib/x86_64-linux-gnu:/opt/ros/humble/lib /usr/bin/cmake --install /home/harry/cmu/capstone/calibration_ws/build/lbr_fri_idl
