[0.086s] DEBUG:colcon:Command line arguments: ['/usr/bin/colcon', 'build', '--packages-select', 'handeye_realsense']
[0.086s] DEBUG:colcon:Parsed command line arguments: Namespace(log_base=None, log_level=None, verb_name='build', build_base='build', install_base='install', merge_install=False, symlink_install=False, test_result_base=None, continue_on_error=False, executor='parallel', parallel_workers=16, event_handlers=None, ignore_user_meta=False, metas=['./colcon.meta'], base_paths=['.'], packages_ignore=None, packages_ignore_regex=None, paths=None, packages_up_to=None, packages_up_to_regex=None, packages_above=None, packages_above_and_dependencies=None, packages_above_depth=None, packages_select_by_dep=None, packages_skip_by_dep=None, packages_skip_up_to=None, packages_select_build_failed=False, packages_skip_build_finished=False, packages_select_test_failures=False, packages_skip_test_passed=False, packages_select=['handeye_realsense'], packages_skip=None, packages_select_regex=None, packages_skip_regex=None, packages_start=None, packages_end=None, allow_overriding=[], cmake_args=None, cmake_target=None, cmake_target_skip_unavailable=False, cmake_clean_cache=False, cmake_clean_first=False, cmake_force_configure=False, ament_cmake_args=None, catkin_cmake_args=None, catkin_skip_building_tests=False, mixin_files=None, mixin=None, verb_parser=<colcon_mixin.mixin.mixin_argument.MixinArgumentDecorator object at 0x769cfd553880>, verb_extension=<colcon_core.verb.build.BuildVerb object at 0x769cfd6986d0>, main=<bound method BuildVerb.main of <colcon_core.verb.build.BuildVerb object at 0x769cfd6986d0>>, mixin_verb=('build',))
[0.217s] Level 1:colcon.colcon_core.package_discovery:discover_packages(colcon_meta) check parameters
[0.217s] Level 1:colcon.colcon_core.package_discovery:discover_packages(recursive) check parameters
[0.217s] Level 1:colcon.colcon_core.package_discovery:discover_packages(ignore) check parameters
[0.217s] Level 1:colcon.colcon_core.package_discovery:discover_packages(path) check parameters
[0.217s] Level 1:colcon.colcon_core.package_discovery:discover_packages(colcon_meta) discover
[0.217s] Level 1:colcon.colcon_core.package_discovery:discover_packages(recursive) discover
[0.217s] INFO:colcon.colcon_core.package_discovery:Crawling recursively for packages in '/home/harry/cmu/capstone/calibration_ws/handeye_calibration_ws/src'
[0.217s] Level 1:colcon.colcon_core.package_identification:_identify(.) by extensions ['ignore', 'ignore_ament_install']
[0.217s] Level 1:colcon.colcon_core.package_identification:_identify(.) by extension 'ignore'
[0.218s] Level 1:colcon.colcon_core.package_identification:_identify(.) by extension 'ignore_ament_install'
[0.218s] Level 1:colcon.colcon_core.package_identification:_identify(.) by extensions ['colcon_pkg']
[0.218s] Level 1:colcon.colcon_core.package_identification:_identify(.) by extension 'colcon_pkg'
[0.218s] Level 1:colcon.colcon_core.package_identification:_identify(.) by extensions ['colcon_meta']
[0.218s] Level 1:colcon.colcon_core.package_identification:_identify(.) by extension 'colcon_meta'
[0.218s] Level 1:colcon.colcon_core.package_identification:_identify(.) by extensions ['ros']
[0.218s] Level 1:colcon.colcon_core.package_identification:_identify(.) by extension 'ros'
[0.226s] Level 1:colcon.colcon_core.package_identification:_identify(.) by extensions ['cmake', 'python']
[0.226s] Level 1:colcon.colcon_core.package_identification:_identify(.) by extension 'cmake'
[0.226s] Level 1:colcon.colcon_core.package_identification:_identify(.) by extension 'python'
[0.226s] Level 1:colcon.colcon_core.package_identification:_identify(.) by extensions ['python_setup_py']
[0.226s] Level 1:colcon.colcon_core.package_identification:_identify(.) by extension 'python_setup_py'
[0.226s] Level 1:colcon.colcon_core.package_identification:_identify(build) by extensions ['ignore', 'ignore_ament_install']
[0.226s] Level 1:colcon.colcon_core.package_identification:_identify(build) by extension 'ignore'
[0.226s] Level 1:colcon.colcon_core.package_identification:_identify(build) ignored
[0.226s] Level 1:colcon.colcon_core.package_identification:_identify(handeye_calibration_ros2) by extensions ['ignore', 'ignore_ament_install']
[0.226s] Level 1:colcon.colcon_core.package_identification:_identify(handeye_calibration_ros2) by extension 'ignore'
[0.226s] Level 1:colcon.colcon_core.package_identification:_identify(handeye_calibration_ros2) by extension 'ignore_ament_install'
[0.226s] Level 1:colcon.colcon_core.package_identification:_identify(handeye_calibration_ros2) by extensions ['colcon_pkg']
[0.226s] Level 1:colcon.colcon_core.package_identification:_identify(handeye_calibration_ros2) by extension 'colcon_pkg'
[0.226s] Level 1:colcon.colcon_core.package_identification:_identify(handeye_calibration_ros2) by extensions ['colcon_meta']
[0.226s] Level 1:colcon.colcon_core.package_identification:_identify(handeye_calibration_ros2) by extension 'colcon_meta'
[0.226s] Level 1:colcon.colcon_core.package_identification:_identify(handeye_calibration_ros2) by extensions ['ros']
[0.227s] Level 1:colcon.colcon_core.package_identification:_identify(handeye_calibration_ros2) by extension 'ros'
[0.227s] Level 1:colcon.colcon_core.package_identification:_identify(handeye_calibration_ros2) by extensions ['cmake', 'python']
[0.227s] Level 1:colcon.colcon_core.package_identification:_identify(handeye_calibration_ros2) by extension 'cmake'
[0.227s] Level 1:colcon.colcon_core.package_identification:_identify(handeye_calibration_ros2) by extension 'python'
[0.227s] Level 1:colcon.colcon_core.package_identification:_identify(handeye_calibration_ros2) by extensions ['python_setup_py']
[0.227s] Level 1:colcon.colcon_core.package_identification:_identify(handeye_calibration_ros2) by extension 'python_setup_py'
[0.227s] Level 1:colcon.colcon_core.package_identification:_identify(handeye_calibration_ros2/build) by extensions ['ignore', 'ignore_ament_install']
[0.227s] Level 1:colcon.colcon_core.package_identification:_identify(handeye_calibration_ros2/build) by extension 'ignore'
[0.227s] Level 1:colcon.colcon_core.package_identification:_identify(handeye_calibration_ros2/build) ignored
[0.227s] Level 1:colcon.colcon_core.package_identification:_identify(handeye_calibration_ros2/camera_calibration) by extensions ['ignore', 'ignore_ament_install']
[0.227s] Level 1:colcon.colcon_core.package_identification:_identify(handeye_calibration_ros2/camera_calibration) by extension 'ignore'
[0.227s] Level 1:colcon.colcon_core.package_identification:_identify(handeye_calibration_ros2/camera_calibration) by extension 'ignore_ament_install'
[0.227s] Level 1:colcon.colcon_core.package_identification:_identify(handeye_calibration_ros2/camera_calibration) by extensions ['colcon_pkg']
[0.227s] Level 1:colcon.colcon_core.package_identification:_identify(handeye_calibration_ros2/camera_calibration) by extension 'colcon_pkg'
[0.227s] Level 1:colcon.colcon_core.package_identification:_identify(handeye_calibration_ros2/camera_calibration) by extensions ['colcon_meta']
[0.227s] Level 1:colcon.colcon_core.package_identification:_identify(handeye_calibration_ros2/camera_calibration) by extension 'colcon_meta'
[0.227s] Level 1:colcon.colcon_core.package_identification:_identify(handeye_calibration_ros2/camera_calibration) by extensions ['ros']
[0.227s] Level 1:colcon.colcon_core.package_identification:_identify(handeye_calibration_ros2/camera_calibration) by extension 'ros'
[0.229s] DEBUG:colcon.colcon_core.package_identification:Package 'handeye_calibration_ros2/camera_calibration' with type 'ros.ament_python' and name 'camera_calibration'
[0.229s] Level 1:colcon.colcon_core.package_identification:_identify(handeye_calibration_ros2/doc) by extensions ['ignore', 'ignore_ament_install']
[0.229s] Level 1:colcon.colcon_core.package_identification:_identify(handeye_calibration_ros2/doc) by extension 'ignore'
[0.229s] Level 1:colcon.colcon_core.package_identification:_identify(handeye_calibration_ros2/doc) by extension 'ignore_ament_install'
[0.229s] Level 1:colcon.colcon_core.package_identification:_identify(handeye_calibration_ros2/doc) by extensions ['colcon_pkg']
[0.229s] Level 1:colcon.colcon_core.package_identification:_identify(handeye_calibration_ros2/doc) by extension 'colcon_pkg'
[0.229s] Level 1:colcon.colcon_core.package_identification:_identify(handeye_calibration_ros2/doc) by extensions ['colcon_meta']
[0.229s] Level 1:colcon.colcon_core.package_identification:_identify(handeye_calibration_ros2/doc) by extension 'colcon_meta'
[0.229s] Level 1:colcon.colcon_core.package_identification:_identify(handeye_calibration_ros2/doc) by extensions ['ros']
[0.229s] Level 1:colcon.colcon_core.package_identification:_identify(handeye_calibration_ros2/doc) by extension 'ros'
[0.229s] Level 1:colcon.colcon_core.package_identification:_identify(handeye_calibration_ros2/doc) by extensions ['cmake', 'python']
[0.229s] Level 1:colcon.colcon_core.package_identification:_identify(handeye_calibration_ros2/doc) by extension 'cmake'
[0.229s] Level 1:colcon.colcon_core.package_identification:_identify(handeye_calibration_ros2/doc) by extension 'python'
[0.229s] Level 1:colcon.colcon_core.package_identification:_identify(handeye_calibration_ros2/doc) by extensions ['python_setup_py']
[0.229s] Level 1:colcon.colcon_core.package_identification:_identify(handeye_calibration_ros2/doc) by extension 'python_setup_py'
[0.230s] Level 1:colcon.colcon_core.package_identification:_identify(handeye_calibration_ros2/handeye_ak) by extensions ['ignore', 'ignore_ament_install']
[0.230s] Level 1:colcon.colcon_core.package_identification:_identify(handeye_calibration_ros2/handeye_ak) by extension 'ignore'
[0.230s] Level 1:colcon.colcon_core.package_identification:_identify(handeye_calibration_ros2/handeye_ak) by extension 'ignore_ament_install'
[0.230s] Level 1:colcon.colcon_core.package_identification:_identify(handeye_calibration_ros2/handeye_ak) by extensions ['colcon_pkg']
[0.230s] Level 1:colcon.colcon_core.package_identification:_identify(handeye_calibration_ros2/handeye_ak) by extension 'colcon_pkg'
[0.230s] Level 1:colcon.colcon_core.package_identification:_identify(handeye_calibration_ros2/handeye_ak) by extensions ['colcon_meta']
[0.230s] Level 1:colcon.colcon_core.package_identification:_identify(handeye_calibration_ros2/handeye_ak) by extension 'colcon_meta'
[0.230s] Level 1:colcon.colcon_core.package_identification:_identify(handeye_calibration_ros2/handeye_ak) by extensions ['ros']
[0.230s] Level 1:colcon.colcon_core.package_identification:_identify(handeye_calibration_ros2/handeye_ak) by extension 'ros'
[0.231s] DEBUG:colcon.colcon_core.package_identification:Package 'handeye_calibration_ros2/handeye_ak' with type 'ros.ament_python' and name 'handeye_ak'
[0.231s] Level 1:colcon.colcon_core.package_identification:_identify(handeye_calibration_ros2/handeye_realsense) by extensions ['ignore', 'ignore_ament_install']
[0.231s] Level 1:colcon.colcon_core.package_identification:_identify(handeye_calibration_ros2/handeye_realsense) by extension 'ignore'
[0.231s] Level 1:colcon.colcon_core.package_identification:_identify(handeye_calibration_ros2/handeye_realsense) by extension 'ignore_ament_install'
[0.231s] Level 1:colcon.colcon_core.package_identification:_identify(handeye_calibration_ros2/handeye_realsense) by extensions ['colcon_pkg']
[0.231s] Level 1:colcon.colcon_core.package_identification:_identify(handeye_calibration_ros2/handeye_realsense) by extension 'colcon_pkg'
[0.231s] Level 1:colcon.colcon_core.package_identification:_identify(handeye_calibration_ros2/handeye_realsense) by extensions ['colcon_meta']
[0.231s] Level 1:colcon.colcon_core.package_identification:_identify(handeye_calibration_ros2/handeye_realsense) by extension 'colcon_meta'
[0.231s] Level 1:colcon.colcon_core.package_identification:_identify(handeye_calibration_ros2/handeye_realsense) by extensions ['ros']
[0.231s] Level 1:colcon.colcon_core.package_identification:_identify(handeye_calibration_ros2/handeye_realsense) by extension 'ros'
[0.231s] DEBUG:colcon.colcon_core.package_identification:Package 'handeye_calibration_ros2/handeye_realsense' with type 'ros.ament_python' and name 'handeye_realsense'
[0.232s] Level 1:colcon.colcon_core.package_identification:_identify(handeye_calibration_ros2/install) by extensions ['ignore', 'ignore_ament_install']
[0.232s] Level 1:colcon.colcon_core.package_identification:_identify(handeye_calibration_ros2/install) by extension 'ignore'
[0.232s] Level 1:colcon.colcon_core.package_identification:_identify(handeye_calibration_ros2/install) ignored
[0.232s] Level 1:colcon.colcon_core.package_identification:_identify(handeye_calibration_ros2/log) by extensions ['ignore', 'ignore_ament_install']
[0.232s] Level 1:colcon.colcon_core.package_identification:_identify(handeye_calibration_ros2/log) by extension 'ignore'
[0.232s] Level 1:colcon.colcon_core.package_identification:_identify(handeye_calibration_ros2/log) ignored
[0.232s] Level 1:colcon.colcon_core.package_identification:_identify(install) by extensions ['ignore', 'ignore_ament_install']
[0.232s] Level 1:colcon.colcon_core.package_identification:_identify(install) by extension 'ignore'
[0.232s] Level 1:colcon.colcon_core.package_identification:_identify(install) ignored
[0.232s] Level 1:colcon.colcon_core.package_identification:_identify(log) by extensions ['ignore', 'ignore_ament_install']
[0.232s] Level 1:colcon.colcon_core.package_identification:_identify(log) by extension 'ignore'
[0.232s] Level 1:colcon.colcon_core.package_identification:_identify(log) ignored
[0.232s] Level 1:colcon.colcon_core.package_discovery:discover_packages(recursive) using defaults
[0.232s] Level 1:colcon.colcon_core.package_discovery:discover_packages(ignore) discover
[0.232s] Level 1:colcon.colcon_core.package_discovery:discover_packages(ignore) using defaults
[0.232s] Level 1:colcon.colcon_core.package_discovery:discover_packages(path) discover
[0.232s] Level 1:colcon.colcon_core.package_discovery:discover_packages(path) using defaults
[0.257s] INFO:colcon.colcon_core.package_selection:Skipping not selected package 'camera_calibration' in 'handeye_calibration_ros2/camera_calibration'
[0.257s] INFO:colcon.colcon_core.package_selection:Skipping not selected package 'handeye_ak' in 'handeye_calibration_ros2/handeye_ak'
[0.257s] Level 1:colcon.colcon_core.package_discovery:discover_packages(prefix_path) check parameters
[0.257s] Level 1:colcon.colcon_core.package_discovery:discover_packages(prefix_path) discover
[0.259s] DEBUG:colcon.colcon_installed_package_information.package_discovery:Found 1 installed packages in /home/harry/cmu/capstone/calibration_ws/handeye_calibration_ws/install
[0.260s] DEBUG:colcon.colcon_installed_package_information.package_discovery:Found 17 installed packages in /home/harry/cmu/capstone/calibration_ws/lbr-stack/src/install
[0.261s] DEBUG:colcon.colcon_installed_package_information.package_discovery:Found 362 installed packages in /opt/ros/humble
[0.263s] Level 1:colcon.colcon_core.package_discovery:discover_packages(prefix_path) using defaults
[0.297s] Level 5:colcon.colcon_core.verb:set package 'handeye_realsense' build argument 'cmake_args' from command line to 'None'
[0.297s] Level 5:colcon.colcon_core.verb:set package 'handeye_realsense' build argument 'cmake_target' from command line to 'None'
[0.297s] Level 5:colcon.colcon_core.verb:set package 'handeye_realsense' build argument 'cmake_target_skip_unavailable' from command line to 'False'
[0.297s] Level 5:colcon.colcon_core.verb:set package 'handeye_realsense' build argument 'cmake_clean_cache' from command line to 'False'
[0.297s] Level 5:colcon.colcon_core.verb:set package 'handeye_realsense' build argument 'cmake_clean_first' from command line to 'False'
[0.297s] Level 5:colcon.colcon_core.verb:set package 'handeye_realsense' build argument 'cmake_force_configure' from command line to 'False'
[0.297s] Level 5:colcon.colcon_core.verb:set package 'handeye_realsense' build argument 'ament_cmake_args' from command line to 'None'
[0.297s] Level 5:colcon.colcon_core.verb:set package 'handeye_realsense' build argument 'catkin_cmake_args' from command line to 'None'
[0.297s] Level 5:colcon.colcon_core.verb:set package 'handeye_realsense' build argument 'catkin_skip_building_tests' from command line to 'False'
[0.297s] DEBUG:colcon.colcon_core.verb:Building package 'handeye_realsense' with the following arguments: {'ament_cmake_args': None, 'build_base': '/home/harry/cmu/capstone/calibration_ws/handeye_calibration_ws/src/build/handeye_realsense', 'catkin_cmake_args': None, 'catkin_skip_building_tests': False, 'cmake_args': None, 'cmake_clean_cache': False, 'cmake_clean_first': False, 'cmake_force_configure': False, 'cmake_target': None, 'cmake_target_skip_unavailable': False, 'install_base': '/home/harry/cmu/capstone/calibration_ws/handeye_calibration_ws/src/install/handeye_realsense', 'merge_install': False, 'path': '/home/harry/cmu/capstone/calibration_ws/handeye_calibration_ws/src/handeye_calibration_ros2/handeye_realsense', 'symlink_install': False, 'test_result_base': None}
[0.297s] INFO:colcon.colcon_core.executor:Executing jobs using 'parallel' executor
[0.298s] DEBUG:colcon.colcon_parallel_executor.executor.parallel:run_until_complete
[0.298s] INFO:colcon.colcon_ros.task.ament_python.build:Building ROS package in '/home/harry/cmu/capstone/calibration_ws/handeye_calibration_ws/src/handeye_calibration_ros2/handeye_realsense' with build type 'ament_python'
[0.299s] Level 1:colcon.colcon_core.shell:create_environment_hook('handeye_realsense', 'ament_prefix_path')
[0.300s] INFO:colcon.colcon_core.plugin_system:Skipping extension 'colcon_core.shell.bat': Not used on non-Windows systems
[0.300s] INFO:colcon.colcon_core.shell:Creating environment hook '/home/harry/cmu/capstone/calibration_ws/handeye_calibration_ws/src/install/handeye_realsense/share/handeye_realsense/hook/ament_prefix_path.ps1'
[0.301s] INFO:colcon.colcon_core.shell:Creating environment descriptor '/home/harry/cmu/capstone/calibration_ws/handeye_calibration_ws/src/install/handeye_realsense/share/handeye_realsense/hook/ament_prefix_path.dsv'
[0.301s] INFO:colcon.colcon_core.shell:Creating environment hook '/home/harry/cmu/capstone/calibration_ws/handeye_calibration_ws/src/install/handeye_realsense/share/handeye_realsense/hook/ament_prefix_path.sh'
[0.302s] INFO:colcon.colcon_core.shell:Skip shell extension 'powershell' for command environment: Not usable outside of PowerShell
[0.302s] DEBUG:colcon.colcon_core.shell:Skip shell extension 'dsv' for command environment
[0.508s] INFO:colcon.colcon_core.task.python.build:Building Python package in '/home/harry/cmu/capstone/calibration_ws/handeye_calibration_ws/src/handeye_calibration_ros2/handeye_realsense'
[0.508s] INFO:colcon.colcon_core.shell:Skip shell extension 'powershell' for command environment: Not usable outside of PowerShell
[0.508s] DEBUG:colcon.colcon_core.shell:Skip shell extension 'dsv' for command environment
[0.801s] DEBUG:colcon.colcon_core.event_handler.log_command:Invoking command in '/home/harry/cmu/capstone/calibration_ws/handeye_calibration_ws/src/handeye_calibration_ros2/handeye_realsense': PYTHONPATH=/home/harry/cmu/capstone/calibration_ws/handeye_calibration_ws/src/build/handeye_realsense/prefix_override:/usr/lib/python3/dist-packages/colcon_core/task/python/colcon_distutils_commands:/home/harry/cmu/capstone/calibration_ws/handeye_calibration_ws/src/install/handeye_realsense/lib/python3.10/site-packages:${PYTHONPATH} /usr/bin/python3 -W ignore:setup.py install is deprecated -W ignore:easy_install command is deprecated setup.py egg_info --egg-base ../../build/handeye_realsense build --build-base /home/harry/cmu/capstone/calibration_ws/handeye_calibration_ws/src/build/handeye_realsense/build install --record /home/harry/cmu/capstone/calibration_ws/handeye_calibration_ws/src/build/handeye_realsense/install.log --single-version-externally-managed install_data
[1.038s] DEBUG:colcon.colcon_core.event_handler.log_command:Invoked command in '/home/harry/cmu/capstone/calibration_ws/handeye_calibration_ws/src/handeye_calibration_ros2/handeye_realsense' returned '0': PYTHONPATH=/home/harry/cmu/capstone/calibration_ws/handeye_calibration_ws/src/build/handeye_realsense/prefix_override:/usr/lib/python3/dist-packages/colcon_core/task/python/colcon_distutils_commands:/home/harry/cmu/capstone/calibration_ws/handeye_calibration_ws/src/install/handeye_realsense/lib/python3.10/site-packages:${PYTHONPATH} /usr/bin/python3 -W ignore:setup.py install is deprecated -W ignore:easy_install command is deprecated setup.py egg_info --egg-base ../../build/handeye_realsense build --build-base /home/harry/cmu/capstone/calibration_ws/handeye_calibration_ws/src/build/handeye_realsense/build install --record /home/harry/cmu/capstone/calibration_ws/handeye_calibration_ws/src/build/handeye_realsense/install.log --single-version-externally-managed install_data
[1.040s] Level 1:colcon.colcon_core.environment:checking '/home/harry/cmu/capstone/calibration_ws/handeye_calibration_ws/src/install/handeye_realsense' for CMake module files
[1.041s] Level 1:colcon.colcon_core.environment:checking '/home/harry/cmu/capstone/calibration_ws/handeye_calibration_ws/src/install/handeye_realsense' for CMake config files
[1.042s] Level 1:colcon.colcon_core.environment:checking '/home/harry/cmu/capstone/calibration_ws/handeye_calibration_ws/src/install/handeye_realsense/lib'
[1.042s] Level 1:colcon.colcon_core.environment:checking '/home/harry/cmu/capstone/calibration_ws/handeye_calibration_ws/src/install/handeye_realsense/bin'
[1.042s] Level 1:colcon.colcon_core.environment:checking '/home/harry/cmu/capstone/calibration_ws/handeye_calibration_ws/src/install/handeye_realsense/lib/pkgconfig/handeye_realsense.pc'
[1.043s] Level 1:colcon.colcon_core.environment:checking '/home/harry/cmu/capstone/calibration_ws/handeye_calibration_ws/src/install/handeye_realsense/lib/python3.10/site-packages'
[1.043s] Level 1:colcon.colcon_core.shell:create_environment_hook('handeye_realsense', 'pythonpath')
[1.043s] INFO:colcon.colcon_core.shell:Creating environment hook '/home/harry/cmu/capstone/calibration_ws/handeye_calibration_ws/src/install/handeye_realsense/share/handeye_realsense/hook/pythonpath.ps1'
[1.043s] INFO:colcon.colcon_core.shell:Creating environment descriptor '/home/harry/cmu/capstone/calibration_ws/handeye_calibration_ws/src/install/handeye_realsense/share/handeye_realsense/hook/pythonpath.dsv'
[1.043s] INFO:colcon.colcon_core.shell:Creating environment hook '/home/harry/cmu/capstone/calibration_ws/handeye_calibration_ws/src/install/handeye_realsense/share/handeye_realsense/hook/pythonpath.sh'
[1.044s] Level 1:colcon.colcon_core.environment:checking '/home/harry/cmu/capstone/calibration_ws/handeye_calibration_ws/src/install/handeye_realsense/bin'
[1.044s] Level 1:colcon.colcon_core.environment:create_environment_scripts_only(handeye_realsense)
[1.044s] INFO:colcon.colcon_core.shell:Creating package script '/home/harry/cmu/capstone/calibration_ws/handeye_calibration_ws/src/install/handeye_realsense/share/handeye_realsense/package.ps1'
[1.045s] INFO:colcon.colcon_core.shell:Creating package descriptor '/home/harry/cmu/capstone/calibration_ws/handeye_calibration_ws/src/install/handeye_realsense/share/handeye_realsense/package.dsv'
[1.045s] INFO:colcon.colcon_core.shell:Creating package script '/home/harry/cmu/capstone/calibration_ws/handeye_calibration_ws/src/install/handeye_realsense/share/handeye_realsense/package.sh'
[1.046s] INFO:colcon.colcon_core.shell:Creating package script '/home/harry/cmu/capstone/calibration_ws/handeye_calibration_ws/src/install/handeye_realsense/share/handeye_realsense/package.bash'
[1.046s] INFO:colcon.colcon_core.shell:Creating package script '/home/harry/cmu/capstone/calibration_ws/handeye_calibration_ws/src/install/handeye_realsense/share/handeye_realsense/package.zsh'
[1.047s] Level 1:colcon.colcon_core.environment:create_file_with_runtime_dependencies(/home/harry/cmu/capstone/calibration_ws/handeye_calibration_ws/src/install/handeye_realsense/share/colcon-core/packages/handeye_realsense)
[1.047s] DEBUG:colcon.colcon_parallel_executor.executor.parallel:closing loop
[1.047s] DEBUG:colcon.colcon_parallel_executor.executor.parallel:loop closed
[1.047s] DEBUG:colcon.colcon_parallel_executor.executor.parallel:run_until_complete finished with '0'
[1.047s] DEBUG:colcon.colcon_core.event_reactor:joining thread
[1.051s] INFO:colcon.colcon_core.plugin_system:Skipping extension 'colcon_notification.desktop_notification.terminal_notifier': Not used on non-Darwin systems
[1.051s] INFO:colcon.colcon_core.plugin_system:Skipping extension 'colcon_notification.desktop_notification.win32': Not used on non-Windows systems
[1.051s] INFO:colcon.colcon_notification.desktop_notification:Sending desktop notification using 'notify2'
[1.061s] DEBUG:colcon.colcon_core.event_reactor:joined thread
[1.062s] INFO:colcon.colcon_core.shell:Creating prefix script '/home/harry/cmu/capstone/calibration_ws/handeye_calibration_ws/src/install/local_setup.ps1'
[1.063s] INFO:colcon.colcon_core.shell:Creating prefix util module '/home/harry/cmu/capstone/calibration_ws/handeye_calibration_ws/src/install/_local_setup_util_ps1.py'
[1.064s] INFO:colcon.colcon_core.shell:Creating prefix chain script '/home/harry/cmu/capstone/calibration_ws/handeye_calibration_ws/src/install/setup.ps1'
[1.066s] INFO:colcon.colcon_core.shell:Creating prefix script '/home/harry/cmu/capstone/calibration_ws/handeye_calibration_ws/src/install/local_setup.sh'
[1.066s] INFO:colcon.colcon_core.shell:Creating prefix util module '/home/harry/cmu/capstone/calibration_ws/handeye_calibration_ws/src/install/_local_setup_util_sh.py'
[1.067s] INFO:colcon.colcon_core.shell:Creating prefix chain script '/home/harry/cmu/capstone/calibration_ws/handeye_calibration_ws/src/install/setup.sh'
[1.068s] INFO:colcon.colcon_core.shell:Creating prefix script '/home/harry/cmu/capstone/calibration_ws/handeye_calibration_ws/src/install/local_setup.bash'
[1.069s] INFO:colcon.colcon_core.shell:Creating prefix chain script '/home/harry/cmu/capstone/calibration_ws/handeye_calibration_ws/src/install/setup.bash'
[1.070s] INFO:colcon.colcon_core.shell:Creating prefix script '/home/harry/cmu/capstone/calibration_ws/handeye_calibration_ws/src/install/local_setup.zsh'
[1.070s] INFO:colcon.colcon_core.shell:Creating prefix chain script '/home/harry/cmu/capstone/calibration_ws/handeye_calibration_ws/src/install/setup.zsh'
