[1.530s] Invoking command in '/home/harry/cmu/capstone/calibration_ws/lbr-stack/src/lbr_fri_ros2_stack/lbr_demos/lbr_moveit': PYTHONPATH=/home/harry/cmu/capstone/calibration_ws/build/lbr_moveit/prefix_override:/usr/lib/python3/dist-packages/colcon_core/task/python/colcon_distutils_commands:/home/harry/cmu/capstone/calibration_ws/install/lbr_moveit/lib/python3.10/site-packages:${PYTHONPATH} /usr/bin/python3 -W ignore:setup.py install is deprecated -W ignore:easy_install command is deprecated setup.py egg_info --egg-base ../../../../../build/lbr_moveit build --build-base /home/harry/cmu/capstone/calibration_ws/build/lbr_moveit/build install --record /home/harry/cmu/capstone/calibration_ws/build/lbr_moveit/install.log --single-version-externally-managed install_data
[1.795s] running egg_info
[1.795s] writing ../../../../../build/lbr_moveit/lbr_moveit.egg-info/PKG-INFO
[1.796s] writing dependency_links to ../../../../../build/lbr_moveit/lbr_moveit.egg-info/dependency_links.txt
[1.796s] writing entry points to ../../../../../build/lbr_moveit/lbr_moveit.egg-info/entry_points.txt
[1.796s] writing requirements to ../../../../../build/lbr_moveit/lbr_moveit.egg-info/requires.txt
[1.796s] writing top-level names to ../../../../../build/lbr_moveit/lbr_moveit.egg-info/top_level.txt
[1.798s] reading manifest file '../../../../../build/lbr_moveit/lbr_moveit.egg-info/SOURCES.txt'
[1.799s] writing manifest file '../../../../../build/lbr_moveit/lbr_moveit.egg-info/SOURCES.txt'
[1.800s] running build
[1.800s] running build_py
[1.801s] running install
[1.801s] running install_lib
[1.804s] running install_data
[1.804s] running install_egg_info
[1.805s] removing '/home/harry/cmu/capstone/calibration_ws/install/lbr_moveit/lib/python3.10/site-packages/lbr_moveit-2.2.0-py3.10.egg-info' (and everything under it)
[1.806s] Copying ../../../../../build/lbr_moveit/lbr_moveit.egg-info to /home/harry/cmu/capstone/calibration_ws/install/lbr_moveit/lib/python3.10/site-packages/lbr_moveit-2.2.0-py3.10.egg-info
[1.807s] running install_scripts
[1.828s] Installing forward_keyboard script to /home/harry/cmu/capstone/calibration_ws/install/lbr_moveit/lib/lbr_moveit
[1.830s] writing list of installed files to '/home/harry/cmu/capstone/calibration_ws/build/lbr_moveit/install.log'
[2.176s] Invoked command in '/home/harry/cmu/capstone/calibration_ws/lbr-stack/src/lbr_fri_ros2_stack/lbr_demos/lbr_moveit' returned '0': PYTHONPATH=/home/harry/cmu/capstone/calibration_ws/build/lbr_moveit/prefix_override:/usr/lib/python3/dist-packages/colcon_core/task/python/colcon_distutils_commands:/home/harry/cmu/capstone/calibration_ws/install/lbr_moveit/lib/python3.10/site-packages:${PYTHONPATH} /usr/bin/python3 -W ignore:setup.py install is deprecated -W ignore:easy_install command is deprecated setup.py egg_info --egg-base ../../../../../build/lbr_moveit build --build-base /home/harry/cmu/capstone/calibration_ws/build/lbr_moveit/build install --record /home/harry/cmu/capstone/calibration_ws/build/lbr_moveit/install.log --single-version-externally-managed install_data
