[0.008s] Invoking command in '/home/harry/cmu/capstone/calibration_ws/lbr-stack/build/lbr_fri_idl': CMAKE_PREFIX_PATH=${CMAKE_PREFIX_PATH}:/home/harry/cmu/capstone/calibration_ws/handeye_calibration_ws/src/install/handeye_realsense:/opt/ros/humble CONDA_PROMPT_MODIFIER=(base) /usr/bin/cmake /home/harry/cmu/capstone/calibration_ws/lbr-stack/src/lbr_fri_idl -DAMENT_CMAKE_SYMLINK_INSTALL=1 -DCMAKE_INSTALL_PREFIX=/home/harry/cmu/capstone/calibration_ws/lbr-stack/install/lbr_fri_idl
[0.059s] -- The C compiler identification is GNU 11.4.0
[0.106s] -- The CXX compiler identification is GNU 11.4.0
[0.112s] -- Detecting C compiler ABI info
[0.178s] -- Detecting C compiler ABI info - done
[0.184s] -- Check for working C compiler: /usr/bin/cc - skipped
[0.184s] -- Detecting C compile features
[0.184s] -- Detecting C compile features - done
[0.186s] -- Detecting CXX compiler ABI info
[0.257s] -- Detecting CXX compiler ABI info - done
[0.263s] -- Check for working CXX compiler: /usr/bin/c++ - skipped
[0.263s] -- Detecting CXX compile features
[0.263s] -- Detecting CXX compile features - done
[0.266s] -- Found ament_cmake: 1.3.11 (/opt/ros/humble/share/ament_cmake/cmake)
[0.534s] -- Found Python3: /home/harry/miniconda3/bin/python3 (found version "3.12.8") found components: Interpreter 
[0.592s] -- Override CMake install command with custom implementation using symlinks instead of copying resources
[0.618s] -- Found builtin_interfaces: 1.2.1 (/opt/ros/humble/share/builtin_interfaces/cmake)
[0.646s] -- Found rosidl_generator_c: 3.1.6 (/opt/ros/humble/share/rosidl_generator_c/cmake)
[0.651s] -- Found rosidl_adapter: 3.1.6 (/opt/ros/humble/share/rosidl_adapter/cmake)
[0.658s] -- Found rosidl_generator_cpp: 3.1.6 (/opt/ros/humble/share/rosidl_generator_cpp/cmake)
[0.668s] -- Using all available rosidl_typesupport_c: rosidl_typesupport_fastrtps_c;rosidl_typesupport_introspection_c
[0.681s] -- Using all available rosidl_typesupport_cpp: rosidl_typesupport_fastrtps_cpp;rosidl_typesupport_introspection_cpp
[0.693s] -- Found rosidl_default_generators: 1.2.0 (/opt/ros/humble/share/rosidl_default_generators/cmake)
[0.778s] [31mCMake Error at /opt/ros/humble/share/rosidl_adapter/cmake/rosidl_adapt_interfaces.cmake:59 (message):
[0.778s]   execute_process(/home/harry/miniconda3/bin/python3 -m rosidl_adapter
[0.778s]   --package-name lbr_fri_idl --arguments-file
[0.778s]   /home/harry/cmu/capstone/calibration_ws/lbr-stack/build/lbr_fri_idl/rosidl_adapter__arguments__lbr_fri_idl.json
[0.778s]   --output-dir
[0.778s]   /home/harry/cmu/capstone/calibration_ws/lbr-stack/build/lbr_fri_idl/rosidl_adapter/lbr_fri_idl
[0.778s]   --output-file
[0.778s]   /home/harry/cmu/capstone/calibration_ws/lbr-stack/build/lbr_fri_idl/rosidl_adapter/lbr_fri_idl.idls)
[0.778s]   returned error code 1:
[0.778s] 
[0.778s]   Traceback (most recent call last):
[0.779s] 
[0.779s]     File "<frozen runpy>", line 198, in _run_module_as_main
[0.779s]     File "<frozen runpy>", line 88, in _run_code
[0.779s]     File "/opt/ros/humble/local/lib/python3.10/dist-packages/rosidl_adapter/__main__.py", line 19, in <module>
[0.779s]       sys.exit(main())
[0.779s]                ^^^^^^
[0.779s]     File "/opt/ros/humble/local/lib/python3.10/dist-packages/rosidl_adapter/main.py", line 53, in main
[0.779s]       abs_idl_file = convert_to_idl(
[0.779s]                      ^^^^^^^^^^^^^^^
[0.779s]     File "/opt/ros/humble/local/lib/python3.10/dist-packages/rosidl_adapter/__init__.py", line 18, in convert_to_idl
[0.779s]       from rosidl_adapter.msg import convert_msg_to_idl
[0.779s]     File "/opt/ros/humble/local/lib/python3.10/dist-packages/rosidl_adapter/msg/__init__.py", line 16, in <module>
[0.779s]       from rosidl_adapter.resource import expand_template
[0.779s]     File "/opt/ros/humble/local/lib/python3.10/dist-packages/rosidl_adapter/resource/__init__.py", line 19, in <module>
[0.779s]       import em
[0.779s] 
[0.779s]   ModuleNotFoundError: No module named 'em'
[0.779s] 
[0.779s] Call Stack (most recent call first):
[0.779s]   /opt/ros/humble/share/rosidl_cmake/cmake/rosidl_generate_interfaces.cmake:130 (rosidl_adapt_interfaces)
[0.779s]   CMakeLists.txt:22 (rosidl_generate_interfaces)
[0.779s] 
[0.779s] [0m
[0.780s] -- Configuring incomplete, errors occurred!
[0.780s] See also "/home/harry/cmu/capstone/calibration_ws/lbr-stack/build/lbr_fri_idl/CMakeFiles/CMakeOutput.log".
