[0.550s] Invoking command in '/home/harry/cmu/capstone/calibration_ws/build/lbr_demos_py': AMENT_PREFIX_PATH=/home/harry/cmu/capstone/calibration_ws/install/lbr_bringup:/home/harry/cmu/capstone/calibration_ws/install/lbr_ros2_control:/home/harry/cmu/capstone/calibration_ws/install/lbr_fri_ros2:/home/harry/cmu/capstone/calibration_ws/install/lbr_fri_idl:/home/harry/cmu/capstone/calibration_ws/install/lbr_description:${AMENT_PREFIX_PATH} CMAKE_PREFIX_PATH=/home/harry/cmu/capstone/calibration_ws/install/lbr_bringup:/home/harry/cmu/capstone/calibration_ws/install/lbr_ros2_control:/home/harry/cmu/capstone/calibration_ws/install/lbr_fri_ros2:/home/harry/cmu/capstone/calibration_ws/install/lbr_fri_idl:/home/harry/cmu/capstone/calibration_ws/install/lbr_description:/home/harry/cmu/capstone/calibration_ws/install/fri_client_sdk:${CMAKE_PREFIX_PATH} LD_LIBRARY_PATH=/home/harry/cmu/capstone/calibration_ws/install/lbr_ros2_control/lib:/home/harry/cmu/capstone/calibration_ws/install/lbr_fri_ros2/lib:/home/harry/cmu/capstone/calibration_ws/install/lbr_fri_idl/lib:/home/harry/cmu/capstone/calibration_ws/install/fri_client_sdk/lib:${LD_LIBRARY_PATH} PKG_CONFIG_PATH=/home/harry/cmu/capstone/calibration_ws/install/fri_client_sdk/lib/x86_64-linux-gnu/pkgconfig:/home/harry/cmu/capstone/calibration_ws/install/fri_client_sdk/lib/pkgconfig:${PKG_CONFIG_PATH} PYTHONPATH=/home/harry/cmu/capstone/calibration_ws/build/lbr_demos_py/prefix_override:/usr/lib/python3/dist-packages/colcon_core/task/python/colcon_distutils_commands:/home/harry/cmu/capstone/calibration_ws/install/lbr_demos_py/lib/python3.10/site-packages:/home/harry/cmu/capstone/calibration_ws/install/lbr_bringup/local/lib/python3.10/dist-packages:/home/harry/cmu/capstone/calibration_ws/install/lbr_fri_idl/local/lib/python3.10/dist-packages:${PYTHONPATH} /usr/bin/python3 -W ignore:setup.py install is deprecated -W ignore:easy_install command is deprecated setup.py develop --editable --build-directory /home/harry/cmu/capstone/calibration_ws/build/lbr_demos_py/build --no-deps symlink_data
[0.761s] running develop
[0.889s] running egg_info
[0.889s] creating lbr_demos_py.egg-info
[0.889s] writing lbr_demos_py.egg-info/PKG-INFO
[0.890s] writing dependency_links to lbr_demos_py.egg-info/dependency_links.txt
[0.890s] writing entry points to lbr_demos_py.egg-info/entry_points.txt
[0.890s] writing requirements to lbr_demos_py.egg-info/requires.txt
[0.890s] writing top-level names to lbr_demos_py.egg-info/top_level.txt
[0.890s] writing manifest file 'lbr_demos_py.egg-info/SOURCES.txt'
[0.892s] reading manifest file 'lbr_demos_py.egg-info/SOURCES.txt'
[0.892s] writing manifest file 'lbr_demos_py.egg-info/SOURCES.txt'
[0.893s] running build_ext
[0.893s] Creating /home/harry/cmu/capstone/calibration_ws/install/lbr_demos_py/lib/python3.10/site-packages/lbr-demos-py.egg-link (link to .)
[0.894s] Installing joint_sine_overlay script to /home/harry/cmu/capstone/calibration_ws/install/lbr_demos_py/lib/lbr_demos_py
[0.894s] Installing joint_trajectory_client script to /home/harry/cmu/capstone/calibration_ws/install/lbr_demos_py/lib/lbr_demos_py
[0.894s] Installing torque_sine_overlay script to /home/harry/cmu/capstone/calibration_ws/install/lbr_demos_py/lib/lbr_demos_py
[0.894s] Installing wrench_sine_overlay script to /home/harry/cmu/capstone/calibration_ws/install/lbr_demos_py/lib/lbr_demos_py
[0.895s] 
[0.895s] Installed /home/harry/cmu/capstone/calibration_ws/build/lbr_demos_py
[0.895s] running symlink_data
[0.895s] creating /home/harry/cmu/capstone/calibration_ws/install/lbr_demos_py/share/ament_index
[0.895s] creating /home/harry/cmu/capstone/calibration_ws/install/lbr_demos_py/share/ament_index/resource_index
[0.895s] creating /home/harry/cmu/capstone/calibration_ws/install/lbr_demos_py/share/ament_index/resource_index/packages
[0.895s] symbolically linking /home/harry/cmu/capstone/calibration_ws/build/lbr_demos_py/resource/lbr_demos_py -> /home/harry/cmu/capstone/calibration_ws/install/lbr_demos_py/share/ament_index/resource_index/packages
[0.895s] symbolically linking /home/harry/cmu/capstone/calibration_ws/build/lbr_demos_py/package.xml -> /home/harry/cmu/capstone/calibration_ws/install/lbr_demos_py/share/lbr_demos_py
[0.928s] Invoked command in '/home/harry/cmu/capstone/calibration_ws/build/lbr_demos_py' returned '0': AMENT_PREFIX_PATH=/home/harry/cmu/capstone/calibration_ws/install/lbr_bringup:/home/harry/cmu/capstone/calibration_ws/install/lbr_ros2_control:/home/harry/cmu/capstone/calibration_ws/install/lbr_fri_ros2:/home/harry/cmu/capstone/calibration_ws/install/lbr_fri_idl:/home/harry/cmu/capstone/calibration_ws/install/lbr_description:${AMENT_PREFIX_PATH} CMAKE_PREFIX_PATH=/home/harry/cmu/capstone/calibration_ws/install/lbr_bringup:/home/harry/cmu/capstone/calibration_ws/install/lbr_ros2_control:/home/harry/cmu/capstone/calibration_ws/install/lbr_fri_ros2:/home/harry/cmu/capstone/calibration_ws/install/lbr_fri_idl:/home/harry/cmu/capstone/calibration_ws/install/lbr_description:/home/harry/cmu/capstone/calibration_ws/install/fri_client_sdk:${CMAKE_PREFIX_PATH} LD_LIBRARY_PATH=/home/harry/cmu/capstone/calibration_ws/install/lbr_ros2_control/lib:/home/harry/cmu/capstone/calibration_ws/install/lbr_fri_ros2/lib:/home/harry/cmu/capstone/calibration_ws/install/lbr_fri_idl/lib:/home/harry/cmu/capstone/calibration_ws/install/fri_client_sdk/lib:${LD_LIBRARY_PATH} PKG_CONFIG_PATH=/home/harry/cmu/capstone/calibration_ws/install/fri_client_sdk/lib/x86_64-linux-gnu/pkgconfig:/home/harry/cmu/capstone/calibration_ws/install/fri_client_sdk/lib/pkgconfig:${PKG_CONFIG_PATH} PYTHONPATH=/home/harry/cmu/capstone/calibration_ws/build/lbr_demos_py/prefix_override:/usr/lib/python3/dist-packages/colcon_core/task/python/colcon_distutils_commands:/home/harry/cmu/capstone/calibration_ws/install/lbr_demos_py/lib/python3.10/site-packages:/home/harry/cmu/capstone/calibration_ws/install/lbr_bringup/local/lib/python3.10/dist-packages:/home/harry/cmu/capstone/calibration_ws/install/lbr_fri_idl/local/lib/python3.10/dist-packages:${PYTHONPATH} /usr/bin/python3 -W ignore:setup.py install is deprecated -W ignore:easy_install command is deprecated setup.py develop --editable --build-directory /home/harry/cmu/capstone/calibration_ws/build/lbr_demos_py/build --no-deps symlink_data
