[0.215s] Invoking command in '/home/harry/cmu/capstone/calibration_ws/lbr-stack/src/build/lbr_moveit_cpp': CMAKE_PREFIX_PATH=/opt/ros/humble /usr/bin/cmake --build /home/harry/cmu/capstone/calibration_ws/lbr-stack/src/build/lbr_moveit_cpp -- -j16 -l16
[0.254s] [35m[1mConsolidate compiler generated dependencies of target hello_moveit[0m
[0.275s] [100%] Built target hello_moveit
[0.288s] Invoked command in '/home/harry/cmu/capstone/calibration_ws/lbr-stack/src/build/lbr_moveit_cpp' returned '0': CMAKE_PREFIX_PATH=/opt/ros/humble /usr/bin/cmake --build /home/harry/cmu/capstone/calibration_ws/lbr-stack/src/build/lbr_moveit_cpp -- -j16 -l16
[0.290s] Invoking command in '/home/harry/cmu/capstone/calibration_ws/lbr-stack/src/build/lbr_moveit_cpp': CMAKE_PREFIX_PATH=/opt/ros/humble /usr/bin/cmake --install /home/harry/cmu/capstone/calibration_ws/lbr-stack/src/build/lbr_moveit_cpp
[0.296s] -- Install configuration: "Release"
[0.297s] -- Execute custom install script
[0.297s] -- Up-to-date symlink: /home/harry/cmu/capstone/calibration_ws/lbr-stack/src/install/lbr_moveit_cpp/share/lbr_moveit_cpp/launch/hello_moveit.launch.py
[0.297s] -- Up-to-date symlink: /home/harry/cmu/capstone/calibration_ws/lbr-stack/src/install/lbr_moveit_cpp/lib/lbr_moveit_cpp/hello_moveit
[0.298s] -- Up-to-date symlink: /home/harry/cmu/capstone/calibration_ws/lbr-stack/src/install/lbr_moveit_cpp/share/ament_index/resource_index/package_run_dependencies/lbr_moveit_cpp
[0.298s] -- Up-to-date symlink: /home/harry/cmu/capstone/calibration_ws/lbr-stack/src/install/lbr_moveit_cpp/share/ament_index/resource_index/parent_prefix_path/lbr_moveit_cpp
[0.298s] -- Up-to-date symlink: /home/harry/cmu/capstone/calibration_ws/lbr-stack/src/install/lbr_moveit_cpp/share/lbr_moveit_cpp/environment/ament_prefix_path.sh
[0.298s] -- Up-to-date symlink: /home/harry/cmu/capstone/calibration_ws/lbr-stack/src/install/lbr_moveit_cpp/share/lbr_moveit_cpp/environment/ament_prefix_path.dsv
[0.298s] -- Up-to-date symlink: /home/harry/cmu/capstone/calibration_ws/lbr-stack/src/install/lbr_moveit_cpp/share/lbr_moveit_cpp/environment/path.sh
[0.298s] -- Up-to-date symlink: /home/harry/cmu/capstone/calibration_ws/lbr-stack/src/install/lbr_moveit_cpp/share/lbr_moveit_cpp/environment/path.dsv
[0.298s] -- Up-to-date symlink: /home/harry/cmu/capstone/calibration_ws/lbr-stack/src/install/lbr_moveit_cpp/share/lbr_moveit_cpp/local_setup.bash
[0.299s] -- Up-to-date symlink: /home/harry/cmu/capstone/calibration_ws/lbr-stack/src/install/lbr_moveit_cpp/share/lbr_moveit_cpp/local_setup.sh
[0.299s] -- Up-to-date symlink: /home/harry/cmu/capstone/calibration_ws/lbr-stack/src/install/lbr_moveit_cpp/share/lbr_moveit_cpp/local_setup.zsh
[0.299s] -- Up-to-date symlink: /home/harry/cmu/capstone/calibration_ws/lbr-stack/src/install/lbr_moveit_cpp/share/lbr_moveit_cpp/local_setup.dsv
[0.299s] -- Symlinking: /home/harry/cmu/capstone/calibration_ws/lbr-stack/src/install/lbr_moveit_cpp/share/lbr_moveit_cpp/package.dsv
[0.308s] -- Up-to-date symlink: /home/harry/cmu/capstone/calibration_ws/lbr-stack/src/install/lbr_moveit_cpp/share/ament_index/resource_index/packages/lbr_moveit_cpp
[0.309s] -- Up-to-date symlink: /home/harry/cmu/capstone/calibration_ws/lbr-stack/src/install/lbr_moveit_cpp/share/lbr_moveit_cpp/cmake/lbr_moveit_cppConfig.cmake
[0.309s] -- Up-to-date symlink: /home/harry/cmu/capstone/calibration_ws/lbr-stack/src/install/lbr_moveit_cpp/share/lbr_moveit_cpp/cmake/lbr_moveit_cppConfig-version.cmake
[0.309s] -- Up-to-date symlink: /home/harry/cmu/capstone/calibration_ws/lbr-stack/src/install/lbr_moveit_cpp/share/lbr_moveit_cpp/package.xml
[0.315s] Invoked command in '/home/harry/cmu/capstone/calibration_ws/lbr-stack/src/build/lbr_moveit_cpp' returned '0': CMAKE_PREFIX_PATH=/opt/ros/humble /usr/bin/cmake --install /home/harry/cmu/capstone/calibration_ws/lbr-stack/src/build/lbr_moveit_cpp
