[0.214s] Invoking command in '/home/harry/cmu/capstone/calibration_ws/lbr-stack/src/build/lbr_moveit_cpp': CMAKE_PREFIX_PATH=/opt/ros/humble /usr/bin/cmake /home/harry/cmu/capstone/calibration_ws/lbr-stack/src/lbr_fri_ros2_stack/lbr_demos/lbr_moveit_cpp -DAMENT_CMAKE_SYMLINK_INSTALL=1 -DCMAKE_INSTALL_PREFIX=/home/harry/cmu/capstone/calibration_ws/lbr-stack/src/install/lbr_moveit_cpp
[0.262s] -- The C compiler identification is GNU 11.4.0
[0.308s] -- The CXX compiler identification is GNU 11.4.0
[0.317s] -- Detecting C compiler ABI info
[0.438s] -- Detecting C compiler ABI info - done
[0.445s] -- Check for working C compiler: /usr/bin/cc - skipped
[0.445s] -- Detecting C compile features
[0.445s] -- Detecting C compile features - done
[0.448s] -- Detecting CXX compiler ABI info
[0.526s] -- Detecting CXX compiler ABI info - done
[0.532s] -- Check for working CXX compiler: /usr/bin/c++ - skipped
[0.532s] -- Detecting CXX compile features
[0.532s] -- Detecting CXX compile features - done
[0.534s] -- Found ament_cmake: 1.3.11 (/opt/ros/humble/share/ament_cmake/cmake)
[0.660s] -- Found Python3: /usr/bin/python3 (found version "3.10.12") found components: Interpreter 
[0.712s] -- Override CMake install command with custom implementation using symlinks instead of copying resources
[0.736s] -- Found geometry_msgs: 4.2.4 (/opt/ros/humble/share/geometry_msgs/cmake)
[0.767s] -- Found rosidl_generator_c: 3.1.6 (/opt/ros/humble/share/rosidl_generator_c/cmake)
[0.771s] -- Found rosidl_adapter: 3.1.6 (/opt/ros/humble/share/rosidl_adapter/cmake)
[0.779s] -- Found rosidl_generator_cpp: 3.1.6 (/opt/ros/humble/share/rosidl_generator_cpp/cmake)
[0.788s] -- Using all available rosidl_typesupport_c: rosidl_typesupport_fastrtps_c;rosidl_typesupport_introspection_c
[0.801s] -- Using all available rosidl_typesupport_cpp: rosidl_typesupport_fastrtps_cpp;rosidl_typesupport_introspection_cpp
[0.832s] -- Found moveit_ros_planning_interface: 2.5.8 (/opt/ros/humble/share/moveit_ros_planning_interface/cmake)
[0.981s] -- Found Boost: /usr/lib/x86_64-linux-gnu/cmake/Boost-1.74.0/BoostConfig.cmake (found version "1.74.0") found components: date_time filesystem program_options system thread 
[1.112s] -- Found Boost: /usr/lib/x86_64-linux-gnu/cmake/Boost-1.74.0/BoostConfig.cmake (found version "1.74.0") found components: chrono date_time filesystem iostreams program_options regex serialization system thread 
[1.152s] -- Found parameter_traits: 0.4.0 (/opt/ros/humble/share/parameter_traits/cmake)
[1.183s] -- Found rmw_implementation_cmake: 6.1.2 (/opt/ros/humble/share/rmw_implementation_cmake/cmake)
[1.185s] -- Found rmw_fastrtps_cpp: 6.2.7 (/opt/ros/humble/share/rmw_fastrtps_cpp/cmake)
[1.264s] -- Found OpenSSL: /usr/lib/x86_64-linux-gnu/libcrypto.so (found version "3.0.2")  
[1.286s] -- Found FastRTPS: /opt/ros/humble/include  
[1.325s] -- Using RMW implementation 'rmw_fastrtps_cpp' as default
[1.333s] -- Found Threads: TRUE  
[1.369s] -- Found Eigen3: TRUE (found version "3.4.0") 
[1.371s] -- Found rclcpp_lifecycle: 16.0.11 (/opt/ros/humble/share/rclcpp_lifecycle/cmake)
[1.390s] -- Found Boost: /usr/lib/x86_64-linux-gnu/cmake/Boost-1.74.0/BoostConfig.cmake (found version "1.74.0") found components: filesystem 
[1.479s] -- library: /usr/lib/x86_64-linux-gnu/libcurl.so
[1.506s] -- Ensuring Eigen3 include directory is part of orocos-kdl CMake target
[1.618s] -- Found Boost: /usr/lib/x86_64-linux-gnu/cmake/Boost-1.74.0/BoostConfig.cmake (found version "1.74.0") found components: system filesystem date_time program_options thread chrono 
[1.644s] -- Found Boost: /usr/lib/x86_64-linux-gnu/cmake/Boost-1.74.0/BoostConfig.cmake (found version "1.74.0") found components: thread system filesystem regex date_time program_options 
[1.661s] -- Found Boost: /usr/lib/x86_64-linux-gnu/cmake/Boost-1.74.0/BoostConfig.cmake (found version "1.74.0") found components: system filesystem date_time program_options thread 
[1.739s] -- Configuring done
[1.768s] -- Generating done
[1.776s] -- Build files have been written to: /home/harry/cmu/capstone/calibration_ws/lbr-stack/src/build/lbr_moveit_cpp
[1.799s] Invoked command in '/home/harry/cmu/capstone/calibration_ws/lbr-stack/src/build/lbr_moveit_cpp' returned '0': CMAKE_PREFIX_PATH=/opt/ros/humble /usr/bin/cmake /home/harry/cmu/capstone/calibration_ws/lbr-stack/src/lbr_fri_ros2_stack/lbr_demos/lbr_moveit_cpp -DAMENT_CMAKE_SYMLINK_INSTALL=1 -DCMAKE_INSTALL_PREFIX=/home/harry/cmu/capstone/calibration_ws/lbr-stack/src/install/lbr_moveit_cpp
[1.801s] Invoking command in '/home/harry/cmu/capstone/calibration_ws/lbr-stack/src/build/lbr_moveit_cpp': CMAKE_PREFIX_PATH=/opt/ros/humble /usr/bin/cmake --build /home/harry/cmu/capstone/calibration_ws/lbr-stack/src/build/lbr_moveit_cpp -- -j16 -l16
[1.860s] [ 50%] [32mBuilding CXX object CMakeFiles/hello_moveit.dir/src/hello_moveit.cpp.o[0m
[8.476s] [100%] [32m[1mLinking CXX executable hello_moveit[0m
[8.722s] [100%] Built target hello_moveit
[8.732s] Invoked command in '/home/harry/cmu/capstone/calibration_ws/lbr-stack/src/build/lbr_moveit_cpp' returned '0': CMAKE_PREFIX_PATH=/opt/ros/humble /usr/bin/cmake --build /home/harry/cmu/capstone/calibration_ws/lbr-stack/src/build/lbr_moveit_cpp -- -j16 -l16
[8.733s] Invoking command in '/home/harry/cmu/capstone/calibration_ws/lbr-stack/src/build/lbr_moveit_cpp': CMAKE_PREFIX_PATH=/opt/ros/humble /usr/bin/cmake --install /home/harry/cmu/capstone/calibration_ws/lbr-stack/src/build/lbr_moveit_cpp
[8.741s] -- Install configuration: "Release"
[8.741s] -- Execute custom install script
[8.741s] -- Symlinking: /home/harry/cmu/capstone/calibration_ws/lbr-stack/src/install/lbr_moveit_cpp/share/lbr_moveit_cpp/launch/hello_moveit.launch.py
[8.750s] -- Symlinking: /home/harry/cmu/capstone/calibration_ws/lbr-stack/src/install/lbr_moveit_cpp/lib/lbr_moveit_cpp/hello_moveit
[8.757s] -- Symlinking: /home/harry/cmu/capstone/calibration_ws/lbr-stack/src/install/lbr_moveit_cpp/share/ament_index/resource_index/package_run_dependencies/lbr_moveit_cpp
[8.765s] -- Symlinking: /home/harry/cmu/capstone/calibration_ws/lbr-stack/src/install/lbr_moveit_cpp/share/ament_index/resource_index/parent_prefix_path/lbr_moveit_cpp
[8.773s] -- Symlinking: /home/harry/cmu/capstone/calibration_ws/lbr-stack/src/install/lbr_moveit_cpp/share/lbr_moveit_cpp/environment/ament_prefix_path.sh
[8.781s] -- Symlinking: /home/harry/cmu/capstone/calibration_ws/lbr-stack/src/install/lbr_moveit_cpp/share/lbr_moveit_cpp/environment/ament_prefix_path.dsv
[8.788s] -- Symlinking: /home/harry/cmu/capstone/calibration_ws/lbr-stack/src/install/lbr_moveit_cpp/share/lbr_moveit_cpp/environment/path.sh
[8.796s] -- Symlinking: /home/harry/cmu/capstone/calibration_ws/lbr-stack/src/install/lbr_moveit_cpp/share/lbr_moveit_cpp/environment/path.dsv
[8.804s] -- Symlinking: /home/harry/cmu/capstone/calibration_ws/lbr-stack/src/install/lbr_moveit_cpp/share/lbr_moveit_cpp/local_setup.bash
[8.811s] -- Symlinking: /home/harry/cmu/capstone/calibration_ws/lbr-stack/src/install/lbr_moveit_cpp/share/lbr_moveit_cpp/local_setup.sh
[8.818s] -- Symlinking: /home/harry/cmu/capstone/calibration_ws/lbr-stack/src/install/lbr_moveit_cpp/share/lbr_moveit_cpp/local_setup.zsh
[8.825s] -- Symlinking: /home/harry/cmu/capstone/calibration_ws/lbr-stack/src/install/lbr_moveit_cpp/share/lbr_moveit_cpp/local_setup.dsv
[8.832s] -- Symlinking: /home/harry/cmu/capstone/calibration_ws/lbr-stack/src/install/lbr_moveit_cpp/share/lbr_moveit_cpp/package.dsv
[8.841s] -- Symlinking: /home/harry/cmu/capstone/calibration_ws/lbr-stack/src/install/lbr_moveit_cpp/share/ament_index/resource_index/packages/lbr_moveit_cpp
[8.850s] -- Symlinking: /home/harry/cmu/capstone/calibration_ws/lbr-stack/src/install/lbr_moveit_cpp/share/lbr_moveit_cpp/cmake/lbr_moveit_cppConfig.cmake
[8.859s] -- Symlinking: /home/harry/cmu/capstone/calibration_ws/lbr-stack/src/install/lbr_moveit_cpp/share/lbr_moveit_cpp/cmake/lbr_moveit_cppConfig-version.cmake
[8.867s] -- Symlinking: /home/harry/cmu/capstone/calibration_ws/lbr-stack/src/install/lbr_moveit_cpp/share/lbr_moveit_cpp/package.xml
[8.877s] Invoked command in '/home/harry/cmu/capstone/calibration_ws/lbr-stack/src/build/lbr_moveit_cpp' returned '0': CMAKE_PREFIX_PATH=/opt/ros/humble /usr/bin/cmake --install /home/harry/cmu/capstone/calibration_ws/lbr-stack/src/build/lbr_moveit_cpp
