[1.542s] Invoking command in '/home/harry/cmu/capstone/calibration_ws/build/handeye_realsense': PYTHONPATH=/home/harry/cmu/capstone/calibration_ws/build/handeye_realsense/prefix_override:/usr/lib/python3/dist-packages/colcon_core/task/python/colcon_distutils_commands:/home/harry/cmu/capstone/calibration_ws/install/handeye_realsense/lib/python3.10/site-packages:${PYTHONPATH} /usr/bin/python3 -W ignore:setup.py install is deprecated -W ignore:easy_install command is deprecated setup.py develop --editable --build-directory /home/harry/cmu/capstone/calibration_ws/build/handeye_realsense/build --no-deps symlink_data
[1.827s] running develop
[2.086s] running egg_info
[2.087s] writing handeye_realsense.egg-info/PKG-INFO
[2.087s] writing dependency_links to handeye_realsense.egg-info/dependency_links.txt
[2.087s] writing entry points to handeye_realsense.egg-info/entry_points.txt
[2.087s] writing requirements to handeye_realsense.egg-info/requires.txt
[2.087s] writing top-level names to handeye_realsense.egg-info/top_level.txt
[2.090s] reading manifest file 'handeye_realsense.egg-info/SOURCES.txt'
[2.091s] writing manifest file 'handeye_realsense.egg-info/SOURCES.txt'
[2.092s] running build_ext
[2.093s] Creating /home/harry/cmu/capstone/calibration_ws/install/handeye_realsense/lib/python3.10/site-packages/handeye-realsense.egg-link (link to .)
[2.094s] Installing aruco script to /home/harry/cmu/capstone/calibration_ws/install/handeye_realsense/lib/handeye_realsense
[2.094s] Installing eye2hand script to /home/harry/cmu/capstone/calibration_ws/install/handeye_realsense/lib/handeye_realsense
[2.094s] Installing handeye script to /home/harry/cmu/capstone/calibration_ws/install/handeye_realsense/lib/handeye_realsense
[2.094s] Installing joint_positions script to /home/harry/cmu/capstone/calibration_ws/install/handeye_realsense/lib/handeye_realsense
[2.094s] Installing robot script to /home/harry/cmu/capstone/calibration_ws/install/handeye_realsense/lib/handeye_realsense
[2.095s] 
[2.095s] Installed /home/harry/cmu/capstone/calibration_ws/build/handeye_realsense
[2.095s] running symlink_data
[2.236s] Invoked command in '/home/harry/cmu/capstone/calibration_ws/build/handeye_realsense' returned '0': PYTHONPATH=/home/harry/cmu/capstone/calibration_ws/build/handeye_realsense/prefix_override:/usr/lib/python3/dist-packages/colcon_core/task/python/colcon_distutils_commands:/home/harry/cmu/capstone/calibration_ws/install/handeye_realsense/lib/python3.10/site-packages:${PYTHONPATH} /usr/bin/python3 -W ignore:setup.py install is deprecated -W ignore:easy_install command is deprecated setup.py develop --editable --build-directory /home/harry/cmu/capstone/calibration_ws/build/handeye_realsense/build --no-deps symlink_data
